DEBUG [IRLogger.cpp:105] @ 0.0002579s :***************************************************
DEBUG [IRLogger.cpp:106] @ 0.0003465s :* IRImagerDirect SDK                              *
DEBUG [IRLogger.cpp:107] @ 0.0003757s :***************************************************
DEBUG [IRLogger.cpp:113] @ 0.0004007s :* Native Machine:      AMD64
DEBUG [IRLogger.cpp:114] @ 0.0004262s :* Machine:             AMD64
DEBUG [IRLogger.cpp:116] @ 0.000453s :* OS:                  Windows 10 0 19045
DEBUG [IRLogger.cpp:123] @ 0.0004732s :***************************************************
DEBUG [IRDeviceParams.cpp:204] @ 0.00107s :Parameters
DEBUG [IRDeviceParams.cpp:205] @ 0.0010917s :serial: 20052193
DEBUG [IRDeviceParams.cpp:206] @ 0.0011057s :videoformatindex: 1
DEBUG [IRDeviceParams.cpp:207] @ 0.0011185s :fov: 33
DEBUG [IRDeviceParams.cpp:208] @ 0.0011314s :optics_text: 0000022AE9F7EEC0
DEBUG [IRDeviceParams.cpp:209] @ 0.001143s :formatspath: 0000022AE9F7F0C0
DEBUG [IRDeviceParams.cpp:210] @ 0.0011547s :calipath: 0000000000000000
DEBUG [IRDeviceParams.cpp:211] @ 0.0011674s :temperature min: 0
DEBUG [IRDeviceParams.cpp:212] @ 0.0011995s :temperature max: 250
DEBUG [IRDeviceParams.cpp:213] @ 0.0012181s :framerate: 125
DEBUG [IRDeviceParams.cpp:214] @ 0.001231s :bispectral: 0
DEBUG [IRDeviceParams.cpp:215] @ 0.0012431s :flag automatic: 0
DEBUG [IRDeviceParams.cpp:216] @ 0.0012562s :min interval: 15
DEBUG [IRDeviceParams.cpp:217] @ 0.0012699s :max interval: 0
DEBUG [IRDeviceParams.cpp:218] @ 0.0012816s :chip heating mode: 0
DEBUG [IRDeviceParams.cpp:219] @ 0.0012943s :chip heating fixed val: 40
DEBUG [IRDeviceParams.cpp:220] @ 0.0013078s :focus:  -1
DEBUG [IRDeviceParams.cpp:221] @ 0.0013246s :enable extended temp range: 0
DEBUG [IRDeviceParams.cpp:222] @ 0.0013434s :buffer queue size: 5
DEBUG [IRDeviceParams.cpp:223] @ 0.0013617s :enable high precision: 0
DEBUG [IRDeviceParams.cpp:224] @ 0.0013741s :radialDistortionCorrectionMode: 0
DEBUG [IRDeviceParams.cpp:225] @ 0.0013863s :deviceAPI: 0
DEBUG [IRDeviceParams.cpp:226] @ 0.001399s :useExternalProbeForReferencing: 0
DEBUG [IRDeviceParams.cpp:227] @ 0.0014113s :enableMultiThreading: 0
DEBUG [IRDeviceParams.cpp:232] @ 0.0014258s :ethernetDevice.deviceIpAddress: 0.0.0.0
DEBUG [IRDeviceParams.cpp:233] @ 0.0014379s :ethernetDevice.localUdpPort: 0
DEBUG [IRDeviceParams.cpp:234] @ 0.001451s :ethernetDevice.checkUdpSenderIp: 1
DEBUG [Cali.cpp:87] @ 0.154698s :Calibration directory path: C:\Users\u0173846\AppData\Roaming\Imager\Cali
DEBUG [Cali.cpp:88] @ 0.154728s :Calibration file name: Cali-20052193.xml
DEBUG [Cali.cpp:98] @ 0.155144s :Calibration data A: 1450 B:1500 C:4095 D:1500
INFO [IRImager.cpp:266] @ 0.156168s :Init thermal imager to 20052193 with size: 642x120@125 Hz
DEBUG [Cali.cpp:87] @ 0.156439s :Calibration directory path: C:\Users\u0173846\AppData\Roaming\Imager\Cali
DEBUG [Cali.cpp:88] @ 0.156459s :Calibration file name: Cali-20052193.xml
DEBUG [Cali.cpp:98] @ 0.156844s :Calibration data A: 1450 B:1500 C:4095 D:1500
DEBUG [IRImager.cpp:374] @ 0.157625s :Using HID control interface
DEBUG [IRImager.cpp:414] @ 0.245146s :Initialized HID control interface to device with HW:601 FW:2633
DEBUG [IRImager.cpp:435] @ 0.245207s :Frameconfig - width(in): 642, height(in): 120, interval: 80000, max framerate: 125, HW interval: 0.008
DEBUG [Cali.cpp:87] @ 0.245232s :Calibration directory path: C:\Users\u0173846\AppData\Roaming\Imager\Cali
DEBUG [Cali.cpp:88] @ 0.245244s :Calibration file name: Cali-20052193.xml
DEBUG [Cali.cpp:98] @ 0.24572s :Calibration data A: 1450 B:1500 C:4095 D:1500
DEBUG [ImageProcessing.cpp:200] @ 0.273327s :Source buffer size: 154080 Width: 642 Height: 120
DEBUG [ImageProcessing.cpp:121] @ 0.315532s :Source buffer size: 154080 Width: 642 Height: 120
DEBUG [OpSource.cpp:347] @ 0.31564s :Using formats path: .\\Formats.def
DEBUG [OpSource.cpp:598] @ 0.31582s :Format found with size: 25
DEBUG [IRImager.cpp:841] @ 0.316165s :Caught onFrameInit with size: 640x120
DEBUG [OpSource.cpp:347] @ 0.316939s :Using formats path: .\\Formats.def
DEBUG [OpSource.cpp:598] @ 0.317095s :Format found with size: 25
DEBUG [OpSource.cpp:347] @ 0.31715s :Using formats path: .\\Formats.def
DEBUG [OpCorr.cpp:467] @ 0.321599s :Read cali: C:\Users\u0173846\AppData\Roaming\Imager\Cali\Cali-20052193-33-0-250.dat
DEBUG [OpCorr.cpp:557] @ 0.321695s :Read calibration of camera no 20052193, # of fields: 6 , start of fields: 40
DEBUG [ImageProcessing.cpp:1108] @ 0.590793s :Update flag temperature: 29
DEBUG [ImageProcessing.cpp:1111] @ 0.594795s :Update box temperature: 26.75
DEBUG [Cali.cpp:639] @ 0.594839s :Calibration file path: 0000022AEA1286A4/000000425E7EC260.xml
DEBUG [SimpleXML.cpp:238] @ 0.59497s :Failed to open file C:\Users\u0173846\AppData\Roaming\Imager\Cali\CaliExt-20052193.xml
DEBUG [IRImager.cpp:547] @ 0.60747s :Chip heating disabled
DEBUG [direct_binding.cpp:300] @ 0.617463s :evo_irimager_multi_usb_init with config: 6060300.xml
DEBUG [direct_binding.cpp:301] @ 0.617508s :evo_irimager_multi_usb_init connected returned: 1
DEBUG [IRImager.cpp:1107] @ 0.640038s :Start flag calibration
