DEBUG [IRLogger.cpp:105] @ 0.0003102s :***************************************************
DEBUG [IRLogger.cpp:106] @ 0.0004329s :* IRImagerDirect SDK                              *
DEBUG [IRLogger.cpp:107] @ 0.0004708s :***************************************************
DEBUG [IRLogger.cpp:113] @ 0.0005055s :* Native Machine:      AMD64
DEBUG [IRLogger.cpp:114] @ 0.0005384s :* Machine:             AMD64
DEBUG [IRLogger.cpp:116] @ 0.0005691s :* OS:                  Windows 10 0 19045
DEBUG [IRLogger.cpp:123] @ 0.0005982s :***************************************************
DEBUG [IRDeviceParams.cpp:204] @ 0.0012929s :Parameters
DEBUG [IRDeviceParams.cpp:205] @ 0.0013137s :serial: 20052193
DEBUG [IRDeviceParams.cpp:206] @ 0.0013268s :videoformatindex: 1
DEBUG [IRDeviceParams.cpp:207] @ 0.0014054s :fov: 33
DEBUG [IRDeviceParams.cpp:208] @ 0.0014237s :optics_text: 000001A1E0A48CE0
DEBUG [IRDeviceParams.cpp:209] @ 0.0014398s :formatspath: 000001A1E0A48D30
DEBUG [IRDeviceParams.cpp:210] @ 0.0014536s :calipath: 0000000000000000
DEBUG [IRDeviceParams.cpp:211] @ 0.001466s :temperature min: 0
DEBUG [IRDeviceParams.cpp:212] @ 0.0014775s :temperature max: 250
DEBUG [IRDeviceParams.cpp:213] @ 0.0014959s :framerate: 125
DEBUG [IRDeviceParams.cpp:214] @ 0.0015087s :bispectral: 0
DEBUG [IRDeviceParams.cpp:215] @ 0.0015216s :flag automatic: 0
DEBUG [IRDeviceParams.cpp:216] @ 0.0015347s :min interval: 15
DEBUG [IRDeviceParams.cpp:217] @ 0.0015467s :max interval: 0
DEBUG [IRDeviceParams.cpp:218] @ 0.0015582s :chip heating mode: 0
DEBUG [IRDeviceParams.cpp:219] @ 0.0015708s :chip heating fixed val: 40
DEBUG [IRDeviceParams.cpp:220] @ 0.0015839s :focus:  -1
DEBUG [IRDeviceParams.cpp:221] @ 0.001596s :enable extended temp range: 0
DEBUG [IRDeviceParams.cpp:222] @ 0.0016095s :buffer queue size: 5
DEBUG [IRDeviceParams.cpp:223] @ 0.0016217s :enable high precision: 0
DEBUG [IRDeviceParams.cpp:224] @ 0.001634s :radialDistortionCorrectionMode: 0
DEBUG [IRDeviceParams.cpp:225] @ 0.0016464s :deviceAPI: 0
DEBUG [IRDeviceParams.cpp:226] @ 0.0016593s :useExternalProbeForReferencing: 0
DEBUG [IRDeviceParams.cpp:227] @ 0.0016711s :enableMultiThreading: 0
DEBUG [IRDeviceParams.cpp:232] @ 0.0016844s :ethernetDevice.deviceIpAddress: 0.0.0.0
DEBUG [IRDeviceParams.cpp:233] @ 0.0016973s :ethernetDevice.localUdpPort: 0
DEBUG [IRDeviceParams.cpp:234] @ 0.0017094s :ethernetDevice.checkUdpSenderIp: 1
DEBUG [Cali.cpp:87] @ 0.151438s :Calibration directory path: C:\Users\u0173846\AppData\Roaming\Imager\Cali
DEBUG [Cali.cpp:88] @ 0.151467s :Calibration file name: Cali-20052193.xml
DEBUG [Cali.cpp:98] @ 0.15192s :Calibration data A: 1450 B:1500 C:4095 D:1500
INFO [IRImager.cpp:266] @ 0.152961s :Init thermal imager to 20052193 with size: 642x120@125 Hz
DEBUG [Cali.cpp:87] @ 0.153223s :Calibration directory path: C:\Users\u0173846\AppData\Roaming\Imager\Cali
DEBUG [Cali.cpp:88] @ 0.153239s :Calibration file name: Cali-20052193.xml
DEBUG [Cali.cpp:98] @ 0.15362s :Calibration data A: 1450 B:1500 C:4095 D:1500
DEBUG [IRImager.cpp:374] @ 0.154399s :Using HID control interface
DEBUG [IRImager.cpp:414] @ 0.239222s :Initialized HID control interface to device with HW:601 FW:2633
DEBUG [IRImager.cpp:435] @ 0.239269s :Frameconfig - width(in): 642, height(in): 120, interval: 80000, max framerate: 125, HW interval: 0.008
DEBUG [Cali.cpp:87] @ 0.239291s :Calibration directory path: C:\Users\u0173846\AppData\Roaming\Imager\Cali
DEBUG [Cali.cpp:88] @ 0.23931s :Calibration file name: Cali-20052193.xml
DEBUG [Cali.cpp:98] @ 0.239764s :Calibration data A: 1450 B:1500 C:4095 D:1500
DEBUG [ImageProcessing.cpp:200] @ 0.267525s :Source buffer size: 154080 Width: 642 Height: 120
DEBUG [ImageProcessing.cpp:121] @ 0.309757s :Source buffer size: 154080 Width: 642 Height: 120
DEBUG [OpSource.cpp:347] @ 0.309871s :Using formats path: .\\Formats.def
DEBUG [OpSource.cpp:598] @ 0.310042s :Format found with size: 25
DEBUG [IRImager.cpp:841] @ 0.310371s :Caught onFrameInit with size: 640x120
DEBUG [OpSource.cpp:347] @ 0.311059s :Using formats path: .\\Formats.def
DEBUG [OpSource.cpp:598] @ 0.31123s :Format found with size: 25
DEBUG [OpSource.cpp:347] @ 0.311287s :Using formats path: .\\Formats.def
DEBUG [OpCorr.cpp:467] @ 0.315527s :Read cali: C:\Users\u0173846\AppData\Roaming\Imager\Cali\Cali-20052193-33-0-250.dat
DEBUG [OpCorr.cpp:557] @ 0.315624s :Read calibration of camera no 20052193, # of fields: 6 , start of fields: 40
DEBUG [ImageProcessing.cpp:1108] @ 0.581666s :Update flag temperature: 30.5625
DEBUG [ImageProcessing.cpp:1111] @ 0.585854s :Update box temperature: 28.25
DEBUG [Cali.cpp:639] @ 0.585901s :Calibration file path: 000001A1E0AEBF74/0000003775BEC440.xml
DEBUG [SimpleXML.cpp:238] @ 0.586014s :Failed to open file C:\Users\u0173846\AppData\Roaming\Imager\Cali\CaliExt-20052193.xml
DEBUG [IRImager.cpp:547] @ 0.598395s :Chip heating disabled
DEBUG [direct_binding.cpp:300] @ 0.607139s :evo_irimager_multi_usb_init with config: 6060300.xml
DEBUG [direct_binding.cpp:301] @ 0.607177s :evo_irimager_multi_usb_init connected returned: 1
DEBUG [IRImager.cpp:1107] @ 0.629552s :Start flag calibration
