DEBUG [IRLogger.cpp:105] @ 0.0002658s :***************************************************
DEBUG [IRLogger.cpp:106] @ 0.0003406s :* IRImagerDirect SDK                              *
DEBUG [IRLogger.cpp:107] @ 0.0003697s :***************************************************
DEBUG [IRLogger.cpp:113] @ 0.0003996s :* Native Machine:      AMD64
DEBUG [IRLogger.cpp:114] @ 0.0004258s :* Machine:             AMD64
DEBUG [IRLogger.cpp:116] @ 0.0004539s :* OS:                  Windows 10 0 19045
DEBUG [IRLogger.cpp:123] @ 0.000475s :***************************************************
DEBUG [IRDeviceParams.cpp:204] @ 0.0011285s :Parameters
DEBUG [IRDeviceParams.cpp:205] @ 0.0011484s :serial: 17092037
DEBUG [IRDeviceParams.cpp:206] @ 0.0011621s :videoformatindex: 3
DEBUG [IRDeviceParams.cpp:207] @ 0.0011741s :fov: 0
DEBUG [IRDeviceParams.cpp:208] @ 0.0011858s :optics_text: 00000167182D22E0
DEBUG [IRDeviceParams.cpp:209] @ 0.0011973s :formatspath: 00000167182D21B0
DEBUG [IRDeviceParams.cpp:210] @ 0.0012087s :calipath: 0000000000000000
DEBUG [IRDeviceParams.cpp:211] @ 0.0012197s :temperature min: 600
DEBUG [IRDeviceParams.cpp:212] @ 0.0012307s :temperature max: 1800
DEBUG [IRDeviceParams.cpp:213] @ 0.0012449s :framerate: 1000
DEBUG [IRDeviceParams.cpp:214] @ 0.0012562s :bispectral: 0
DEBUG [IRDeviceParams.cpp:215] @ 0.001267s :flag automatic: 0
DEBUG [IRDeviceParams.cpp:216] @ 0.0012788s :min interval: 15
DEBUG [IRDeviceParams.cpp:217] @ 0.0012898s :max interval: 0
DEBUG [IRDeviceParams.cpp:218] @ 0.0013005s :chip heating mode: 0
DEBUG [IRDeviceParams.cpp:219] @ 0.0013119s :chip heating fixed val: 40
DEBUG [IRDeviceParams.cpp:220] @ 0.0013234s :focus:  -1
DEBUG [IRDeviceParams.cpp:221] @ 0.0013344s :enable extended temp range: 0
DEBUG [IRDeviceParams.cpp:222] @ 0.0013455s :buffer queue size: 5
DEBUG [IRDeviceParams.cpp:223] @ 0.0013565s :enable high precision: 0
DEBUG [IRDeviceParams.cpp:224] @ 0.0013676s :radialDistortionCorrectionMode: 0
DEBUG [IRDeviceParams.cpp:225] @ 0.0013786s :deviceAPI: 0
DEBUG [IRDeviceParams.cpp:226] @ 0.0013895s :useExternalProbeForReferencing: 0
DEBUG [IRDeviceParams.cpp:227] @ 0.0014004s :enableMultiThreading: 0
DEBUG [IRDeviceParams.cpp:232] @ 0.0014123s :ethernetDevice.deviceIpAddress: 0.0.0.0
DEBUG [IRDeviceParams.cpp:233] @ 0.0014233s :ethernetDevice.localUdpPort: 0
DEBUG [IRDeviceParams.cpp:234] @ 0.001436s :ethernetDevice.checkUdpSenderIp: 1
DEBUG [Cali.cpp:87] @ 0.15007s :Calibration directory path: C:\Users\u0173846\AppData\Roaming\Imager\Cali
DEBUG [Cali.cpp:88] @ 0.1501s :Calibration file name: Cali-17092037.xml
DEBUG [Cali.cpp:98] @ 0.150406s :Calibration data A: 1450 B:470 C:4095 D:1500
INFO [IRImager.cpp:266] @ 0.150977s :Init thermal imager to 17092037 with size: 74x224@250 Hz
DEBUG [Cali.cpp:87] @ 0.151239s :Calibration directory path: C:\Users\u0173846\AppData\Roaming\Imager\Cali
DEBUG [Cali.cpp:88] @ 0.151255s :Calibration file name: Cali-17092037.xml
DEBUG [Cali.cpp:98] @ 0.151528s :Calibration data A: 1450 B:470 C:4095 D:1500
DEBUG [IRImager.cpp:374] @ 0.152167s :Using HID control interface
DEBUG [IRImager.cpp:414] @ 0.233825s :Initialized HID control interface to device with HW:2101 FW:2820
DEBUG [IRImager.cpp:435] @ 0.233868s :Frameconfig - width(in): 74, height(in): 224, interval: 40000, max framerate: 250, HW interval: 0.004
DEBUG [Cali.cpp:87] @ 0.233892s :Calibration directory path: C:\Users\u0173846\AppData\Roaming\Imager\Cali
DEBUG [Cali.cpp:88] @ 0.233904s :Calibration file name: Cali-17092037.xml
DEBUG [Cali.cpp:98] @ 0.234242s :Calibration data A: 1450 B:470 C:4095 D:1500
DEBUG [ImageProcessing.cpp:200] @ 0.238452s :Source buffer size: 33152 Width: 74 Height: 224
DEBUG [ImageProcessing.cpp:121] @ 0.276105s :Source buffer size: 33152 Width: 74 Height: 224
DEBUG [OpSource.cpp:347] @ 0.27622s :Using formats path: .\\Formats.def
DEBUG [OpSource.cpp:598] @ 0.276455s :Format found with size: 14
DEBUG [IRImager.cpp:841] @ 0.276526s :Caught onFrameInit with size: 72x56
DEBUG [OpSource.cpp:347] @ 0.27664s :Using formats path: .\\Formats.def
DEBUG [OpSource.cpp:598] @ 0.27686s :Format found with size: 14
DEBUG [OpSource.cpp:347] @ 0.276922s :Using formats path: .\\Formats.def
DEBUG [OpCorr.cpp:467] @ 0.279151s :Read cali: C:\Users\u0173846\AppData\Roaming\Imager\Cali\Cali-17092037-25-600-1800-1000.dat
DEBUG [ImageProcessing.cpp:1108] @ 0.299379s :Update flag temperature: 240.313
DEBUG [ImageProcessing.cpp:1111] @ 0.30122s :Update box temperature: 240.313
DEBUG [Cali.cpp:639] @ 0.301264s :Calibration file path: 0000016718489634/00000013F8BFC250.xml
DEBUG [SimpleXML.cpp:238] @ 0.301384s :Failed to open file C:\Users\u0173846\AppData\Roaming\Imager\Cali\CaliExt-17092037.xml
DEBUG [IRImager.cpp:547] @ 0.314953s :Chip heating disabled
DEBUG [direct_binding.cpp:300] @ 0.319691s :evo_irimager_multi_usb_init with config: 17092037.xml
DEBUG [direct_binding.cpp:301] @ 0.319728s :evo_irimager_multi_usb_init connected returned: 1
DEBUG [IRImager.cpp:1107] @ 0.382582s :Start flag calibration
