DEBUG [IRLogger.cpp:105] @ 0.0002984s :***************************************************
DEBUG [IRLogger.cpp:106] @ 0.0004182s :* IRImagerDirect SDK                              *
DEBUG [IRLogger.cpp:107] @ 0.0004578s :***************************************************
DEBUG [IRLogger.cpp:113] @ 0.000506s :* Native Machine:      AMD64
DEBUG [IRLogger.cpp:114] @ 0.0005462s :* Machine:             AMD64
DEBUG [IRLogger.cpp:116] @ 0.0005964s :* OS:                  Windows 10 0 19045
DEBUG [IRLogger.cpp:123] @ 0.0006423s :***************************************************
DEBUG [IRDeviceParams.cpp:204] @ 0.0013222s :Parameters
DEBUG [IRDeviceParams.cpp:205] @ 0.0013417s :serial: 20052193
DEBUG [IRDeviceParams.cpp:206] @ 0.0013535s :videoformatindex: 1
DEBUG [IRDeviceParams.cpp:207] @ 0.0013651s :fov: 33
DEBUG [IRDeviceParams.cpp:208] @ 0.0013765s :optics_text: 0000025FBE3F8B50
DEBUG [IRDeviceParams.cpp:209] @ 0.0013879s :formatspath: 0000025FBE3F88D0
DEBUG [IRDeviceParams.cpp:210] @ 0.0014008s :calipath: 0000000000000000
DEBUG [IRDeviceParams.cpp:211] @ 0.0014121s :temperature min: 0
DEBUG [IRDeviceParams.cpp:212] @ 0.001423s :temperature max: 250
DEBUG [IRDeviceParams.cpp:213] @ 0.0014368s :framerate: 125
DEBUG [IRDeviceParams.cpp:214] @ 0.001448s :bispectral: 0
DEBUG [IRDeviceParams.cpp:215] @ 0.0014588s :flag automatic: 0
DEBUG [IRDeviceParams.cpp:216] @ 0.0014704s :min interval: 15
DEBUG [IRDeviceParams.cpp:217] @ 0.0014829s :max interval: 0
DEBUG [IRDeviceParams.cpp:218] @ 0.0014971s :chip heating mode: 0
DEBUG [IRDeviceParams.cpp:219] @ 0.001516s :chip heating fixed val: 40
DEBUG [IRDeviceParams.cpp:220] @ 0.0015313s :focus:  -1
DEBUG [IRDeviceParams.cpp:221] @ 0.0015423s :enable extended temp range: 0
DEBUG [IRDeviceParams.cpp:222] @ 0.0015533s :buffer queue size: 5
DEBUG [IRDeviceParams.cpp:223] @ 0.0015641s :enable high precision: 0
DEBUG [IRDeviceParams.cpp:224] @ 0.0015752s :radialDistortionCorrectionMode: 0
DEBUG [IRDeviceParams.cpp:225] @ 0.0015865s :deviceAPI: 0
DEBUG [IRDeviceParams.cpp:226] @ 0.0015973s :useExternalProbeForReferencing: 0
DEBUG [IRDeviceParams.cpp:227] @ 0.0016081s :enableMultiThreading: 0
DEBUG [IRDeviceParams.cpp:232] @ 0.0016197s :ethernetDevice.deviceIpAddress: 0.0.0.0
DEBUG [IRDeviceParams.cpp:233] @ 0.0016305s :ethernetDevice.localUdpPort: 0
DEBUG [IRDeviceParams.cpp:234] @ 0.0016414s :ethernetDevice.checkUdpSenderIp: 1
DEBUG [Cali.cpp:87] @ 0.149217s :Calibration directory path: C:\Users\u0173846\AppData\Roaming\Imager\Cali
DEBUG [Cali.cpp:88] @ 0.149245s :Calibration file name: Cali-20052193.xml
DEBUG [Cali.cpp:98] @ 0.149662s :Calibration data A: 1450 B:1500 C:4095 D:1500
INFO [IRImager.cpp:266] @ 0.150675s :Init thermal imager to 20052193 with size: 642x120@125 Hz
DEBUG [Cali.cpp:87] @ 0.150941s :Calibration directory path: C:\Users\u0173846\AppData\Roaming\Imager\Cali
DEBUG [Cali.cpp:88] @ 0.150957s :Calibration file name: Cali-20052193.xml
DEBUG [Cali.cpp:98] @ 0.151347s :Calibration data A: 1450 B:1500 C:4095 D:1500
DEBUG [IRImager.cpp:374] @ 0.152152s :Using HID control interface
DEBUG [IRImager.cpp:414] @ 0.23758s :Initialized HID control interface to device with HW:601 FW:2633
DEBUG [IRImager.cpp:435] @ 0.237622s :Frameconfig - width(in): 642, height(in): 120, interval: 80000, max framerate: 125, HW interval: 0.008
DEBUG [Cali.cpp:87] @ 0.237641s :Calibration directory path: C:\Users\u0173846\AppData\Roaming\Imager\Cali
DEBUG [Cali.cpp:88] @ 0.237654s :Calibration file name: Cali-20052193.xml
DEBUG [Cali.cpp:98] @ 0.238096s :Calibration data A: 1450 B:1500 C:4095 D:1500
DEBUG [ImageProcessing.cpp:200] @ 0.266021s :Source buffer size: 154080 Width: 642 Height: 120
DEBUG [ImageProcessing.cpp:121] @ 0.306287s :Source buffer size: 154080 Width: 642 Height: 120
DEBUG [OpSource.cpp:347] @ 0.306406s :Using formats path: .\\Formats.def
DEBUG [OpSource.cpp:598] @ 0.306587s :Format found with size: 25
DEBUG [IRImager.cpp:841] @ 0.30696s :Caught onFrameInit with size: 640x120
DEBUG [OpSource.cpp:347] @ 0.307737s :Using formats path: .\\Formats.def
DEBUG [OpSource.cpp:598] @ 0.307909s :Format found with size: 25
DEBUG [OpSource.cpp:347] @ 0.30797s :Using formats path: .\\Formats.def
DEBUG [OpCorr.cpp:467] @ 0.312525s :Read cali: C:\Users\u0173846\AppData\Roaming\Imager\Cali\Cali-20052193-33-0-250.dat
DEBUG [OpCorr.cpp:557] @ 0.312618s :Read calibration of camera no 20052193, # of fields: 6 , start of fields: 40
DEBUG [ImageProcessing.cpp:1108] @ 0.578953s :Update flag temperature: 32.375
DEBUG [ImageProcessing.cpp:1111] @ 0.582724s :Update box temperature: 29.4375
DEBUG [Cali.cpp:639] @ 0.582749s :Calibration file path: 0000025FBAAA9034/000000A1875EB260.xml
DEBUG [SimpleXML.cpp:238] @ 0.582832s :Failed to open file C:\Users\u0173846\AppData\Roaming\Imager\Cali\CaliExt-20052193.xml
DEBUG [IRImager.cpp:547] @ 0.593486s :Chip heating disabled
DEBUG [direct_binding.cpp:300] @ 0.602501s :evo_irimager_multi_usb_init with config: 6060300.xml
DEBUG [direct_binding.cpp:301] @ 0.602555s :evo_irimager_multi_usb_init connected returned: 1
DEBUG [IRImager.cpp:1107] @ 0.624289s :Start flag calibration
DEBUG [OpFlag.cpp:591] @ 11.3115s :SkimDiff: 10 Adjust: 953 State: 3 EMax: 14890 Emin: 4053
DEBUG [ImageProcessing.cpp:526] @ 11.3234s :Skim_Adjust 2628
DEBUG [IRImager.cpp:1121] @ 11.4562s :Finished startup calibration
