DEBUG [IRLogger.cpp:105] @ 0.376858s :***************************************************
DEBUG [IRLogger.cpp:106] @ 0.376936s :* IRImagerDirect SDK                              *
DEBUG [IRLogger.cpp:107] @ 0.376977s :***************************************************
DEBUG [IRLogger.cpp:113] @ 0.37701s :* Native Machine:      AMD64
DEBUG [IRLogger.cpp:114] @ 0.377039s :* Machine:             AMD64
DEBUG [IRLogger.cpp:116] @ 0.377078s :* OS:                  Windows 10 0 19045
DEBUG [IRLogger.cpp:123] @ 0.377109s :***************************************************
DEBUG [IRDeviceParams.cpp:204] @ 0.377776s :Parameters
DEBUG [IRDeviceParams.cpp:205] @ 0.377808s :serial: 20052193
DEBUG [IRDeviceParams.cpp:206] @ 0.377827s :videoformatindex: 1
DEBUG [IRDeviceParams.cpp:207] @ 0.377846s :fov: 33
DEBUG [IRDeviceParams.cpp:208] @ 0.377867s :optics_text: 000001FFB6F0D0E0
DEBUG [IRDeviceParams.cpp:209] @ 0.377889s :formatspath: 000001FFB6F0D280
DEBUG [IRDeviceParams.cpp:210] @ 0.377911s :calipath: 0000000000000000
DEBUG [IRDeviceParams.cpp:211] @ 0.377931s :temperature min: 0
DEBUG [IRDeviceParams.cpp:212] @ 0.377944s :temperature max: 250
DEBUG [IRDeviceParams.cpp:213] @ 0.377958s :framerate: 125
DEBUG [IRDeviceParams.cpp:214] @ 0.377974s :bispectral: 0
DEBUG [IRDeviceParams.cpp:215] @ 0.377986s :flag automatic: 0
DEBUG [IRDeviceParams.cpp:216] @ 0.377999s :min interval: 15
DEBUG [IRDeviceParams.cpp:217] @ 0.378013s :max interval: 0
DEBUG [IRDeviceParams.cpp:218] @ 0.378024s :chip heating mode: 0
DEBUG [IRDeviceParams.cpp:219] @ 0.378038s :chip heating fixed val: 40
DEBUG [IRDeviceParams.cpp:220] @ 0.378051s :focus:  -1
DEBUG [IRDeviceParams.cpp:221] @ 0.378063s :enable extended temp range: 0
DEBUG [IRDeviceParams.cpp:222] @ 0.378078s :buffer queue size: 5
DEBUG [IRDeviceParams.cpp:223] @ 0.37809s :enable high precision: 0
DEBUG [IRDeviceParams.cpp:224] @ 0.378103s :radialDistortionCorrectionMode: 0
DEBUG [IRDeviceParams.cpp:225] @ 0.378116s :deviceAPI: 0
DEBUG [IRDeviceParams.cpp:226] @ 0.378127s :useExternalProbeForReferencing: 0
DEBUG [IRDeviceParams.cpp:227] @ 0.378138s :enableMultiThreading: 0
DEBUG [IRDeviceParams.cpp:232] @ 0.378151s :ethernetDevice.deviceIpAddress: 0.0.0.0
DEBUG [IRDeviceParams.cpp:233] @ 0.378228s :ethernetDevice.localUdpPort: 0
DEBUG [IRDeviceParams.cpp:234] @ 0.378246s :ethernetDevice.checkUdpSenderIp: 1
DEBUG [Cali.cpp:87] @ 0.441445s :Calibration directory path: C:\Users\u0173846\AppData\Roaming\Imager\Cali
DEBUG [Cali.cpp:88] @ 0.441475s :Calibration file name: Cali-20052193.xml
DEBUG [Cali.cpp:98] @ 0.441903s :Calibration data A: 1450 B:1500 C:4095 D:1500
INFO [IRImager.cpp:266] @ 0.442928s :Init thermal imager to 20052193 with size: 642x120@125 Hz
DEBUG [Cali.cpp:87] @ 0.443189s :Calibration directory path: C:\Users\u0173846\AppData\Roaming\Imager\Cali
DEBUG [Cali.cpp:88] @ 0.443205s :Calibration file name: Cali-20052193.xml
DEBUG [Cali.cpp:98] @ 0.443586s :Calibration data A: 1450 B:1500 C:4095 D:1500
DEBUG [IRImager.cpp:374] @ 0.444382s :Using HID control interface
DEBUG [IRImager.cpp:414] @ 0.467076s :Initialized HID control interface to device with HW:601 FW:2633
DEBUG [IRImager.cpp:435] @ 0.467117s :Frameconfig - width(in): 642, height(in): 120, interval: 80000, max framerate: 125, HW interval: 0.008
DEBUG [Cali.cpp:87] @ 0.467133s :Calibration directory path: C:\Users\u0173846\AppData\Roaming\Imager\Cali
DEBUG [Cali.cpp:88] @ 0.467146s :Calibration file name: Cali-20052193.xml
DEBUG [Cali.cpp:98] @ 0.467598s :Calibration data A: 1450 B:1500 C:4095 D:1500
DEBUG [ImageProcessing.cpp:200] @ 0.495281s :Source buffer size: 154080 Width: 642 Height: 120
DEBUG [ImageProcessing.cpp:121] @ 0.535228s :Source buffer size: 154080 Width: 642 Height: 120
DEBUG [OpSource.cpp:347] @ 0.535315s :Using formats path: .\\Formats.def
DEBUG [OpSource.cpp:598] @ 0.535484s :Format found with size: 25
DEBUG [IRImager.cpp:841] @ 0.535816s :Caught onFrameInit with size: 640x120
DEBUG [OpSource.cpp:347] @ 0.536465s :Using formats path: .\\Formats.def
DEBUG [OpSource.cpp:598] @ 0.53659s :Format found with size: 25
DEBUG [OpSource.cpp:347] @ 0.536678s :Using formats path: .\\Formats.def
DEBUG [OpCorr.cpp:467] @ 0.541018s :Read cali: C:\Users\u0173846\AppData\Roaming\Imager\Cali\Cali-20052193-33-0-250.dat
DEBUG [OpCorr.cpp:557] @ 0.541085s :Read calibration of camera no 20052193, # of fields: 6 , start of fields: 40
DEBUG [ImageProcessing.cpp:1108] @ 0.805257s :Update flag temperature: 29.3125
DEBUG [ImageProcessing.cpp:1111] @ 0.809006s :Update box temperature: 27
DEBUG [Cali.cpp:639] @ 0.80903s :Calibration file path: 000001FFB710CC64/0000000D7CFEC350.xml
DEBUG [SimpleXML.cpp:238] @ 0.809124s :Failed to open file C:\Users\u0173846\AppData\Roaming\Imager\Cali\CaliExt-20052193.xml
DEBUG [IRImager.cpp:547] @ 0.820015s :Chip heating disabled
DEBUG [direct_binding.cpp:300] @ 0.828315s :evo_irimager_multi_usb_init with config: 6060300.xml
DEBUG [direct_binding.cpp:301] @ 0.828339s :evo_irimager_multi_usb_init connected returned: 1
DEBUG [IRImager.cpp:1107] @ 0.851031s :Start flag calibration
