DEBUG [IRLogger.cpp:105] @ 0.0003709s :***************************************************
DEBUG [IRLogger.cpp:106] @ 0.0004763s :* IRImagerDirect SDK                              *
DEBUG [IRLogger.cpp:107] @ 0.0005218s :***************************************************
DEBUG [IRLogger.cpp:113] @ 0.0005657s :* Native Machine:      AMD64
DEBUG [IRLogger.cpp:114] @ 0.0006149s :* Machine:             AMD64
DEBUG [IRLogger.cpp:116] @ 0.0006681s :* OS:                  Windows 10 0 19045
DEBUG [IRLogger.cpp:123] @ 0.0007076s :***************************************************
DEBUG [IRDeviceParams.cpp:204] @ 0.0013152s :Parameters
DEBUG [IRDeviceParams.cpp:205] @ 0.0013334s :serial: 17092037
DEBUG [IRDeviceParams.cpp:206] @ 0.0013477s :videoformatindex: 3
DEBUG [IRDeviceParams.cpp:207] @ 0.0013869s :fov: 0
DEBUG [IRDeviceParams.cpp:208] @ 0.0014023s :optics_text: 000001FFB62D1DC0
DEBUG [IRDeviceParams.cpp:209] @ 0.0014203s :formatspath: 000001FFB62D1E10
DEBUG [IRDeviceParams.cpp:210] @ 0.0014374s :calipath: 0000000000000000
DEBUG [IRDeviceParams.cpp:211] @ 0.0014548s :temperature min: 600
DEBUG [IRDeviceParams.cpp:212] @ 0.0014704s :temperature max: 1800
DEBUG [IRDeviceParams.cpp:213] @ 0.0014906s :framerate: 1000
DEBUG [IRDeviceParams.cpp:214] @ 0.0015036s :bispectral: 0
DEBUG [IRDeviceParams.cpp:215] @ 0.0015157s :flag automatic: 0
DEBUG [IRDeviceParams.cpp:216] @ 0.0015283s :min interval: 15
DEBUG [IRDeviceParams.cpp:217] @ 0.0015403s :max interval: 0
DEBUG [IRDeviceParams.cpp:218] @ 0.0015523s :chip heating mode: 0
DEBUG [IRDeviceParams.cpp:219] @ 0.0015682s :chip heating fixed val: 40
DEBUG [IRDeviceParams.cpp:220] @ 0.0015847s :focus:  -1
DEBUG [IRDeviceParams.cpp:221] @ 0.0015969s :enable extended temp range: 0
DEBUG [IRDeviceParams.cpp:222] @ 0.001613s :buffer queue size: 5
DEBUG [IRDeviceParams.cpp:223] @ 0.0016287s :enable high precision: 0
DEBUG [IRDeviceParams.cpp:224] @ 0.0016435s :radialDistortionCorrectionMode: 0
DEBUG [IRDeviceParams.cpp:225] @ 0.001667s :deviceAPI: 0
DEBUG [IRDeviceParams.cpp:226] @ 0.0016793s :useExternalProbeForReferencing: 0
DEBUG [IRDeviceParams.cpp:227] @ 0.0016949s :enableMultiThreading: 0
DEBUG [IRDeviceParams.cpp:232] @ 0.0017127s :ethernetDevice.deviceIpAddress: 0.0.0.0
DEBUG [IRDeviceParams.cpp:233] @ 0.0017248s :ethernetDevice.localUdpPort: 0
DEBUG [IRDeviceParams.cpp:234] @ 0.0017387s :ethernetDevice.checkUdpSenderIp: 1
DEBUG [Cali.cpp:87] @ 0.146362s :Calibration directory path: C:\Users\u0173846\AppData\Roaming\Imager\Cali
DEBUG [Cali.cpp:88] @ 0.146394s :Calibration file name: Cali-17092037.xml
DEBUG [Cali.cpp:98] @ 0.146696s :Calibration data A: 1450 B:470 C:4095 D:1500
INFO [IRImager.cpp:266] @ 0.147252s :Init thermal imager to 17092037 with size: 74x224@250 Hz
DEBUG [Cali.cpp:87] @ 0.147534s :Calibration directory path: C:\Users\u0173846\AppData\Roaming\Imager\Cali
DEBUG [Cali.cpp:88] @ 0.147554s :Calibration file name: Cali-17092037.xml
DEBUG [Cali.cpp:98] @ 0.147823s :Calibration data A: 1450 B:470 C:4095 D:1500
DEBUG [IRImager.cpp:374] @ 0.148431s :Using HID control interface
DEBUG [IRImager.cpp:414] @ 0.228976s :Initialized HID control interface to device with HW:2101 FW:2820
DEBUG [IRImager.cpp:435] @ 0.229023s :Frameconfig - width(in): 74, height(in): 224, interval: 40000, max framerate: 250, HW interval: 0.004
DEBUG [Cali.cpp:87] @ 0.229041s :Calibration directory path: C:\Users\u0173846\AppData\Roaming\Imager\Cali
DEBUG [Cali.cpp:88] @ 0.229062s :Calibration file name: Cali-17092037.xml
DEBUG [Cali.cpp:98] @ 0.229397s :Calibration data A: 1450 B:470 C:4095 D:1500
DEBUG [ImageProcessing.cpp:200] @ 0.233602s :Source buffer size: 33152 Width: 74 Height: 224
DEBUG [ImageProcessing.cpp:121] @ 0.270479s :Source buffer size: 33152 Width: 74 Height: 224
DEBUG [OpSource.cpp:347] @ 0.270581s :Using formats path: .\\Formats.def
DEBUG [OpSource.cpp:598] @ 0.270805s :Format found with size: 14
DEBUG [IRImager.cpp:841] @ 0.27087s :Caught onFrameInit with size: 72x56
DEBUG [OpSource.cpp:347] @ 0.271019s :Using formats path: .\\Formats.def
DEBUG [OpSource.cpp:598] @ 0.271229s :Format found with size: 14
DEBUG [OpSource.cpp:347] @ 0.27129s :Using formats path: .\\Formats.def
DEBUG [OpCorr.cpp:467] @ 0.273442s :Read cali: C:\Users\u0173846\AppData\Roaming\Imager\Cali\Cali-17092037-25-600-1800-1000.dat
DEBUG [ImageProcessing.cpp:1108] @ 0.294108s :Update flag temperature: 240.375
DEBUG [ImageProcessing.cpp:1111] @ 0.29585s :Update box temperature: 240.375
DEBUG [Cali.cpp:639] @ 0.295885s :Calibration file path: 000001FFB6FC4764/0000000D7CFEC350.xml
DEBUG [SimpleXML.cpp:238] @ 0.295994s :Failed to open file C:\Users\u0173846\AppData\Roaming\Imager\Cali\CaliExt-17092037.xml
DEBUG [IRImager.cpp:547] @ 0.309233s :Chip heating disabled
DEBUG [direct_binding.cpp:300] @ 0.312576s :evo_irimager_multi_usb_init with config: 17092037.xml
DEBUG [direct_binding.cpp:301] @ 0.312632s :evo_irimager_multi_usb_init connected returned: 1
DEBUG [IRImager.cpp:1107] @ 0.375725s :Start flag calibration
