DEBUG [IRLogger.cpp:105] @ 0.0003075s :***************************************************
DEBUG [IRLogger.cpp:106] @ 0.0004085s :* IRImagerDirect SDK                              *
DEBUG [IRLogger.cpp:107] @ 0.0004488s :***************************************************
DEBUG [IRLogger.cpp:113] @ 0.0004841s :* Native Machine:      AMD64
DEBUG [IRLogger.cpp:114] @ 0.0005207s :* Machine:             AMD64
DEBUG [IRLogger.cpp:116] @ 0.0005609s :* OS:                  Windows 10 0 19045
DEBUG [IRLogger.cpp:123] @ 0.0005949s :***************************************************
DEBUG [IRDeviceParams.cpp:204] @ 0.0026395s :Parameters
DEBUG [IRDeviceParams.cpp:205] @ 0.0026646s :serial: 17092037
DEBUG [IRDeviceParams.cpp:206] @ 0.0026771s :videoformatindex: 3
DEBUG [IRDeviceParams.cpp:207] @ 0.0026887s :fov: 0
DEBUG [IRDeviceParams.cpp:208] @ 0.0027002s :optics_text: 000002404E87EB30
DEBUG [IRDeviceParams.cpp:209] @ 0.0027116s :formatspath: 000002404E87EB50
DEBUG [IRDeviceParams.cpp:210] @ 0.002723s :calipath: 0000000000000000
DEBUG [IRDeviceParams.cpp:211] @ 0.0027341s :temperature min: 600
DEBUG [IRDeviceParams.cpp:212] @ 0.0027451s :temperature max: 1800
DEBUG [IRDeviceParams.cpp:213] @ 0.002759s :framerate: 1000
DEBUG [IRDeviceParams.cpp:214] @ 0.0027702s :bispectral: 0
DEBUG [IRDeviceParams.cpp:215] @ 0.002781s :flag automatic: 0
DEBUG [IRDeviceParams.cpp:216] @ 0.0027924s :min interval: 15
DEBUG [IRDeviceParams.cpp:217] @ 0.0028033s :max interval: 0
DEBUG [IRDeviceParams.cpp:218] @ 0.002814s :chip heating mode: 0
DEBUG [IRDeviceParams.cpp:219] @ 0.0028255s :chip heating fixed val: 40
DEBUG [IRDeviceParams.cpp:220] @ 0.0028369s :focus:  -1
DEBUG [IRDeviceParams.cpp:221] @ 0.0028477s :enable extended temp range: 0
DEBUG [IRDeviceParams.cpp:222] @ 0.0028588s :buffer queue size: 5
DEBUG [IRDeviceParams.cpp:223] @ 0.0028696s :enable high precision: 0
DEBUG [IRDeviceParams.cpp:224] @ 0.0028806s :radialDistortionCorrectionMode: 0
DEBUG [IRDeviceParams.cpp:225] @ 0.0028914s :deviceAPI: 0
DEBUG [IRDeviceParams.cpp:226] @ 0.0029021s :useExternalProbeForReferencing: 0
DEBUG [IRDeviceParams.cpp:227] @ 0.0029143s :enableMultiThreading: 0
DEBUG [IRDeviceParams.cpp:232] @ 0.0029262s :ethernetDevice.deviceIpAddress: 0.0.0.0
DEBUG [IRDeviceParams.cpp:233] @ 0.0029372s :ethernetDevice.localUdpPort: 0
DEBUG [IRDeviceParams.cpp:234] @ 0.0029481s :ethernetDevice.checkUdpSenderIp: 1
DEBUG [Cali.cpp:87] @ 0.154571s :Calibration directory path: C:\Users\u0173846\AppData\Roaming\Imager\Cali
DEBUG [Cali.cpp:88] @ 0.154602s :Calibration file name: Cali-17092037.xml
DEBUG [Cali.cpp:98] @ 0.154919s :Calibration data A: 1450 B:470 C:4095 D:1500
INFO [IRImager.cpp:266] @ 0.155497s :Init thermal imager to 17092037 with size: 74x224@250 Hz
DEBUG [Cali.cpp:87] @ 0.155765s :Calibration directory path: C:\Users\u0173846\AppData\Roaming\Imager\Cali
DEBUG [Cali.cpp:88] @ 0.155781s :Calibration file name: Cali-17092037.xml
DEBUG [Cali.cpp:98] @ 0.156052s :Calibration data A: 1450 B:470 C:4095 D:1500
DEBUG [IRImager.cpp:374] @ 0.15669s :Using HID control interface
DEBUG [IRImager.cpp:414] @ 0.238656s :Initialized HID control interface to device with HW:2101 FW:2820
DEBUG [IRImager.cpp:435] @ 0.238707s :Frameconfig - width(in): 74, height(in): 224, interval: 40000, max framerate: 250, HW interval: 0.004
DEBUG [Cali.cpp:87] @ 0.238738s :Calibration directory path: C:\Users\u0173846\AppData\Roaming\Imager\Cali
DEBUG [Cali.cpp:88] @ 0.238759s :Calibration file name: Cali-17092037.xml
DEBUG [Cali.cpp:98] @ 0.239229s :Calibration data A: 1450 B:470 C:4095 D:1500
DEBUG [ImageProcessing.cpp:200] @ 0.24345s :Source buffer size: 33152 Width: 74 Height: 224
DEBUG [ImageProcessing.cpp:121] @ 0.279835s :Source buffer size: 33152 Width: 74 Height: 224
DEBUG [OpSource.cpp:347] @ 0.279945s :Using formats path: .\\Formats.def
DEBUG [OpSource.cpp:598] @ 0.280166s :Format found with size: 14
DEBUG [IRImager.cpp:841] @ 0.280224s :Caught onFrameInit with size: 72x56
DEBUG [OpSource.cpp:347] @ 0.280333s :Using formats path: .\\Formats.def
DEBUG [OpSource.cpp:598] @ 0.280546s :Format found with size: 14
DEBUG [OpSource.cpp:347] @ 0.280603s :Using formats path: .\\Formats.def
DEBUG [OpCorr.cpp:467] @ 0.282801s :Read cali: C:\Users\u0173846\AppData\Roaming\Imager\Cali\Cali-17092037-25-600-1800-1000.dat
DEBUG [ImageProcessing.cpp:1108] @ 0.303082s :Update flag temperature: 240.313
DEBUG [ImageProcessing.cpp:1111] @ 0.304949s :Update box temperature: 240.313
DEBUG [Cali.cpp:639] @ 0.304982s :Calibration file path: 000002404E8F69C4/0000005D935EC930.xml
DEBUG [SimpleXML.cpp:238] @ 0.305092s :Failed to open file C:\Users\u0173846\AppData\Roaming\Imager\Cali\CaliExt-17092037.xml
DEBUG [IRImager.cpp:547] @ 0.31783s :Chip heating disabled
DEBUG [direct_binding.cpp:300] @ 0.321154s :evo_irimager_multi_usb_init with config: 17092037.xml
DEBUG [direct_binding.cpp:301] @ 0.321192s :evo_irimager_multi_usb_init connected returned: 1
DEBUG [IRImager.cpp:1107] @ 0.384049s :Start flag calibration
