DEBUG [IRLogger.cpp:105] @ 0.0002874s :***************************************************
DEBUG [IRLogger.cpp:106] @ 0.00036s :* IRImagerDirect SDK                              *
DEBUG [IRLogger.cpp:107] @ 0.0003894s :***************************************************
DEBUG [IRLogger.cpp:113] @ 0.0004143s :* Native Machine:      AMD64
DEBUG [IRLogger.cpp:114] @ 0.0004374s :* Machine:             AMD64
DEBUG [IRLogger.cpp:116] @ 0.0004631s :* OS:                  Windows 10 0 19045
DEBUG [IRLogger.cpp:123] @ 0.0004847s :***************************************************
DEBUG [IRDeviceParams.cpp:204] @ 0.0011141s :Parameters
DEBUG [IRDeviceParams.cpp:205] @ 0.0011351s :serial: 20052193
DEBUG [IRDeviceParams.cpp:206] @ 0.0011473s :videoformatindex: 1
DEBUG [IRDeviceParams.cpp:207] @ 0.0011587s :fov: 33
DEBUG [IRDeviceParams.cpp:208] @ 0.0011702s :optics_text: 000001E7FE44CB40
DEBUG [IRDeviceParams.cpp:209] @ 0.0011817s :formatspath: 000001E7FE44CB60
DEBUG [IRDeviceParams.cpp:210] @ 0.0011931s :calipath: 0000000000000000
DEBUG [IRDeviceParams.cpp:211] @ 0.0012041s :temperature min: 0
DEBUG [IRDeviceParams.cpp:212] @ 0.0012149s :temperature max: 250
DEBUG [IRDeviceParams.cpp:213] @ 0.0012288s :framerate: 125
DEBUG [IRDeviceParams.cpp:214] @ 0.00124s :bispectral: 0
DEBUG [IRDeviceParams.cpp:215] @ 0.0012509s :flag automatic: 0
DEBUG [IRDeviceParams.cpp:216] @ 0.0012622s :min interval: 15
DEBUG [IRDeviceParams.cpp:217] @ 0.0012732s :max interval: 0
DEBUG [IRDeviceParams.cpp:218] @ 0.0012839s :chip heating mode: 0
DEBUG [IRDeviceParams.cpp:219] @ 0.0012953s :chip heating fixed val: 40
DEBUG [IRDeviceParams.cpp:220] @ 0.0013069s :focus:  -1
DEBUG [IRDeviceParams.cpp:221] @ 0.0013177s :enable extended temp range: 0
DEBUG [IRDeviceParams.cpp:222] @ 0.0013287s :buffer queue size: 5
DEBUG [IRDeviceParams.cpp:223] @ 0.0013396s :enable high precision: 0
DEBUG [IRDeviceParams.cpp:224] @ 0.0013505s :radialDistortionCorrectionMode: 0
DEBUG [IRDeviceParams.cpp:225] @ 0.0013615s :deviceAPI: 0
DEBUG [IRDeviceParams.cpp:226] @ 0.0013723s :useExternalProbeForReferencing: 0
DEBUG [IRDeviceParams.cpp:227] @ 0.0013832s :enableMultiThreading: 0
DEBUG [IRDeviceParams.cpp:232] @ 0.0013949s :ethernetDevice.deviceIpAddress: 0.0.0.0
DEBUG [IRDeviceParams.cpp:233] @ 0.0014072s :ethernetDevice.localUdpPort: 0
DEBUG [IRDeviceParams.cpp:234] @ 0.0014183s :ethernetDevice.checkUdpSenderIp: 1
DEBUG [Cali.cpp:87] @ 0.14853s :Calibration directory path: C:\Users\u0173846\AppData\Roaming\Imager\Cali
DEBUG [Cali.cpp:88] @ 0.148561s :Calibration file name: Cali-20052193.xml
DEBUG [Cali.cpp:98] @ 0.148972s :Calibration data A: 1450 B:1500 C:4095 D:1500
INFO [IRImager.cpp:266] @ 0.150003s :Init thermal imager to 20052193 with size: 642x120@125 Hz
DEBUG [Cali.cpp:87] @ 0.15027s :Calibration directory path: C:\Users\u0173846\AppData\Roaming\Imager\Cali
DEBUG [Cali.cpp:88] @ 0.150289s :Calibration file name: Cali-20052193.xml
DEBUG [Cali.cpp:98] @ 0.15069s :Calibration data A: 1450 B:1500 C:4095 D:1500
DEBUG [IRImager.cpp:374] @ 0.151486s :Using HID control interface
DEBUG [IRImager.cpp:414] @ 0.236281s :Initialized HID control interface to device with HW:601 FW:2633
DEBUG [IRImager.cpp:435] @ 0.236334s :Frameconfig - width(in): 642, height(in): 120, interval: 80000, max framerate: 125, HW interval: 0.008
DEBUG [Cali.cpp:87] @ 0.236353s :Calibration directory path: C:\Users\u0173846\AppData\Roaming\Imager\Cali
DEBUG [Cali.cpp:88] @ 0.236366s :Calibration file name: Cali-20052193.xml
DEBUG [Cali.cpp:98] @ 0.236834s :Calibration data A: 1450 B:1500 C:4095 D:1500
DEBUG [ImageProcessing.cpp:200] @ 0.264493s :Source buffer size: 154080 Width: 642 Height: 120
DEBUG [ImageProcessing.cpp:121] @ 0.304964s :Source buffer size: 154080 Width: 642 Height: 120
DEBUG [OpSource.cpp:347] @ 0.305075s :Using formats path: .\\Formats.def
DEBUG [OpSource.cpp:598] @ 0.305248s :Format found with size: 25
DEBUG [IRImager.cpp:841] @ 0.305592s :Caught onFrameInit with size: 640x120
DEBUG [OpSource.cpp:347] @ 0.306381s :Using formats path: .\\Formats.def
DEBUG [OpSource.cpp:598] @ 0.306548s :Format found with size: 25
DEBUG [OpSource.cpp:347] @ 0.306607s :Using formats path: .\\Formats.def
DEBUG [OpCorr.cpp:467] @ 0.310954s :Read cali: C:\Users\u0173846\AppData\Roaming\Imager\Cali\Cali-20052193-33-0-250.dat
DEBUG [OpCorr.cpp:557] @ 0.311041s :Read calibration of camera no 20052193, # of fields: 6 , start of fields: 40
DEBUG [ImageProcessing.cpp:1108] @ 0.574759s :Update flag temperature: 30
DEBUG [ImageProcessing.cpp:1111] @ 0.578521s :Update box temperature: 27.75
DEBUG [Cali.cpp:639] @ 0.578548s :Calibration file path: 000001E7FE09F1F4/0000004744DEC8E0.xml
DEBUG [SimpleXML.cpp:238] @ 0.578656s :Failed to open file C:\Users\u0173846\AppData\Roaming\Imager\Cali\CaliExt-20052193.xml
DEBUG [IRImager.cpp:547] @ 0.590335s :Chip heating disabled
DEBUG [direct_binding.cpp:300] @ 0.599913s :evo_irimager_multi_usb_init with config: 6060300.xml
DEBUG [direct_binding.cpp:301] @ 0.599951s :evo_irimager_multi_usb_init connected returned: 1
DEBUG [IRImager.cpp:1107] @ 0.622139s :Start flag calibration
DEBUG [OpFlag.cpp:591] @ 11.3096s :SkimDiff: 11 Adjust: 1064 State: 3 EMax: 14738 Emin: 4428
DEBUG [ImageProcessing.cpp:526] @ 11.3211s :Skim_Adjust 2629
DEBUG [IRImager.cpp:1121] @ 11.4536s :Finished startup calibration
