DEBUG [IRLogger.cpp:105] @ 0.378596s :***************************************************
DEBUG [IRLogger.cpp:106] @ 0.378778s :* IRImagerDirect SDK                              *
DEBUG [IRLogger.cpp:107] @ 0.378823s :***************************************************
DEBUG [IRLogger.cpp:113] @ 0.378859s :* Native Machine:      AMD64
DEBUG [IRLogger.cpp:114] @ 0.378894s :* Machine:             AMD64
DEBUG [IRLogger.cpp:116] @ 0.37894s :* OS:                  Windows 10 0 19045
DEBUG [IRLogger.cpp:123] @ 0.378977s :***************************************************
DEBUG [IRDeviceParams.cpp:204] @ 0.379919s :Parameters
DEBUG [IRDeviceParams.cpp:205] @ 0.379948s :serial: 20052193
DEBUG [IRDeviceParams.cpp:206] @ 0.379971s :videoformatindex: 1
DEBUG [IRDeviceParams.cpp:207] @ 0.37999s :fov: 33
DEBUG [IRDeviceParams.cpp:208] @ 0.380013s :optics_text: 00000246E96393E0
DEBUG [IRDeviceParams.cpp:209] @ 0.380033s :formatspath: 00000246E9639390
DEBUG [IRDeviceParams.cpp:210] @ 0.380051s :calipath: 0000000000000000
DEBUG [IRDeviceParams.cpp:211] @ 0.380071s :temperature min: 0
DEBUG [IRDeviceParams.cpp:212] @ 0.38009s :temperature max: 250
DEBUG [IRDeviceParams.cpp:213] @ 0.380108s :framerate: 125
DEBUG [IRDeviceParams.cpp:214] @ 0.380126s :bispectral: 0
DEBUG [IRDeviceParams.cpp:215] @ 0.380146s :flag automatic: 0
DEBUG [IRDeviceParams.cpp:216] @ 0.380177s :min interval: 15
DEBUG [IRDeviceParams.cpp:217] @ 0.380195s :max interval: 0
DEBUG [IRDeviceParams.cpp:218] @ 0.380212s :chip heating mode: 0
DEBUG [IRDeviceParams.cpp:219] @ 0.380235s :chip heating fixed val: 40
DEBUG [IRDeviceParams.cpp:220] @ 0.38032s :focus:  -1
DEBUG [IRDeviceParams.cpp:221] @ 0.380342s :enable extended temp range: 0
DEBUG [IRDeviceParams.cpp:222] @ 0.380357s :buffer queue size: 5
DEBUG [IRDeviceParams.cpp:223] @ 0.38037s :enable high precision: 0
DEBUG [IRDeviceParams.cpp:224] @ 0.380384s :radialDistortionCorrectionMode: 0
DEBUG [IRDeviceParams.cpp:225] @ 0.380396s :deviceAPI: 0
DEBUG [IRDeviceParams.cpp:226] @ 0.380409s :useExternalProbeForReferencing: 0
DEBUG [IRDeviceParams.cpp:227] @ 0.38042s :enableMultiThreading: 0
DEBUG [IRDeviceParams.cpp:232] @ 0.380434s :ethernetDevice.deviceIpAddress: 0.0.0.0
DEBUG [IRDeviceParams.cpp:233] @ 0.380447s :ethernetDevice.localUdpPort: 0
DEBUG [IRDeviceParams.cpp:234] @ 0.38046s :ethernetDevice.checkUdpSenderIp: 1
DEBUG [Cali.cpp:87] @ 0.435096s :Calibration directory path: C:\Users\u0173846\AppData\Roaming\Imager\Cali
DEBUG [Cali.cpp:88] @ 0.435128s :Calibration file name: Cali-20052193.xml
DEBUG [Cali.cpp:98] @ 0.435547s :Calibration data A: 1450 B:1500 C:4095 D:1500
INFO [IRImager.cpp:266] @ 0.436563s :Init thermal imager to 20052193 with size: 642x120@125 Hz
DEBUG [Cali.cpp:87] @ 0.436822s :Calibration directory path: C:\Users\u0173846\AppData\Roaming\Imager\Cali
DEBUG [Cali.cpp:88] @ 0.436839s :Calibration file name: Cali-20052193.xml
DEBUG [Cali.cpp:98] @ 0.43723s :Calibration data A: 1450 B:1500 C:4095 D:1500
DEBUG [IRImager.cpp:374] @ 0.438019s :Using HID control interface
DEBUG [IRImager.cpp:414] @ 0.461449s :Initialized HID control interface to device with HW:601 FW:2633
DEBUG [IRImager.cpp:435] @ 0.461489s :Frameconfig - width(in): 642, height(in): 120, interval: 80000, max framerate: 125, HW interval: 0.008
DEBUG [Cali.cpp:87] @ 0.461505s :Calibration directory path: C:\Users\u0173846\AppData\Roaming\Imager\Cali
DEBUG [Cali.cpp:88] @ 0.461518s :Calibration file name: Cali-20052193.xml
DEBUG [Cali.cpp:98] @ 0.461971s :Calibration data A: 1450 B:1500 C:4095 D:1500
DEBUG [ImageProcessing.cpp:200] @ 0.489665s :Source buffer size: 154080 Width: 642 Height: 120
DEBUG [ImageProcessing.cpp:121] @ 0.530013s :Source buffer size: 154080 Width: 642 Height: 120
DEBUG [OpSource.cpp:347] @ 0.53011s :Using formats path: .\\Formats.def
DEBUG [OpSource.cpp:598] @ 0.530265s :Format found with size: 25
DEBUG [IRImager.cpp:841] @ 0.530622s :Caught onFrameInit with size: 640x120
DEBUG [OpSource.cpp:347] @ 0.531328s :Using formats path: .\\Formats.def
DEBUG [OpSource.cpp:598] @ 0.531458s :Format found with size: 25
DEBUG [OpSource.cpp:347] @ 0.531548s :Using formats path: .\\Formats.def
DEBUG [OpCorr.cpp:467] @ 0.535632s :Read cali: C:\Users\u0173846\AppData\Roaming\Imager\Cali\Cali-20052193-33-0-250.dat
DEBUG [OpCorr.cpp:557] @ 0.535699s :Read calibration of camera no 20052193, # of fields: 6 , start of fields: 40
DEBUG [ImageProcessing.cpp:1108] @ 0.800079s :Update flag temperature: 30.25
DEBUG [ImageProcessing.cpp:1111] @ 0.803942s :Update box temperature: 28.0625
DEBUG [Cali.cpp:639] @ 0.803974s :Calibration file path: 00000246831E89C4/000000F732FEAC70.xml
DEBUG [SimpleXML.cpp:238] @ 0.804076s :Failed to open file C:\Users\u0173846\AppData\Roaming\Imager\Cali\CaliExt-20052193.xml
DEBUG [IRImager.cpp:547] @ 0.81468s :Chip heating disabled
DEBUG [direct_binding.cpp:300] @ 0.822756s :evo_irimager_multi_usb_init with config: 6060300.xml
DEBUG [direct_binding.cpp:301] @ 0.822811s :evo_irimager_multi_usb_init connected returned: 1
DEBUG [IRImager.cpp:1107] @ 0.844685s :Start flag calibration
