DEBUG [IRLogger.cpp:105] @ 0.0002706s :***************************************************
DEBUG [IRLogger.cpp:106] @ 0.0003802s :* IRImagerDirect SDK                              *
DEBUG [IRLogger.cpp:107] @ 0.0004122s :***************************************************
DEBUG [IRLogger.cpp:113] @ 0.000437s :* Native Machine:      AMD64
DEBUG [IRLogger.cpp:114] @ 0.0004602s :* Machine:             AMD64
DEBUG [IRLogger.cpp:116] @ 0.0004877s :* OS:                  Windows 10 0 19045
DEBUG [IRLogger.cpp:123] @ 0.0005097s :***************************************************
DEBUG [IRDeviceParams.cpp:204] @ 0.0109291s :Parameters
DEBUG [IRDeviceParams.cpp:205] @ 0.0109542s :serial: 17092037
DEBUG [IRDeviceParams.cpp:206] @ 0.0109666s :videoformatindex: 3
DEBUG [IRDeviceParams.cpp:207] @ 0.0109782s :fov: 0
DEBUG [IRDeviceParams.cpp:208] @ 0.0109897s :optics_text: 000002A64204BF60
DEBUG [IRDeviceParams.cpp:209] @ 0.0110012s :formatspath: 000002A64204BD70
DEBUG [IRDeviceParams.cpp:210] @ 0.0110127s :calipath: 0000000000000000
DEBUG [IRDeviceParams.cpp:211] @ 0.011024s :temperature min: 600
DEBUG [IRDeviceParams.cpp:212] @ 0.0110354s :temperature max: 1800
DEBUG [IRDeviceParams.cpp:213] @ 0.0110514s :framerate: 1000
DEBUG [IRDeviceParams.cpp:214] @ 0.0110628s :bispectral: 0
DEBUG [IRDeviceParams.cpp:215] @ 0.0110738s :flag automatic: 0
DEBUG [IRDeviceParams.cpp:216] @ 0.0110855s :min interval: 15
DEBUG [IRDeviceParams.cpp:217] @ 0.0110968s :max interval: 0
DEBUG [IRDeviceParams.cpp:218] @ 0.0111076s :chip heating mode: 0
DEBUG [IRDeviceParams.cpp:219] @ 0.0111193s :chip heating fixed val: 40
DEBUG [IRDeviceParams.cpp:220] @ 0.011131s :focus:  -1
DEBUG [IRDeviceParams.cpp:221] @ 0.0111427s :enable extended temp range: 0
DEBUG [IRDeviceParams.cpp:222] @ 0.0111539s :buffer queue size: 5
DEBUG [IRDeviceParams.cpp:223] @ 0.0111649s :enable high precision: 0
DEBUG [IRDeviceParams.cpp:224] @ 0.0111776s :radialDistortionCorrectionMode: 0
DEBUG [IRDeviceParams.cpp:225] @ 0.0111887s :deviceAPI: 0
DEBUG [IRDeviceParams.cpp:226] @ 0.0111998s :useExternalProbeForReferencing: 0
DEBUG [IRDeviceParams.cpp:227] @ 0.0112108s :enableMultiThreading: 0
DEBUG [IRDeviceParams.cpp:232] @ 0.0112226s :ethernetDevice.deviceIpAddress: 0.0.0.0
DEBUG [IRDeviceParams.cpp:233] @ 0.0112335s :ethernetDevice.localUdpPort: 0
DEBUG [IRDeviceParams.cpp:234] @ 0.0112445s :ethernetDevice.checkUdpSenderIp: 1
DEBUG [Cali.cpp:87] @ 0.159599s :Calibration directory path: C:\Users\u0173846\AppData\Roaming\Imager\Cali
DEBUG [Cali.cpp:88] @ 0.159681s :Calibration file name: Cali-17092037.xml
DEBUG [Cali.cpp:98] @ 0.173244s :Calibration data A: 1450 B:470 C:4095 D:1500
INFO [IRImager.cpp:266] @ 0.19924s :Init thermal imager to 17092037 with size: 74x224@250 Hz
DEBUG [Cali.cpp:87] @ 0.199517s :Calibration directory path: C:\Users\u0173846\AppData\Roaming\Imager\Cali
DEBUG [Cali.cpp:88] @ 0.19954s :Calibration file name: Cali-17092037.xml
DEBUG [Cali.cpp:98] @ 0.199859s :Calibration data A: 1450 B:470 C:4095 D:1500
DEBUG [IRImager.cpp:374] @ 0.200507s :Using HID control interface
DEBUG [IRImager.cpp:414] @ 0.281826s :Initialized HID control interface to device with HW:2101 FW:2820
DEBUG [IRImager.cpp:435] @ 0.281869s :Frameconfig - width(in): 74, height(in): 224, interval: 40000, max framerate: 250, HW interval: 0.004
DEBUG [Cali.cpp:87] @ 0.281887s :Calibration directory path: C:\Users\u0173846\AppData\Roaming\Imager\Cali
DEBUG [Cali.cpp:88] @ 0.2819s :Calibration file name: Cali-17092037.xml
DEBUG [Cali.cpp:98] @ 0.282205s :Calibration data A: 1450 B:470 C:4095 D:1500
DEBUG [ImageProcessing.cpp:200] @ 0.286512s :Source buffer size: 33152 Width: 74 Height: 224
DEBUG [ImageProcessing.cpp:121] @ 0.322949s :Source buffer size: 33152 Width: 74 Height: 224
DEBUG [OpSource.cpp:347] @ 0.32305s :Using formats path: .\\Formats.def
DEBUG [OpSource.cpp:598] @ 0.323272s :Format found with size: 14
DEBUG [IRImager.cpp:841] @ 0.323331s :Caught onFrameInit with size: 72x56
DEBUG [OpSource.cpp:347] @ 0.323444s :Using formats path: .\\Formats.def
DEBUG [OpSource.cpp:598] @ 0.323646s :Format found with size: 14
DEBUG [OpSource.cpp:347] @ 0.323702s :Using formats path: .\\Formats.def
DEBUG [OpCorr.cpp:467] @ 0.325907s :Read cali: C:\Users\u0173846\AppData\Roaming\Imager\Cali\Cali-17092037-25-600-1800-1000.dat
DEBUG [ImageProcessing.cpp:1108] @ 0.345951s :Update flag temperature: 240.313
DEBUG [ImageProcessing.cpp:1111] @ 0.347817s :Update box temperature: 240.313
DEBUG [Cali.cpp:639] @ 0.347842s :Calibration file path: 000002A6421FE664/000000C2FF3EC2F0.xml
DEBUG [SimpleXML.cpp:238] @ 0.347941s :Failed to open file C:\Users\u0173846\AppData\Roaming\Imager\Cali\CaliExt-17092037.xml
DEBUG [IRImager.cpp:547] @ 0.360645s :Chip heating disabled
DEBUG [direct_binding.cpp:300] @ 0.364962s :evo_irimager_multi_usb_init with config: 17092037.xml
DEBUG [direct_binding.cpp:301] @ 0.365001s :evo_irimager_multi_usb_init connected returned: 1
DEBUG [IRImager.cpp:1107] @ 0.427872s :Start flag calibration
