DEBUG [IRLogger.cpp:105] @ 0.0002749s :***************************************************
DEBUG [IRLogger.cpp:106] @ 0.0003519s :* IRImagerDirect SDK                              *
DEBUG [IRLogger.cpp:107] @ 0.0003797s :***************************************************
DEBUG [IRLogger.cpp:113] @ 0.0004093s :* Native Machine:      AMD64
DEBUG [IRLogger.cpp:114] @ 0.0004358s :* Machine:             AMD64
DEBUG [IRLogger.cpp:116] @ 0.000464s :* OS:                  Windows 10 0 19045
DEBUG [IRLogger.cpp:123] @ 0.0004864s :***************************************************
DEBUG [IRDeviceParams.cpp:204] @ 0.0011357s :Parameters
DEBUG [IRDeviceParams.cpp:205] @ 0.001159s :serial: 17092037
DEBUG [IRDeviceParams.cpp:206] @ 0.0011962s :videoformatindex: 3
DEBUG [IRDeviceParams.cpp:207] @ 0.0012138s :fov: 0
DEBUG [IRDeviceParams.cpp:208] @ 0.0012278s :optics_text: 00000253BAD3C9C0
DEBUG [IRDeviceParams.cpp:209] @ 0.0012413s :formatspath: 00000253BAD3C9D0
DEBUG [IRDeviceParams.cpp:210] @ 0.0012547s :calipath: 0000000000000000
DEBUG [IRDeviceParams.cpp:211] @ 0.0012689s :temperature min: 600
DEBUG [IRDeviceParams.cpp:212] @ 0.0012824s :temperature max: 1800
DEBUG [IRDeviceParams.cpp:213] @ 0.0013006s :framerate: 1000
DEBUG [IRDeviceParams.cpp:214] @ 0.0013127s :bispectral: 0
DEBUG [IRDeviceParams.cpp:215] @ 0.0013254s :flag automatic: 0
DEBUG [IRDeviceParams.cpp:216] @ 0.0013384s :min interval: 15
DEBUG [IRDeviceParams.cpp:217] @ 0.0013508s :max interval: 0
DEBUG [IRDeviceParams.cpp:218] @ 0.0013638s :chip heating mode: 0
DEBUG [IRDeviceParams.cpp:219] @ 0.0013767s :chip heating fixed val: 40
DEBUG [IRDeviceParams.cpp:220] @ 0.0013891s :focus:  -1
DEBUG [IRDeviceParams.cpp:221] @ 0.0014005s :enable extended temp range: 0
DEBUG [IRDeviceParams.cpp:222] @ 0.0014127s :buffer queue size: 5
DEBUG [IRDeviceParams.cpp:223] @ 0.0014248s :enable high precision: 0
DEBUG [IRDeviceParams.cpp:224] @ 0.0014366s :radialDistortionCorrectionMode: 0
DEBUG [IRDeviceParams.cpp:225] @ 0.0014494s :deviceAPI: 0
DEBUG [IRDeviceParams.cpp:226] @ 0.0014614s :useExternalProbeForReferencing: 0
DEBUG [IRDeviceParams.cpp:227] @ 0.0014753s :enableMultiThreading: 0
DEBUG [IRDeviceParams.cpp:232] @ 0.0014878s :ethernetDevice.deviceIpAddress: 0.0.0.0
DEBUG [IRDeviceParams.cpp:233] @ 0.0015s :ethernetDevice.localUdpPort: 0
DEBUG [IRDeviceParams.cpp:234] @ 0.0015124s :ethernetDevice.checkUdpSenderIp: 1
DEBUG [Cali.cpp:87] @ 0.149151s :Calibration directory path: C:\Users\u0173846\AppData\Roaming\Imager\Cali
DEBUG [Cali.cpp:88] @ 0.14918s :Calibration file name: Cali-17092037.xml
DEBUG [Cali.cpp:98] @ 0.14949s :Calibration data A: 1450 B:470 C:4095 D:1500
INFO [IRImager.cpp:266] @ 0.150052s :Init thermal imager to 17092037 with size: 74x224@250 Hz
DEBUG [Cali.cpp:87] @ 0.150326s :Calibration directory path: C:\Users\u0173846\AppData\Roaming\Imager\Cali
DEBUG [Cali.cpp:88] @ 0.150342s :Calibration file name: Cali-17092037.xml
DEBUG [Cali.cpp:98] @ 0.150616s :Calibration data A: 1450 B:470 C:4095 D:1500
DEBUG [IRImager.cpp:374] @ 0.151263s :Using HID control interface
DEBUG [IRImager.cpp:414] @ 0.232615s :Initialized HID control interface to device with HW:2101 FW:2820
DEBUG [IRImager.cpp:435] @ 0.232652s :Frameconfig - width(in): 74, height(in): 224, interval: 40000, max framerate: 250, HW interval: 0.004
DEBUG [Cali.cpp:87] @ 0.23267s :Calibration directory path: C:\Users\u0173846\AppData\Roaming\Imager\Cali
DEBUG [Cali.cpp:88] @ 0.232682s :Calibration file name: Cali-17092037.xml
DEBUG [Cali.cpp:98] @ 0.233011s :Calibration data A: 1450 B:470 C:4095 D:1500
DEBUG [ImageProcessing.cpp:200] @ 0.237169s :Source buffer size: 33152 Width: 74 Height: 224
DEBUG [ImageProcessing.cpp:121] @ 0.274045s :Source buffer size: 33152 Width: 74 Height: 224
DEBUG [OpSource.cpp:347] @ 0.274121s :Using formats path: .\\Formats.def
DEBUG [OpSource.cpp:598] @ 0.274327s :Format found with size: 14
DEBUG [IRImager.cpp:841] @ 0.274378s :Caught onFrameInit with size: 72x56
DEBUG [OpSource.cpp:347] @ 0.274484s :Using formats path: .\\Formats.def
DEBUG [OpSource.cpp:598] @ 0.274687s :Format found with size: 14
DEBUG [OpSource.cpp:347] @ 0.274741s :Using formats path: .\\Formats.def
DEBUG [OpCorr.cpp:467] @ 0.276863s :Read cali: C:\Users\u0173846\AppData\Roaming\Imager\Cali\Cali-17092037-25-600-1800-1000.dat
DEBUG [ImageProcessing.cpp:1108] @ 0.297689s :Update flag temperature: 240.375
DEBUG [ImageProcessing.cpp:1111] @ 0.299599s :Update box temperature: 240.375
DEBUG [Cali.cpp:639] @ 0.299643s :Calibration file path: 00000253BADD5D24/000000E3939EC4E0.xml
DEBUG [SimpleXML.cpp:238] @ 0.299753s :Failed to open file C:\Users\u0173846\AppData\Roaming\Imager\Cali\CaliExt-17092037.xml
DEBUG [IRImager.cpp:547] @ 0.313551s :Chip heating disabled
DEBUG [direct_binding.cpp:300] @ 0.317024s :evo_irimager_multi_usb_init with config: 17092037.xml
DEBUG [direct_binding.cpp:301] @ 0.317075s :evo_irimager_multi_usb_init connected returned: 1
DEBUG [IRImager.cpp:1107] @ 0.379915s :Start flag calibration
