DEBUG [IRLogger.cpp:105] @ 0.37811s :***************************************************
DEBUG [IRLogger.cpp:106] @ 0.378177s :* IRImagerDirect SDK                              *
DEBUG [IRLogger.cpp:107] @ 0.378208s :***************************************************
DEBUG [IRLogger.cpp:113] @ 0.378233s :* Native Machine:      AMD64
DEBUG [IRLogger.cpp:114] @ 0.378255s :* Machine:             AMD64
DEBUG [IRLogger.cpp:116] @ 0.378281s :* OS:                  Windows 10 0 19045
DEBUG [IRLogger.cpp:123] @ 0.3783s :***************************************************
DEBUG [IRDeviceParams.cpp:204] @ 0.378884s :Parameters
DEBUG [IRDeviceParams.cpp:205] @ 0.378907s :serial: 20052193
DEBUG [IRDeviceParams.cpp:206] @ 0.378921s :videoformatindex: 1
DEBUG [IRDeviceParams.cpp:207] @ 0.378935s :fov: 33
DEBUG [IRDeviceParams.cpp:208] @ 0.378949s :optics_text: 000001A12D772F20
DEBUG [IRDeviceParams.cpp:209] @ 0.378964s :formatspath: 000001A12D773090
DEBUG [IRDeviceParams.cpp:210] @ 0.378978s :calipath: 0000000000000000
DEBUG [IRDeviceParams.cpp:211] @ 0.378991s :temperature min: 0
DEBUG [IRDeviceParams.cpp:212] @ 0.379003s :temperature max: 250
DEBUG [IRDeviceParams.cpp:213] @ 0.379017s :framerate: 125
DEBUG [IRDeviceParams.cpp:214] @ 0.37903s :bispectral: 0
DEBUG [IRDeviceParams.cpp:215] @ 0.379041s :flag automatic: 0
DEBUG [IRDeviceParams.cpp:216] @ 0.379055s :min interval: 15
DEBUG [IRDeviceParams.cpp:217] @ 0.379068s :max interval: 0
DEBUG [IRDeviceParams.cpp:218] @ 0.379079s :chip heating mode: 0
DEBUG [IRDeviceParams.cpp:219] @ 0.379091s :chip heating fixed val: 40
DEBUG [IRDeviceParams.cpp:220] @ 0.379105s :focus:  -1
DEBUG [IRDeviceParams.cpp:221] @ 0.379118s :enable extended temp range: 0
DEBUG [IRDeviceParams.cpp:222] @ 0.379131s :buffer queue size: 5
DEBUG [IRDeviceParams.cpp:223] @ 0.379144s :enable high precision: 0
DEBUG [IRDeviceParams.cpp:224] @ 0.379156s :radialDistortionCorrectionMode: 0
DEBUG [IRDeviceParams.cpp:225] @ 0.379169s :deviceAPI: 0
DEBUG [IRDeviceParams.cpp:226] @ 0.37918s :useExternalProbeForReferencing: 0
DEBUG [IRDeviceParams.cpp:227] @ 0.379192s :enableMultiThreading: 0
DEBUG [IRDeviceParams.cpp:232] @ 0.379205s :ethernetDevice.deviceIpAddress: 0.0.0.0
DEBUG [IRDeviceParams.cpp:233] @ 0.379218s :ethernetDevice.localUdpPort: 0
DEBUG [IRDeviceParams.cpp:234] @ 0.379231s :ethernetDevice.checkUdpSenderIp: 1
DEBUG [Cali.cpp:87] @ 0.443704s :Calibration directory path: C:\Users\u0173846\AppData\Roaming\Imager\Cali
DEBUG [Cali.cpp:88] @ 0.443736s :Calibration file name: Cali-20052193.xml
DEBUG [Cali.cpp:98] @ 0.444168s :Calibration data A: 1450 B:1500 C:4095 D:1500
INFO [IRImager.cpp:266] @ 0.445186s :Init thermal imager to 20052193 with size: 642x120@125 Hz
DEBUG [Cali.cpp:87] @ 0.445451s :Calibration directory path: C:\Users\u0173846\AppData\Roaming\Imager\Cali
DEBUG [Cali.cpp:88] @ 0.445467s :Calibration file name: Cali-20052193.xml
DEBUG [Cali.cpp:98] @ 0.445849s :Calibration data A: 1450 B:1500 C:4095 D:1500
DEBUG [IRImager.cpp:374] @ 0.446646s :Using HID control interface
DEBUG [IRImager.cpp:414] @ 0.469022s :Initialized HID control interface to device with HW:601 FW:2633
DEBUG [IRImager.cpp:435] @ 0.469066s :Frameconfig - width(in): 642, height(in): 120, interval: 80000, max framerate: 125, HW interval: 0.008
DEBUG [Cali.cpp:87] @ 0.469083s :Calibration directory path: C:\Users\u0173846\AppData\Roaming\Imager\Cali
DEBUG [Cali.cpp:88] @ 0.469096s :Calibration file name: Cali-20052193.xml
DEBUG [Cali.cpp:98] @ 0.469561s :Calibration data A: 1450 B:1500 C:4095 D:1500
DEBUG [ImageProcessing.cpp:200] @ 0.497214s :Source buffer size: 154080 Width: 642 Height: 120
DEBUG [ImageProcessing.cpp:121] @ 0.537178s :Source buffer size: 154080 Width: 642 Height: 120
DEBUG [OpSource.cpp:347] @ 0.537285s :Using formats path: .\\Formats.def
DEBUG [OpSource.cpp:598] @ 0.537447s :Format found with size: 25
DEBUG [IRImager.cpp:841] @ 0.537852s :Caught onFrameInit with size: 640x120
DEBUG [OpSource.cpp:347] @ 0.53852s :Using formats path: .\\Formats.def
DEBUG [OpSource.cpp:598] @ 0.538655s :Format found with size: 25
DEBUG [OpSource.cpp:347] @ 0.538745s :Using formats path: .\\Formats.def
DEBUG [OpCorr.cpp:467] @ 0.543133s :Read cali: C:\Users\u0173846\AppData\Roaming\Imager\Cali\Cali-20052193-33-0-250.dat
DEBUG [OpCorr.cpp:557] @ 0.543223s :Read calibration of camera no 20052193, # of fields: 6 , start of fields: 40
DEBUG [ImageProcessing.cpp:1108] @ 0.807933s :Update flag temperature: 30.375
DEBUG [ImageProcessing.cpp:1111] @ 0.812057s :Update box temperature: 28.0625
DEBUG [Cali.cpp:639] @ 0.812106s :Calibration file path: 000001A12D844094/00000091697EB350.xml
DEBUG [SimpleXML.cpp:238] @ 0.812219s :Failed to open file C:\Users\u0173846\AppData\Roaming\Imager\Cali\CaliExt-20052193.xml
DEBUG [IRImager.cpp:547] @ 0.823616s :Chip heating disabled
DEBUG [direct_binding.cpp:300] @ 0.831531s :evo_irimager_multi_usb_init with config: 6060300.xml
DEBUG [direct_binding.cpp:301] @ 0.831584s :evo_irimager_multi_usb_init connected returned: 1
DEBUG [IRImager.cpp:1107] @ 0.853414s :Start flag calibration
