DEBUG [IRLogger.cpp:105] @ 0.0002533s :***************************************************
DEBUG [IRLogger.cpp:106] @ 0.0003246s :* IRImagerDirect SDK                              *
DEBUG [IRLogger.cpp:107] @ 0.0003521s :***************************************************
DEBUG [IRLogger.cpp:113] @ 0.0003809s :* Native Machine:      AMD64
DEBUG [IRLogger.cpp:114] @ 0.00041s :* Machine:             AMD64
DEBUG [IRLogger.cpp:116] @ 0.0004361s :* OS:                  Windows 10 0 19045
DEBUG [IRLogger.cpp:123] @ 0.0004559s :***************************************************
DEBUG [IRDeviceParams.cpp:204] @ 0.0010792s :Parameters
DEBUG [IRDeviceParams.cpp:205] @ 0.0011028s :serial: 20052193
DEBUG [IRDeviceParams.cpp:206] @ 0.0011154s :videoformatindex: 1
DEBUG [IRDeviceParams.cpp:207] @ 0.0011271s :fov: 33
DEBUG [IRDeviceParams.cpp:208] @ 0.0011514s :optics_text: 0000024D7F8FEE90
DEBUG [IRDeviceParams.cpp:209] @ 0.0011814s :formatspath: 0000024D7F8FECB0
DEBUG [IRDeviceParams.cpp:210] @ 0.0011961s :calipath: 0000000000000000
DEBUG [IRDeviceParams.cpp:211] @ 0.0012088s :temperature min: 0
DEBUG [IRDeviceParams.cpp:212] @ 0.0012212s :temperature max: 250
DEBUG [IRDeviceParams.cpp:213] @ 0.0012375s :framerate: 125
DEBUG [IRDeviceParams.cpp:214] @ 0.0012502s :bispectral: 0
DEBUG [IRDeviceParams.cpp:215] @ 0.0012627s :flag automatic: 0
DEBUG [IRDeviceParams.cpp:216] @ 0.0012766s :min interval: 15
DEBUG [IRDeviceParams.cpp:217] @ 0.0012893s :max interval: 0
DEBUG [IRDeviceParams.cpp:218] @ 0.0013004s :chip heating mode: 0
DEBUG [IRDeviceParams.cpp:219] @ 0.0013124s :chip heating fixed val: 40
DEBUG [IRDeviceParams.cpp:220] @ 0.0013257s :focus:  -1
DEBUG [IRDeviceParams.cpp:221] @ 0.0013379s :enable extended temp range: 0
DEBUG [IRDeviceParams.cpp:222] @ 0.0013507s :buffer queue size: 5
DEBUG [IRDeviceParams.cpp:223] @ 0.0013625s :enable high precision: 0
DEBUG [IRDeviceParams.cpp:224] @ 0.001375s :radialDistortionCorrectionMode: 0
DEBUG [IRDeviceParams.cpp:225] @ 0.0013872s :deviceAPI: 0
DEBUG [IRDeviceParams.cpp:226] @ 0.0013988s :useExternalProbeForReferencing: 0
DEBUG [IRDeviceParams.cpp:227] @ 0.0014115s :enableMultiThreading: 0
DEBUG [IRDeviceParams.cpp:232] @ 0.0014241s :ethernetDevice.deviceIpAddress: 0.0.0.0
DEBUG [IRDeviceParams.cpp:233] @ 0.0014365s :ethernetDevice.localUdpPort: 0
DEBUG [IRDeviceParams.cpp:234] @ 0.0014487s :ethernetDevice.checkUdpSenderIp: 1
DEBUG [Cali.cpp:87] @ 0.153951s :Calibration directory path: C:\Users\u0173846\AppData\Roaming\Imager\Cali
DEBUG [Cali.cpp:88] @ 0.15398s :Calibration file name: Cali-20052193.xml
DEBUG [Cali.cpp:98] @ 0.154413s :Calibration data A: 1450 B:1500 C:4095 D:1500
INFO [IRImager.cpp:266] @ 0.155469s :Init thermal imager to 20052193 with size: 642x120@125 Hz
DEBUG [Cali.cpp:87] @ 0.155733s :Calibration directory path: C:\Users\u0173846\AppData\Roaming\Imager\Cali
DEBUG [Cali.cpp:88] @ 0.155751s :Calibration file name: Cali-20052193.xml
DEBUG [Cali.cpp:98] @ 0.156156s :Calibration data A: 1450 B:1500 C:4095 D:1500
DEBUG [IRImager.cpp:374] @ 0.156966s :Using HID control interface
DEBUG [IRImager.cpp:414] @ 0.242105s :Initialized HID control interface to device with HW:601 FW:2633
DEBUG [IRImager.cpp:435] @ 0.242152s :Frameconfig - width(in): 642, height(in): 120, interval: 80000, max framerate: 125, HW interval: 0.008
DEBUG [Cali.cpp:87] @ 0.242174s :Calibration directory path: C:\Users\u0173846\AppData\Roaming\Imager\Cali
DEBUG [Cali.cpp:88] @ 0.242191s :Calibration file name: Cali-20052193.xml
DEBUG [Cali.cpp:98] @ 0.242645s :Calibration data A: 1450 B:1500 C:4095 D:1500
DEBUG [ImageProcessing.cpp:200] @ 0.270253s :Source buffer size: 154080 Width: 642 Height: 120
DEBUG [ImageProcessing.cpp:121] @ 0.312597s :Source buffer size: 154080 Width: 642 Height: 120
DEBUG [OpSource.cpp:347] @ 0.312679s :Using formats path: .\\Formats.def
DEBUG [OpSource.cpp:598] @ 0.31283s :Format found with size: 25
DEBUG [IRImager.cpp:841] @ 0.313148s :Caught onFrameInit with size: 640x120
DEBUG [OpSource.cpp:347] @ 0.313823s :Using formats path: .\\Formats.def
DEBUG [OpSource.cpp:598] @ 0.31398s :Format found with size: 25
DEBUG [OpSource.cpp:347] @ 0.314036s :Using formats path: .\\Formats.def
DEBUG [OpCorr.cpp:467] @ 0.318487s :Read cali: C:\Users\u0173846\AppData\Roaming\Imager\Cali\Cali-20052193-33-0-250.dat
DEBUG [OpCorr.cpp:557] @ 0.318558s :Read calibration of camera no 20052193, # of fields: 6 , start of fields: 40
DEBUG [ImageProcessing.cpp:1108] @ 0.585982s :Update flag temperature: 30.9375
DEBUG [ImageProcessing.cpp:1111] @ 0.589748s :Update box temperature: 28.3125
DEBUG [Cali.cpp:639] @ 0.589775s :Calibration file path: 0000024D7F968F54/000000D6D0FEC320.xml
DEBUG [SimpleXML.cpp:238] @ 0.589862s :Failed to open file C:\Users\u0173846\AppData\Roaming\Imager\Cali\CaliExt-20052193.xml
DEBUG [IRImager.cpp:547] @ 0.602252s :Chip heating disabled
DEBUG [direct_binding.cpp:300] @ 0.611278s :evo_irimager_multi_usb_init with config: 6060300.xml
DEBUG [direct_binding.cpp:301] @ 0.611335s :evo_irimager_multi_usb_init connected returned: 1
DEBUG [IRImager.cpp:1107] @ 0.649148s :Start flag calibration
