DEBUG [IRLogger.cpp:105] @ 0.000354s :***************************************************
DEBUG [IRLogger.cpp:106] @ 0.0004469s :* IRImagerDirect SDK                              *
DEBUG [IRLogger.cpp:107] @ 0.0004888s :***************************************************
DEBUG [IRLogger.cpp:113] @ 0.0005269s :* Native Machine:      AMD64
DEBUG [IRLogger.cpp:114] @ 0.0005602s :* Machine:             AMD64
DEBUG [IRLogger.cpp:116] @ 0.0006051s :* OS:                  Windows 10 0 19045
DEBUG [IRLogger.cpp:123] @ 0.0006402s :***************************************************
DEBUG [IRDeviceParams.cpp:204] @ 0.0012934s :Parameters
DEBUG [IRDeviceParams.cpp:205] @ 0.0013166s :serial: 20052193
DEBUG [IRDeviceParams.cpp:206] @ 0.00133s :videoformatindex: 1
DEBUG [IRDeviceParams.cpp:207] @ 0.0013429s :fov: 33
DEBUG [IRDeviceParams.cpp:208] @ 0.0013544s :optics_text: 000001B9EDFC1CB0
DEBUG [IRDeviceParams.cpp:209] @ 0.0013659s :formatspath: 000001B9EDFC1A70
DEBUG [IRDeviceParams.cpp:210] @ 0.0013794s :calipath: 0000000000000000
DEBUG [IRDeviceParams.cpp:211] @ 0.0014163s :temperature min: 0
DEBUG [IRDeviceParams.cpp:212] @ 0.001434s :temperature max: 250
DEBUG [IRDeviceParams.cpp:213] @ 0.0014518s :framerate: 125
DEBUG [IRDeviceParams.cpp:214] @ 0.0014644s :bispectral: 0
DEBUG [IRDeviceParams.cpp:215] @ 0.0014763s :flag automatic: 0
DEBUG [IRDeviceParams.cpp:216] @ 0.0014905s :min interval: 15
DEBUG [IRDeviceParams.cpp:217] @ 0.0015017s :max interval: 0
DEBUG [IRDeviceParams.cpp:218] @ 0.0015137s :chip heating mode: 0
DEBUG [IRDeviceParams.cpp:219] @ 0.0015266s :chip heating fixed val: 40
DEBUG [IRDeviceParams.cpp:220] @ 0.0015391s :focus:  -1
DEBUG [IRDeviceParams.cpp:221] @ 0.0015522s :enable extended temp range: 0
DEBUG [IRDeviceParams.cpp:222] @ 0.0015643s :buffer queue size: 5
DEBUG [IRDeviceParams.cpp:223] @ 0.0015764s :enable high precision: 0
DEBUG [IRDeviceParams.cpp:224] @ 0.0015886s :radialDistortionCorrectionMode: 0
DEBUG [IRDeviceParams.cpp:225] @ 0.0016012s :deviceAPI: 0
DEBUG [IRDeviceParams.cpp:226] @ 0.0016146s :useExternalProbeForReferencing: 0
DEBUG [IRDeviceParams.cpp:227] @ 0.0016274s :enableMultiThreading: 0
DEBUG [IRDeviceParams.cpp:232] @ 0.0016399s :ethernetDevice.deviceIpAddress: 0.0.0.0
DEBUG [IRDeviceParams.cpp:233] @ 0.0016531s :ethernetDevice.localUdpPort: 0
DEBUG [IRDeviceParams.cpp:234] @ 0.0016651s :ethernetDevice.checkUdpSenderIp: 1
DEBUG [Cali.cpp:87] @ 0.14652s :Calibration directory path: C:\Users\u0173846\AppData\Roaming\Imager\Cali
DEBUG [Cali.cpp:88] @ 0.146549s :Calibration file name: Cali-20052193.xml
DEBUG [Cali.cpp:98] @ 0.146948s :Calibration data A: 1450 B:1500 C:4095 D:1500
INFO [IRImager.cpp:266] @ 0.147967s :Init thermal imager to 20052193 with size: 642x120@125 Hz
DEBUG [Cali.cpp:87] @ 0.148235s :Calibration directory path: C:\Users\u0173846\AppData\Roaming\Imager\Cali
DEBUG [Cali.cpp:88] @ 0.14825s :Calibration file name: Cali-20052193.xml
DEBUG [Cali.cpp:98] @ 0.148625s :Calibration data A: 1450 B:1500 C:4095 D:1500
DEBUG [IRImager.cpp:374] @ 0.14941s :Using HID control interface
DEBUG [IRImager.cpp:414] @ 0.235184s :Initialized HID control interface to device with HW:601 FW:2633
DEBUG [IRImager.cpp:435] @ 0.235238s :Frameconfig - width(in): 642, height(in): 120, interval: 80000, max framerate: 125, HW interval: 0.008
DEBUG [Cali.cpp:87] @ 0.235257s :Calibration directory path: C:\Users\u0173846\AppData\Roaming\Imager\Cali
DEBUG [Cali.cpp:88] @ 0.235269s :Calibration file name: Cali-20052193.xml
DEBUG [Cali.cpp:98] @ 0.235736s :Calibration data A: 1450 B:1500 C:4095 D:1500
DEBUG [ImageProcessing.cpp:200] @ 0.263426s :Source buffer size: 154080 Width: 642 Height: 120
DEBUG [ImageProcessing.cpp:121] @ 0.304996s :Source buffer size: 154080 Width: 642 Height: 120
DEBUG [OpSource.cpp:347] @ 0.305099s :Using formats path: .\\Formats.def
DEBUG [OpSource.cpp:598] @ 0.30527s :Format found with size: 25
DEBUG [IRImager.cpp:841] @ 0.305593s :Caught onFrameInit with size: 640x120
DEBUG [OpSource.cpp:347] @ 0.306252s :Using formats path: .\\Formats.def
DEBUG [OpSource.cpp:598] @ 0.30641s :Format found with size: 25
DEBUG [OpSource.cpp:347] @ 0.306469s :Using formats path: .\\Formats.def
DEBUG [OpCorr.cpp:467] @ 0.311069s :Read cali: C:\Users\u0173846\AppData\Roaming\Imager\Cali\Cali-20052193-33-0-250.dat
DEBUG [OpCorr.cpp:557] @ 0.311159s :Read calibration of camera no 20052193, # of fields: 6 , start of fields: 40
DEBUG [ImageProcessing.cpp:1108] @ 0.576694s :Update flag temperature: 30.0625
DEBUG [ImageProcessing.cpp:1111] @ 0.580835s :Update box temperature: 27.5625
DEBUG [Cali.cpp:639] @ 0.580878s :Calibration file path: 000001B9EF385CC4/0000002CC5DEB1B0.xml
DEBUG [SimpleXML.cpp:238] @ 0.580988s :Failed to open file C:\Users\u0173846\AppData\Roaming\Imager\Cali\CaliExt-20052193.xml
DEBUG [IRImager.cpp:547] @ 0.592769s :Chip heating disabled
DEBUG [direct_binding.cpp:300] @ 0.60102s :evo_irimager_multi_usb_init with config: 6060300.xml
DEBUG [direct_binding.cpp:301] @ 0.601058s :evo_irimager_multi_usb_init connected returned: 1
DEBUG [IRImager.cpp:1107] @ 0.623668s :Start flag calibration
DEBUG [OpFlag.cpp:591] @ 11.311s :SkimDiff: 11 Adjust: 1014 State: 3 EMax: 14738 Emin: 4327
DEBUG [ImageProcessing.cpp:526] @ 11.3219s :Skim_Adjust 2629
DEBUG [IRImager.cpp:1121] @ 11.4557s :Finished startup calibration
