DEBUG [IRLogger.cpp:105] @ 0.0002711s :***************************************************
DEBUG [IRLogger.cpp:106] @ 0.0003457s :* IRImagerDirect SDK                              *
DEBUG [IRLogger.cpp:107] @ 0.0003737s :***************************************************
DEBUG [IRLogger.cpp:113] @ 0.0004038s :* Native Machine:      AMD64
DEBUG [IRLogger.cpp:114] @ 0.0004352s :* Machine:             AMD64
DEBUG [IRLogger.cpp:116] @ 0.0004634s :* OS:                  Windows 10 0 19045
DEBUG [IRLogger.cpp:123] @ 0.0004839s :***************************************************
DEBUG [IRDeviceParams.cpp:204] @ 0.0011006s :Parameters
DEBUG [IRDeviceParams.cpp:205] @ 0.001123s :serial: 20052193
DEBUG [IRDeviceParams.cpp:206] @ 0.0011375s :videoformatindex: 1
DEBUG [IRDeviceParams.cpp:207] @ 0.001152s :fov: 33
DEBUG [IRDeviceParams.cpp:208] @ 0.0011648s :optics_text: 00000266974E7D00
DEBUG [IRDeviceParams.cpp:209] @ 0.0011779s :formatspath: 00000266974E7DF0
DEBUG [IRDeviceParams.cpp:210] @ 0.0011897s :calipath: 0000000000000000
DEBUG [IRDeviceParams.cpp:211] @ 0.0012008s :temperature min: 0
DEBUG [IRDeviceParams.cpp:212] @ 0.0012277s :temperature max: 250
DEBUG [IRDeviceParams.cpp:213] @ 0.0012625s :framerate: 125
DEBUG [IRDeviceParams.cpp:214] @ 0.0012771s :bispectral: 0
DEBUG [IRDeviceParams.cpp:215] @ 0.001289s :flag automatic: 0
DEBUG [IRDeviceParams.cpp:216] @ 0.0013007s :min interval: 15
DEBUG [IRDeviceParams.cpp:217] @ 0.0013127s :max interval: 0
DEBUG [IRDeviceParams.cpp:218] @ 0.0013251s :chip heating mode: 0
DEBUG [IRDeviceParams.cpp:219] @ 0.0013377s :chip heating fixed val: 40
DEBUG [IRDeviceParams.cpp:220] @ 0.0013518s :focus:  -1
DEBUG [IRDeviceParams.cpp:221] @ 0.001364s :enable extended temp range: 0
DEBUG [IRDeviceParams.cpp:222] @ 0.0013778s :buffer queue size: 5
DEBUG [IRDeviceParams.cpp:223] @ 0.0013908s :enable high precision: 0
DEBUG [IRDeviceParams.cpp:224] @ 0.001403s :radialDistortionCorrectionMode: 0
DEBUG [IRDeviceParams.cpp:225] @ 0.0014156s :deviceAPI: 0
DEBUG [IRDeviceParams.cpp:226] @ 0.0014274s :useExternalProbeForReferencing: 0
DEBUG [IRDeviceParams.cpp:227] @ 0.0014392s :enableMultiThreading: 0
DEBUG [IRDeviceParams.cpp:232] @ 0.0014523s :ethernetDevice.deviceIpAddress: 0.0.0.0
DEBUG [IRDeviceParams.cpp:233] @ 0.001464s :ethernetDevice.localUdpPort: 0
DEBUG [IRDeviceParams.cpp:234] @ 0.0014769s :ethernetDevice.checkUdpSenderIp: 1
DEBUG [Cali.cpp:87] @ 0.150876s :Calibration directory path: C:\Users\u0173846\AppData\Roaming\Imager\Cali
DEBUG [Cali.cpp:88] @ 0.150905s :Calibration file name: Cali-20052193.xml
DEBUG [Cali.cpp:98] @ 0.151329s :Calibration data A: 1450 B:1500 C:4095 D:1500
INFO [IRImager.cpp:266] @ 0.152344s :Init thermal imager to 20052193 with size: 642x120@125 Hz
DEBUG [Cali.cpp:87] @ 0.152604s :Calibration directory path: C:\Users\u0173846\AppData\Roaming\Imager\Cali
DEBUG [Cali.cpp:88] @ 0.152621s :Calibration file name: Cali-20052193.xml
DEBUG [Cali.cpp:98] @ 0.152997s :Calibration data A: 1450 B:1500 C:4095 D:1500
DEBUG [IRImager.cpp:374] @ 0.154014s :Using HID control interface
DEBUG [IRImager.cpp:414] @ 0.239618s :Initialized HID control interface to device with HW:601 FW:2633
DEBUG [IRImager.cpp:435] @ 0.239665s :Frameconfig - width(in): 642, height(in): 120, interval: 80000, max framerate: 125, HW interval: 0.008
DEBUG [Cali.cpp:87] @ 0.239689s :Calibration directory path: C:\Users\u0173846\AppData\Roaming\Imager\Cali
DEBUG [Cali.cpp:88] @ 0.239705s :Calibration file name: Cali-20052193.xml
DEBUG [Cali.cpp:98] @ 0.240164s :Calibration data A: 1450 B:1500 C:4095 D:1500
DEBUG [ImageProcessing.cpp:200] @ 0.268079s :Source buffer size: 154080 Width: 642 Height: 120
DEBUG [ImageProcessing.cpp:121] @ 0.310621s :Source buffer size: 154080 Width: 642 Height: 120
DEBUG [OpSource.cpp:347] @ 0.310719s :Using formats path: .\\Formats.def
DEBUG [OpSource.cpp:598] @ 0.310885s :Format found with size: 25
DEBUG [IRImager.cpp:841] @ 0.31121s :Caught onFrameInit with size: 640x120
DEBUG [OpSource.cpp:347] @ 0.311901s :Using formats path: .\\Formats.def
DEBUG [OpSource.cpp:598] @ 0.312057s :Format found with size: 25
DEBUG [OpSource.cpp:347] @ 0.312113s :Using formats path: .\\Formats.def
DEBUG [OpCorr.cpp:467] @ 0.316429s :Read cali: C:\Users\u0173846\AppData\Roaming\Imager\Cali\Cali-20052193-33-0-250.dat
DEBUG [OpCorr.cpp:557] @ 0.316507s :Read calibration of camera no 20052193, # of fields: 6 , start of fields: 40
DEBUG [ImageProcessing.cpp:1108] @ 0.584758s :Update flag temperature: 30.6875
DEBUG [ImageProcessing.cpp:1111] @ 0.588571s :Update box temperature: 28.4375
DEBUG [Cali.cpp:639] @ 0.58862s :Calibration file path: 000002669758D0C4/00000080C47EC4F0.xml
DEBUG [SimpleXML.cpp:238] @ 0.588733s :Failed to open file C:\Users\u0173846\AppData\Roaming\Imager\Cali\CaliExt-20052193.xml
DEBUG [IRImager.cpp:547] @ 0.600258s :Chip heating disabled
DEBUG [direct_binding.cpp:300] @ 0.609711s :evo_irimager_multi_usb_init with config: 6060300.xml
DEBUG [direct_binding.cpp:301] @ 0.609751s :evo_irimager_multi_usb_init connected returned: 1
DEBUG [IRImager.cpp:1107] @ 0.63183s :Start flag calibration
