DEBUG [IRLogger.cpp:105] @ 0.0002659s :***************************************************
DEBUG [IRLogger.cpp:106] @ 0.0003418s :* IRImagerDirect SDK                              *
DEBUG [IRLogger.cpp:107] @ 0.0003687s :***************************************************
DEBUG [IRLogger.cpp:113] @ 0.0003932s :* Native Machine:      AMD64
DEBUG [IRLogger.cpp:114] @ 0.0004174s :* Machine:             AMD64
DEBUG [IRLogger.cpp:116] @ 0.0004434s :* OS:                  Windows 10 0 19045
DEBUG [IRLogger.cpp:123] @ 0.0004646s :***************************************************
DEBUG [IRDeviceParams.cpp:204] @ 0.0010285s :Parameters
DEBUG [IRDeviceParams.cpp:205] @ 0.001049s :serial: 20052193
DEBUG [IRDeviceParams.cpp:206] @ 0.0010626s :videoformatindex: 1
DEBUG [IRDeviceParams.cpp:207] @ 0.0010754s :fov: 33
DEBUG [IRDeviceParams.cpp:208] @ 0.0010912s :optics_text: 00000239F2278BB0
DEBUG [IRDeviceParams.cpp:209] @ 0.0011048s :formatspath: 00000239F22789D0
DEBUG [IRDeviceParams.cpp:210] @ 0.0011174s :calipath: 0000000000000000
DEBUG [IRDeviceParams.cpp:211] @ 0.0011305s :temperature min: 0
DEBUG [IRDeviceParams.cpp:212] @ 0.0011415s :temperature max: 250
DEBUG [IRDeviceParams.cpp:213] @ 0.0011552s :framerate: 125
DEBUG [IRDeviceParams.cpp:214] @ 0.0011687s :bispectral: 0
DEBUG [IRDeviceParams.cpp:215] @ 0.0012025s :flag automatic: 0
DEBUG [IRDeviceParams.cpp:216] @ 0.0012173s :min interval: 15
DEBUG [IRDeviceParams.cpp:217] @ 0.0012307s :max interval: 0
DEBUG [IRDeviceParams.cpp:218] @ 0.0012434s :chip heating mode: 0
DEBUG [IRDeviceParams.cpp:219] @ 0.0012586s :chip heating fixed val: 40
DEBUG [IRDeviceParams.cpp:220] @ 0.001272s :focus:  -1
DEBUG [IRDeviceParams.cpp:221] @ 0.0012855s :enable extended temp range: 0
DEBUG [IRDeviceParams.cpp:222] @ 0.0012983s :buffer queue size: 5
DEBUG [IRDeviceParams.cpp:223] @ 0.0013113s :enable high precision: 0
DEBUG [IRDeviceParams.cpp:224] @ 0.0013244s :radialDistortionCorrectionMode: 0
DEBUG [IRDeviceParams.cpp:225] @ 0.001338s :deviceAPI: 0
DEBUG [IRDeviceParams.cpp:226] @ 0.0013503s :useExternalProbeForReferencing: 0
DEBUG [IRDeviceParams.cpp:227] @ 0.001363s :enableMultiThreading: 0
DEBUG [IRDeviceParams.cpp:232] @ 0.0013775s :ethernetDevice.deviceIpAddress: 0.0.0.0
DEBUG [IRDeviceParams.cpp:233] @ 0.0013904s :ethernetDevice.localUdpPort: 0
DEBUG [IRDeviceParams.cpp:234] @ 0.0014029s :ethernetDevice.checkUdpSenderIp: 1
DEBUG [Cali.cpp:87] @ 0.149985s :Calibration directory path: C:\Users\u0173846\AppData\Roaming\Imager\Cali
DEBUG [Cali.cpp:88] @ 0.150013s :Calibration file name: Cali-20052193.xml
DEBUG [Cali.cpp:98] @ 0.150422s :Calibration data A: 1450 B:1500 C:4095 D:1500
INFO [IRImager.cpp:266] @ 0.15144s :Init thermal imager to 20052193 with size: 642x120@125 Hz
DEBUG [Cali.cpp:87] @ 0.151706s :Calibration directory path: C:\Users\u0173846\AppData\Roaming\Imager\Cali
DEBUG [Cali.cpp:88] @ 0.151722s :Calibration file name: Cali-20052193.xml
DEBUG [Cali.cpp:98] @ 0.152096s :Calibration data A: 1450 B:1500 C:4095 D:1500
DEBUG [IRImager.cpp:374] @ 0.15288s :Using HID control interface
DEBUG [IRImager.cpp:414] @ 0.236925s :Initialized HID control interface to device with HW:601 FW:2633
DEBUG [IRImager.cpp:435] @ 0.236972s :Frameconfig - width(in): 642, height(in): 120, interval: 80000, max framerate: 125, HW interval: 0.008
DEBUG [Cali.cpp:87] @ 0.23699s :Calibration directory path: C:\Users\u0173846\AppData\Roaming\Imager\Cali
DEBUG [Cali.cpp:88] @ 0.237003s :Calibration file name: Cali-20052193.xml
DEBUG [Cali.cpp:98] @ 0.23747s :Calibration data A: 1450 B:1500 C:4095 D:1500
DEBUG [ImageProcessing.cpp:200] @ 0.2651s :Source buffer size: 154080 Width: 642 Height: 120
DEBUG [ImageProcessing.cpp:121] @ 0.308242s :Source buffer size: 154080 Width: 642 Height: 120
DEBUG [OpSource.cpp:347] @ 0.30836s :Using formats path: .\\Formats.def
DEBUG [OpSource.cpp:598] @ 0.308535s :Format found with size: 25
DEBUG [IRImager.cpp:841] @ 0.308866s :Caught onFrameInit with size: 640x120
DEBUG [OpSource.cpp:347] @ 0.309579s :Using formats path: .\\Formats.def
DEBUG [OpSource.cpp:598] @ 0.309763s :Format found with size: 25
DEBUG [OpSource.cpp:347] @ 0.309827s :Using formats path: .\\Formats.def
DEBUG [OpCorr.cpp:467] @ 0.313934s :Read cali: C:\Users\u0173846\AppData\Roaming\Imager\Cali\Cali-20052193-33-0-250.dat
DEBUG [OpCorr.cpp:557] @ 0.314002s :Read calibration of camera no 20052193, # of fields: 6 , start of fields: 40
DEBUG [ImageProcessing.cpp:1108] @ 0.578971s :Update flag temperature: 31.875
DEBUG [ImageProcessing.cpp:1111] @ 0.582744s :Update box temperature: 29.1875
DEBUG [Cali.cpp:639] @ 0.582792s :Calibration file path: 00000239F23ECCF4/000000A95F9EB650.xml
DEBUG [SimpleXML.cpp:238] @ 0.582911s :Failed to open file C:\Users\u0173846\AppData\Roaming\Imager\Cali\CaliExt-20052193.xml
DEBUG [IRImager.cpp:547] @ 0.595579s :Chip heating disabled
DEBUG [direct_binding.cpp:300] @ 0.604453s :evo_irimager_multi_usb_init with config: 6060300.xml
DEBUG [direct_binding.cpp:301] @ 0.60449s :evo_irimager_multi_usb_init connected returned: 1
DEBUG [IRImager.cpp:1107] @ 0.626975s :Start flag calibration
DEBUG [OpFlag.cpp:591] @ 11.3142s :SkimDiff: 10 Adjust: 974 State: 3 EMax: 14865 Emin: 4121
DEBUG [ImageProcessing.cpp:526] @ 11.3255s :Skim_Adjust 2628
DEBUG [IRImager.cpp:1121] @ 11.4589s :Finished startup calibration
