DEBUG [IRLogger.cpp:105] @ 0.0003505s :***************************************************
DEBUG [IRLogger.cpp:106] @ 0.0004281s :* IRImagerDirect SDK                              *
DEBUG [IRLogger.cpp:107] @ 0.0004557s :***************************************************
DEBUG [IRLogger.cpp:113] @ 0.0004807s :* Native Machine:      AMD64
DEBUG [IRLogger.cpp:114] @ 0.0005029s :* Machine:             AMD64
DEBUG [IRLogger.cpp:116] @ 0.000528s :* OS:                  Windows 10 0 19045
DEBUG [IRLogger.cpp:123] @ 0.000549s :***************************************************
DEBUG [IRDeviceParams.cpp:204] @ 0.0010821s :Parameters
DEBUG [IRDeviceParams.cpp:205] @ 0.0011025s :serial: 20052193
DEBUG [IRDeviceParams.cpp:206] @ 0.0011155s :videoformatindex: 1
DEBUG [IRDeviceParams.cpp:207] @ 0.0011292s :fov: 33
DEBUG [IRDeviceParams.cpp:208] @ 0.0011431s :optics_text: 000001501B498110
DEBUG [IRDeviceParams.cpp:209] @ 0.0011559s :formatspath: 000001501B498340
DEBUG [IRDeviceParams.cpp:210] @ 0.0011671s :calipath: 0000000000000000
DEBUG [IRDeviceParams.cpp:211] @ 0.0011781s :temperature min: 0
DEBUG [IRDeviceParams.cpp:212] @ 0.0011908s :temperature max: 250
DEBUG [IRDeviceParams.cpp:213] @ 0.001264s :framerate: 125
DEBUG [IRDeviceParams.cpp:214] @ 0.0012823s :bispectral: 0
DEBUG [IRDeviceParams.cpp:215] @ 0.0012967s :flag automatic: 0
DEBUG [IRDeviceParams.cpp:216] @ 0.0013098s :min interval: 15
DEBUG [IRDeviceParams.cpp:217] @ 0.0013219s :max interval: 0
DEBUG [IRDeviceParams.cpp:218] @ 0.0013329s :chip heating mode: 0
DEBUG [IRDeviceParams.cpp:219] @ 0.0013466s :chip heating fixed val: 40
DEBUG [IRDeviceParams.cpp:220] @ 0.0013596s :focus:  -1
DEBUG [IRDeviceParams.cpp:221] @ 0.0013725s :enable extended temp range: 0
DEBUG [IRDeviceParams.cpp:222] @ 0.0013844s :buffer queue size: 5
DEBUG [IRDeviceParams.cpp:223] @ 0.0013965s :enable high precision: 0
DEBUG [IRDeviceParams.cpp:224] @ 0.0014086s :radialDistortionCorrectionMode: 0
DEBUG [IRDeviceParams.cpp:225] @ 0.0014207s :deviceAPI: 0
DEBUG [IRDeviceParams.cpp:226] @ 0.0014326s :useExternalProbeForReferencing: 0
DEBUG [IRDeviceParams.cpp:227] @ 0.0014447s :enableMultiThreading: 0
DEBUG [IRDeviceParams.cpp:232] @ 0.0014577s :ethernetDevice.deviceIpAddress: 0.0.0.0
DEBUG [IRDeviceParams.cpp:233] @ 0.0014701s :ethernetDevice.localUdpPort: 0
DEBUG [IRDeviceParams.cpp:234] @ 0.0014817s :ethernetDevice.checkUdpSenderIp: 1
DEBUG [Cali.cpp:87] @ 0.149895s :Calibration directory path: C:\Users\u0173846\AppData\Roaming\Imager\Cali
DEBUG [Cali.cpp:88] @ 0.149925s :Calibration file name: Cali-20052193.xml
DEBUG [Cali.cpp:98] @ 0.150376s :Calibration data A: 1450 B:1500 C:4095 D:1500
INFO [IRImager.cpp:266] @ 0.151395s :Init thermal imager to 20052193 with size: 642x120@125 Hz
DEBUG [Cali.cpp:87] @ 0.151658s :Calibration directory path: C:\Users\u0173846\AppData\Roaming\Imager\Cali
DEBUG [Cali.cpp:88] @ 0.151674s :Calibration file name: Cali-20052193.xml
DEBUG [Cali.cpp:98] @ 0.152058s :Calibration data A: 1450 B:1500 C:4095 D:1500
DEBUG [IRImager.cpp:374] @ 0.152844s :Using HID control interface
DEBUG [IRImager.cpp:414] @ 0.239371s :Initialized HID control interface to device with HW:601 FW:2633
DEBUG [IRImager.cpp:435] @ 0.239425s :Frameconfig - width(in): 642, height(in): 120, interval: 80000, max framerate: 125, HW interval: 0.008
DEBUG [Cali.cpp:87] @ 0.239448s :Calibration directory path: C:\Users\u0173846\AppData\Roaming\Imager\Cali
DEBUG [Cali.cpp:88] @ 0.239464s :Calibration file name: Cali-20052193.xml
DEBUG [Cali.cpp:98] @ 0.239971s :Calibration data A: 1450 B:1500 C:4095 D:1500
DEBUG [ImageProcessing.cpp:200] @ 0.26813s :Source buffer size: 154080 Width: 642 Height: 120
DEBUG [ImageProcessing.cpp:121] @ 0.309133s :Source buffer size: 154080 Width: 642 Height: 120
DEBUG [OpSource.cpp:347] @ 0.309245s :Using formats path: .\\Formats.def
DEBUG [OpSource.cpp:598] @ 0.309416s :Format found with size: 25
DEBUG [IRImager.cpp:841] @ 0.30974s :Caught onFrameInit with size: 640x120
DEBUG [OpSource.cpp:347] @ 0.310477s :Using formats path: .\\Formats.def
DEBUG [OpSource.cpp:598] @ 0.310652s :Format found with size: 25
DEBUG [OpSource.cpp:347] @ 0.31071s :Using formats path: .\\Formats.def
DEBUG [OpCorr.cpp:467] @ 0.314955s :Read cali: C:\Users\u0173846\AppData\Roaming\Imager\Cali\Cali-20052193-33-0-250.dat
DEBUG [OpCorr.cpp:557] @ 0.315034s :Read calibration of camera no 20052193, # of fields: 6 , start of fields: 40
DEBUG [ImageProcessing.cpp:1108] @ 0.582881s :Update flag temperature: 30.6875
DEBUG [ImageProcessing.cpp:1111] @ 0.587027s :Update box temperature: 28.4375
DEBUG [Cali.cpp:639] @ 0.587069s :Calibration file path: 000001501B511194/0000002F42FEC6A0.xml
DEBUG [SimpleXML.cpp:238] @ 0.587182s :Failed to open file C:\Users\u0173846\AppData\Roaming\Imager\Cali\CaliExt-20052193.xml
DEBUG [IRImager.cpp:547] @ 0.599789s :Chip heating disabled
DEBUG [direct_binding.cpp:300] @ 0.60897s :evo_irimager_multi_usb_init with config: 6060300.xml
DEBUG [direct_binding.cpp:301] @ 0.609013s :evo_irimager_multi_usb_init connected returned: 1
DEBUG [IRImager.cpp:1107] @ 0.631484s :Start flag calibration
