DEBUG [IRLogger.cpp:105] @ 0.0002941s :***************************************************
DEBUG [IRLogger.cpp:106] @ 0.0003718s :* IRImagerDirect SDK                              *
DEBUG [IRLogger.cpp:107] @ 0.0003992s :***************************************************
DEBUG [IRLogger.cpp:113] @ 0.0004232s :* Native Machine:      AMD64
DEBUG [IRLogger.cpp:114] @ 0.0004468s :* Machine:             AMD64
DEBUG [IRLogger.cpp:116] @ 0.0004754s :* OS:                  Windows 10 0 19045
DEBUG [IRLogger.cpp:123] @ 0.0004956s :***************************************************
DEBUG [IRDeviceParams.cpp:204] @ 0.0011852s :Parameters
DEBUG [IRDeviceParams.cpp:205] @ 0.00122s :serial: 17092037
DEBUG [IRDeviceParams.cpp:206] @ 0.001234s :videoformatindex: 3
DEBUG [IRDeviceParams.cpp:207] @ 0.0012462s :fov: 0
DEBUG [IRDeviceParams.cpp:208] @ 0.0012582s :optics_text: 0000013C57186F50
DEBUG [IRDeviceParams.cpp:209] @ 0.0012702s :formatspath: 0000013C57186F60
DEBUG [IRDeviceParams.cpp:210] @ 0.0012821s :calipath: 0000000000000000
DEBUG [IRDeviceParams.cpp:211] @ 0.0012938s :temperature min: 600
DEBUG [IRDeviceParams.cpp:212] @ 0.0013052s :temperature max: 1800
DEBUG [IRDeviceParams.cpp:213] @ 0.0013266s :framerate: 1000
DEBUG [IRDeviceParams.cpp:214] @ 0.001339s :bispectral: 0
DEBUG [IRDeviceParams.cpp:215] @ 0.0013501s :flag automatic: 0
DEBUG [IRDeviceParams.cpp:216] @ 0.0013617s :min interval: 15
DEBUG [IRDeviceParams.cpp:217] @ 0.0013728s :max interval: 0
DEBUG [IRDeviceParams.cpp:218] @ 0.0013835s :chip heating mode: 0
DEBUG [IRDeviceParams.cpp:219] @ 0.001395s :chip heating fixed val: 40
DEBUG [IRDeviceParams.cpp:220] @ 0.0014066s :focus:  -1
DEBUG [IRDeviceParams.cpp:221] @ 0.0014174s :enable extended temp range: 0
DEBUG [IRDeviceParams.cpp:222] @ 0.0014284s :buffer queue size: 5
DEBUG [IRDeviceParams.cpp:223] @ 0.0014394s :enable high precision: 0
DEBUG [IRDeviceParams.cpp:224] @ 0.0014505s :radialDistortionCorrectionMode: 0
DEBUG [IRDeviceParams.cpp:225] @ 0.0014614s :deviceAPI: 0
DEBUG [IRDeviceParams.cpp:226] @ 0.0014722s :useExternalProbeForReferencing: 0
DEBUG [IRDeviceParams.cpp:227] @ 0.001483s :enableMultiThreading: 0
DEBUG [IRDeviceParams.cpp:232] @ 0.0014948s :ethernetDevice.deviceIpAddress: 0.0.0.0
DEBUG [IRDeviceParams.cpp:233] @ 0.0015058s :ethernetDevice.localUdpPort: 0
DEBUG [IRDeviceParams.cpp:234] @ 0.0015167s :ethernetDevice.checkUdpSenderIp: 1
DEBUG [Cali.cpp:87] @ 0.16808s :Calibration directory path: C:\Users\u0173846\AppData\Roaming\Imager\Cali
DEBUG [Cali.cpp:88] @ 0.168126s :Calibration file name: Cali-17092037.xml
DEBUG [Cali.cpp:98] @ 0.168588s :Calibration data A: 1450 B:470 C:4095 D:1500
INFO [IRImager.cpp:266] @ 0.169474s :Init thermal imager to 17092037 with size: 74x224@250 Hz
DEBUG [Cali.cpp:87] @ 0.169759s :Calibration directory path: C:\Users\u0173846\AppData\Roaming\Imager\Cali
DEBUG [Cali.cpp:88] @ 0.169776s :Calibration file name: Cali-17092037.xml
DEBUG [Cali.cpp:98] @ 0.170108s :Calibration data A: 1450 B:470 C:4095 D:1500
DEBUG [IRImager.cpp:374] @ 0.170772s :Using HID control interface
DEBUG [IRImager.cpp:414] @ 0.25191s :Initialized HID control interface to device with HW:2101 FW:2820
DEBUG [IRImager.cpp:435] @ 0.251955s :Frameconfig - width(in): 74, height(in): 224, interval: 40000, max framerate: 250, HW interval: 0.004
DEBUG [Cali.cpp:87] @ 0.251975s :Calibration directory path: C:\Users\u0173846\AppData\Roaming\Imager\Cali
DEBUG [Cali.cpp:88] @ 0.251988s :Calibration file name: Cali-17092037.xml
DEBUG [Cali.cpp:98] @ 0.252326s :Calibration data A: 1450 B:470 C:4095 D:1500
DEBUG [ImageProcessing.cpp:200] @ 0.256554s :Source buffer size: 33152 Width: 74 Height: 224
DEBUG [ImageProcessing.cpp:121] @ 0.293349s :Source buffer size: 33152 Width: 74 Height: 224
DEBUG [OpSource.cpp:347] @ 0.293428s :Using formats path: .\\Formats.def
DEBUG [OpSource.cpp:598] @ 0.293638s :Format found with size: 14
DEBUG [IRImager.cpp:841] @ 0.29373s :Caught onFrameInit with size: 72x56
DEBUG [OpSource.cpp:347] @ 0.293849s :Using formats path: .\\Formats.def
DEBUG [OpSource.cpp:598] @ 0.294054s :Format found with size: 14
DEBUG [OpSource.cpp:347] @ 0.294113s :Using formats path: .\\Formats.def
DEBUG [OpCorr.cpp:467] @ 0.296305s :Read cali: C:\Users\u0173846\AppData\Roaming\Imager\Cali\Cali-17092037-25-600-1800-1000.dat
DEBUG [ImageProcessing.cpp:1108] @ 0.317071s :Update flag temperature: 240.313
DEBUG [ImageProcessing.cpp:1111] @ 0.31881s :Update box temperature: 240.313
DEBUG [Cali.cpp:639] @ 0.318838s :Calibration file path: 0000013C57E46F84/0000002D935EC690.xml
DEBUG [SimpleXML.cpp:238] @ 0.318941s :Failed to open file C:\Users\u0173846\AppData\Roaming\Imager\Cali\CaliExt-17092037.xml
DEBUG [IRImager.cpp:547] @ 0.332192s :Chip heating disabled
DEBUG [direct_binding.cpp:300] @ 0.33562s :evo_irimager_multi_usb_init with config: 17092037.xml
DEBUG [direct_binding.cpp:301] @ 0.335702s :evo_irimager_multi_usb_init connected returned: 1
DEBUG [IRImager.cpp:1107] @ 0.398188s :Start flag calibration
