DEBUG [IRLogger.cpp:105] @ 0.0004273s :***************************************************
DEBUG [IRLogger.cpp:106] @ 0.0004976s :* IRImagerDirect SDK                              *
DEBUG [IRLogger.cpp:107] @ 0.0005263s :***************************************************
DEBUG [IRLogger.cpp:113] @ 0.0005526s :* Native Machine:      AMD64
DEBUG [IRLogger.cpp:114] @ 0.0005809s :* Machine:             AMD64
DEBUG [IRLogger.cpp:116] @ 0.0006087s :* OS:                  Windows 10 0 19045
DEBUG [IRLogger.cpp:123] @ 0.000628s :***************************************************
DEBUG [IRDeviceParams.cpp:204] @ 0.0021018s :Parameters
DEBUG [IRDeviceParams.cpp:205] @ 0.0021222s :serial: 17092037
DEBUG [IRDeviceParams.cpp:206] @ 0.0021341s :videoformatindex: 3
DEBUG [IRDeviceParams.cpp:207] @ 0.0021454s :fov: 0
DEBUG [IRDeviceParams.cpp:208] @ 0.0021569s :optics_text: 00000173CDF17950
DEBUG [IRDeviceParams.cpp:209] @ 0.0021684s :formatspath: 00000173CDF17760
DEBUG [IRDeviceParams.cpp:210] @ 0.0021797s :calipath: 0000000000000000
DEBUG [IRDeviceParams.cpp:211] @ 0.0021907s :temperature min: 600
DEBUG [IRDeviceParams.cpp:212] @ 0.0022017s :temperature max: 1800
DEBUG [IRDeviceParams.cpp:213] @ 0.0022159s :framerate: 1000
DEBUG [IRDeviceParams.cpp:214] @ 0.0022273s :bispectral: 0
DEBUG [IRDeviceParams.cpp:215] @ 0.0022382s :flag automatic: 0
DEBUG [IRDeviceParams.cpp:216] @ 0.0022497s :min interval: 15
DEBUG [IRDeviceParams.cpp:217] @ 0.0022608s :max interval: 0
DEBUG [IRDeviceParams.cpp:218] @ 0.0022716s :chip heating mode: 0
DEBUG [IRDeviceParams.cpp:219] @ 0.0022831s :chip heating fixed val: 40
DEBUG [IRDeviceParams.cpp:220] @ 0.0022961s :focus:  -1
DEBUG [IRDeviceParams.cpp:221] @ 0.0023072s :enable extended temp range: 0
DEBUG [IRDeviceParams.cpp:222] @ 0.0023182s :buffer queue size: 5
DEBUG [IRDeviceParams.cpp:223] @ 0.0023294s :enable high precision: 0
DEBUG [IRDeviceParams.cpp:224] @ 0.0023403s :radialDistortionCorrectionMode: 0
DEBUG [IRDeviceParams.cpp:225] @ 0.0023513s :deviceAPI: 0
DEBUG [IRDeviceParams.cpp:226] @ 0.0023621s :useExternalProbeForReferencing: 0
DEBUG [IRDeviceParams.cpp:227] @ 0.0023729s :enableMultiThreading: 0
DEBUG [IRDeviceParams.cpp:232] @ 0.0023846s :ethernetDevice.deviceIpAddress: 0.0.0.0
DEBUG [IRDeviceParams.cpp:233] @ 0.0023955s :ethernetDevice.localUdpPort: 0
DEBUG [IRDeviceParams.cpp:234] @ 0.0024064s :ethernetDevice.checkUdpSenderIp: 1
DEBUG [Cali.cpp:87] @ 0.0904786s :Calibration directory path: C:\Users\u0173846\AppData\Roaming\Imager\Cali
DEBUG [Cali.cpp:88] @ 0.0905068s :Calibration file name: Cali-17092037.xml
DEBUG [Cali.cpp:98] @ 0.0908305s :Calibration data A: 1450 B:470 C:4095 D:1500
INFO [IRImager.cpp:266] @ 0.0914192s :Init thermal imager to 17092037 with size: 74x224@250 Hz
DEBUG [Cali.cpp:87] @ 0.0916742s :Calibration directory path: C:\Users\u0173846\AppData\Roaming\Imager\Cali
DEBUG [Cali.cpp:88] @ 0.0916899s :Calibration file name: Cali-17092037.xml
DEBUG [Cali.cpp:98] @ 0.091951s :Calibration data A: 1450 B:470 C:4095 D:1500
DEBUG [IRImager.cpp:374] @ 0.0925805s :Using HID control interface
DEBUG [IRImager.cpp:414] @ 0.11196s :Initialized HID control interface to device with HW:2101 FW:2820
DEBUG [IRImager.cpp:435] @ 0.112003s :Frameconfig - width(in): 74, height(in): 224, interval: 40000, max framerate: 250, HW interval: 0.004
DEBUG [Cali.cpp:87] @ 0.112021s :Calibration directory path: C:\Users\u0173846\AppData\Roaming\Imager\Cali
DEBUG [Cali.cpp:88] @ 0.112034s :Calibration file name: Cali-17092037.xml
DEBUG [Cali.cpp:98] @ 0.112372s :Calibration data A: 1450 B:470 C:4095 D:1500
DEBUG [ImageProcessing.cpp:200] @ 0.116572s :Source buffer size: 33152 Width: 74 Height: 224
DEBUG [ImageProcessing.cpp:121] @ 0.151178s :Source buffer size: 33152 Width: 74 Height: 224
DEBUG [OpSource.cpp:347] @ 0.151256s :Using formats path: .\\Formats.def
DEBUG [OpSource.cpp:598] @ 0.151477s :Format found with size: 14
DEBUG [IRImager.cpp:841] @ 0.15153s :Caught onFrameInit with size: 72x56
DEBUG [OpSource.cpp:347] @ 0.151634s :Using formats path: .\\Formats.def
DEBUG [OpSource.cpp:598] @ 0.151836s :Format found with size: 14
DEBUG [OpSource.cpp:347] @ 0.151891s :Using formats path: .\\Formats.def
DEBUG [OpCorr.cpp:467] @ 0.154151s :Read cali: C:\Users\u0173846\AppData\Roaming\Imager\Cali\Cali-17092037-25-600-1800-1000.dat
DEBUG [ImageProcessing.cpp:1108] @ 0.174349s :Update flag temperature: 240.375
DEBUG [ImageProcessing.cpp:1111] @ 0.176239s :Update box temperature: 240.375
DEBUG [Cali.cpp:639] @ 0.176264s :Calibration file path: 00000173CDF6EB94/00000051967EC270.xml
DEBUG [SimpleXML.cpp:238] @ 0.176346s :Failed to open file C:\Users\u0173846\AppData\Roaming\Imager\Cali\CaliExt-17092037.xml
DEBUG [IRImager.cpp:547] @ 0.189574s :Chip heating disabled
ERROR [DirectBridgeClientUSB.cpp:178] @ 0.19037s :Error occurred in starting stream ... aborting. You may need to reconnect the camera.
DEBUG [direct_binding.cpp:300] @ 0.200056s :evo_irimager_multi_usb_init with config: 17092037.xml
DEBUG [direct_binding.cpp:301] @ 0.200096s :evo_irimager_multi_usb_init connected returned: 0
DEBUG [IRImager.cpp:662] @ 0.200111s :Release imager
DEBUG [BaseControlDevice.cpp:26] @ 0.224508s :Base destructor called
DEBUG [IRImager.cpp:669] @ 0.224541s :Delete image processing
DEBUG [IRImager.cpp:676] @ 0.226153s :Delete buffer
DEBUG [IRImager.cpp:684] @ 0.226186s :Delete source buffer
DEBUG [IRImager.cpp:691] @ 0.226199s :Delete buffer (energy)
DEBUG [IRImager.cpp:698] @ 0.226213s :Delete timer
DEBUG [IRImager.cpp:704] @ 0.226224s :Delete manual timer
