DEBUG [IRLogger.cpp:105] @ 0.000268s :***************************************************
DEBUG [IRLogger.cpp:106] @ 0.0003462s :* IRImagerDirect SDK                              *
DEBUG [IRLogger.cpp:107] @ 0.0003735s :***************************************************
DEBUG [IRLogger.cpp:113] @ 0.000398s :* Native Machine:      AMD64
DEBUG [IRLogger.cpp:114] @ 0.0004244s :* Machine:             AMD64
DEBUG [IRLogger.cpp:116] @ 0.0004497s :* OS:                  Windows 10 0 19045
DEBUG [IRLogger.cpp:123] @ 0.0004706s :***************************************************
DEBUG [IRDeviceParams.cpp:204] @ 0.0010312s :Parameters
DEBUG [IRDeviceParams.cpp:205] @ 0.0010525s :serial: 20052193
DEBUG [IRDeviceParams.cpp:206] @ 0.0010658s :videoformatindex: 1
DEBUG [IRDeviceParams.cpp:207] @ 0.0010786s :fov: 33
DEBUG [IRDeviceParams.cpp:208] @ 0.0010903s :optics_text: 00000177941FBE20
DEBUG [IRDeviceParams.cpp:209] @ 0.0011023s :formatspath: 00000177941FBD40
DEBUG [IRDeviceParams.cpp:210] @ 0.0011447s :calipath: 0000000000000000
DEBUG [IRDeviceParams.cpp:211] @ 0.0011616s :temperature min: 0
DEBUG [IRDeviceParams.cpp:212] @ 0.0011747s :temperature max: 250
DEBUG [IRDeviceParams.cpp:213] @ 0.0011914s :framerate: 125
DEBUG [IRDeviceParams.cpp:214] @ 0.0012031s :bispectral: 0
DEBUG [IRDeviceParams.cpp:215] @ 0.0012174s :flag automatic: 0
DEBUG [IRDeviceParams.cpp:216] @ 0.001232s :min interval: 15
DEBUG [IRDeviceParams.cpp:217] @ 0.0012435s :max interval: 0
DEBUG [IRDeviceParams.cpp:218] @ 0.001256s :chip heating mode: 0
DEBUG [IRDeviceParams.cpp:219] @ 0.0012688s :chip heating fixed val: 40
DEBUG [IRDeviceParams.cpp:220] @ 0.0012812s :focus:  -1
DEBUG [IRDeviceParams.cpp:221] @ 0.0012935s :enable extended temp range: 0
DEBUG [IRDeviceParams.cpp:222] @ 0.0013055s :buffer queue size: 5
DEBUG [IRDeviceParams.cpp:223] @ 0.0013173s :enable high precision: 0
DEBUG [IRDeviceParams.cpp:224] @ 0.0013292s :radialDistortionCorrectionMode: 0
DEBUG [IRDeviceParams.cpp:225] @ 0.001342s :deviceAPI: 0
DEBUG [IRDeviceParams.cpp:226] @ 0.0013542s :useExternalProbeForReferencing: 0
DEBUG [IRDeviceParams.cpp:227] @ 0.0013656s :enableMultiThreading: 0
DEBUG [IRDeviceParams.cpp:232] @ 0.001378s :ethernetDevice.deviceIpAddress: 0.0.0.0
DEBUG [IRDeviceParams.cpp:233] @ 0.0013899s :ethernetDevice.localUdpPort: 0
DEBUG [IRDeviceParams.cpp:234] @ 0.0014021s :ethernetDevice.checkUdpSenderIp: 1
DEBUG [Cali.cpp:87] @ 0.147774s :Calibration directory path: C:\Users\u0173846\AppData\Roaming\Imager\Cali
DEBUG [Cali.cpp:88] @ 0.147804s :Calibration file name: Cali-20052193.xml
DEBUG [Cali.cpp:98] @ 0.148204s :Calibration data A: 1450 B:1500 C:4095 D:1500
INFO [IRImager.cpp:266] @ 0.149203s :Init thermal imager to 20052193 with size: 642x120@125 Hz
DEBUG [Cali.cpp:87] @ 0.14947s :Calibration directory path: C:\Users\u0173846\AppData\Roaming\Imager\Cali
DEBUG [Cali.cpp:88] @ 0.14949s :Calibration file name: Cali-20052193.xml
DEBUG [Cali.cpp:98] @ 0.149871s :Calibration data A: 1450 B:1500 C:4095 D:1500
DEBUG [IRImager.cpp:374] @ 0.150656s :Using HID control interface
DEBUG [IRImager.cpp:414] @ 0.23644s :Initialized HID control interface to device with HW:601 FW:2633
DEBUG [IRImager.cpp:435] @ 0.236498s :Frameconfig - width(in): 642, height(in): 120, interval: 80000, max framerate: 125, HW interval: 0.008
DEBUG [Cali.cpp:87] @ 0.236524s :Calibration directory path: C:\Users\u0173846\AppData\Roaming\Imager\Cali
DEBUG [Cali.cpp:88] @ 0.236537s :Calibration file name: Cali-20052193.xml
DEBUG [Cali.cpp:98] @ 0.237014s :Calibration data A: 1450 B:1500 C:4095 D:1500
DEBUG [ImageProcessing.cpp:200] @ 0.264912s :Source buffer size: 154080 Width: 642 Height: 120
DEBUG [ImageProcessing.cpp:121] @ 0.306383s :Source buffer size: 154080 Width: 642 Height: 120
DEBUG [OpSource.cpp:347] @ 0.306502s :Using formats path: .\\Formats.def
DEBUG [OpSource.cpp:598] @ 0.306676s :Format found with size: 25
DEBUG [IRImager.cpp:841] @ 0.307037s :Caught onFrameInit with size: 640x120
DEBUG [OpSource.cpp:347] @ 0.307785s :Using formats path: .\\Formats.def
DEBUG [OpSource.cpp:598] @ 0.307958s :Format found with size: 25
DEBUG [OpSource.cpp:347] @ 0.308015s :Using formats path: .\\Formats.def
DEBUG [OpCorr.cpp:467] @ 0.312436s :Read cali: C:\Users\u0173846\AppData\Roaming\Imager\Cali\Cali-20052193-33-0-250.dat
DEBUG [OpCorr.cpp:557] @ 0.31253s :Read calibration of camera no 20052193, # of fields: 6 , start of fields: 40
DEBUG [ImageProcessing.cpp:1108] @ 0.579563s :Update flag temperature: 28.8125
DEBUG [ImageProcessing.cpp:1111] @ 0.583291s :Update box temperature: 26.625
DEBUG [Cali.cpp:639] @ 0.583321s :Calibration file path: 00000177AC166954/0000001E0CFEC800.xml
DEBUG [SimpleXML.cpp:238] @ 0.583411s :Failed to open file C:\Users\u0173846\AppData\Roaming\Imager\Cali\CaliExt-20052193.xml
DEBUG [IRImager.cpp:547] @ 0.595913s :Chip heating disabled
DEBUG [direct_binding.cpp:300] @ 0.604919s :evo_irimager_multi_usb_init with config: 6060300.xml
DEBUG [direct_binding.cpp:301] @ 0.604957s :evo_irimager_multi_usb_init connected returned: 1
DEBUG [IRImager.cpp:1107] @ 0.626749s :Start flag calibration
