DEBUG [IRLogger.cpp:105] @ 0.000284s :***************************************************
DEBUG [IRLogger.cpp:106] @ 0.000364s :* IRImagerDirect SDK                              *
DEBUG [IRLogger.cpp:107] @ 0.0003932s :***************************************************
DEBUG [IRLogger.cpp:113] @ 0.0004191s :* Native Machine:      AMD64
DEBUG [IRLogger.cpp:114] @ 0.0004434s :* Machine:             AMD64
DEBUG [IRLogger.cpp:116] @ 0.0004737s :* OS:                  Windows 10 0 19045
DEBUG [IRLogger.cpp:123] @ 0.0004957s :***************************************************
DEBUG [IRDeviceParams.cpp:204] @ 0.0011648s :Parameters
DEBUG [IRDeviceParams.cpp:205] @ 0.0011871s :serial: 20052193
DEBUG [IRDeviceParams.cpp:206] @ 0.0012018s :videoformatindex: 1
DEBUG [IRDeviceParams.cpp:207] @ 0.0012132s :fov: 33
DEBUG [IRDeviceParams.cpp:208] @ 0.0012246s :optics_text: 00000204D06A9D20
DEBUG [IRDeviceParams.cpp:209] @ 0.0012378s :formatspath: 00000204D06A9EC0
DEBUG [IRDeviceParams.cpp:210] @ 0.0013057s :calipath: 0000000000000000
DEBUG [IRDeviceParams.cpp:211] @ 0.0013247s :temperature min: 0
DEBUG [IRDeviceParams.cpp:212] @ 0.0013386s :temperature max: 250
DEBUG [IRDeviceParams.cpp:213] @ 0.0013568s :framerate: 125
DEBUG [IRDeviceParams.cpp:214] @ 0.0013694s :bispectral: 0
DEBUG [IRDeviceParams.cpp:215] @ 0.0013815s :flag automatic: 0
DEBUG [IRDeviceParams.cpp:216] @ 0.001395s :min interval: 15
DEBUG [IRDeviceParams.cpp:217] @ 0.0014064s :max interval: 0
DEBUG [IRDeviceParams.cpp:218] @ 0.0014189s :chip heating mode: 0
DEBUG [IRDeviceParams.cpp:219] @ 0.0014314s :chip heating fixed val: 40
DEBUG [IRDeviceParams.cpp:220] @ 0.0014441s :focus:  -1
DEBUG [IRDeviceParams.cpp:221] @ 0.001457s :enable extended temp range: 0
DEBUG [IRDeviceParams.cpp:222] @ 0.0014689s :buffer queue size: 5
DEBUG [IRDeviceParams.cpp:223] @ 0.0014809s :enable high precision: 0
DEBUG [IRDeviceParams.cpp:224] @ 0.0014927s :radialDistortionCorrectionMode: 0
DEBUG [IRDeviceParams.cpp:225] @ 0.0015045s :deviceAPI: 0
DEBUG [IRDeviceParams.cpp:226] @ 0.0015164s :useExternalProbeForReferencing: 0
DEBUG [IRDeviceParams.cpp:227] @ 0.0015285s :enableMultiThreading: 0
DEBUG [IRDeviceParams.cpp:232] @ 0.001542s :ethernetDevice.deviceIpAddress: 0.0.0.0
DEBUG [IRDeviceParams.cpp:233] @ 0.0015556s :ethernetDevice.localUdpPort: 0
DEBUG [IRDeviceParams.cpp:234] @ 0.0015672s :ethernetDevice.checkUdpSenderIp: 1
DEBUG [Cali.cpp:87] @ 0.147346s :Calibration directory path: C:\Users\u0173846\AppData\Roaming\Imager\Cali
DEBUG [Cali.cpp:88] @ 0.147375s :Calibration file name: Cali-20052193.xml
DEBUG [Cali.cpp:98] @ 0.147778s :Calibration data A: 1450 B:1500 C:4095 D:1500
INFO [IRImager.cpp:266] @ 0.148787s :Init thermal imager to 20052193 with size: 642x120@125 Hz
DEBUG [Cali.cpp:87] @ 0.149046s :Calibration directory path: C:\Users\u0173846\AppData\Roaming\Imager\Cali
DEBUG [Cali.cpp:88] @ 0.149062s :Calibration file name: Cali-20052193.xml
DEBUG [Cali.cpp:98] @ 0.149436s :Calibration data A: 1450 B:1500 C:4095 D:1500
DEBUG [IRImager.cpp:374] @ 0.150209s :Using HID control interface
DEBUG [IRImager.cpp:414] @ 0.235844s :Initialized HID control interface to device with HW:601 FW:2633
DEBUG [IRImager.cpp:435] @ 0.235893s :Frameconfig - width(in): 642, height(in): 120, interval: 80000, max framerate: 125, HW interval: 0.008
DEBUG [Cali.cpp:87] @ 0.235912s :Calibration directory path: C:\Users\u0173846\AppData\Roaming\Imager\Cali
DEBUG [Cali.cpp:88] @ 0.235924s :Calibration file name: Cali-20052193.xml
DEBUG [Cali.cpp:98] @ 0.236394s :Calibration data A: 1450 B:1500 C:4095 D:1500
DEBUG [ImageProcessing.cpp:200] @ 0.264332s :Source buffer size: 154080 Width: 642 Height: 120
DEBUG [ImageProcessing.cpp:121] @ 0.307584s :Source buffer size: 154080 Width: 642 Height: 120
DEBUG [OpSource.cpp:347] @ 0.307702s :Using formats path: .\\Formats.def
DEBUG [OpSource.cpp:598] @ 0.307878s :Format found with size: 25
DEBUG [IRImager.cpp:841] @ 0.308246s :Caught onFrameInit with size: 640x120
DEBUG [OpSource.cpp:347] @ 0.309037s :Using formats path: .\\Formats.def
DEBUG [OpSource.cpp:598] @ 0.309211s :Format found with size: 25
DEBUG [OpSource.cpp:347] @ 0.309272s :Using formats path: .\\Formats.def
DEBUG [OpCorr.cpp:467] @ 0.313814s :Read cali: C:\Users\u0173846\AppData\Roaming\Imager\Cali\Cali-20052193-33-0-250.dat
DEBUG [OpCorr.cpp:557] @ 0.313931s :Read calibration of camera no 20052193, # of fields: 6 , start of fields: 40
DEBUG [ImageProcessing.cpp:1108] @ 0.57919s :Update flag temperature: 32.4375
DEBUG [ImageProcessing.cpp:1111] @ 0.582956s :Update box temperature: 29.5625
DEBUG [Cali.cpp:639] @ 0.582992s :Calibration file path: 00000204D0790824/0000006EA07EB130.xml
DEBUG [SimpleXML.cpp:238] @ 0.583083s :Failed to open file C:\Users\u0173846\AppData\Roaming\Imager\Cali\CaliExt-20052193.xml
DEBUG [IRImager.cpp:547] @ 0.595052s :Chip heating disabled
DEBUG [direct_binding.cpp:300] @ 0.603909s :evo_irimager_multi_usb_init with config: 6060300.xml
DEBUG [direct_binding.cpp:301] @ 0.603966s :evo_irimager_multi_usb_init connected returned: 1
DEBUG [IRImager.cpp:1107] @ 0.626311s :Start flag calibration
DEBUG [OpFlag.cpp:591] @ 11.3127s :SkimDiff: 10 Adjust: 947 State: 3 EMax: 14893 Emin: 4039
DEBUG [ImageProcessing.cpp:526] @ 11.3242s :Skim_Adjust 2628
DEBUG [IRImager.cpp:1121] @ 11.458s :Finished startup calibration
