DEBUG [IRLogger.cpp:105] @ 0.438568s :***************************************************
DEBUG [IRLogger.cpp:106] @ 0.438664s :* IRImagerDirect SDK                              *
DEBUG [IRLogger.cpp:107] @ 0.43871s :***************************************************
DEBUG [IRLogger.cpp:113] @ 0.438765s :* Native Machine:      AMD64
DEBUG [IRLogger.cpp:114] @ 0.43882s :* Machine:             AMD64
DEBUG [IRLogger.cpp:116] @ 0.438891s :* OS:                  Windows 10 0 19045
DEBUG [IRLogger.cpp:123] @ 0.438935s :***************************************************
DEBUG [IRDeviceParams.cpp:204] @ 0.453133s :Parameters
DEBUG [IRDeviceParams.cpp:205] @ 0.453174s :serial: 20052193
DEBUG [IRDeviceParams.cpp:206] @ 0.453193s :videoformatindex: 1
DEBUG [IRDeviceParams.cpp:207] @ 0.453211s :fov: 33
DEBUG [IRDeviceParams.cpp:208] @ 0.453228s :optics_text: 00000208E880B9E0
DEBUG [IRDeviceParams.cpp:209] @ 0.453247s :formatspath: 00000208E880BCA0
DEBUG [IRDeviceParams.cpp:210] @ 0.453266s :calipath: 0000000000000000
DEBUG [IRDeviceParams.cpp:211] @ 0.453283s :temperature min: 0
DEBUG [IRDeviceParams.cpp:212] @ 0.4533s :temperature max: 250
DEBUG [IRDeviceParams.cpp:213] @ 0.453318s :framerate: 125
DEBUG [IRDeviceParams.cpp:214] @ 0.45334s :bispectral: 0
DEBUG [IRDeviceParams.cpp:215] @ 0.453357s :flag automatic: 0
DEBUG [IRDeviceParams.cpp:216] @ 0.453374s :min interval: 15
DEBUG [IRDeviceParams.cpp:217] @ 0.453386s :max interval: 0
DEBUG [IRDeviceParams.cpp:218] @ 0.453398s :chip heating mode: 0
DEBUG [IRDeviceParams.cpp:219] @ 0.453417s :chip heating fixed val: 40
DEBUG [IRDeviceParams.cpp:220] @ 0.453437s :focus:  -1
DEBUG [IRDeviceParams.cpp:221] @ 0.453454s :enable extended temp range: 0
DEBUG [IRDeviceParams.cpp:222] @ 0.453473s :buffer queue size: 5
DEBUG [IRDeviceParams.cpp:223] @ 0.453493s :enable high precision: 0
DEBUG [IRDeviceParams.cpp:224] @ 0.45351s :radialDistortionCorrectionMode: 0
DEBUG [IRDeviceParams.cpp:225] @ 0.453529s :deviceAPI: 0
DEBUG [IRDeviceParams.cpp:226] @ 0.453549s :useExternalProbeForReferencing: 0
DEBUG [IRDeviceParams.cpp:227] @ 0.453566s :enableMultiThreading: 0
DEBUG [IRDeviceParams.cpp:232] @ 0.453586s :ethernetDevice.deviceIpAddress: 0.0.0.0
DEBUG [IRDeviceParams.cpp:233] @ 0.453603s :ethernetDevice.localUdpPort: 0
DEBUG [IRDeviceParams.cpp:234] @ 0.45362s :ethernetDevice.checkUdpSenderIp: 1
DEBUG [Cali.cpp:87] @ 0.520833s :Calibration directory path: C:\Users\u0173846\AppData\Roaming\Imager\Cali
DEBUG [Cali.cpp:88] @ 0.520866s :Calibration file name: Cali-20052193.xml
DEBUG [Cali.cpp:98] @ 0.533055s :Calibration data A: 1450 B:1500 C:4095 D:1500
INFO [IRImager.cpp:266] @ 0.642694s :Init thermal imager to 20052193 with size: 642x120@125 Hz
DEBUG [Cali.cpp:87] @ 0.642986s :Calibration directory path: C:\Users\u0173846\AppData\Roaming\Imager\Cali
DEBUG [Cali.cpp:88] @ 0.643003s :Calibration file name: Cali-20052193.xml
DEBUG [Cali.cpp:98] @ 0.643405s :Calibration data A: 1450 B:1500 C:4095 D:1500
DEBUG [IRImager.cpp:374] @ 0.644237s :Using HID control interface
DEBUG [IRImager.cpp:414] @ 0.666754s :Initialized HID control interface to device with HW:601 FW:2633
DEBUG [IRImager.cpp:435] @ 0.666796s :Frameconfig - width(in): 642, height(in): 120, interval: 80000, max framerate: 125, HW interval: 0.008
DEBUG [Cali.cpp:87] @ 0.666816s :Calibration directory path: C:\Users\u0173846\AppData\Roaming\Imager\Cali
DEBUG [Cali.cpp:88] @ 0.666833s :Calibration file name: Cali-20052193.xml
DEBUG [Cali.cpp:98] @ 0.667302s :Calibration data A: 1450 B:1500 C:4095 D:1500
DEBUG [ImageProcessing.cpp:200] @ 0.694903s :Source buffer size: 154080 Width: 642 Height: 120
DEBUG [ImageProcessing.cpp:121] @ 0.734137s :Source buffer size: 154080 Width: 642 Height: 120
DEBUG [OpSource.cpp:347] @ 0.734246s :Using formats path: .\\Formats.def
DEBUG [OpSource.cpp:598] @ 0.734419s :Format found with size: 25
DEBUG [IRImager.cpp:841] @ 0.734753s :Caught onFrameInit with size: 640x120
DEBUG [OpSource.cpp:347] @ 0.735428s :Using formats path: .\\Formats.def
DEBUG [OpSource.cpp:598] @ 0.735567s :Format found with size: 25
DEBUG [OpSource.cpp:347] @ 0.73566s :Using formats path: .\\Formats.def
DEBUG [OpCorr.cpp:467] @ 0.745599s :Read cali: C:\Users\u0173846\AppData\Roaming\Imager\Cali\Cali-20052193-33-0-250.dat
DEBUG [OpCorr.cpp:557] @ 0.745681s :Read calibration of camera no 20052193, # of fields: 6 , start of fields: 40
DEBUG [ImageProcessing.cpp:1108] @ 1.01s :Update flag temperature: 29.125
DEBUG [ImageProcessing.cpp:1111] @ 1.01376s :Update box temperature: 27.0625
DEBUG [Cali.cpp:639] @ 1.01379s :Calibration file path: 00000208E86810E4/00000059E5BEBF00.xml
DEBUG [SimpleXML.cpp:238] @ 1.01389s :Failed to open file C:\Users\u0173846\AppData\Roaming\Imager\Cali\CaliExt-20052193.xml
DEBUG [IRImager.cpp:547] @ 1.02479s :Chip heating disabled
DEBUG [direct_binding.cpp:300] @ 1.03338s :evo_irimager_multi_usb_init with config: 6060300.xml
DEBUG [direct_binding.cpp:301] @ 1.03342s :evo_irimager_multi_usb_init connected returned: 1
DEBUG [IRImager.cpp:1107] @ 1.05668s :Start flag calibration
