DEBUG [IRLogger.cpp:105] @ 0.399175s :***************************************************
DEBUG [IRLogger.cpp:106] @ 0.399259s :* IRImagerDirect SDK                              *
DEBUG [IRLogger.cpp:107] @ 0.399298s :***************************************************
DEBUG [IRLogger.cpp:113] @ 0.399338s :* Native Machine:      AMD64
DEBUG [IRLogger.cpp:114] @ 0.399372s :* Machine:             AMD64
DEBUG [IRLogger.cpp:116] @ 0.399415s :* OS:                  Windows 10 0 19045
DEBUG [IRLogger.cpp:123] @ 0.399445s :***************************************************
DEBUG [IRDeviceParams.cpp:204] @ 0.400261s :Parameters
DEBUG [IRDeviceParams.cpp:205] @ 0.400293s :serial: 20052193
DEBUG [IRDeviceParams.cpp:206] @ 0.400311s :videoformatindex: 1
DEBUG [IRDeviceParams.cpp:207] @ 0.40033s :fov: 33
DEBUG [IRDeviceParams.cpp:208] @ 0.400348s :optics_text: 0000013C57EAA7C0
DEBUG [IRDeviceParams.cpp:209] @ 0.400368s :formatspath: 0000013C57EAA780
DEBUG [IRDeviceParams.cpp:210] @ 0.400387s :calipath: 0000000000000000
DEBUG [IRDeviceParams.cpp:211] @ 0.400406s :temperature min: 0
DEBUG [IRDeviceParams.cpp:212] @ 0.400424s :temperature max: 250
DEBUG [IRDeviceParams.cpp:213] @ 0.400444s :framerate: 125
DEBUG [IRDeviceParams.cpp:214] @ 0.400462s :bispectral: 0
DEBUG [IRDeviceParams.cpp:215] @ 0.40048s :flag automatic: 0
DEBUG [IRDeviceParams.cpp:216] @ 0.400498s :min interval: 15
DEBUG [IRDeviceParams.cpp:217] @ 0.400515s :max interval: 0
DEBUG [IRDeviceParams.cpp:218] @ 0.400531s :chip heating mode: 0
DEBUG [IRDeviceParams.cpp:219] @ 0.400573s :chip heating fixed val: 40
DEBUG [IRDeviceParams.cpp:220] @ 0.40062s :focus:  -1
DEBUG [IRDeviceParams.cpp:221] @ 0.400662s :enable extended temp range: 0
DEBUG [IRDeviceParams.cpp:222] @ 0.400686s :buffer queue size: 5
DEBUG [IRDeviceParams.cpp:223] @ 0.40072s :enable high precision: 0
DEBUG [IRDeviceParams.cpp:224] @ 0.400742s :radialDistortionCorrectionMode: 0
DEBUG [IRDeviceParams.cpp:225] @ 0.40076s :deviceAPI: 0
DEBUG [IRDeviceParams.cpp:226] @ 0.400788s :useExternalProbeForReferencing: 0
DEBUG [IRDeviceParams.cpp:227] @ 0.400819s :enableMultiThreading: 0
DEBUG [IRDeviceParams.cpp:232] @ 0.400841s :ethernetDevice.deviceIpAddress: 0.0.0.0
DEBUG [IRDeviceParams.cpp:233] @ 0.400861s :ethernetDevice.localUdpPort: 0
DEBUG [IRDeviceParams.cpp:234] @ 0.400892s :ethernetDevice.checkUdpSenderIp: 1
DEBUG [Cali.cpp:87] @ 0.462069s :Calibration directory path: C:\Users\u0173846\AppData\Roaming\Imager\Cali
DEBUG [Cali.cpp:88] @ 0.462101s :Calibration file name: Cali-20052193.xml
DEBUG [Cali.cpp:98] @ 0.462535s :Calibration data A: 1450 B:1500 C:4095 D:1500
INFO [IRImager.cpp:266] @ 0.463596s :Init thermal imager to 20052193 with size: 642x120@125 Hz
DEBUG [Cali.cpp:87] @ 0.463865s :Calibration directory path: C:\Users\u0173846\AppData\Roaming\Imager\Cali
DEBUG [Cali.cpp:88] @ 0.463882s :Calibration file name: Cali-20052193.xml
DEBUG [Cali.cpp:98] @ 0.464264s :Calibration data A: 1450 B:1500 C:4095 D:1500
DEBUG [IRImager.cpp:374] @ 0.465084s :Using HID control interface
DEBUG [IRImager.cpp:414] @ 0.487072s :Initialized HID control interface to device with HW:601 FW:2633
DEBUG [IRImager.cpp:435] @ 0.487111s :Frameconfig - width(in): 642, height(in): 120, interval: 80000, max framerate: 125, HW interval: 0.008
DEBUG [Cali.cpp:87] @ 0.487128s :Calibration directory path: C:\Users\u0173846\AppData\Roaming\Imager\Cali
DEBUG [Cali.cpp:88] @ 0.487141s :Calibration file name: Cali-20052193.xml
DEBUG [Cali.cpp:98] @ 0.487643s :Calibration data A: 1450 B:1500 C:4095 D:1500
DEBUG [ImageProcessing.cpp:200] @ 0.51523s :Source buffer size: 154080 Width: 642 Height: 120
DEBUG [ImageProcessing.cpp:121] @ 0.554724s :Source buffer size: 154080 Width: 642 Height: 120
DEBUG [OpSource.cpp:347] @ 0.554814s :Using formats path: .\\Formats.def
DEBUG [OpSource.cpp:598] @ 0.554968s :Format found with size: 25
DEBUG [IRImager.cpp:841] @ 0.555298s :Caught onFrameInit with size: 640x120
DEBUG [OpSource.cpp:347] @ 0.556007s :Using formats path: .\\Formats.def
DEBUG [OpSource.cpp:598] @ 0.556157s :Format found with size: 25
DEBUG [OpSource.cpp:347] @ 0.556249s :Using formats path: .\\Formats.def
DEBUG [OpCorr.cpp:467] @ 0.56036s :Read cali: C:\Users\u0173846\AppData\Roaming\Imager\Cali\Cali-20052193-33-0-250.dat
DEBUG [OpCorr.cpp:557] @ 0.56044s :Read calibration of camera no 20052193, # of fields: 6 , start of fields: 40
DEBUG [ImageProcessing.cpp:1108] @ 0.824353s :Update flag temperature: 29.25
DEBUG [ImageProcessing.cpp:1111] @ 0.828214s :Update box temperature: 27
DEBUG [Cali.cpp:639] @ 0.828242s :Calibration file path: 0000013C57EB6A54/0000002D935EC690.xml
DEBUG [SimpleXML.cpp:238] @ 0.828338s :Failed to open file C:\Users\u0173846\AppData\Roaming\Imager\Cali\CaliExt-20052193.xml
DEBUG [IRImager.cpp:547] @ 0.838976s :Chip heating disabled
DEBUG [direct_binding.cpp:300] @ 0.847284s :evo_irimager_multi_usb_init with config: 6060300.xml
DEBUG [direct_binding.cpp:301] @ 0.847326s :evo_irimager_multi_usb_init connected returned: 1
DEBUG [IRImager.cpp:1107] @ 0.869359s :Start flag calibration
