DEBUG [IRLogger.cpp:105] @ 0.0002525s :***************************************************
DEBUG [IRLogger.cpp:106] @ 0.0003333s :* IRImagerDirect SDK                              *
DEBUG [IRLogger.cpp:107] @ 0.0003618s :***************************************************
DEBUG [IRLogger.cpp:113] @ 0.0003871s :* Native Machine:      AMD64
DEBUG [IRLogger.cpp:114] @ 0.0004096s :* Machine:             AMD64
DEBUG [IRLogger.cpp:116] @ 0.0004343s :* OS:                  Windows 10 0 19045
DEBUG [IRLogger.cpp:123] @ 0.0004558s :***************************************************
DEBUG [IRDeviceParams.cpp:204] @ 0.0010881s :Parameters
DEBUG [IRDeviceParams.cpp:205] @ 0.0011111s :serial: 20052193
DEBUG [IRDeviceParams.cpp:206] @ 0.001125s :videoformatindex: 1
DEBUG [IRDeviceParams.cpp:207] @ 0.001137s :fov: 33
DEBUG [IRDeviceParams.cpp:208] @ 0.0011505s :optics_text: 000001D6292E0580
DEBUG [IRDeviceParams.cpp:209] @ 0.0011628s :formatspath: 000001D6292E05C0
DEBUG [IRDeviceParams.cpp:210] @ 0.0011756s :calipath: 0000000000000000
DEBUG [IRDeviceParams.cpp:211] @ 0.0011877s :temperature min: 0
DEBUG [IRDeviceParams.cpp:212] @ 0.0011996s :temperature max: 250
DEBUG [IRDeviceParams.cpp:213] @ 0.0012141s :framerate: 125
DEBUG [IRDeviceParams.cpp:214] @ 0.0012266s :bispectral: 0
DEBUG [IRDeviceParams.cpp:215] @ 0.0012384s :flag automatic: 0
DEBUG [IRDeviceParams.cpp:216] @ 0.0012503s :min interval: 15
DEBUG [IRDeviceParams.cpp:217] @ 0.0012637s :max interval: 0
DEBUG [IRDeviceParams.cpp:218] @ 0.0012751s :chip heating mode: 0
DEBUG [IRDeviceParams.cpp:219] @ 0.0012898s :chip heating fixed val: 40
DEBUG [IRDeviceParams.cpp:220] @ 0.0013064s :focus:  -1
DEBUG [IRDeviceParams.cpp:221] @ 0.0013189s :enable extended temp range: 0
DEBUG [IRDeviceParams.cpp:222] @ 0.0013319s :buffer queue size: 5
DEBUG [IRDeviceParams.cpp:223] @ 0.0013435s :enable high precision: 0
DEBUG [IRDeviceParams.cpp:224] @ 0.0013556s :radialDistortionCorrectionMode: 0
DEBUG [IRDeviceParams.cpp:225] @ 0.0013665s :deviceAPI: 0
DEBUG [IRDeviceParams.cpp:226] @ 0.0013789s :useExternalProbeForReferencing: 0
DEBUG [IRDeviceParams.cpp:227] @ 0.0013912s :enableMultiThreading: 0
DEBUG [IRDeviceParams.cpp:232] @ 0.0014055s :ethernetDevice.deviceIpAddress: 0.0.0.0
DEBUG [IRDeviceParams.cpp:233] @ 0.0014183s :ethernetDevice.localUdpPort: 0
DEBUG [IRDeviceParams.cpp:234] @ 0.00143s :ethernetDevice.checkUdpSenderIp: 1
DEBUG [Cali.cpp:87] @ 0.0903056s :Calibration directory path: C:\Users\u0173846\AppData\Roaming\Imager\Cali
DEBUG [Cali.cpp:88] @ 0.0903506s :Calibration file name: Cali-20052193.xml
DEBUG [Cali.cpp:98] @ 0.0909757s :Calibration data A: 1450 B:1500 C:4095 D:1500
INFO [IRImager.cpp:266] @ 0.0926036s :Init thermal imager to 20052193 with size: 642x120@125 Hz
DEBUG [Cali.cpp:87] @ 0.0930254s :Calibration directory path: C:\Users\u0173846\AppData\Roaming\Imager\Cali
DEBUG [Cali.cpp:88] @ 0.0930512s :Calibration file name: Cali-20052193.xml
DEBUG [Cali.cpp:98] @ 0.0936814s :Calibration data A: 1450 B:1500 C:4095 D:1500
DEBUG [IRImager.cpp:374] @ 0.0947312s :Using HID control interface
DEBUG [IRImager.cpp:414] @ 0.180302s :Initialized HID control interface to device with HW:601 FW:2633
DEBUG [IRImager.cpp:435] @ 0.18034s :Frameconfig - width(in): 642, height(in): 120, interval: 80000, max framerate: 125, HW interval: 0.008
DEBUG [Cali.cpp:87] @ 0.180359s :Calibration directory path: C:\Users\u0173846\AppData\Roaming\Imager\Cali
DEBUG [Cali.cpp:88] @ 0.180371s :Calibration file name: Cali-20052193.xml
DEBUG [Cali.cpp:98] @ 0.1808s :Calibration data A: 1450 B:1500 C:4095 D:1500
DEBUG [ImageProcessing.cpp:200] @ 0.208494s :Source buffer size: 154080 Width: 642 Height: 120
DEBUG [ImageProcessing.cpp:121] @ 0.250694s :Source buffer size: 154080 Width: 642 Height: 120
DEBUG [OpSource.cpp:347] @ 0.250779s :Using formats path: .\\Formats.def
DEBUG [OpSource.cpp:598] @ 0.250942s :Format found with size: 25
DEBUG [IRImager.cpp:841] @ 0.251269s :Caught onFrameInit with size: 640x120
DEBUG [OpSource.cpp:347] @ 0.251955s :Using formats path: .\\Formats.def
DEBUG [OpSource.cpp:598] @ 0.252114s :Format found with size: 25
DEBUG [OpSource.cpp:347] @ 0.252169s :Using formats path: .\\Formats.def
DEBUG [OpCorr.cpp:467] @ 0.256329s :Read cali: C:\Users\u0173846\AppData\Roaming\Imager\Cali\Cali-20052193-33-0-250.dat
DEBUG [OpCorr.cpp:557] @ 0.256396s :Read calibration of camera no 20052193, # of fields: 6 , start of fields: 40
DEBUG [ImageProcessing.cpp:1108] @ 0.525472s :Update flag temperature: 31.9375
DEBUG [ImageProcessing.cpp:1111] @ 0.529218s :Update box temperature: 29
DEBUG [Cali.cpp:639] @ 0.529247s :Calibration file path: 000001D62917C3D4/000000C112FE8DD0.xml
DEBUG [SimpleXML.cpp:238] @ 0.529352s :Failed to open file C:\Users\u0173846\AppData\Roaming\Imager\Cali\CaliExt-20052193.xml
DEBUG [IRImager.cpp:547] @ 0.541339s :Chip heating disabled
ERROR [DirectBridgeClientUSB.cpp:178] @ 0.547216s :Error occurred in starting stream ... aborting. You may need to reconnect the camera.
DEBUG [direct_binding.cpp:300] @ 0.555366s :evo_irimager_multi_usb_init with config: 6060300.xml
DEBUG [direct_binding.cpp:301] @ 0.555395s :evo_irimager_multi_usb_init connected returned: 0
DEBUG [IRImager.cpp:662] @ 0.555414s :Release imager
DEBUG [BaseControlDevice.cpp:26] @ 0.585143s :Base destructor called
DEBUG [IRImager.cpp:669] @ 0.58518s :Delete image processing
DEBUG [IRImager.cpp:676] @ 0.587088s :Delete buffer
DEBUG [IRImager.cpp:684] @ 0.587113s :Delete source buffer
DEBUG [IRImager.cpp:691] @ 0.587125s :Delete buffer (energy)
DEBUG [IRImager.cpp:698] @ 0.587192s :Delete timer
DEBUG [IRImager.cpp:704] @ 0.587204s :Delete manual timer
