DEBUG [IRLogger.cpp:105] @ 0.0002684s :***************************************************
DEBUG [IRLogger.cpp:106] @ 0.0003411s :* IRImagerDirect SDK                              *
DEBUG [IRLogger.cpp:107] @ 0.0003713s :***************************************************
DEBUG [IRLogger.cpp:113] @ 0.0003954s :* Native Machine:      AMD64
DEBUG [IRLogger.cpp:114] @ 0.0004196s :* Machine:             AMD64
DEBUG [IRLogger.cpp:116] @ 0.0004453s :* OS:                  Windows 10 0 19045
DEBUG [IRLogger.cpp:123] @ 0.0004658s :***************************************************
DEBUG [IRDeviceParams.cpp:204] @ 0.001067s :Parameters
DEBUG [IRDeviceParams.cpp:205] @ 0.0010897s :serial: 20052193
DEBUG [IRDeviceParams.cpp:206] @ 0.0011036s :videoformatindex: 1
DEBUG [IRDeviceParams.cpp:207] @ 0.0011155s :fov: 33
DEBUG [IRDeviceParams.cpp:208] @ 0.001127s :optics_text: 000001D8DF8057C0
DEBUG [IRDeviceParams.cpp:209] @ 0.0011517s :formatspath: 000001D8DF805830
DEBUG [IRDeviceParams.cpp:210] @ 0.0011923s :calipath: 0000000000000000
DEBUG [IRDeviceParams.cpp:211] @ 0.0012088s :temperature min: 0
DEBUG [IRDeviceParams.cpp:212] @ 0.0012246s :temperature max: 250
DEBUG [IRDeviceParams.cpp:213] @ 0.0012426s :framerate: 125
DEBUG [IRDeviceParams.cpp:214] @ 0.0012574s :bispectral: 0
DEBUG [IRDeviceParams.cpp:215] @ 0.0012697s :flag automatic: 0
DEBUG [IRDeviceParams.cpp:216] @ 0.0012823s :min interval: 15
DEBUG [IRDeviceParams.cpp:217] @ 0.0012939s :max interval: 0
DEBUG [IRDeviceParams.cpp:218] @ 0.0013057s :chip heating mode: 0
DEBUG [IRDeviceParams.cpp:219] @ 0.0013183s :chip heating fixed val: 40
DEBUG [IRDeviceParams.cpp:220] @ 0.0013311s :focus:  -1
DEBUG [IRDeviceParams.cpp:221] @ 0.0013433s :enable extended temp range: 0
DEBUG [IRDeviceParams.cpp:222] @ 0.001356s :buffer queue size: 5
DEBUG [IRDeviceParams.cpp:223] @ 0.0013678s :enable high precision: 0
DEBUG [IRDeviceParams.cpp:224] @ 0.0013794s :radialDistortionCorrectionMode: 0
DEBUG [IRDeviceParams.cpp:225] @ 0.0013923s :deviceAPI: 0
DEBUG [IRDeviceParams.cpp:226] @ 0.0014045s :useExternalProbeForReferencing: 0
DEBUG [IRDeviceParams.cpp:227] @ 0.0014169s :enableMultiThreading: 0
DEBUG [IRDeviceParams.cpp:232] @ 0.0014305s :ethernetDevice.deviceIpAddress: 0.0.0.0
DEBUG [IRDeviceParams.cpp:233] @ 0.0014424s :ethernetDevice.localUdpPort: 0
DEBUG [IRDeviceParams.cpp:234] @ 0.0014544s :ethernetDevice.checkUdpSenderIp: 1
DEBUG [Cali.cpp:87] @ 0.150724s :Calibration directory path: C:\Users\u0173846\AppData\Roaming\Imager\Cali
DEBUG [Cali.cpp:88] @ 0.150753s :Calibration file name: Cali-20052193.xml
DEBUG [Cali.cpp:98] @ 0.151174s :Calibration data A: 1450 B:1500 C:4095 D:1500
INFO [IRImager.cpp:266] @ 0.152179s :Init thermal imager to 20052193 with size: 642x120@125 Hz
DEBUG [Cali.cpp:87] @ 0.152437s :Calibration directory path: C:\Users\u0173846\AppData\Roaming\Imager\Cali
DEBUG [Cali.cpp:88] @ 0.152453s :Calibration file name: Cali-20052193.xml
DEBUG [Cali.cpp:98] @ 0.152832s :Calibration data A: 1450 B:1500 C:4095 D:1500
DEBUG [IRImager.cpp:374] @ 0.153613s :Using HID control interface
DEBUG [IRImager.cpp:414] @ 0.240748s :Initialized HID control interface to device with HW:601 FW:2633
DEBUG [IRImager.cpp:435] @ 0.240805s :Frameconfig - width(in): 642, height(in): 120, interval: 80000, max framerate: 125, HW interval: 0.008
DEBUG [Cali.cpp:87] @ 0.240826s :Calibration directory path: C:\Users\u0173846\AppData\Roaming\Imager\Cali
DEBUG [Cali.cpp:88] @ 0.240842s :Calibration file name: Cali-20052193.xml
DEBUG [Cali.cpp:98] @ 0.241314s :Calibration data A: 1450 B:1500 C:4095 D:1500
DEBUG [ImageProcessing.cpp:200] @ 0.268661s :Source buffer size: 154080 Width: 642 Height: 120
DEBUG [ImageProcessing.cpp:121] @ 0.311032s :Source buffer size: 154080 Width: 642 Height: 120
DEBUG [OpSource.cpp:347] @ 0.311144s :Using formats path: .\\Formats.def
DEBUG [OpSource.cpp:598] @ 0.311311s :Format found with size: 25
DEBUG [IRImager.cpp:841] @ 0.311657s :Caught onFrameInit with size: 640x120
DEBUG [OpSource.cpp:347] @ 0.312318s :Using formats path: .\\Formats.def
DEBUG [OpSource.cpp:598] @ 0.312487s :Format found with size: 25
DEBUG [OpSource.cpp:347] @ 0.312546s :Using formats path: .\\Formats.def
DEBUG [OpCorr.cpp:467] @ 0.316851s :Read cali: C:\Users\u0173846\AppData\Roaming\Imager\Cali\Cali-20052193-33-0-250.dat
DEBUG [OpCorr.cpp:557] @ 0.316945s :Read calibration of camera no 20052193, # of fields: 6 , start of fields: 40
DEBUG [ImageProcessing.cpp:1108] @ 0.582524s :Update flag temperature: 30.6875
DEBUG [ImageProcessing.cpp:1111] @ 0.586675s :Update box temperature: 28.375
DEBUG [Cali.cpp:639] @ 0.586718s :Calibration file path: 000001D8F7781AA4/00000030BC7EC810.xml
DEBUG [SimpleXML.cpp:238] @ 0.586834s :Failed to open file C:\Users\u0173846\AppData\Roaming\Imager\Cali\CaliExt-20052193.xml
DEBUG [IRImager.cpp:547] @ 0.599185s :Chip heating disabled
DEBUG [direct_binding.cpp:300] @ 0.607945s :evo_irimager_multi_usb_init with config: 6060300.xml
DEBUG [direct_binding.cpp:301] @ 0.607982s :evo_irimager_multi_usb_init connected returned: 1
DEBUG [IRImager.cpp:1107] @ 0.630546s :Start flag calibration
