DEBUG [IRLogger.cpp:105] @ 0.0002743s :***************************************************
DEBUG [IRLogger.cpp:106] @ 0.0003518s :* IRImagerDirect SDK                              *
DEBUG [IRLogger.cpp:107] @ 0.0003811s :***************************************************
DEBUG [IRLogger.cpp:113] @ 0.0004147s :* Native Machine:      AMD64
DEBUG [IRLogger.cpp:114] @ 0.0004437s :* Machine:             AMD64
DEBUG [IRLogger.cpp:116] @ 0.0004704s :* OS:                  Windows 10 0 19045
DEBUG [IRLogger.cpp:123] @ 0.0004918s :***************************************************
DEBUG [IRDeviceParams.cpp:204] @ 0.0012326s :Parameters
DEBUG [IRDeviceParams.cpp:205] @ 0.0012552s :serial: 20052193
DEBUG [IRDeviceParams.cpp:206] @ 0.0012703s :videoformatindex: 1
DEBUG [IRDeviceParams.cpp:207] @ 0.0012847s :fov: 33
DEBUG [IRDeviceParams.cpp:208] @ 0.0012992s :optics_text: 000002005E702BC0
DEBUG [IRDeviceParams.cpp:209] @ 0.0013138s :formatspath: 000002005E702B00
DEBUG [IRDeviceParams.cpp:210] @ 0.001328s :calipath: 0000000000000000
DEBUG [IRDeviceParams.cpp:211] @ 0.0013421s :temperature min: 0
DEBUG [IRDeviceParams.cpp:212] @ 0.001356s :temperature max: 250
DEBUG [IRDeviceParams.cpp:213] @ 0.0013726s :framerate: 125
DEBUG [IRDeviceParams.cpp:214] @ 0.0013876s :bispectral: 0
DEBUG [IRDeviceParams.cpp:215] @ 0.0014041s :flag automatic: 0
DEBUG [IRDeviceParams.cpp:216] @ 0.0014186s :min interval: 15
DEBUG [IRDeviceParams.cpp:217] @ 0.0014327s :max interval: 0
DEBUG [IRDeviceParams.cpp:218] @ 0.0014464s :chip heating mode: 0
DEBUG [IRDeviceParams.cpp:219] @ 0.0014606s :chip heating fixed val: 40
DEBUG [IRDeviceParams.cpp:220] @ 0.0014751s :focus:  -1
DEBUG [IRDeviceParams.cpp:221] @ 0.0014888s :enable extended temp range: 0
DEBUG [IRDeviceParams.cpp:222] @ 0.0015033s :buffer queue size: 5
DEBUG [IRDeviceParams.cpp:223] @ 0.0015171s :enable high precision: 0
DEBUG [IRDeviceParams.cpp:224] @ 0.0015336s :radialDistortionCorrectionMode: 0
DEBUG [IRDeviceParams.cpp:225] @ 0.0015474s :deviceAPI: 0
DEBUG [IRDeviceParams.cpp:226] @ 0.0015639s :useExternalProbeForReferencing: 0
DEBUG [IRDeviceParams.cpp:227] @ 0.0015776s :enableMultiThreading: 0
DEBUG [IRDeviceParams.cpp:232] @ 0.001595s :ethernetDevice.deviceIpAddress: 0.0.0.0
DEBUG [IRDeviceParams.cpp:233] @ 0.0016088s :ethernetDevice.localUdpPort: 0
DEBUG [IRDeviceParams.cpp:234] @ 0.0016258s :ethernetDevice.checkUdpSenderIp: 1
DEBUG [Cali.cpp:87] @ 0.153574s :Calibration directory path: C:\Users\u0173846\AppData\Roaming\Imager\Cali
DEBUG [Cali.cpp:88] @ 0.153603s :Calibration file name: Cali-20052193.xml
DEBUG [Cali.cpp:98] @ 0.154006s :Calibration data A: 1450 B:1500 C:4095 D:1500
INFO [IRImager.cpp:266] @ 0.155015s :Init thermal imager to 20052193 with size: 642x120@125 Hz
DEBUG [Cali.cpp:87] @ 0.155276s :Calibration directory path: C:\Users\u0173846\AppData\Roaming\Imager\Cali
DEBUG [Cali.cpp:88] @ 0.155292s :Calibration file name: Cali-20052193.xml
DEBUG [Cali.cpp:98] @ 0.155668s :Calibration data A: 1450 B:1500 C:4095 D:1500
DEBUG [IRImager.cpp:374] @ 0.156442s :Using HID control interface
DEBUG [IRImager.cpp:414] @ 0.241735s :Initialized HID control interface to device with HW:601 FW:2633
DEBUG [IRImager.cpp:435] @ 0.241778s :Frameconfig - width(in): 642, height(in): 120, interval: 80000, max framerate: 125, HW interval: 0.008
DEBUG [Cali.cpp:87] @ 0.2418s :Calibration directory path: C:\Users\u0173846\AppData\Roaming\Imager\Cali
DEBUG [Cali.cpp:88] @ 0.241815s :Calibration file name: Cali-20052193.xml
DEBUG [Cali.cpp:98] @ 0.24225s :Calibration data A: 1450 B:1500 C:4095 D:1500
DEBUG [ImageProcessing.cpp:200] @ 0.269893s :Source buffer size: 154080 Width: 642 Height: 120
DEBUG [ImageProcessing.cpp:121] @ 0.312217s :Source buffer size: 154080 Width: 642 Height: 120
DEBUG [OpSource.cpp:347] @ 0.312308s :Using formats path: .\\Formats.def
DEBUG [OpSource.cpp:598] @ 0.31247s :Format found with size: 25
DEBUG [IRImager.cpp:841] @ 0.312835s :Caught onFrameInit with size: 640x120
DEBUG [OpSource.cpp:347] @ 0.313596s :Using formats path: .\\Formats.def
DEBUG [OpSource.cpp:598] @ 0.313755s :Format found with size: 25
DEBUG [OpSource.cpp:347] @ 0.313812s :Using formats path: .\\Formats.def
DEBUG [OpCorr.cpp:467] @ 0.318008s :Read cali: C:\Users\u0173846\AppData\Roaming\Imager\Cali\Cali-20052193-33-0-250.dat
DEBUG [OpCorr.cpp:557] @ 0.318085s :Read calibration of camera no 20052193, # of fields: 6 , start of fields: 40
DEBUG [ImageProcessing.cpp:1108] @ 0.586897s :Update flag temperature: 30.9375
DEBUG [ImageProcessing.cpp:1111] @ 0.59074s :Update box temperature: 28.375
DEBUG [Cali.cpp:639] @ 0.59077s :Calibration file path: 0000020076681364/0000008053DEC910.xml
DEBUG [SimpleXML.cpp:238] @ 0.590873s :Failed to open file C:\Users\u0173846\AppData\Roaming\Imager\Cali\CaliExt-20052193.xml
DEBUG [IRImager.cpp:547] @ 0.603084s :Chip heating disabled
DEBUG [direct_binding.cpp:300] @ 0.611966s :evo_irimager_multi_usb_init with config: 6060300.xml
DEBUG [direct_binding.cpp:301] @ 0.612s :evo_irimager_multi_usb_init connected returned: 1
DEBUG [IRImager.cpp:1107] @ 0.63475s :Start flag calibration
