DEBUG [IRLogger.cpp:105] @ 0.0003263s :***************************************************
DEBUG [IRLogger.cpp:106] @ 0.000423s :* IRImagerDirect SDK                              *
DEBUG [IRLogger.cpp:107] @ 0.0004514s :***************************************************
DEBUG [IRLogger.cpp:113] @ 0.0004835s :* Native Machine:      AMD64
DEBUG [IRLogger.cpp:114] @ 0.0005117s :* Machine:             AMD64
DEBUG [IRLogger.cpp:116] @ 0.0005394s :* OS:                  Windows 10 0 19045
DEBUG [IRLogger.cpp:123] @ 0.0005607s :***************************************************
DEBUG [IRDeviceParams.cpp:204] @ 0.011133s :Parameters
DEBUG [IRDeviceParams.cpp:205] @ 0.0111579s :serial: 20052193
DEBUG [IRDeviceParams.cpp:206] @ 0.0111703s :videoformatindex: 1
DEBUG [IRDeviceParams.cpp:207] @ 0.0111821s :fov: 33
DEBUG [IRDeviceParams.cpp:208] @ 0.0111935s :optics_text: 000001AA43C0B850
DEBUG [IRDeviceParams.cpp:209] @ 0.0112049s :formatspath: 000001AA43C0B560
DEBUG [IRDeviceParams.cpp:210] @ 0.0112166s :calipath: 0000000000000000
DEBUG [IRDeviceParams.cpp:211] @ 0.0112276s :temperature min: 0
DEBUG [IRDeviceParams.cpp:212] @ 0.0112384s :temperature max: 250
DEBUG [IRDeviceParams.cpp:213] @ 0.0112555s :framerate: 125
DEBUG [IRDeviceParams.cpp:214] @ 0.0112673s :bispectral: 0
DEBUG [IRDeviceParams.cpp:215] @ 0.0112783s :flag automatic: 0
DEBUG [IRDeviceParams.cpp:216] @ 0.0112898s :min interval: 15
DEBUG [IRDeviceParams.cpp:217] @ 0.011301s :max interval: 0
DEBUG [IRDeviceParams.cpp:218] @ 0.011312s :chip heating mode: 0
DEBUG [IRDeviceParams.cpp:219] @ 0.0113237s :chip heating fixed val: 40
DEBUG [IRDeviceParams.cpp:220] @ 0.0113374s :focus:  -1
DEBUG [IRDeviceParams.cpp:221] @ 0.0113485s :enable extended temp range: 0
DEBUG [IRDeviceParams.cpp:222] @ 0.0113601s :buffer queue size: 5
DEBUG [IRDeviceParams.cpp:223] @ 0.0113711s :enable high precision: 0
DEBUG [IRDeviceParams.cpp:224] @ 0.0113838s :radialDistortionCorrectionMode: 0
DEBUG [IRDeviceParams.cpp:225] @ 0.0113949s :deviceAPI: 0
DEBUG [IRDeviceParams.cpp:226] @ 0.0114057s :useExternalProbeForReferencing: 0
DEBUG [IRDeviceParams.cpp:227] @ 0.0114165s :enableMultiThreading: 0
DEBUG [IRDeviceParams.cpp:232] @ 0.0114288s :ethernetDevice.deviceIpAddress: 0.0.0.0
DEBUG [IRDeviceParams.cpp:233] @ 0.0114397s :ethernetDevice.localUdpPort: 0
DEBUG [IRDeviceParams.cpp:234] @ 0.0114506s :ethernetDevice.checkUdpSenderIp: 1
DEBUG [Cali.cpp:87] @ 0.169857s :Calibration directory path: C:\Users\u0173846\AppData\Roaming\Imager\Cali
DEBUG [Cali.cpp:88] @ 0.169885s :Calibration file name: Cali-20052193.xml
DEBUG [Cali.cpp:98] @ 0.181229s :Calibration data A: 1450 B:1500 C:4095 D:1500
INFO [IRImager.cpp:266] @ 0.326769s :Init thermal imager to 20052193 with size: 642x120@125 Hz
DEBUG [Cali.cpp:87] @ 0.327051s :Calibration directory path: C:\Users\u0173846\AppData\Roaming\Imager\Cali
DEBUG [Cali.cpp:88] @ 0.327068s :Calibration file name: Cali-20052193.xml
DEBUG [Cali.cpp:98] @ 0.327469s :Calibration data A: 1450 B:1500 C:4095 D:1500
DEBUG [IRImager.cpp:374] @ 0.336468s :Using HID control interface
DEBUG [IRImager.cpp:414] @ 0.421902s :Initialized HID control interface to device with HW:601 FW:2633
DEBUG [IRImager.cpp:435] @ 0.421956s :Frameconfig - width(in): 642, height(in): 120, interval: 80000, max framerate: 125, HW interval: 0.008
DEBUG [Cali.cpp:87] @ 0.421982s :Calibration directory path: C:\Users\u0173846\AppData\Roaming\Imager\Cali
DEBUG [Cali.cpp:88] @ 0.421998s :Calibration file name: Cali-20052193.xml
DEBUG [Cali.cpp:98] @ 0.422454s :Calibration data A: 1450 B:1500 C:4095 D:1500
DEBUG [ImageProcessing.cpp:200] @ 0.450148s :Source buffer size: 154080 Width: 642 Height: 120
DEBUG [ImageProcessing.cpp:121] @ 0.491102s :Source buffer size: 154080 Width: 642 Height: 120
DEBUG [OpSource.cpp:347] @ 0.491219s :Using formats path: .\\Formats.def
DEBUG [OpSource.cpp:598] @ 0.491391s :Format found with size: 25
DEBUG [IRImager.cpp:841] @ 0.491731s :Caught onFrameInit with size: 640x120
DEBUG [OpSource.cpp:347] @ 0.492418s :Using formats path: .\\Formats.def
DEBUG [OpSource.cpp:598] @ 0.492576s :Format found with size: 25
DEBUG [OpSource.cpp:347] @ 0.492631s :Using formats path: .\\Formats.def
DEBUG [OpCorr.cpp:467] @ 0.50267s :Read cali: C:\Users\u0173846\AppData\Roaming\Imager\Cali\Cali-20052193-33-0-250.dat
DEBUG [OpCorr.cpp:557] @ 0.502754s :Read calibration of camera no 20052193, # of fields: 6 , start of fields: 40
DEBUG [ImageProcessing.cpp:1108] @ 0.775052s :Update flag temperature: 27.3125
DEBUG [ImageProcessing.cpp:1111] @ 0.778812s :Update box temperature: 25.4375
DEBUG [Cali.cpp:639] @ 0.778849s :Calibration file path: 000001AA5C722E54/0000007746BEC2A0.xml
DEBUG [SimpleXML.cpp:238] @ 0.778942s :Failed to open file C:\Users\u0173846\AppData\Roaming\Imager\Cali\CaliExt-20052193.xml
DEBUG [IRImager.cpp:547] @ 0.789833s :Chip heating disabled
DEBUG [direct_binding.cpp:300] @ 0.799104s :evo_irimager_multi_usb_init with config: 6060300.xml
DEBUG [direct_binding.cpp:301] @ 0.799147s :evo_irimager_multi_usb_init connected returned: 1
DEBUG [IRImager.cpp:1107] @ 0.821056s :Start flag calibration
