DEBUG [IRLogger.cpp:105] @ 0.0002769s :***************************************************
DEBUG [IRLogger.cpp:106] @ 0.0003512s :* IRImagerDirect SDK                              *
DEBUG [IRLogger.cpp:107] @ 0.0003794s :***************************************************
DEBUG [IRLogger.cpp:113] @ 0.0004054s :* Native Machine:      AMD64
DEBUG [IRLogger.cpp:114] @ 0.0004297s :* Machine:             AMD64
DEBUG [IRLogger.cpp:116] @ 0.0004557s :* OS:                  Windows 10 0 19045
DEBUG [IRLogger.cpp:123] @ 0.0004809s :***************************************************
DEBUG [IRDeviceParams.cpp:204] @ 0.0011227s :Parameters
DEBUG [IRDeviceParams.cpp:205] @ 0.0011435s :serial: 17092037
DEBUG [IRDeviceParams.cpp:206] @ 0.0011588s :videoformatindex: 3
DEBUG [IRDeviceParams.cpp:207] @ 0.0011941s :fov: 0
DEBUG [IRDeviceParams.cpp:208] @ 0.001209s :optics_text: 000001303B62E2D0
DEBUG [IRDeviceParams.cpp:209] @ 0.001224s :formatspath: 000001303B62E260
DEBUG [IRDeviceParams.cpp:210] @ 0.0012375s :calipath: 0000000000000000
DEBUG [IRDeviceParams.cpp:211] @ 0.0012521s :temperature min: 600
DEBUG [IRDeviceParams.cpp:212] @ 0.001265s :temperature max: 1800
DEBUG [IRDeviceParams.cpp:213] @ 0.0012819s :framerate: 1000
DEBUG [IRDeviceParams.cpp:214] @ 0.0012948s :bispectral: 0
DEBUG [IRDeviceParams.cpp:215] @ 0.0013066s :flag automatic: 0
DEBUG [IRDeviceParams.cpp:216] @ 0.0013197s :min interval: 15
DEBUG [IRDeviceParams.cpp:217] @ 0.0013342s :max interval: 0
DEBUG [IRDeviceParams.cpp:218] @ 0.0013471s :chip heating mode: 0
DEBUG [IRDeviceParams.cpp:219] @ 0.0013599s :chip heating fixed val: 40
DEBUG [IRDeviceParams.cpp:220] @ 0.0013733s :focus:  -1
DEBUG [IRDeviceParams.cpp:221] @ 0.0013844s :enable extended temp range: 0
DEBUG [IRDeviceParams.cpp:222] @ 0.0013976s :buffer queue size: 5
DEBUG [IRDeviceParams.cpp:223] @ 0.0014095s :enable high precision: 0
DEBUG [IRDeviceParams.cpp:224] @ 0.0014226s :radialDistortionCorrectionMode: 0
DEBUG [IRDeviceParams.cpp:225] @ 0.0014344s :deviceAPI: 0
DEBUG [IRDeviceParams.cpp:226] @ 0.0014467s :useExternalProbeForReferencing: 0
DEBUG [IRDeviceParams.cpp:227] @ 0.0014585s :enableMultiThreading: 0
DEBUG [IRDeviceParams.cpp:232] @ 0.0014712s :ethernetDevice.deviceIpAddress: 0.0.0.0
DEBUG [IRDeviceParams.cpp:233] @ 0.0014836s :ethernetDevice.localUdpPort: 0
DEBUG [IRDeviceParams.cpp:234] @ 0.0014957s :ethernetDevice.checkUdpSenderIp: 1
DEBUG [Cali.cpp:87] @ 0.150658s :Calibration directory path: C:\Users\u0173846\AppData\Roaming\Imager\Cali
DEBUG [Cali.cpp:88] @ 0.150694s :Calibration file name: Cali-17092037.xml
DEBUG [Cali.cpp:98] @ 0.151003s :Calibration data A: 1450 B:470 C:4095 D:1500
INFO [IRImager.cpp:266] @ 0.151599s :Init thermal imager to 17092037 with size: 74x224@250 Hz
DEBUG [Cali.cpp:87] @ 0.151867s :Calibration directory path: C:\Users\u0173846\AppData\Roaming\Imager\Cali
DEBUG [Cali.cpp:88] @ 0.151886s :Calibration file name: Cali-17092037.xml
DEBUG [Cali.cpp:98] @ 0.152151s :Calibration data A: 1450 B:470 C:4095 D:1500
DEBUG [IRImager.cpp:374] @ 0.152763s :Using HID control interface
DEBUG [IRImager.cpp:414] @ 0.233741s :Initialized HID control interface to device with HW:2101 FW:2820
DEBUG [IRImager.cpp:435] @ 0.233794s :Frameconfig - width(in): 74, height(in): 224, interval: 40000, max framerate: 250, HW interval: 0.004
DEBUG [Cali.cpp:87] @ 0.233813s :Calibration directory path: C:\Users\u0173846\AppData\Roaming\Imager\Cali
DEBUG [Cali.cpp:88] @ 0.233829s :Calibration file name: Cali-17092037.xml
DEBUG [Cali.cpp:98] @ 0.234175s :Calibration data A: 1450 B:470 C:4095 D:1500
DEBUG [ImageProcessing.cpp:200] @ 0.238333s :Source buffer size: 33152 Width: 74 Height: 224
DEBUG [ImageProcessing.cpp:121] @ 0.27494s :Source buffer size: 33152 Width: 74 Height: 224
DEBUG [OpSource.cpp:347] @ 0.275046s :Using formats path: .\\Formats.def
DEBUG [OpSource.cpp:598] @ 0.275266s :Format found with size: 14
DEBUG [IRImager.cpp:841] @ 0.275333s :Caught onFrameInit with size: 72x56
DEBUG [OpSource.cpp:347] @ 0.275432s :Using formats path: .\\Formats.def
DEBUG [OpSource.cpp:598] @ 0.275639s :Format found with size: 14
DEBUG [OpSource.cpp:347] @ 0.275695s :Using formats path: .\\Formats.def
DEBUG [OpCorr.cpp:467] @ 0.27789s :Read cali: C:\Users\u0173846\AppData\Roaming\Imager\Cali\Cali-17092037-25-600-1800-1000.dat
DEBUG [ImageProcessing.cpp:1108] @ 0.298506s :Update flag temperature: 34.5
DEBUG [ImageProcessing.cpp:1111] @ 0.300621s :Update box temperature: 34.5
DEBUG [Cali.cpp:639] @ 0.300666s :Calibration file path: 00000130401927F4/00000028057EAC90.xml
DEBUG [SimpleXML.cpp:238] @ 0.300778s :Failed to open file C:\Users\u0173846\AppData\Roaming\Imager\Cali\CaliExt-17092037.xml
DEBUG [IRImager.cpp:547] @ 0.314074s :Chip heating disabled
DEBUG [direct_binding.cpp:300] @ 0.317513s :evo_irimager_multi_usb_init with config: 17092037.xml
DEBUG [direct_binding.cpp:301] @ 0.317558s :evo_irimager_multi_usb_init connected returned: 1
DEBUG [IRImager.cpp:1107] @ 0.380212s :Start flag calibration
