DEBUG [IRLogger.cpp:105] @ 0.0002926s :***************************************************
DEBUG [IRLogger.cpp:106] @ 0.0003728s :* IRImagerDirect SDK                              *
DEBUG [IRLogger.cpp:107] @ 0.0004011s :***************************************************
DEBUG [IRLogger.cpp:113] @ 0.0004253s :* Native Machine:      AMD64
DEBUG [IRLogger.cpp:114] @ 0.0004501s :* Machine:             AMD64
DEBUG [IRLogger.cpp:116] @ 0.0004768s :* OS:                  Windows 10 0 19045
DEBUG [IRLogger.cpp:123] @ 0.0004992s :***************************************************
DEBUG [IRDeviceParams.cpp:204] @ 0.0103932s :Parameters
DEBUG [IRDeviceParams.cpp:205] @ 0.0104199s :serial: 17092037
DEBUG [IRDeviceParams.cpp:206] @ 0.0104327s :videoformatindex: 3
DEBUG [IRDeviceParams.cpp:207] @ 0.0104448s :fov: 0
DEBUG [IRDeviceParams.cpp:208] @ 0.0104566s :optics_text: 000002C550B540A0
DEBUG [IRDeviceParams.cpp:209] @ 0.0104688s :formatspath: 000002C550B53FA0
DEBUG [IRDeviceParams.cpp:210] @ 0.0104805s :calipath: 0000000000000000
DEBUG [IRDeviceParams.cpp:211] @ 0.0104919s :temperature min: 600
DEBUG [IRDeviceParams.cpp:212] @ 0.0105034s :temperature max: 1800
DEBUG [IRDeviceParams.cpp:213] @ 0.0105177s :framerate: 1000
DEBUG [IRDeviceParams.cpp:214] @ 0.0105293s :bispectral: 0
DEBUG [IRDeviceParams.cpp:215] @ 0.0105405s :flag automatic: 0
DEBUG [IRDeviceParams.cpp:216] @ 0.0105523s :min interval: 15
DEBUG [IRDeviceParams.cpp:217] @ 0.0105638s :max interval: 0
DEBUG [IRDeviceParams.cpp:218] @ 0.0105751s :chip heating mode: 0
DEBUG [IRDeviceParams.cpp:219] @ 0.010587s :chip heating fixed val: 40
DEBUG [IRDeviceParams.cpp:220] @ 0.0106007s :focus:  -1
DEBUG [IRDeviceParams.cpp:221] @ 0.0106121s :enable extended temp range: 0
DEBUG [IRDeviceParams.cpp:222] @ 0.0106236s :buffer queue size: 5
DEBUG [IRDeviceParams.cpp:223] @ 0.0106348s :enable high precision: 0
DEBUG [IRDeviceParams.cpp:224] @ 0.0106463s :radialDistortionCorrectionMode: 0
DEBUG [IRDeviceParams.cpp:225] @ 0.0106574s :deviceAPI: 0
DEBUG [IRDeviceParams.cpp:226] @ 0.0106687s :useExternalProbeForReferencing: 0
DEBUG [IRDeviceParams.cpp:227] @ 0.0106798s :enableMultiThreading: 0
DEBUG [IRDeviceParams.cpp:232] @ 0.0106919s :ethernetDevice.deviceIpAddress: 0.0.0.0
DEBUG [IRDeviceParams.cpp:233] @ 0.010703s :ethernetDevice.localUdpPort: 0
DEBUG [IRDeviceParams.cpp:234] @ 0.0107143s :ethernetDevice.checkUdpSenderIp: 1
DEBUG [Cali.cpp:87] @ 0.166475s :Calibration directory path: C:\Users\u0173846\AppData\Roaming\Imager\Cali
DEBUG [Cali.cpp:88] @ 0.166506s :Calibration file name: Cali-17092037.xml
DEBUG [Cali.cpp:98] @ 0.177498s :Calibration data A: 1450 B:470 C:4095 D:1500
INFO [IRImager.cpp:266] @ 0.204153s :Init thermal imager to 17092037 with size: 74x224@250 Hz
DEBUG [Cali.cpp:87] @ 0.20444s :Calibration directory path: C:\Users\u0173846\AppData\Roaming\Imager\Cali
DEBUG [Cali.cpp:88] @ 0.204462s :Calibration file name: Cali-17092037.xml
DEBUG [Cali.cpp:98] @ 0.204764s :Calibration data A: 1450 B:470 C:4095 D:1500
DEBUG [IRImager.cpp:374] @ 0.213423s :Using HID control interface
DEBUG [IRImager.cpp:414] @ 0.294624s :Initialized HID control interface to device with HW:2101 FW:2820
DEBUG [IRImager.cpp:435] @ 0.294671s :Frameconfig - width(in): 74, height(in): 224, interval: 40000, max framerate: 250, HW interval: 0.004
DEBUG [Cali.cpp:87] @ 0.294693s :Calibration directory path: C:\Users\u0173846\AppData\Roaming\Imager\Cali
DEBUG [Cali.cpp:88] @ 0.294705s :Calibration file name: Cali-17092037.xml
DEBUG [Cali.cpp:98] @ 0.295024s :Calibration data A: 1450 B:470 C:4095 D:1500
DEBUG [ImageProcessing.cpp:200] @ 0.299246s :Source buffer size: 33152 Width: 74 Height: 224
DEBUG [ImageProcessing.cpp:121] @ 0.336499s :Source buffer size: 33152 Width: 74 Height: 224
DEBUG [OpSource.cpp:347] @ 0.336598s :Using formats path: .\\Formats.def
DEBUG [OpSource.cpp:598] @ 0.336828s :Format found with size: 14
DEBUG [IRImager.cpp:841] @ 0.336874s :Caught onFrameInit with size: 72x56
DEBUG [OpSource.cpp:347] @ 0.337002s :Using formats path: .\\Formats.def
DEBUG [OpSource.cpp:598] @ 0.337208s :Format found with size: 14
DEBUG [OpSource.cpp:347] @ 0.337265s :Using formats path: .\\Formats.def
DEBUG [OpCorr.cpp:467] @ 0.33948s :Read cali: C:\Users\u0173846\AppData\Roaming\Imager\Cali\Cali-17092037-25-600-1800-1000.dat
DEBUG [ImageProcessing.cpp:1108] @ 0.36s :Update flag temperature: 240.375
DEBUG [ImageProcessing.cpp:1111] @ 0.361848s :Update box temperature: 240.375
DEBUG [Cali.cpp:639] @ 0.361875s :Calibration file path: 000002C550D7E9C4/000000F4665EC320.xml
DEBUG [SimpleXML.cpp:238] @ 0.361964s :Failed to open file C:\Users\u0173846\AppData\Roaming\Imager\Cali\CaliExt-17092037.xml
DEBUG [IRImager.cpp:547] @ 0.375127s :Chip heating disabled
DEBUG [direct_binding.cpp:300] @ 0.378494s :evo_irimager_multi_usb_init with config: 17092037.xml
DEBUG [direct_binding.cpp:301] @ 0.378529s :evo_irimager_multi_usb_init connected returned: 1
DEBUG [IRImager.cpp:1107] @ 0.441841s :Start flag calibration
