DEBUG [IRLogger.cpp:105] @ 0.0002656s :***************************************************
DEBUG [IRLogger.cpp:106] @ 0.000339s :* IRImagerDirect SDK                              *
DEBUG [IRLogger.cpp:107] @ 0.0003672s :***************************************************
DEBUG [IRLogger.cpp:113] @ 0.0003913s :* Native Machine:      AMD64
DEBUG [IRLogger.cpp:114] @ 0.000415s :* Machine:             AMD64
DEBUG [IRLogger.cpp:116] @ 0.0004454s :* OS:                  Windows 10 0 19045
DEBUG [IRLogger.cpp:123] @ 0.0004667s :***************************************************
DEBUG [IRDeviceParams.cpp:204] @ 0.0010497s :Parameters
DEBUG [IRDeviceParams.cpp:205] @ 0.0010718s :serial: 20052193
DEBUG [IRDeviceParams.cpp:206] @ 0.0010877s :videoformatindex: 1
DEBUG [IRDeviceParams.cpp:207] @ 0.0011001s :fov: 33
DEBUG [IRDeviceParams.cpp:208] @ 0.0011126s :optics_text: 0000016757FE3860
DEBUG [IRDeviceParams.cpp:209] @ 0.0011265s :formatspath: 0000016757FE3870
DEBUG [IRDeviceParams.cpp:210] @ 0.0011382s :calipath: 0000000000000000
DEBUG [IRDeviceParams.cpp:211] @ 0.0011492s :temperature min: 0
DEBUG [IRDeviceParams.cpp:212] @ 0.001191s :temperature max: 250
DEBUG [IRDeviceParams.cpp:213] @ 0.001213s :framerate: 125
DEBUG [IRDeviceParams.cpp:214] @ 0.0012257s :bispectral: 0
DEBUG [IRDeviceParams.cpp:215] @ 0.001238s :flag automatic: 0
DEBUG [IRDeviceParams.cpp:216] @ 0.0012508s :min interval: 15
DEBUG [IRDeviceParams.cpp:217] @ 0.0012637s :max interval: 0
DEBUG [IRDeviceParams.cpp:218] @ 0.0012755s :chip heating mode: 0
DEBUG [IRDeviceParams.cpp:219] @ 0.0012886s :chip heating fixed val: 40
DEBUG [IRDeviceParams.cpp:220] @ 0.0013036s :focus:  -1
DEBUG [IRDeviceParams.cpp:221] @ 0.001316s :enable extended temp range: 0
DEBUG [IRDeviceParams.cpp:222] @ 0.0013285s :buffer queue size: 5
DEBUG [IRDeviceParams.cpp:223] @ 0.0013404s :enable high precision: 0
DEBUG [IRDeviceParams.cpp:224] @ 0.0013523s :radialDistortionCorrectionMode: 0
DEBUG [IRDeviceParams.cpp:225] @ 0.0013651s :deviceAPI: 0
DEBUG [IRDeviceParams.cpp:226] @ 0.0013768s :useExternalProbeForReferencing: 0
DEBUG [IRDeviceParams.cpp:227] @ 0.0013882s :enableMultiThreading: 0
DEBUG [IRDeviceParams.cpp:232] @ 0.0014018s :ethernetDevice.deviceIpAddress: 0.0.0.0
DEBUG [IRDeviceParams.cpp:233] @ 0.0014136s :ethernetDevice.localUdpPort: 0
DEBUG [IRDeviceParams.cpp:234] @ 0.0014258s :ethernetDevice.checkUdpSenderIp: 1
DEBUG [Cali.cpp:87] @ 0.156104s :Calibration directory path: C:\Users\u0173846\AppData\Roaming\Imager\Cali
DEBUG [Cali.cpp:88] @ 0.156133s :Calibration file name: Cali-20052193.xml
DEBUG [Cali.cpp:98] @ 0.156542s :Calibration data A: 1450 B:1500 C:4095 D:1500
INFO [IRImager.cpp:266] @ 0.157589s :Init thermal imager to 20052193 with size: 642x120@125 Hz
DEBUG [Cali.cpp:87] @ 0.157863s :Calibration directory path: C:\Users\u0173846\AppData\Roaming\Imager\Cali
DEBUG [Cali.cpp:88] @ 0.15788s :Calibration file name: Cali-20052193.xml
DEBUG [Cali.cpp:98] @ 0.158293s :Calibration data A: 1450 B:1500 C:4095 D:1500
DEBUG [IRImager.cpp:374] @ 0.159098s :Using HID control interface
DEBUG [IRImager.cpp:414] @ 0.245323s :Initialized HID control interface to device with HW:601 FW:2633
DEBUG [IRImager.cpp:435] @ 0.245378s :Frameconfig - width(in): 642, height(in): 120, interval: 80000, max framerate: 125, HW interval: 0.008
DEBUG [Cali.cpp:87] @ 0.245397s :Calibration directory path: C:\Users\u0173846\AppData\Roaming\Imager\Cali
DEBUG [Cali.cpp:88] @ 0.245409s :Calibration file name: Cali-20052193.xml
DEBUG [Cali.cpp:98] @ 0.245879s :Calibration data A: 1450 B:1500 C:4095 D:1500
DEBUG [ImageProcessing.cpp:200] @ 0.273274s :Source buffer size: 154080 Width: 642 Height: 120
DEBUG [ImageProcessing.cpp:121] @ 0.314139s :Source buffer size: 154080 Width: 642 Height: 120
DEBUG [OpSource.cpp:347] @ 0.314257s :Using formats path: .\\Formats.def
DEBUG [OpSource.cpp:598] @ 0.314437s :Format found with size: 25
DEBUG [IRImager.cpp:841] @ 0.314766s :Caught onFrameInit with size: 640x120
DEBUG [OpSource.cpp:347] @ 0.31548s :Using formats path: .\\Formats.def
DEBUG [OpSource.cpp:598] @ 0.315642s :Format found with size: 25
DEBUG [OpSource.cpp:347] @ 0.315702s :Using formats path: .\\Formats.def
DEBUG [OpCorr.cpp:467] @ 0.319736s :Read cali: C:\Users\u0173846\AppData\Roaming\Imager\Cali\Cali-20052193-33-0-250.dat
DEBUG [OpCorr.cpp:557] @ 0.319807s :Read calibration of camera no 20052193, # of fields: 6 , start of fields: 40
DEBUG [ImageProcessing.cpp:1108] @ 0.589686s :Update flag temperature: 31.875
DEBUG [ImageProcessing.cpp:1111] @ 0.59367s :Update box temperature: 29
DEBUG [Cali.cpp:639] @ 0.593714s :Calibration file path: 00000167580506A4/000000412B3EB120.xml
DEBUG [SimpleXML.cpp:238] @ 0.593823s :Failed to open file C:\Users\u0173846\AppData\Roaming\Imager\Cali\CaliExt-20052193.xml
DEBUG [IRImager.cpp:547] @ 0.606005s :Chip heating disabled
DEBUG [direct_binding.cpp:300] @ 0.615388s :evo_irimager_multi_usb_init with config: 6060300.xml
DEBUG [direct_binding.cpp:301] @ 0.615419s :evo_irimager_multi_usb_init connected returned: 1
DEBUG [IRImager.cpp:1107] @ 0.637806s :Start flag calibration
DEBUG [OpFlag.cpp:591] @ 11.325s :SkimDiff: 10 Adjust: 953 State: 3 EMax: 14863 Emin: 4081
DEBUG [ImageProcessing.cpp:526] @ 11.3366s :Skim_Adjust 2628
DEBUG [IRImager.cpp:1121] @ 11.4697s :Finished startup calibration
