DEBUG [IRLogger.cpp:105] @ 0.0002834s :***************************************************
DEBUG [IRLogger.cpp:106] @ 0.0003672s :* IRImagerDirect SDK                              *
DEBUG [IRLogger.cpp:107] @ 0.0003977s :***************************************************
DEBUG [IRLogger.cpp:113] @ 0.0004238s :* Native Machine:      AMD64
DEBUG [IRLogger.cpp:114] @ 0.0004476s :* Machine:             AMD64
DEBUG [IRLogger.cpp:116] @ 0.0004773s :* OS:                  Windows 10 0 19045
DEBUG [IRLogger.cpp:123] @ 0.0004978s :***************************************************
DEBUG [IRDeviceParams.cpp:204] @ 0.0097507s :Parameters
DEBUG [IRDeviceParams.cpp:205] @ 0.0097757s :serial: 20052193
DEBUG [IRDeviceParams.cpp:206] @ 0.009788s :videoformatindex: 1
DEBUG [IRDeviceParams.cpp:207] @ 0.0097995s :fov: 33
DEBUG [IRDeviceParams.cpp:208] @ 0.0098109s :optics_text: 000002A96EB22140
DEBUG [IRDeviceParams.cpp:209] @ 0.0098224s :formatspath: 000002A96EB221C0
DEBUG [IRDeviceParams.cpp:210] @ 0.0098353s :calipath: 0000000000000000
DEBUG [IRDeviceParams.cpp:211] @ 0.0098465s :temperature min: 0
DEBUG [IRDeviceParams.cpp:212] @ 0.0098573s :temperature max: 250
DEBUG [IRDeviceParams.cpp:213] @ 0.0098714s :framerate: 125
DEBUG [IRDeviceParams.cpp:214] @ 0.0098827s :bispectral: 0
DEBUG [IRDeviceParams.cpp:215] @ 0.0098936s :flag automatic: 0
DEBUG [IRDeviceParams.cpp:216] @ 0.0099051s :min interval: 15
DEBUG [IRDeviceParams.cpp:217] @ 0.0099162s :max interval: 0
DEBUG [IRDeviceParams.cpp:218] @ 0.009927s :chip heating mode: 0
DEBUG [IRDeviceParams.cpp:219] @ 0.0099389s :chip heating fixed val: 40
DEBUG [IRDeviceParams.cpp:220] @ 0.0099506s :focus:  -1
DEBUG [IRDeviceParams.cpp:221] @ 0.0099615s :enable extended temp range: 0
DEBUG [IRDeviceParams.cpp:222] @ 0.0099727s :buffer queue size: 5
DEBUG [IRDeviceParams.cpp:223] @ 0.0099837s :enable high precision: 0
DEBUG [IRDeviceParams.cpp:224] @ 0.0099948s :radialDistortionCorrectionMode: 0
DEBUG [IRDeviceParams.cpp:225] @ 0.0100058s :deviceAPI: 0
DEBUG [IRDeviceParams.cpp:226] @ 0.0100169s :useExternalProbeForReferencing: 0
DEBUG [IRDeviceParams.cpp:227] @ 0.010028s :enableMultiThreading: 0
DEBUG [IRDeviceParams.cpp:232] @ 0.0100402s :ethernetDevice.deviceIpAddress: 0.0.0.0
DEBUG [IRDeviceParams.cpp:233] @ 0.0100512s :ethernetDevice.localUdpPort: 0
DEBUG [IRDeviceParams.cpp:234] @ 0.0100623s :ethernetDevice.checkUdpSenderIp: 1
DEBUG [Cali.cpp:87] @ 0.154267s :Calibration directory path: C:\Users\u0173846\AppData\Roaming\Imager\Cali
DEBUG [Cali.cpp:88] @ 0.154296s :Calibration file name: Cali-20052193.xml
DEBUG [Cali.cpp:98] @ 0.165137s :Calibration data A: 1450 B:1500 C:4095 D:1500
INFO [IRImager.cpp:266] @ 0.275338s :Init thermal imager to 20052193 with size: 642x120@125 Hz
DEBUG [Cali.cpp:87] @ 0.275615s :Calibration directory path: C:\Users\u0173846\AppData\Roaming\Imager\Cali
DEBUG [Cali.cpp:88] @ 0.275636s :Calibration file name: Cali-20052193.xml
DEBUG [Cali.cpp:98] @ 0.27604s :Calibration data A: 1450 B:1500 C:4095 D:1500
DEBUG [IRImager.cpp:374] @ 0.276855s :Using HID control interface
DEBUG [IRImager.cpp:414] @ 0.361417s :Initialized HID control interface to device with HW:601 FW:2633
DEBUG [IRImager.cpp:435] @ 0.361472s :Frameconfig - width(in): 642, height(in): 120, interval: 80000, max framerate: 125, HW interval: 0.008
DEBUG [Cali.cpp:87] @ 0.361507s :Calibration directory path: C:\Users\u0173846\AppData\Roaming\Imager\Cali
DEBUG [Cali.cpp:88] @ 0.361522s :Calibration file name: Cali-20052193.xml
DEBUG [Cali.cpp:98] @ 0.361986s :Calibration data A: 1450 B:1500 C:4095 D:1500
DEBUG [ImageProcessing.cpp:200] @ 0.389596s :Source buffer size: 154080 Width: 642 Height: 120
DEBUG [ImageProcessing.cpp:121] @ 0.432092s :Source buffer size: 154080 Width: 642 Height: 120
DEBUG [OpSource.cpp:347] @ 0.432209s :Using formats path: .\\Formats.def
DEBUG [OpSource.cpp:598] @ 0.432384s :Format found with size: 25
DEBUG [IRImager.cpp:841] @ 0.432731s :Caught onFrameInit with size: 640x120
DEBUG [OpSource.cpp:347] @ 0.43348s :Using formats path: .\\Formats.def
DEBUG [OpSource.cpp:598] @ 0.433647s :Format found with size: 25
DEBUG [OpSource.cpp:347] @ 0.433704s :Using formats path: .\\Formats.def
DEBUG [OpCorr.cpp:467] @ 0.444076s :Read cali: C:\Users\u0173846\AppData\Roaming\Imager\Cali\Cali-20052193-33-0-250.dat
DEBUG [OpCorr.cpp:557] @ 0.44416s :Read calibration of camera no 20052193, # of fields: 6 , start of fields: 40
DEBUG [ImageProcessing.cpp:1108] @ 0.714461s :Update flag temperature: 28.5625
DEBUG [ImageProcessing.cpp:1111] @ 0.718613s :Update box temperature: 26.5
DEBUG [Cali.cpp:639] @ 0.718663s :Calibration file path: 000002A96ECA4784/000000DB58DEC7E0.xml
DEBUG [SimpleXML.cpp:238] @ 0.718787s :Failed to open file C:\Users\u0173846\AppData\Roaming\Imager\Cali\CaliExt-20052193.xml
DEBUG [IRImager.cpp:547] @ 0.730398s :Chip heating disabled
DEBUG [direct_binding.cpp:300] @ 0.740074s :evo_irimager_multi_usb_init with config: 6060300.xml
DEBUG [direct_binding.cpp:301] @ 0.740111s :evo_irimager_multi_usb_init connected returned: 1
DEBUG [IRImager.cpp:1107] @ 0.762681s :Start flag calibration
