DEBUG [IRLogger.cpp:105] @ 0.0003017s :***************************************************
DEBUG [IRLogger.cpp:106] @ 0.0004357s :* IRImagerDirect SDK                              *
DEBUG [IRLogger.cpp:107] @ 0.0004771s :***************************************************
DEBUG [IRLogger.cpp:113] @ 0.0005273s :* Native Machine:      AMD64
DEBUG [IRLogger.cpp:114] @ 0.0005886s :* Machine:             AMD64
DEBUG [IRLogger.cpp:116] @ 0.0006332s :* OS:                  Windows 10 0 19045
DEBUG [IRLogger.cpp:123] @ 0.0006781s :***************************************************
DEBUG [IRDeviceParams.cpp:204] @ 0.0100944s :Parameters
DEBUG [IRDeviceParams.cpp:205] @ 0.0101204s :serial: 17092037
DEBUG [IRDeviceParams.cpp:206] @ 0.0101326s :videoformatindex: 3
DEBUG [IRDeviceParams.cpp:207] @ 0.0101442s :fov: 0
DEBUG [IRDeviceParams.cpp:208] @ 0.0101558s :optics_text: 00000208E8581B50
DEBUG [IRDeviceParams.cpp:209] @ 0.0101672s :formatspath: 00000208E85818B0
DEBUG [IRDeviceParams.cpp:210] @ 0.0101786s :calipath: 0000000000000000
DEBUG [IRDeviceParams.cpp:211] @ 0.0101897s :temperature min: 600
DEBUG [IRDeviceParams.cpp:212] @ 0.0102008s :temperature max: 1800
DEBUG [IRDeviceParams.cpp:213] @ 0.0102147s :framerate: 1000
DEBUG [IRDeviceParams.cpp:214] @ 0.0102304s :bispectral: 0
DEBUG [IRDeviceParams.cpp:215] @ 0.0102417s :flag automatic: 0
DEBUG [IRDeviceParams.cpp:216] @ 0.0102533s :min interval: 15
DEBUG [IRDeviceParams.cpp:217] @ 0.0102645s :max interval: 0
DEBUG [IRDeviceParams.cpp:218] @ 0.0102753s :chip heating mode: 0
DEBUG [IRDeviceParams.cpp:219] @ 0.010287s :chip heating fixed val: 40
DEBUG [IRDeviceParams.cpp:220] @ 0.0102987s :focus:  -1
DEBUG [IRDeviceParams.cpp:221] @ 0.0103096s :enable extended temp range: 0
DEBUG [IRDeviceParams.cpp:222] @ 0.0103207s :buffer queue size: 5
DEBUG [IRDeviceParams.cpp:223] @ 0.0103316s :enable high precision: 0
DEBUG [IRDeviceParams.cpp:224] @ 0.0103429s :radialDistortionCorrectionMode: 0
DEBUG [IRDeviceParams.cpp:225] @ 0.0103539s :deviceAPI: 0
DEBUG [IRDeviceParams.cpp:226] @ 0.0103647s :useExternalProbeForReferencing: 0
DEBUG [IRDeviceParams.cpp:227] @ 0.0103755s :enableMultiThreading: 0
DEBUG [IRDeviceParams.cpp:232] @ 0.0103873s :ethernetDevice.deviceIpAddress: 0.0.0.0
DEBUG [IRDeviceParams.cpp:233] @ 0.010398s :ethernetDevice.localUdpPort: 0
DEBUG [IRDeviceParams.cpp:234] @ 0.010409s :ethernetDevice.checkUdpSenderIp: 1
DEBUG [Cali.cpp:87] @ 0.167627s :Calibration directory path: C:\Users\u0173846\AppData\Roaming\Imager\Cali
DEBUG [Cali.cpp:88] @ 0.167655s :Calibration file name: Cali-17092037.xml
DEBUG [Cali.cpp:98] @ 0.178021s :Calibration data A: 1450 B:470 C:4095 D:1500
INFO [IRImager.cpp:266] @ 0.199363s :Init thermal imager to 17092037 with size: 74x224@250 Hz
DEBUG [Cali.cpp:87] @ 0.199636s :Calibration directory path: C:\Users\u0173846\AppData\Roaming\Imager\Cali
DEBUG [Cali.cpp:88] @ 0.199653s :Calibration file name: Cali-17092037.xml
DEBUG [Cali.cpp:98] @ 0.199945s :Calibration data A: 1450 B:470 C:4095 D:1500
DEBUG [IRImager.cpp:374] @ 0.208188s :Using HID control interface
DEBUG [IRImager.cpp:414] @ 0.289476s :Initialized HID control interface to device with HW:2101 FW:2820
DEBUG [IRImager.cpp:435] @ 0.289527s :Frameconfig - width(in): 74, height(in): 224, interval: 40000, max framerate: 250, HW interval: 0.004
DEBUG [Cali.cpp:87] @ 0.289547s :Calibration directory path: C:\Users\u0173846\AppData\Roaming\Imager\Cali
DEBUG [Cali.cpp:88] @ 0.28956s :Calibration file name: Cali-17092037.xml
DEBUG [Cali.cpp:98] @ 0.289941s :Calibration data A: 1450 B:470 C:4095 D:1500
DEBUG [ImageProcessing.cpp:200] @ 0.294114s :Source buffer size: 33152 Width: 74 Height: 224
DEBUG [ImageProcessing.cpp:121] @ 0.331798s :Source buffer size: 33152 Width: 74 Height: 224
DEBUG [OpSource.cpp:347] @ 0.331916s :Using formats path: .\\Formats.def
DEBUG [OpSource.cpp:598] @ 0.332201s :Format found with size: 14
DEBUG [IRImager.cpp:841] @ 0.332272s :Caught onFrameInit with size: 72x56
DEBUG [OpSource.cpp:347] @ 0.332401s :Using formats path: .\\Formats.def
DEBUG [OpSource.cpp:598] @ 0.332615s :Format found with size: 14
DEBUG [OpSource.cpp:347] @ 0.332672s :Using formats path: .\\Formats.def
DEBUG [OpCorr.cpp:467] @ 0.335184s :Read cali: C:\Users\u0173846\AppData\Roaming\Imager\Cali\Cali-17092037-25-600-1800-1000.dat
DEBUG [ImageProcessing.cpp:1108] @ 0.3559s :Update flag temperature: 240.313
DEBUG [ImageProcessing.cpp:1111] @ 0.357737s :Update box temperature: 240.313
DEBUG [Cali.cpp:639] @ 0.357769s :Calibration file path: 00000208E860CAD4/00000059E5BEBF00.xml
DEBUG [SimpleXML.cpp:238] @ 0.357862s :Failed to open file C:\Users\u0173846\AppData\Roaming\Imager\Cali\CaliExt-17092037.xml
DEBUG [IRImager.cpp:547] @ 0.371134s :Chip heating disabled
DEBUG [direct_binding.cpp:300] @ 0.374706s :evo_irimager_multi_usb_init with config: 17092037.xml
DEBUG [direct_binding.cpp:301] @ 0.374745s :evo_irimager_multi_usb_init connected returned: 1
DEBUG [IRImager.cpp:1107] @ 0.437476s :Start flag calibration
