DEBUG [IRLogger.cpp:105] @ 0.434204s :***************************************************
DEBUG [IRLogger.cpp:106] @ 0.434284s :* IRImagerDirect SDK                              *
DEBUG [IRLogger.cpp:107] @ 0.434317s :***************************************************
DEBUG [IRLogger.cpp:113] @ 0.434344s :* Native Machine:      AMD64
DEBUG [IRLogger.cpp:114] @ 0.434366s :* Machine:             AMD64
DEBUG [IRLogger.cpp:116] @ 0.434395s :* OS:                  Windows 10 0 19045
DEBUG [IRLogger.cpp:123] @ 0.434413s :***************************************************
DEBUG [IRDeviceParams.cpp:204] @ 0.444698s :Parameters
DEBUG [IRDeviceParams.cpp:205] @ 0.444725s :serial: 20052193
DEBUG [IRDeviceParams.cpp:206] @ 0.444737s :videoformatindex: 1
DEBUG [IRDeviceParams.cpp:207] @ 0.444749s :fov: 33
DEBUG [IRDeviceParams.cpp:208] @ 0.444761s :optics_text: 0000020C4E9D6550
DEBUG [IRDeviceParams.cpp:209] @ 0.444772s :formatspath: 0000020C4E9D6650
DEBUG [IRDeviceParams.cpp:210] @ 0.444786s :calipath: 0000000000000000
DEBUG [IRDeviceParams.cpp:211] @ 0.444797s :temperature min: 0
DEBUG [IRDeviceParams.cpp:212] @ 0.444808s :temperature max: 250
DEBUG [IRDeviceParams.cpp:213] @ 0.444821s :framerate: 125
DEBUG [IRDeviceParams.cpp:214] @ 0.444832s :bispectral: 0
DEBUG [IRDeviceParams.cpp:215] @ 0.444843s :flag automatic: 0
DEBUG [IRDeviceParams.cpp:216] @ 0.444855s :min interval: 15
DEBUG [IRDeviceParams.cpp:217] @ 0.444867s :max interval: 0
DEBUG [IRDeviceParams.cpp:218] @ 0.444878s :chip heating mode: 0
DEBUG [IRDeviceParams.cpp:219] @ 0.44489s :chip heating fixed val: 40
DEBUG [IRDeviceParams.cpp:220] @ 0.444902s :focus:  -1
DEBUG [IRDeviceParams.cpp:221] @ 0.444913s :enable extended temp range: 0
DEBUG [IRDeviceParams.cpp:222] @ 0.444925s :buffer queue size: 5
DEBUG [IRDeviceParams.cpp:223] @ 0.444936s :enable high precision: 0
DEBUG [IRDeviceParams.cpp:224] @ 0.444948s :radialDistortionCorrectionMode: 0
DEBUG [IRDeviceParams.cpp:225] @ 0.444959s :deviceAPI: 0
DEBUG [IRDeviceParams.cpp:226] @ 0.44497s :useExternalProbeForReferencing: 0
DEBUG [IRDeviceParams.cpp:227] @ 0.444982s :enableMultiThreading: 0
DEBUG [IRDeviceParams.cpp:232] @ 0.444994s :ethernetDevice.deviceIpAddress: 0.0.0.0
DEBUG [IRDeviceParams.cpp:233] @ 0.445005s :ethernetDevice.localUdpPort: 0
DEBUG [IRDeviceParams.cpp:234] @ 0.445017s :ethernetDevice.checkUdpSenderIp: 1
DEBUG [Cali.cpp:87] @ 0.501417s :Calibration directory path: C:\Users\u0173846\AppData\Roaming\Imager\Cali
DEBUG [Cali.cpp:88] @ 0.501448s :Calibration file name: Cali-20052193.xml
DEBUG [Cali.cpp:98] @ 0.513186s :Calibration data A: 1450 B:1500 C:4095 D:1500
INFO [IRImager.cpp:266] @ 0.641482s :Init thermal imager to 20052193 with size: 642x120@125 Hz
DEBUG [Cali.cpp:87] @ 0.641782s :Calibration directory path: C:\Users\u0173846\AppData\Roaming\Imager\Cali
DEBUG [Cali.cpp:88] @ 0.641802s :Calibration file name: Cali-20052193.xml
DEBUG [Cali.cpp:98] @ 0.642204s :Calibration data A: 1450 B:1500 C:4095 D:1500
DEBUG [IRImager.cpp:374] @ 0.643014s :Using HID control interface
DEBUG [IRImager.cpp:414] @ 0.665568s :Initialized HID control interface to device with HW:601 FW:2633
DEBUG [IRImager.cpp:435] @ 0.665605s :Frameconfig - width(in): 642, height(in): 120, interval: 80000, max framerate: 125, HW interval: 0.008
DEBUG [Cali.cpp:87] @ 0.665622s :Calibration directory path: C:\Users\u0173846\AppData\Roaming\Imager\Cali
DEBUG [Cali.cpp:88] @ 0.665635s :Calibration file name: Cali-20052193.xml
DEBUG [Cali.cpp:98] @ 0.666068s :Calibration data A: 1450 B:1500 C:4095 D:1500
DEBUG [ImageProcessing.cpp:200] @ 0.693585s :Source buffer size: 154080 Width: 642 Height: 120
DEBUG [ImageProcessing.cpp:121] @ 0.733323s :Source buffer size: 154080 Width: 642 Height: 120
DEBUG [OpSource.cpp:347] @ 0.733405s :Using formats path: .\\Formats.def
DEBUG [OpSource.cpp:598] @ 0.733552s :Format found with size: 25
DEBUG [IRImager.cpp:841] @ 0.733905s :Caught onFrameInit with size: 640x120
DEBUG [OpSource.cpp:347] @ 0.734627s :Using formats path: .\\Formats.def
DEBUG [OpSource.cpp:598] @ 0.734755s :Format found with size: 25
DEBUG [OpSource.cpp:347] @ 0.734841s :Using formats path: .\\Formats.def
DEBUG [OpCorr.cpp:467] @ 0.745134s :Read cali: C:\Users\u0173846\AppData\Roaming\Imager\Cali\Cali-20052193-33-0-250.dat
DEBUG [OpCorr.cpp:557] @ 0.745229s :Read calibration of camera no 20052193, # of fields: 6 , start of fields: 40
DEBUG [ImageProcessing.cpp:1108] @ 1.0106s :Update flag temperature: 29.3125
DEBUG [ImageProcessing.cpp:1111] @ 1.01435s :Update box temperature: 26.875
DEBUG [Cali.cpp:639] @ 1.01438s :Calibration file path: 0000020C4EBF6894/000000FAA69EB1E0.xml
DEBUG [SimpleXML.cpp:238] @ 1.01446s :Failed to open file C:\Users\u0173846\AppData\Roaming\Imager\Cali\CaliExt-20052193.xml
DEBUG [IRImager.cpp:547] @ 1.02585s :Chip heating disabled
DEBUG [direct_binding.cpp:300] @ 1.03399s :evo_irimager_multi_usb_init with config: 6060300.xml
DEBUG [direct_binding.cpp:301] @ 1.03404s :evo_irimager_multi_usb_init connected returned: 1
DEBUG [IRImager.cpp:1107] @ 1.05666s :Start flag calibration
DEBUG [OpFlag.cpp:591] @ 11.1369s :SkimDiff: 0 Adjust: 0 State: 0 EMax: 8650 Emin: 8572
DEBUG [OpFlag.cpp:591] @ 11.7441s :SkimDiff: 11 Adjust: 1024 State: 3 EMax: 14696 Emin: 4390
DEBUG [ImageProcessing.cpp:526] @ 11.7564s :Skim_Adjust 2629
DEBUG [IRImager.cpp:1121] @ 11.8093s :Finished startup calibration
DEBUG [IRImager.cpp:1121] @ 11.8883s :Finished startup calibration
