DEBUG [IRLogger.cpp:105] @ 0.0002767s :***************************************************
DEBUG [IRLogger.cpp:106] @ 0.0003517s :* IRImagerDirect SDK                              *
DEBUG [IRLogger.cpp:107] @ 0.0003814s :***************************************************
DEBUG [IRLogger.cpp:113] @ 0.0004063s :* Native Machine:      AMD64
DEBUG [IRLogger.cpp:114] @ 0.0004283s :* Machine:             AMD64
DEBUG [IRLogger.cpp:116] @ 0.0004544s :* OS:                  Windows 10 0 19045
DEBUG [IRLogger.cpp:123] @ 0.0004759s :***************************************************
DEBUG [IRDeviceParams.cpp:204] @ 0.001141s :Parameters
DEBUG [IRDeviceParams.cpp:205] @ 0.0011632s :serial: 20052193
DEBUG [IRDeviceParams.cpp:206] @ 0.0011773s :videoformatindex: 1
DEBUG [IRDeviceParams.cpp:207] @ 0.00119s :fov: 33
DEBUG [IRDeviceParams.cpp:208] @ 0.0012139s :optics_text: 000001FDA39745C0
DEBUG [IRDeviceParams.cpp:209] @ 0.0012489s :formatspath: 000001FDA39744C0
DEBUG [IRDeviceParams.cpp:210] @ 0.001263s :calipath: 0000000000000000
DEBUG [IRDeviceParams.cpp:211] @ 0.0012767s :temperature min: 0
DEBUG [IRDeviceParams.cpp:212] @ 0.001289s :temperature max: 250
DEBUG [IRDeviceParams.cpp:213] @ 0.0013045s :framerate: 125
DEBUG [IRDeviceParams.cpp:214] @ 0.0013176s :bispectral: 0
DEBUG [IRDeviceParams.cpp:215] @ 0.0013292s :flag automatic: 0
DEBUG [IRDeviceParams.cpp:216] @ 0.0013414s :min interval: 15
DEBUG [IRDeviceParams.cpp:217] @ 0.0013529s :max interval: 0
DEBUG [IRDeviceParams.cpp:218] @ 0.0013645s :chip heating mode: 0
DEBUG [IRDeviceParams.cpp:219] @ 0.0013772s :chip heating fixed val: 40
DEBUG [IRDeviceParams.cpp:220] @ 0.0013899s :focus:  -1
DEBUG [IRDeviceParams.cpp:221] @ 0.001402s :enable extended temp range: 0
DEBUG [IRDeviceParams.cpp:222] @ 0.0014141s :buffer queue size: 5
DEBUG [IRDeviceParams.cpp:223] @ 0.0014259s :enable high precision: 0
DEBUG [IRDeviceParams.cpp:224] @ 0.0014384s :radialDistortionCorrectionMode: 0
DEBUG [IRDeviceParams.cpp:225] @ 0.0014499s :deviceAPI: 0
DEBUG [IRDeviceParams.cpp:226] @ 0.0014624s :useExternalProbeForReferencing: 0
DEBUG [IRDeviceParams.cpp:227] @ 0.001474s :enableMultiThreading: 0
DEBUG [IRDeviceParams.cpp:232] @ 0.0014861s :ethernetDevice.deviceIpAddress: 0.0.0.0
DEBUG [IRDeviceParams.cpp:233] @ 0.001499s :ethernetDevice.localUdpPort: 0
DEBUG [IRDeviceParams.cpp:234] @ 0.001511s :ethernetDevice.checkUdpSenderIp: 1
DEBUG [Cali.cpp:87] @ 0.148872s :Calibration directory path: C:\Users\u0173846\AppData\Roaming\Imager\Cali
DEBUG [Cali.cpp:88] @ 0.148906s :Calibration file name: Cali-20052193.xml
DEBUG [Cali.cpp:98] @ 0.149308s :Calibration data A: 1450 B:1500 C:4095 D:1500
INFO [IRImager.cpp:266] @ 0.150316s :Init thermal imager to 20052193 with size: 642x120@125 Hz
DEBUG [Cali.cpp:87] @ 0.150572s :Calibration directory path: C:\Users\u0173846\AppData\Roaming\Imager\Cali
DEBUG [Cali.cpp:88] @ 0.150591s :Calibration file name: Cali-20052193.xml
DEBUG [Cali.cpp:98] @ 0.150969s :Calibration data A: 1450 B:1500 C:4095 D:1500
DEBUG [IRImager.cpp:374] @ 0.151753s :Using HID control interface
DEBUG [IRImager.cpp:414] @ 0.238095s :Initialized HID control interface to device with HW:601 FW:2633
DEBUG [IRImager.cpp:435] @ 0.238146s :Frameconfig - width(in): 642, height(in): 120, interval: 80000, max framerate: 125, HW interval: 0.008
DEBUG [Cali.cpp:87] @ 0.238165s :Calibration directory path: C:\Users\u0173846\AppData\Roaming\Imager\Cali
DEBUG [Cali.cpp:88] @ 0.238181s :Calibration file name: Cali-20052193.xml
DEBUG [Cali.cpp:98] @ 0.238639s :Calibration data A: 1450 B:1500 C:4095 D:1500
DEBUG [ImageProcessing.cpp:200] @ 0.26645s :Source buffer size: 154080 Width: 642 Height: 120
DEBUG [ImageProcessing.cpp:121] @ 0.309108s :Source buffer size: 154080 Width: 642 Height: 120
DEBUG [OpSource.cpp:347] @ 0.309219s :Using formats path: .\\Formats.def
DEBUG [OpSource.cpp:598] @ 0.309384s :Format found with size: 25
DEBUG [IRImager.cpp:841] @ 0.309737s :Caught onFrameInit with size: 640x120
DEBUG [OpSource.cpp:347] @ 0.310508s :Using formats path: .\\Formats.def
DEBUG [OpSource.cpp:598] @ 0.31067s :Format found with size: 25
DEBUG [OpSource.cpp:347] @ 0.31073s :Using formats path: .\\Formats.def
DEBUG [OpCorr.cpp:467] @ 0.314891s :Read cali: C:\Users\u0173846\AppData\Roaming\Imager\Cali\Cali-20052193-33-0-250.dat
DEBUG [OpCorr.cpp:557] @ 0.31496s :Read calibration of camera no 20052193, # of fields: 6 , start of fields: 40
DEBUG [ImageProcessing.cpp:1108] @ 0.581125s :Update flag temperature: 31.875
DEBUG [ImageProcessing.cpp:1111] @ 0.584908s :Update box temperature: 28.9375
DEBUG [Cali.cpp:639] @ 0.584935s :Calibration file path: 000001FDA3A51E24/000000A737FEB4D0.xml
DEBUG [SimpleXML.cpp:238] @ 0.585019s :Failed to open file C:\Users\u0173846\AppData\Roaming\Imager\Cali\CaliExt-20052193.xml
DEBUG [IRImager.cpp:547] @ 0.595746s :Chip heating disabled
DEBUG [direct_binding.cpp:300] @ 0.604501s :evo_irimager_multi_usb_init with config: 6060300.xml
DEBUG [direct_binding.cpp:301] @ 0.60453s :evo_irimager_multi_usb_init connected returned: 1
DEBUG [IRImager.cpp:1107] @ 0.626521s :Start flag calibration
DEBUG [OpFlag.cpp:591] @ 11.3136s :SkimDiff: 10 Adjust: 954 State: 3 EMax: 14858 Emin: 4087
DEBUG [ImageProcessing.cpp:526] @ 11.3256s :Skim_Adjust 2628
DEBUG [IRImager.cpp:1121] @ 11.4583s :Finished startup calibration
