DEBUG [IRLogger.cpp:105] @ 0.0002589s :***************************************************
DEBUG [IRLogger.cpp:106] @ 0.0003223s :* IRImagerDirect SDK                              *
DEBUG [IRLogger.cpp:107] @ 0.0003498s :***************************************************
DEBUG [IRLogger.cpp:113] @ 0.0003747s :* Native Machine:      AMD64
DEBUG [IRLogger.cpp:114] @ 0.000397s :* Machine:             AMD64
DEBUG [IRLogger.cpp:116] @ 0.0004246s :* OS:                  Windows 10 0 19045
DEBUG [IRLogger.cpp:123] @ 0.0004445s :***************************************************
DEBUG [IRDeviceParams.cpp:204] @ 0.0010595s :Parameters
DEBUG [IRDeviceParams.cpp:205] @ 0.0010792s :serial: 17092037
DEBUG [IRDeviceParams.cpp:206] @ 0.0010923s :videoformatindex: 3
DEBUG [IRDeviceParams.cpp:207] @ 0.0011045s :fov: 0
DEBUG [IRDeviceParams.cpp:208] @ 0.0011181s :optics_text: 000001A1AC971160
DEBUG [IRDeviceParams.cpp:209] @ 0.0011313s :formatspath: 000001A1AC971000
DEBUG [IRDeviceParams.cpp:210] @ 0.0011437s :calipath: 0000000000000000
DEBUG [IRDeviceParams.cpp:211] @ 0.0011567s :temperature min: 600
DEBUG [IRDeviceParams.cpp:212] @ 0.0011689s :temperature max: 1800
DEBUG [IRDeviceParams.cpp:213] @ 0.0011846s :framerate: 1000
DEBUG [IRDeviceParams.cpp:214] @ 0.0011959s :bispectral: 0
DEBUG [IRDeviceParams.cpp:215] @ 0.0012068s :flag automatic: 0
DEBUG [IRDeviceParams.cpp:216] @ 0.0012225s :min interval: 15
DEBUG [IRDeviceParams.cpp:217] @ 0.0012581s :max interval: 0
DEBUG [IRDeviceParams.cpp:218] @ 0.0012717s :chip heating mode: 0
DEBUG [IRDeviceParams.cpp:219] @ 0.0012854s :chip heating fixed val: 40
DEBUG [IRDeviceParams.cpp:220] @ 0.001301s :focus:  -1
DEBUG [IRDeviceParams.cpp:221] @ 0.001314s :enable extended temp range: 0
DEBUG [IRDeviceParams.cpp:222] @ 0.0013278s :buffer queue size: 5
DEBUG [IRDeviceParams.cpp:223] @ 0.0013415s :enable high precision: 0
DEBUG [IRDeviceParams.cpp:224] @ 0.0013545s :radialDistortionCorrectionMode: 0
DEBUG [IRDeviceParams.cpp:225] @ 0.0013669s :deviceAPI: 0
DEBUG [IRDeviceParams.cpp:226] @ 0.0013787s :useExternalProbeForReferencing: 0
DEBUG [IRDeviceParams.cpp:227] @ 0.0013919s :enableMultiThreading: 0
DEBUG [IRDeviceParams.cpp:232] @ 0.0014051s :ethernetDevice.deviceIpAddress: 0.0.0.0
DEBUG [IRDeviceParams.cpp:233] @ 0.0014184s :ethernetDevice.localUdpPort: 0
DEBUG [IRDeviceParams.cpp:234] @ 0.0014318s :ethernetDevice.checkUdpSenderIp: 1
DEBUG [Cali.cpp:87] @ 0.149575s :Calibration directory path: C:\Users\u0173846\AppData\Roaming\Imager\Cali
DEBUG [Cali.cpp:88] @ 0.149605s :Calibration file name: Cali-17092037.xml
DEBUG [Cali.cpp:98] @ 0.149956s :Calibration data A: 1450 B:470 C:4095 D:1500
INFO [IRImager.cpp:266] @ 0.150532s :Init thermal imager to 17092037 with size: 74x224@250 Hz
DEBUG [Cali.cpp:87] @ 0.150797s :Calibration directory path: C:\Users\u0173846\AppData\Roaming\Imager\Cali
DEBUG [Cali.cpp:88] @ 0.150813s :Calibration file name: Cali-17092037.xml
DEBUG [Cali.cpp:98] @ 0.151083s :Calibration data A: 1450 B:470 C:4095 D:1500
DEBUG [IRImager.cpp:374] @ 0.151695s :Using HID control interface
DEBUG [IRImager.cpp:414] @ 0.233194s :Initialized HID control interface to device with HW:2101 FW:2820
DEBUG [IRImager.cpp:435] @ 0.233256s :Frameconfig - width(in): 74, height(in): 224, interval: 40000, max framerate: 250, HW interval: 0.004
DEBUG [Cali.cpp:87] @ 0.233277s :Calibration directory path: C:\Users\u0173846\AppData\Roaming\Imager\Cali
DEBUG [Cali.cpp:88] @ 0.233291s :Calibration file name: Cali-17092037.xml
DEBUG [Cali.cpp:98] @ 0.233697s :Calibration data A: 1450 B:470 C:4095 D:1500
DEBUG [ImageProcessing.cpp:200] @ 0.237935s :Source buffer size: 33152 Width: 74 Height: 224
DEBUG [ImageProcessing.cpp:121] @ 0.273154s :Source buffer size: 33152 Width: 74 Height: 224
DEBUG [OpSource.cpp:347] @ 0.273263s :Using formats path: .\\Formats.def
DEBUG [OpSource.cpp:598] @ 0.273488s :Format found with size: 14
DEBUG [IRImager.cpp:841] @ 0.273556s :Caught onFrameInit with size: 72x56
DEBUG [OpSource.cpp:347] @ 0.273673s :Using formats path: .\\Formats.def
DEBUG [OpSource.cpp:598] @ 0.273892s :Format found with size: 14
DEBUG [OpSource.cpp:347] @ 0.273957s :Using formats path: .\\Formats.def
DEBUG [OpCorr.cpp:467] @ 0.276229s :Read cali: C:\Users\u0173846\AppData\Roaming\Imager\Cali\Cali-17092037-25-600-1800-1000.dat
DEBUG [ImageProcessing.cpp:1108] @ 0.296567s :Update flag temperature: 240.313
DEBUG [ImageProcessing.cpp:1111] @ 0.29845s :Update box temperature: 240.313
DEBUG [Cali.cpp:639] @ 0.298491s :Calibration file path: 000001A1ACA4C604/00000024F41EC430.xml
DEBUG [SimpleXML.cpp:238] @ 0.29861s :Failed to open file C:\Users\u0173846\AppData\Roaming\Imager\Cali\CaliExt-17092037.xml
DEBUG [IRImager.cpp:547] @ 0.311928s :Chip heating disabled
DEBUG [direct_binding.cpp:300] @ 0.315864s :evo_irimager_multi_usb_init with config: 17092037.xml
DEBUG [direct_binding.cpp:301] @ 0.315903s :evo_irimager_multi_usb_init connected returned: 1
DEBUG [IRImager.cpp:1107] @ 0.378387s :Start flag calibration
