DEBUG [IRLogger.cpp:105] @ 0.383331s :***************************************************
DEBUG [IRLogger.cpp:106] @ 0.383438s :* IRImagerDirect SDK                              *
DEBUG [IRLogger.cpp:107] @ 0.383484s :***************************************************
DEBUG [IRLogger.cpp:113] @ 0.383529s :* Native Machine:      AMD64
DEBUG [IRLogger.cpp:114] @ 0.383569s :* Machine:             AMD64
DEBUG [IRLogger.cpp:116] @ 0.383621s :* OS:                  Windows 10 0 19045
DEBUG [IRLogger.cpp:123] @ 0.383658s :***************************************************
DEBUG [IRDeviceParams.cpp:204] @ 0.384603s :Parameters
DEBUG [IRDeviceParams.cpp:205] @ 0.384646s :serial: 20052193
DEBUG [IRDeviceParams.cpp:206] @ 0.384696s :videoformatindex: 1
DEBUG [IRDeviceParams.cpp:207] @ 0.384721s :fov: 33
DEBUG [IRDeviceParams.cpp:208] @ 0.384747s :optics_text: 0000020C68E40870
DEBUG [IRDeviceParams.cpp:209] @ 0.384775s :formatspath: 0000020C68E40510
DEBUG [IRDeviceParams.cpp:210] @ 0.3848s :calipath: 0000000000000000
DEBUG [IRDeviceParams.cpp:211] @ 0.384826s :temperature min: 0
DEBUG [IRDeviceParams.cpp:212] @ 0.384849s :temperature max: 250
DEBUG [IRDeviceParams.cpp:213] @ 0.384872s :framerate: 125
DEBUG [IRDeviceParams.cpp:214] @ 0.384894s :bispectral: 0
DEBUG [IRDeviceParams.cpp:215] @ 0.384919s :flag automatic: 0
DEBUG [IRDeviceParams.cpp:216] @ 0.384943s :min interval: 15
DEBUG [IRDeviceParams.cpp:217] @ 0.384967s :max interval: 0
DEBUG [IRDeviceParams.cpp:218] @ 0.384994s :chip heating mode: 0
DEBUG [IRDeviceParams.cpp:219] @ 0.38502s :chip heating fixed val: 40
DEBUG [IRDeviceParams.cpp:220] @ 0.385051s :focus:  -1
DEBUG [IRDeviceParams.cpp:221] @ 0.385078s :enable extended temp range: 0
DEBUG [IRDeviceParams.cpp:222] @ 0.385105s :buffer queue size: 5
DEBUG [IRDeviceParams.cpp:223] @ 0.385131s :enable high precision: 0
DEBUG [IRDeviceParams.cpp:224] @ 0.385161s :radialDistortionCorrectionMode: 0
DEBUG [IRDeviceParams.cpp:225] @ 0.385187s :deviceAPI: 0
DEBUG [IRDeviceParams.cpp:226] @ 0.385211s :useExternalProbeForReferencing: 0
DEBUG [IRDeviceParams.cpp:227] @ 0.385238s :enableMultiThreading: 0
DEBUG [IRDeviceParams.cpp:232] @ 0.385262s :ethernetDevice.deviceIpAddress: 0.0.0.0
DEBUG [IRDeviceParams.cpp:233] @ 0.385274s :ethernetDevice.localUdpPort: 0
DEBUG [IRDeviceParams.cpp:234] @ 0.385307s :ethernetDevice.checkUdpSenderIp: 1
DEBUG [Cali.cpp:87] @ 0.45188s :Calibration directory path: C:\Users\u0173846\AppData\Roaming\Imager\Cali
DEBUG [Cali.cpp:88] @ 0.451909s :Calibration file name: Cali-20052193.xml
DEBUG [Cali.cpp:98] @ 0.452334s :Calibration data A: 1450 B:1500 C:4095 D:1500
INFO [IRImager.cpp:266] @ 0.45335s :Init thermal imager to 20052193 with size: 642x120@125 Hz
DEBUG [Cali.cpp:87] @ 0.45361s :Calibration directory path: C:\Users\u0173846\AppData\Roaming\Imager\Cali
DEBUG [Cali.cpp:88] @ 0.453625s :Calibration file name: Cali-20052193.xml
DEBUG [Cali.cpp:98] @ 0.454039s :Calibration data A: 1450 B:1500 C:4095 D:1500
DEBUG [IRImager.cpp:374] @ 0.454885s :Using HID control interface
DEBUG [IRImager.cpp:414] @ 0.477398s :Initialized HID control interface to device with HW:601 FW:2633
DEBUG [IRImager.cpp:435] @ 0.477435s :Frameconfig - width(in): 642, height(in): 120, interval: 80000, max framerate: 125, HW interval: 0.008
DEBUG [Cali.cpp:87] @ 0.477452s :Calibration directory path: C:\Users\u0173846\AppData\Roaming\Imager\Cali
DEBUG [Cali.cpp:88] @ 0.477465s :Calibration file name: Cali-20052193.xml
DEBUG [Cali.cpp:98] @ 0.477925s :Calibration data A: 1450 B:1500 C:4095 D:1500
DEBUG [ImageProcessing.cpp:200] @ 0.505603s :Source buffer size: 154080 Width: 642 Height: 120
DEBUG [ImageProcessing.cpp:121] @ 0.545717s :Source buffer size: 154080 Width: 642 Height: 120
DEBUG [OpSource.cpp:347] @ 0.545785s :Using formats path: .\\Formats.def
DEBUG [OpSource.cpp:598] @ 0.545931s :Format found with size: 25
DEBUG [IRImager.cpp:841] @ 0.546259s :Caught onFrameInit with size: 640x120
DEBUG [OpSource.cpp:347] @ 0.546911s :Using formats path: .\\Formats.def
DEBUG [OpSource.cpp:598] @ 0.547037s :Format found with size: 25
DEBUG [OpSource.cpp:347] @ 0.54712s :Using formats path: .\\Formats.def
DEBUG [OpCorr.cpp:467] @ 0.551486s :Read cali: C:\Users\u0173846\AppData\Roaming\Imager\Cali\Cali-20052193-33-0-250.dat
DEBUG [OpCorr.cpp:557] @ 0.551556s :Read calibration of camera no 20052193, # of fields: 6 , start of fields: 40
DEBUG [ImageProcessing.cpp:1108] @ 0.815207s :Update flag temperature: 29.25
DEBUG [ImageProcessing.cpp:1111] @ 0.818954s :Update box temperature: 27
DEBUG [Cali.cpp:639] @ 0.818982s :Calibration file path: 0000020C68EC5D44/00000077681EC990.xml
DEBUG [SimpleXML.cpp:238] @ 0.81908s :Failed to open file C:\Users\u0173846\AppData\Roaming\Imager\Cali\CaliExt-20052193.xml
DEBUG [IRImager.cpp:547] @ 0.829848s :Chip heating disabled
DEBUG [direct_binding.cpp:300] @ 0.838083s :evo_irimager_multi_usb_init with config: 6060300.xml
DEBUG [direct_binding.cpp:301] @ 0.838113s :evo_irimager_multi_usb_init connected returned: 1
DEBUG [IRImager.cpp:1107] @ 0.860343s :Start flag calibration
