DEBUG [IRLogger.cpp:105] @ 0.0002729s :***************************************************
DEBUG [IRLogger.cpp:106] @ 0.0003546s :* IRImagerDirect SDK                              *
DEBUG [IRLogger.cpp:107] @ 0.0003834s :***************************************************
DEBUG [IRLogger.cpp:113] @ 0.0004144s :* Native Machine:      AMD64
DEBUG [IRLogger.cpp:114] @ 0.0004418s :* Machine:             AMD64
DEBUG [IRLogger.cpp:116] @ 0.0004707s :* OS:                  Windows 10 0 19045
DEBUG [IRLogger.cpp:123] @ 0.0004922s :***************************************************
DEBUG [IRDeviceParams.cpp:204] @ 0.0010883s :Parameters
DEBUG [IRDeviceParams.cpp:205] @ 0.0011094s :serial: 17092037
DEBUG [IRDeviceParams.cpp:206] @ 0.0011221s :videoformatindex: 3
DEBUG [IRDeviceParams.cpp:207] @ 0.0011347s :fov: 0
DEBUG [IRDeviceParams.cpp:208] @ 0.0011471s :optics_text: 000002989B0F6A20
DEBUG [IRDeviceParams.cpp:209] @ 0.001159s :formatspath: 000002989B0F6CC0
DEBUG [IRDeviceParams.cpp:210] @ 0.0011709s :calipath: 0000000000000000
DEBUG [IRDeviceParams.cpp:211] @ 0.0011818s :temperature min: 600
DEBUG [IRDeviceParams.cpp:212] @ 0.0011928s :temperature max: 1800
DEBUG [IRDeviceParams.cpp:213] @ 0.0012081s :framerate: 1000
DEBUG [IRDeviceParams.cpp:214] @ 0.0012389s :bispectral: 0
DEBUG [IRDeviceParams.cpp:215] @ 0.0012524s :flag automatic: 0
DEBUG [IRDeviceParams.cpp:216] @ 0.0012661s :min interval: 15
DEBUG [IRDeviceParams.cpp:217] @ 0.0012793s :max interval: 0
DEBUG [IRDeviceParams.cpp:218] @ 0.0012911s :chip heating mode: 0
DEBUG [IRDeviceParams.cpp:219] @ 0.0013044s :chip heating fixed val: 40
DEBUG [IRDeviceParams.cpp:220] @ 0.001317s :focus:  -1
DEBUG [IRDeviceParams.cpp:221] @ 0.00133s :enable extended temp range: 0
DEBUG [IRDeviceParams.cpp:222] @ 0.0013421s :buffer queue size: 5
DEBUG [IRDeviceParams.cpp:223] @ 0.0013546s :enable high precision: 0
DEBUG [IRDeviceParams.cpp:224] @ 0.0013663s :radialDistortionCorrectionMode: 0
DEBUG [IRDeviceParams.cpp:225] @ 0.0013794s :deviceAPI: 0
DEBUG [IRDeviceParams.cpp:226] @ 0.0013913s :useExternalProbeForReferencing: 0
DEBUG [IRDeviceParams.cpp:227] @ 0.0014038s :enableMultiThreading: 0
DEBUG [IRDeviceParams.cpp:232] @ 0.0014171s :ethernetDevice.deviceIpAddress: 0.0.0.0
DEBUG [IRDeviceParams.cpp:233] @ 0.0014294s :ethernetDevice.localUdpPort: 0
DEBUG [IRDeviceParams.cpp:234] @ 0.0014415s :ethernetDevice.checkUdpSenderIp: 1
DEBUG [Cali.cpp:87] @ 0.14859s :Calibration directory path: C:\Users\u0173846\AppData\Roaming\Imager\Cali
DEBUG [Cali.cpp:88] @ 0.14862s :Calibration file name: Cali-17092037.xml
DEBUG [Cali.cpp:98] @ 0.148928s :Calibration data A: 1450 B:470 C:4095 D:1500
INFO [IRImager.cpp:266] @ 0.149481s :Init thermal imager to 17092037 with size: 74x224@250 Hz
DEBUG [Cali.cpp:87] @ 0.149755s :Calibration directory path: C:\Users\u0173846\AppData\Roaming\Imager\Cali
DEBUG [Cali.cpp:88] @ 0.149771s :Calibration file name: Cali-17092037.xml
DEBUG [Cali.cpp:98] @ 0.150035s :Calibration data A: 1450 B:470 C:4095 D:1500
DEBUG [IRImager.cpp:374] @ 0.15065s :Using HID control interface
DEBUG [IRImager.cpp:414] @ 0.23187s :Initialized HID control interface to device with HW:2101 FW:2820
DEBUG [IRImager.cpp:435] @ 0.231918s :Frameconfig - width(in): 74, height(in): 224, interval: 40000, max framerate: 250, HW interval: 0.004
DEBUG [Cali.cpp:87] @ 0.231936s :Calibration directory path: C:\Users\u0173846\AppData\Roaming\Imager\Cali
DEBUG [Cali.cpp:88] @ 0.231948s :Calibration file name: Cali-17092037.xml
DEBUG [Cali.cpp:98] @ 0.232293s :Calibration data A: 1450 B:470 C:4095 D:1500
DEBUG [ImageProcessing.cpp:200] @ 0.23678s :Source buffer size: 33152 Width: 74 Height: 224
DEBUG [ImageProcessing.cpp:121] @ 0.275039s :Source buffer size: 33152 Width: 74 Height: 224
DEBUG [OpSource.cpp:347] @ 0.275151s :Using formats path: .\\Formats.def
DEBUG [OpSource.cpp:598] @ 0.275386s :Format found with size: 14
DEBUG [IRImager.cpp:841] @ 0.275493s :Caught onFrameInit with size: 72x56
DEBUG [OpSource.cpp:347] @ 0.275635s :Using formats path: .\\Formats.def
DEBUG [OpSource.cpp:598] @ 0.2759s :Format found with size: 14
DEBUG [OpSource.cpp:347] @ 0.275976s :Using formats path: .\\Formats.def
DEBUG [OpCorr.cpp:467] @ 0.278416s :Read cali: C:\Users\u0173846\AppData\Roaming\Imager\Cali\Cali-17092037-25-600-1800-1000.dat
DEBUG [ImageProcessing.cpp:1108] @ 0.298313s :Update flag temperature: 240.336
DEBUG [ImageProcessing.cpp:1111] @ 0.300478s :Update box temperature: 240.336
DEBUG [Cali.cpp:639] @ 0.300521s :Calibration file path: 000002989B17F344/000000DD3FBEC4D0.xml
DEBUG [SimpleXML.cpp:238] @ 0.300632s :Failed to open file C:\Users\u0173846\AppData\Roaming\Imager\Cali\CaliExt-17092037.xml
DEBUG [IRImager.cpp:547] @ 0.313116s :Chip heating disabled
DEBUG [direct_binding.cpp:300] @ 0.317278s :evo_irimager_multi_usb_init with config: 17092037.xml
DEBUG [direct_binding.cpp:301] @ 0.317317s :evo_irimager_multi_usb_init connected returned: 1
DEBUG [IRImager.cpp:1107] @ 0.380149s :Start flag calibration
DEBUG [OpFlag.cpp:591] @ 11.0839s :SkimDiff: 0 Adjust: 0 State: 0 EMax: 8651 Emin: 8573
DEBUG [IRImager.cpp:1121] @ 11.7722s :Finished startup calibration
