DEBUG [IRLogger.cpp:105] @ 0.0003053s :***************************************************
DEBUG [IRLogger.cpp:106] @ 0.0004216s :* IRImagerDirect SDK                              *
DEBUG [IRLogger.cpp:107] @ 0.0004708s :***************************************************
DEBUG [IRLogger.cpp:113] @ 0.0005202s :* Native Machine:      AMD64
DEBUG [IRLogger.cpp:114] @ 0.0005551s :* Machine:             AMD64
DEBUG [IRLogger.cpp:116] @ 0.0005981s :* OS:                  Windows 10 0 19045
DEBUG [IRLogger.cpp:123] @ 0.0006587s :***************************************************
DEBUG [IRDeviceParams.cpp:204] @ 0.0013268s :Parameters
DEBUG [IRDeviceParams.cpp:205] @ 0.0013468s :serial: 17092037
DEBUG [IRDeviceParams.cpp:206] @ 0.0013587s :videoformatindex: 3
DEBUG [IRDeviceParams.cpp:207] @ 0.0013701s :fov: 0
DEBUG [IRDeviceParams.cpp:208] @ 0.0013813s :optics_text: 000002100A23D990
DEBUG [IRDeviceParams.cpp:209] @ 0.0013927s :formatspath: 000002100A23D890
DEBUG [IRDeviceParams.cpp:210] @ 0.0014039s :calipath: 0000000000000000
DEBUG [IRDeviceParams.cpp:211] @ 0.0014155s :temperature min: 600
DEBUG [IRDeviceParams.cpp:212] @ 0.0014264s :temperature max: 1800
DEBUG [IRDeviceParams.cpp:213] @ 0.0014402s :framerate: 1000
DEBUG [IRDeviceParams.cpp:214] @ 0.0014514s :bispectral: 0
DEBUG [IRDeviceParams.cpp:215] @ 0.001462s :flag automatic: 0
DEBUG [IRDeviceParams.cpp:216] @ 0.0014734s :min interval: 15
DEBUG [IRDeviceParams.cpp:217] @ 0.0014843s :max interval: 0
DEBUG [IRDeviceParams.cpp:218] @ 0.0014949s :chip heating mode: 0
DEBUG [IRDeviceParams.cpp:219] @ 0.0015062s :chip heating fixed val: 40
DEBUG [IRDeviceParams.cpp:220] @ 0.0015178s :focus:  -1
DEBUG [IRDeviceParams.cpp:221] @ 0.0015286s :enable extended temp range: 0
DEBUG [IRDeviceParams.cpp:222] @ 0.0015396s :buffer queue size: 5
DEBUG [IRDeviceParams.cpp:223] @ 0.0015517s :enable high precision: 0
DEBUG [IRDeviceParams.cpp:224] @ 0.0015627s :radialDistortionCorrectionMode: 0
DEBUG [IRDeviceParams.cpp:225] @ 0.0015736s :deviceAPI: 0
DEBUG [IRDeviceParams.cpp:226] @ 0.0015843s :useExternalProbeForReferencing: 0
DEBUG [IRDeviceParams.cpp:227] @ 0.001595s :enableMultiThreading: 0
DEBUG [IRDeviceParams.cpp:232] @ 0.0016069s :ethernetDevice.deviceIpAddress: 0.0.0.0
DEBUG [IRDeviceParams.cpp:233] @ 0.0016175s :ethernetDevice.localUdpPort: 0
DEBUG [IRDeviceParams.cpp:234] @ 0.0016284s :ethernetDevice.checkUdpSenderIp: 1
DEBUG [Cali.cpp:87] @ 0.147892s :Calibration directory path: C:\Users\u0173846\AppData\Roaming\Imager\Cali
DEBUG [Cali.cpp:88] @ 0.14792s :Calibration file name: Cali-17092037.xml
DEBUG [Cali.cpp:98] @ 0.148214s :Calibration data A: 1450 B:470 C:4095 D:1500
INFO [IRImager.cpp:266] @ 0.148775s :Init thermal imager to 17092037 with size: 74x224@250 Hz
DEBUG [Cali.cpp:87] @ 0.149036s :Calibration directory path: C:\Users\u0173846\AppData\Roaming\Imager\Cali
DEBUG [Cali.cpp:88] @ 0.149052s :Calibration file name: Cali-17092037.xml
DEBUG [Cali.cpp:98] @ 0.149315s :Calibration data A: 1450 B:470 C:4095 D:1500
DEBUG [IRImager.cpp:374] @ 0.149914s :Using HID control interface
DEBUG [IRImager.cpp:414] @ 0.232059s :Initialized HID control interface to device with HW:2101 FW:2820
DEBUG [IRImager.cpp:435] @ 0.232106s :Frameconfig - width(in): 74, height(in): 224, interval: 40000, max framerate: 250, HW interval: 0.004
DEBUG [Cali.cpp:87] @ 0.232125s :Calibration directory path: C:\Users\u0173846\AppData\Roaming\Imager\Cali
DEBUG [Cali.cpp:88] @ 0.232137s :Calibration file name: Cali-17092037.xml
DEBUG [Cali.cpp:98] @ 0.2325s :Calibration data A: 1450 B:470 C:4095 D:1500
DEBUG [ImageProcessing.cpp:200] @ 0.236817s :Source buffer size: 33152 Width: 74 Height: 224
DEBUG [ImageProcessing.cpp:121] @ 0.270843s :Source buffer size: 33152 Width: 74 Height: 224
DEBUG [OpSource.cpp:347] @ 0.270958s :Using formats path: .\\Formats.def
DEBUG [OpSource.cpp:598] @ 0.271186s :Format found with size: 14
DEBUG [IRImager.cpp:841] @ 0.27125s :Caught onFrameInit with size: 72x56
DEBUG [OpSource.cpp:347] @ 0.271366s :Using formats path: .\\Formats.def
DEBUG [OpSource.cpp:598] @ 0.271591s :Format found with size: 14
DEBUG [OpSource.cpp:347] @ 0.271655s :Using formats path: .\\Formats.def
DEBUG [OpCorr.cpp:467] @ 0.273918s :Read cali: C:\Users\u0173846\AppData\Roaming\Imager\Cali\Cali-17092037-25-600-1800-1000.dat
DEBUG [ImageProcessing.cpp:1108] @ 0.294426s :Update flag temperature: 240.375
DEBUG [ImageProcessing.cpp:1111] @ 0.296534s :Update box temperature: 240.375
DEBUG [Cali.cpp:639] @ 0.296583s :Calibration file path: 000002100A281234/00000095D53EAB50.xml
DEBUG [SimpleXML.cpp:238] @ 0.2967s :Failed to open file C:\Users\u0173846\AppData\Roaming\Imager\Cali\CaliExt-17092037.xml
DEBUG [IRImager.cpp:547] @ 0.309004s :Chip heating disabled
DEBUG [direct_binding.cpp:300] @ 0.312486s :evo_irimager_multi_usb_init with config: 17092037.xml
DEBUG [direct_binding.cpp:301] @ 0.312529s :evo_irimager_multi_usb_init connected returned: 1
DEBUG [IRImager.cpp:1107] @ 0.374832s :Start flag calibration
