DEBUG [IRLogger.cpp:105] @ 0.451832s :***************************************************
DEBUG [IRLogger.cpp:106] @ 0.451955s :* IRImagerDirect SDK                              *
DEBUG [IRLogger.cpp:107] @ 0.452001s :***************************************************
DEBUG [IRLogger.cpp:113] @ 0.452034s :* Native Machine:      AMD64
DEBUG [IRLogger.cpp:114] @ 0.452076s :* Machine:             AMD64
DEBUG [IRLogger.cpp:116] @ 0.452129s :* OS:                  Windows 10 0 19045
DEBUG [IRLogger.cpp:123] @ 0.452157s :***************************************************
DEBUG [IRDeviceParams.cpp:204] @ 0.463867s :Parameters
DEBUG [IRDeviceParams.cpp:205] @ 0.463893s :serial: 20052193
DEBUG [IRDeviceParams.cpp:206] @ 0.463905s :videoformatindex: 1
DEBUG [IRDeviceParams.cpp:207] @ 0.463916s :fov: 33
DEBUG [IRDeviceParams.cpp:208] @ 0.463928s :optics_text: 00000264FA6F27D0
DEBUG [IRDeviceParams.cpp:209] @ 0.463939s :formatspath: 00000264FA6F27E0
DEBUG [IRDeviceParams.cpp:210] @ 0.463951s :calipath: 0000000000000000
DEBUG [IRDeviceParams.cpp:211] @ 0.463962s :temperature min: 0
DEBUG [IRDeviceParams.cpp:212] @ 0.463973s :temperature max: 250
DEBUG [IRDeviceParams.cpp:213] @ 0.463985s :framerate: 125
DEBUG [IRDeviceParams.cpp:214] @ 0.463996s :bispectral: 0
DEBUG [IRDeviceParams.cpp:215] @ 0.464007s :flag automatic: 0
DEBUG [IRDeviceParams.cpp:216] @ 0.464018s :min interval: 15
DEBUG [IRDeviceParams.cpp:217] @ 0.464029s :max interval: 0
DEBUG [IRDeviceParams.cpp:218] @ 0.46404s :chip heating mode: 0
DEBUG [IRDeviceParams.cpp:219] @ 0.464052s :chip heating fixed val: 40
DEBUG [IRDeviceParams.cpp:220] @ 0.464063s :focus:  -1
DEBUG [IRDeviceParams.cpp:221] @ 0.464074s :enable extended temp range: 0
DEBUG [IRDeviceParams.cpp:222] @ 0.464085s :buffer queue size: 5
DEBUG [IRDeviceParams.cpp:223] @ 0.464096s :enable high precision: 0
DEBUG [IRDeviceParams.cpp:224] @ 0.464108s :radialDistortionCorrectionMode: 0
DEBUG [IRDeviceParams.cpp:225] @ 0.464119s :deviceAPI: 0
DEBUG [IRDeviceParams.cpp:226] @ 0.46413s :useExternalProbeForReferencing: 0
DEBUG [IRDeviceParams.cpp:227] @ 0.464141s :enableMultiThreading: 0
DEBUG [IRDeviceParams.cpp:232] @ 0.464153s :ethernetDevice.deviceIpAddress: 0.0.0.0
DEBUG [IRDeviceParams.cpp:233] @ 0.464163s :ethernetDevice.localUdpPort: 0
DEBUG [IRDeviceParams.cpp:234] @ 0.464174s :ethernetDevice.checkUdpSenderIp: 1
DEBUG [Cali.cpp:87] @ 0.522375s :Calibration directory path: C:\Users\u0173846\AppData\Roaming\Imager\Cali
DEBUG [Cali.cpp:88] @ 0.522407s :Calibration file name: Cali-20052193.xml
DEBUG [Cali.cpp:98] @ 0.534939s :Calibration data A: 1450 B:1500 C:4095 D:1500
INFO [IRImager.cpp:266] @ 0.676149s :Init thermal imager to 20052193 with size: 642x120@125 Hz
DEBUG [Cali.cpp:87] @ 0.676433s :Calibration directory path: C:\Users\u0173846\AppData\Roaming\Imager\Cali
DEBUG [Cali.cpp:88] @ 0.676451s :Calibration file name: Cali-20052193.xml
DEBUG [Cali.cpp:98] @ 0.676853s :Calibration data A: 1450 B:1500 C:4095 D:1500
DEBUG [IRImager.cpp:374] @ 0.677662s :Using HID control interface
DEBUG [IRImager.cpp:414] @ 0.700295s :Initialized HID control interface to device with HW:601 FW:2633
DEBUG [IRImager.cpp:435] @ 0.700338s :Frameconfig - width(in): 642, height(in): 120, interval: 80000, max framerate: 125, HW interval: 0.008
DEBUG [Cali.cpp:87] @ 0.700355s :Calibration directory path: C:\Users\u0173846\AppData\Roaming\Imager\Cali
DEBUG [Cali.cpp:88] @ 0.700368s :Calibration file name: Cali-20052193.xml
DEBUG [Cali.cpp:98] @ 0.700842s :Calibration data A: 1450 B:1500 C:4095 D:1500
DEBUG [ImageProcessing.cpp:200] @ 0.728552s :Source buffer size: 154080 Width: 642 Height: 120
DEBUG [ImageProcessing.cpp:121] @ 0.767915s :Source buffer size: 154080 Width: 642 Height: 120
DEBUG [OpSource.cpp:347] @ 0.768012s :Using formats path: .\\Formats.def
DEBUG [OpSource.cpp:598] @ 0.768169s :Format found with size: 25
DEBUG [IRImager.cpp:841] @ 0.768613s :Caught onFrameInit with size: 640x120
DEBUG [OpSource.cpp:347] @ 0.769643s :Using formats path: .\\Formats.def
DEBUG [OpSource.cpp:598] @ 0.769777s :Format found with size: 25
DEBUG [OpSource.cpp:347] @ 0.769868s :Using formats path: .\\Formats.def
DEBUG [OpCorr.cpp:467] @ 0.780352s :Read cali: C:\Users\u0173846\AppData\Roaming\Imager\Cali\Cali-20052193-33-0-250.dat
DEBUG [OpCorr.cpp:557] @ 0.780438s :Read calibration of camera no 20052193, # of fields: 6 , start of fields: 40
DEBUG [ImageProcessing.cpp:1108] @ 1.04641s :Update flag temperature: 28.6875
DEBUG [ImageProcessing.cpp:1111] @ 1.05025s :Update box temperature: 26.8125
DEBUG [Cali.cpp:639] @ 1.05029s :Calibration file path: 00000264FA62FBF4/0000006EB69EADC0.xml
DEBUG [SimpleXML.cpp:238] @ 1.05044s :Failed to open file C:\Users\u0173846\AppData\Roaming\Imager\Cali\CaliExt-20052193.xml
DEBUG [IRImager.cpp:547] @ 1.06129s :Chip heating disabled
DEBUG [direct_binding.cpp:300] @ 1.06945s :evo_irimager_multi_usb_init with config: 6060300.xml
DEBUG [direct_binding.cpp:301] @ 1.06949s :evo_irimager_multi_usb_init connected returned: 1
DEBUG [IRImager.cpp:1107] @ 1.09154s :Start flag calibration
