DEBUG [IRLogger.cpp:105] @ 0.0002534s :***************************************************
DEBUG [IRLogger.cpp:106] @ 0.0003267s :* IRImagerDirect SDK                              *
DEBUG [IRLogger.cpp:107] @ 0.0003572s :***************************************************
DEBUG [IRLogger.cpp:113] @ 0.0003827s :* Native Machine:      AMD64
DEBUG [IRLogger.cpp:114] @ 0.000406s :* Machine:             AMD64
DEBUG [IRLogger.cpp:116] @ 0.0004316s :* OS:                  Windows 10 0 19045
DEBUG [IRLogger.cpp:123] @ 0.000452s :***************************************************
DEBUG [IRDeviceParams.cpp:204] @ 0.0010556s :Parameters
DEBUG [IRDeviceParams.cpp:205] @ 0.0011109s :serial: 20052193
DEBUG [IRDeviceParams.cpp:206] @ 0.0011609s :videoformatindex: 1
DEBUG [IRDeviceParams.cpp:207] @ 0.0011753s :fov: 33
DEBUG [IRDeviceParams.cpp:208] @ 0.0011888s :optics_text: 000001EC7FC91940
DEBUG [IRDeviceParams.cpp:209] @ 0.0012016s :formatspath: 000001EC7FC91960
DEBUG [IRDeviceParams.cpp:210] @ 0.0012143s :calipath: 0000000000000000
DEBUG [IRDeviceParams.cpp:211] @ 0.0012275s :temperature min: 0
DEBUG [IRDeviceParams.cpp:212] @ 0.0012398s :temperature max: 250
DEBUG [IRDeviceParams.cpp:213] @ 0.0012578s :framerate: 125
DEBUG [IRDeviceParams.cpp:214] @ 0.0012703s :bispectral: 0
DEBUG [IRDeviceParams.cpp:215] @ 0.001282s :flag automatic: 0
DEBUG [IRDeviceParams.cpp:216] @ 0.0012946s :min interval: 15
DEBUG [IRDeviceParams.cpp:217] @ 0.001307s :max interval: 0
DEBUG [IRDeviceParams.cpp:218] @ 0.001319s :chip heating mode: 0
DEBUG [IRDeviceParams.cpp:219] @ 0.0013328s :chip heating fixed val: 40
DEBUG [IRDeviceParams.cpp:220] @ 0.0013458s :focus:  -1
DEBUG [IRDeviceParams.cpp:221] @ 0.0013569s :enable extended temp range: 0
DEBUG [IRDeviceParams.cpp:222] @ 0.0013684s :buffer queue size: 5
DEBUG [IRDeviceParams.cpp:223] @ 0.0013804s :enable high precision: 0
DEBUG [IRDeviceParams.cpp:224] @ 0.0013922s :radialDistortionCorrectionMode: 0
DEBUG [IRDeviceParams.cpp:225] @ 0.0014044s :deviceAPI: 0
DEBUG [IRDeviceParams.cpp:226] @ 0.0014172s :useExternalProbeForReferencing: 0
DEBUG [IRDeviceParams.cpp:227] @ 0.0014292s :enableMultiThreading: 0
DEBUG [IRDeviceParams.cpp:232] @ 0.0014415s :ethernetDevice.deviceIpAddress: 0.0.0.0
DEBUG [IRDeviceParams.cpp:233] @ 0.0014532s :ethernetDevice.localUdpPort: 0
DEBUG [IRDeviceParams.cpp:234] @ 0.001465s :ethernetDevice.checkUdpSenderIp: 1
DEBUG [Cali.cpp:87] @ 0.149273s :Calibration directory path: C:\Users\u0173846\AppData\Roaming\Imager\Cali
DEBUG [Cali.cpp:88] @ 0.149301s :Calibration file name: Cali-20052193.xml
DEBUG [Cali.cpp:98] @ 0.149719s :Calibration data A: 1450 B:1500 C:4095 D:1500
INFO [IRImager.cpp:266] @ 0.150735s :Init thermal imager to 20052193 with size: 642x120@125 Hz
DEBUG [Cali.cpp:87] @ 0.150997s :Calibration directory path: C:\Users\u0173846\AppData\Roaming\Imager\Cali
DEBUG [Cali.cpp:88] @ 0.151012s :Calibration file name: Cali-20052193.xml
DEBUG [Cali.cpp:98] @ 0.151388s :Calibration data A: 1450 B:1500 C:4095 D:1500
DEBUG [IRImager.cpp:374] @ 0.152171s :Using HID control interface
DEBUG [IRImager.cpp:414] @ 0.236834s :Initialized HID control interface to device with HW:601 FW:2633
DEBUG [IRImager.cpp:435] @ 0.236891s :Frameconfig - width(in): 642, height(in): 120, interval: 80000, max framerate: 125, HW interval: 0.008
DEBUG [Cali.cpp:87] @ 0.236915s :Calibration directory path: C:\Users\u0173846\AppData\Roaming\Imager\Cali
DEBUG [Cali.cpp:88] @ 0.236931s :Calibration file name: Cali-20052193.xml
DEBUG [Cali.cpp:98] @ 0.237422s :Calibration data A: 1450 B:1500 C:4095 D:1500
DEBUG [ImageProcessing.cpp:200] @ 0.265202s :Source buffer size: 154080 Width: 642 Height: 120
DEBUG [ImageProcessing.cpp:121] @ 0.307815s :Source buffer size: 154080 Width: 642 Height: 120
DEBUG [OpSource.cpp:347] @ 0.307938s :Using formats path: .\\Formats.def
DEBUG [OpSource.cpp:598] @ 0.30811s :Format found with size: 25
DEBUG [IRImager.cpp:841] @ 0.308439s :Caught onFrameInit with size: 640x120
DEBUG [OpSource.cpp:347] @ 0.309106s :Using formats path: .\\Formats.def
DEBUG [OpSource.cpp:598] @ 0.30928s :Format found with size: 25
DEBUG [OpSource.cpp:347] @ 0.309336s :Using formats path: .\\Formats.def
DEBUG [OpCorr.cpp:467] @ 0.313801s :Read cali: C:\Users\u0173846\AppData\Roaming\Imager\Cali\Cali-20052193-33-0-250.dat
DEBUG [OpCorr.cpp:557] @ 0.313895s :Read calibration of camera no 20052193, # of fields: 6 , start of fields: 40
DEBUG [ImageProcessing.cpp:1108] @ 0.582194s :Update flag temperature: 31
DEBUG [ImageProcessing.cpp:1111] @ 0.586099s :Update box temperature: 28.3125
DEBUG [Cali.cpp:639] @ 0.58614s :Calibration file path: 000001EC7FD71304/000000C7C1BEC240.xml
DEBUG [SimpleXML.cpp:238] @ 0.586251s :Failed to open file C:\Users\u0173846\AppData\Roaming\Imager\Cali\CaliExt-20052193.xml
DEBUG [IRImager.cpp:547] @ 0.5984s :Chip heating disabled
DEBUG [direct_binding.cpp:300] @ 0.607311s :evo_irimager_multi_usb_init with config: 6060300.xml
DEBUG [direct_binding.cpp:301] @ 0.60735s :evo_irimager_multi_usb_init connected returned: 1
DEBUG [IRImager.cpp:1107] @ 0.629713s :Start flag calibration
