DEBUG [IRLogger.cpp:105] @ 0.0002646s :***************************************************
DEBUG [IRLogger.cpp:106] @ 0.0003435s :* IRImagerDirect SDK                              *
DEBUG [IRLogger.cpp:107] @ 0.0003724s :***************************************************
DEBUG [IRLogger.cpp:113] @ 0.0003972s :* Native Machine:      AMD64
DEBUG [IRLogger.cpp:114] @ 0.0004207s :* Machine:             AMD64
DEBUG [IRLogger.cpp:116] @ 0.0004466s :* OS:                  Windows 10 0 19045
DEBUG [IRLogger.cpp:123] @ 0.0004674s :***************************************************
DEBUG [IRDeviceParams.cpp:204] @ 0.0010702s :Parameters
DEBUG [IRDeviceParams.cpp:205] @ 0.0010914s :serial: 20052193
DEBUG [IRDeviceParams.cpp:206] @ 0.0011055s :videoformatindex: 1
DEBUG [IRDeviceParams.cpp:207] @ 0.001117s :fov: 33
DEBUG [IRDeviceParams.cpp:208] @ 0.0011286s :optics_text: 000002376DCC4590
DEBUG [IRDeviceParams.cpp:209] @ 0.0011429s :formatspath: 000002376DCC46C0
DEBUG [IRDeviceParams.cpp:210] @ 0.0011772s :calipath: 0000000000000000
DEBUG [IRDeviceParams.cpp:211] @ 0.0011924s :temperature min: 0
DEBUG [IRDeviceParams.cpp:212] @ 0.0012053s :temperature max: 250
DEBUG [IRDeviceParams.cpp:213] @ 0.0012211s :framerate: 125
DEBUG [IRDeviceParams.cpp:214] @ 0.0012338s :bispectral: 0
DEBUG [IRDeviceParams.cpp:215] @ 0.0012464s :flag automatic: 0
DEBUG [IRDeviceParams.cpp:216] @ 0.0012584s :min interval: 15
DEBUG [IRDeviceParams.cpp:217] @ 0.00127s :max interval: 0
DEBUG [IRDeviceParams.cpp:218] @ 0.0012812s :chip heating mode: 0
DEBUG [IRDeviceParams.cpp:219] @ 0.0012958s :chip heating fixed val: 40
DEBUG [IRDeviceParams.cpp:220] @ 0.0013131s :focus:  -1
DEBUG [IRDeviceParams.cpp:221] @ 0.0013305s :enable extended temp range: 0
DEBUG [IRDeviceParams.cpp:222] @ 0.0013425s :buffer queue size: 5
DEBUG [IRDeviceParams.cpp:223] @ 0.0013543s :enable high precision: 0
DEBUG [IRDeviceParams.cpp:224] @ 0.0013664s :radialDistortionCorrectionMode: 0
DEBUG [IRDeviceParams.cpp:225] @ 0.0013798s :deviceAPI: 0
DEBUG [IRDeviceParams.cpp:226] @ 0.0013915s :useExternalProbeForReferencing: 0
DEBUG [IRDeviceParams.cpp:227] @ 0.0014031s :enableMultiThreading: 0
DEBUG [IRDeviceParams.cpp:232] @ 0.0014178s :ethernetDevice.deviceIpAddress: 0.0.0.0
DEBUG [IRDeviceParams.cpp:233] @ 0.0014306s :ethernetDevice.localUdpPort: 0
DEBUG [IRDeviceParams.cpp:234] @ 0.0014424s :ethernetDevice.checkUdpSenderIp: 1
DEBUG [Cali.cpp:87] @ 0.150383s :Calibration directory path: C:\Users\u0173846\AppData\Roaming\Imager\Cali
DEBUG [Cali.cpp:88] @ 0.150416s :Calibration file name: Cali-20052193.xml
DEBUG [Cali.cpp:98] @ 0.150818s :Calibration data A: 1450 B:1500 C:4095 D:1500
INFO [IRImager.cpp:266] @ 0.151845s :Init thermal imager to 20052193 with size: 642x120@125 Hz
DEBUG [Cali.cpp:87] @ 0.152107s :Calibration directory path: C:\Users\u0173846\AppData\Roaming\Imager\Cali
DEBUG [Cali.cpp:88] @ 0.152126s :Calibration file name: Cali-20052193.xml
DEBUG [Cali.cpp:98] @ 0.152511s :Calibration data A: 1450 B:1500 C:4095 D:1500
DEBUG [IRImager.cpp:374] @ 0.153301s :Using HID control interface
DEBUG [IRImager.cpp:414] @ 0.239372s :Initialized HID control interface to device with HW:601 FW:2633
DEBUG [IRImager.cpp:435] @ 0.239416s :Frameconfig - width(in): 642, height(in): 120, interval: 80000, max framerate: 125, HW interval: 0.008
DEBUG [Cali.cpp:87] @ 0.239434s :Calibration directory path: C:\Users\u0173846\AppData\Roaming\Imager\Cali
DEBUG [Cali.cpp:88] @ 0.23945s :Calibration file name: Cali-20052193.xml
DEBUG [Cali.cpp:98] @ 0.239872s :Calibration data A: 1450 B:1500 C:4095 D:1500
DEBUG [ImageProcessing.cpp:200] @ 0.267828s :Source buffer size: 154080 Width: 642 Height: 120
DEBUG [ImageProcessing.cpp:121] @ 0.309684s :Source buffer size: 154080 Width: 642 Height: 120
DEBUG [OpSource.cpp:347] @ 0.309767s :Using formats path: .\\Formats.def
DEBUG [OpSource.cpp:598] @ 0.30993s :Format found with size: 25
DEBUG [IRImager.cpp:841] @ 0.310256s :Caught onFrameInit with size: 640x120
DEBUG [OpSource.cpp:347] @ 0.310941s :Using formats path: .\\Formats.def
DEBUG [OpSource.cpp:598] @ 0.311098s :Format found with size: 25
DEBUG [OpSource.cpp:347] @ 0.311155s :Using formats path: .\\Formats.def
DEBUG [OpCorr.cpp:467] @ 0.315784s :Read cali: C:\Users\u0173846\AppData\Roaming\Imager\Cali\Cali-20052193-33-0-250.dat
DEBUG [OpCorr.cpp:557] @ 0.315878s :Read calibration of camera no 20052193, # of fields: 6 , start of fields: 40
DEBUG [ImageProcessing.cpp:1108] @ 0.582364s :Update flag temperature: 31.9375
DEBUG [ImageProcessing.cpp:1111] @ 0.586461s :Update box temperature: 29.125
DEBUG [Cali.cpp:639] @ 0.586503s :Calibration file path: 000002376DDEE084/000000E6397EB070.xml
DEBUG [SimpleXML.cpp:238] @ 0.586617s :Failed to open file C:\Users\u0173846\AppData\Roaming\Imager\Cali\CaliExt-20052193.xml
DEBUG [IRImager.cpp:547] @ 0.598189s :Chip heating disabled
DEBUG [direct_binding.cpp:300] @ 0.60699s :evo_irimager_multi_usb_init with config: 6060300.xml
DEBUG [direct_binding.cpp:301] @ 0.607039s :evo_irimager_multi_usb_init connected returned: 1
DEBUG [IRImager.cpp:1107] @ 0.629075s :Start flag calibration
