DEBUG [IRLogger.cpp:105] @ 0.0002858s :***************************************************
DEBUG [IRLogger.cpp:106] @ 0.0003521s :* IRImagerDirect SDK                              *
DEBUG [IRLogger.cpp:107] @ 0.0003802s :***************************************************
DEBUG [IRLogger.cpp:113] @ 0.0004055s :* Native Machine:      AMD64
DEBUG [IRLogger.cpp:114] @ 0.0004276s :* Machine:             AMD64
DEBUG [IRLogger.cpp:116] @ 0.0004554s :* OS:                  Windows 10 0 19045
DEBUG [IRLogger.cpp:123] @ 0.0004751s :***************************************************
DEBUG [IRDeviceParams.cpp:204] @ 0.0102461s :Parameters
DEBUG [IRDeviceParams.cpp:205] @ 0.0102751s :serial: 17092037
DEBUG [IRDeviceParams.cpp:206] @ 0.0102873s :videoformatindex: 3
DEBUG [IRDeviceParams.cpp:207] @ 0.010299s :fov: 0
DEBUG [IRDeviceParams.cpp:208] @ 0.0103109s :optics_text: 000002137CD56470
DEBUG [IRDeviceParams.cpp:209] @ 0.0103224s :formatspath: 000002137CD56700
DEBUG [IRDeviceParams.cpp:210] @ 0.0103338s :calipath: 0000000000000000
DEBUG [IRDeviceParams.cpp:211] @ 0.0103449s :temperature min: 600
DEBUG [IRDeviceParams.cpp:212] @ 0.0103561s :temperature max: 1800
DEBUG [IRDeviceParams.cpp:213] @ 0.0103701s :framerate: 1000
DEBUG [IRDeviceParams.cpp:214] @ 0.0103814s :bispectral: 0
DEBUG [IRDeviceParams.cpp:215] @ 0.0103924s :flag automatic: 0
DEBUG [IRDeviceParams.cpp:216] @ 0.010404s :min interval: 15
DEBUG [IRDeviceParams.cpp:217] @ 0.0104152s :max interval: 0
DEBUG [IRDeviceParams.cpp:218] @ 0.0104261s :chip heating mode: 0
DEBUG [IRDeviceParams.cpp:219] @ 0.0104376s :chip heating fixed val: 40
DEBUG [IRDeviceParams.cpp:220] @ 0.0104492s :focus:  -1
DEBUG [IRDeviceParams.cpp:221] @ 0.0104619s :enable extended temp range: 0
DEBUG [IRDeviceParams.cpp:222] @ 0.0104733s :buffer queue size: 5
DEBUG [IRDeviceParams.cpp:223] @ 0.0104843s :enable high precision: 0
DEBUG [IRDeviceParams.cpp:224] @ 0.0104954s :radialDistortionCorrectionMode: 0
DEBUG [IRDeviceParams.cpp:225] @ 0.0105064s :deviceAPI: 0
DEBUG [IRDeviceParams.cpp:226] @ 0.0105173s :useExternalProbeForReferencing: 0
DEBUG [IRDeviceParams.cpp:227] @ 0.0105282s :enableMultiThreading: 0
DEBUG [IRDeviceParams.cpp:232] @ 0.01054s :ethernetDevice.deviceIpAddress: 0.0.0.0
DEBUG [IRDeviceParams.cpp:233] @ 0.0105511s :ethernetDevice.localUdpPort: 0
DEBUG [IRDeviceParams.cpp:234] @ 0.0105621s :ethernetDevice.checkUdpSenderIp: 1
DEBUG [Cali.cpp:87] @ 0.16672s :Calibration directory path: C:\Users\u0173846\AppData\Roaming\Imager\Cali
DEBUG [Cali.cpp:88] @ 0.166749s :Calibration file name: Cali-17092037.xml
DEBUG [Cali.cpp:98] @ 0.177522s :Calibration data A: 1450 B:470 C:4095 D:1500
INFO [IRImager.cpp:266] @ 0.199208s :Init thermal imager to 17092037 with size: 74x224@250 Hz
DEBUG [Cali.cpp:87] @ 0.199502s :Calibration directory path: C:\Users\u0173846\AppData\Roaming\Imager\Cali
DEBUG [Cali.cpp:88] @ 0.19952s :Calibration file name: Cali-17092037.xml
DEBUG [Cali.cpp:98] @ 0.199806s :Calibration data A: 1450 B:470 C:4095 D:1500
DEBUG [IRImager.cpp:374] @ 0.207826s :Using HID control interface
DEBUG [IRImager.cpp:414] @ 0.289461s :Initialized HID control interface to device with HW:2101 FW:2820
DEBUG [IRImager.cpp:435] @ 0.289503s :Frameconfig - width(in): 74, height(in): 224, interval: 40000, max framerate: 250, HW interval: 0.004
DEBUG [Cali.cpp:87] @ 0.289521s :Calibration directory path: C:\Users\u0173846\AppData\Roaming\Imager\Cali
DEBUG [Cali.cpp:88] @ 0.289534s :Calibration file name: Cali-17092037.xml
DEBUG [Cali.cpp:98] @ 0.289873s :Calibration data A: 1450 B:470 C:4095 D:1500
DEBUG [ImageProcessing.cpp:200] @ 0.294082s :Source buffer size: 33152 Width: 74 Height: 224
DEBUG [ImageProcessing.cpp:121] @ 0.329899s :Source buffer size: 33152 Width: 74 Height: 224
DEBUG [OpSource.cpp:347] @ 0.329982s :Using formats path: .\\Formats.def
DEBUG [OpSource.cpp:598] @ 0.330244s :Format found with size: 14
DEBUG [IRImager.cpp:841] @ 0.330312s :Caught onFrameInit with size: 72x56
DEBUG [OpSource.cpp:347] @ 0.330425s :Using formats path: .\\Formats.def
DEBUG [OpSource.cpp:598] @ 0.330639s :Format found with size: 14
DEBUG [OpSource.cpp:347] @ 0.330696s :Using formats path: .\\Formats.def
DEBUG [OpCorr.cpp:467] @ 0.33274s :Read cali: C:\Users\u0173846\AppData\Roaming\Imager\Cali\Cali-17092037-25-600-1800-1000.dat
DEBUG [ImageProcessing.cpp:1108] @ 0.356675s :Update flag temperature: 34.5547
DEBUG [ImageProcessing.cpp:1111] @ 0.358416s :Update box temperature: 34.5547
DEBUG [Cali.cpp:639] @ 0.358443s :Calibration file path: 000002137CDFB7D4/000000AE6B1EAF90.xml
DEBUG [SimpleXML.cpp:238] @ 0.35853s :Failed to open file C:\Users\u0173846\AppData\Roaming\Imager\Cali\CaliExt-17092037.xml
DEBUG [IRImager.cpp:547] @ 0.370657s :Chip heating disabled
DEBUG [direct_binding.cpp:300] @ 0.374338s :evo_irimager_multi_usb_init with config: 17092037.xml
DEBUG [direct_binding.cpp:301] @ 0.374386s :evo_irimager_multi_usb_init connected returned: 1
DEBUG [IRImager.cpp:1107] @ 0.437299s :Start flag calibration
DEBUG [OpFlag.cpp:591] @ 11.141s :SkimDiff: 0 Adjust: 0 State: 0 EMax: 8654 Emin: 8545
DEBUG [IRImager.cpp:1121] @ 11.8132s :Finished startup calibration
