DEBUG [IRLogger.cpp:105] @ 0.0002451s :***************************************************
DEBUG [IRLogger.cpp:106] @ 0.000322s :* IRImagerDirect SDK                              *
DEBUG [IRLogger.cpp:107] @ 0.0003506s :***************************************************
DEBUG [IRLogger.cpp:113] @ 0.0003748s :* Native Machine:      AMD64
DEBUG [IRLogger.cpp:114] @ 0.0003976s :* Machine:             AMD64
DEBUG [IRLogger.cpp:116] @ 0.0004298s :* OS:                  Windows 10 0 19045
DEBUG [IRLogger.cpp:123] @ 0.0004511s :***************************************************
DEBUG [IRDeviceParams.cpp:204] @ 0.0010523s :Parameters
DEBUG [IRDeviceParams.cpp:205] @ 0.0010724s :serial: 17092037
DEBUG [IRDeviceParams.cpp:206] @ 0.001086s :videoformatindex: 3
DEBUG [IRDeviceParams.cpp:207] @ 0.0010971s :fov: 0
DEBUG [IRDeviceParams.cpp:208] @ 0.0011226s :optics_text: 000001F8558F0E20
DEBUG [IRDeviceParams.cpp:209] @ 0.0011527s :formatspath: 000001F8558F0CD0
DEBUG [IRDeviceParams.cpp:210] @ 0.0011664s :calipath: 0000000000000000
DEBUG [IRDeviceParams.cpp:211] @ 0.0011798s :temperature min: 600
DEBUG [IRDeviceParams.cpp:212] @ 0.0011927s :temperature max: 1800
DEBUG [IRDeviceParams.cpp:213] @ 0.0012111s :framerate: 1000
DEBUG [IRDeviceParams.cpp:214] @ 0.0012246s :bispectral: 0
DEBUG [IRDeviceParams.cpp:215] @ 0.0012376s :flag automatic: 0
DEBUG [IRDeviceParams.cpp:216] @ 0.0012498s :min interval: 15
DEBUG [IRDeviceParams.cpp:217] @ 0.0012628s :max interval: 0
DEBUG [IRDeviceParams.cpp:218] @ 0.0012744s :chip heating mode: 0
DEBUG [IRDeviceParams.cpp:219] @ 0.0012882s :chip heating fixed val: 40
DEBUG [IRDeviceParams.cpp:220] @ 0.0013035s :focus:  -1
DEBUG [IRDeviceParams.cpp:221] @ 0.0013157s :enable extended temp range: 0
DEBUG [IRDeviceParams.cpp:222] @ 0.001327s :buffer queue size: 5
DEBUG [IRDeviceParams.cpp:223] @ 0.0013379s :enable high precision: 0
DEBUG [IRDeviceParams.cpp:224] @ 0.0013511s :radialDistortionCorrectionMode: 0
DEBUG [IRDeviceParams.cpp:225] @ 0.0013628s :deviceAPI: 0
DEBUG [IRDeviceParams.cpp:226] @ 0.0013748s :useExternalProbeForReferencing: 0
DEBUG [IRDeviceParams.cpp:227] @ 0.0013864s :enableMultiThreading: 0
DEBUG [IRDeviceParams.cpp:232] @ 0.0013997s :ethernetDevice.deviceIpAddress: 0.0.0.0
DEBUG [IRDeviceParams.cpp:233] @ 0.0014111s :ethernetDevice.localUdpPort: 0
DEBUG [IRDeviceParams.cpp:234] @ 0.0014227s :ethernetDevice.checkUdpSenderIp: 1
DEBUG [Cali.cpp:87] @ 0.15496s :Calibration directory path: C:\Users\u0173846\AppData\Roaming\Imager\Cali
DEBUG [Cali.cpp:88] @ 0.15499s :Calibration file name: Cali-17092037.xml
DEBUG [Cali.cpp:98] @ 0.15531s :Calibration data A: 1450 B:470 C:4095 D:1500
INFO [IRImager.cpp:266] @ 0.155875s :Init thermal imager to 17092037 with size: 74x224@250 Hz
DEBUG [Cali.cpp:87] @ 0.156149s :Calibration directory path: C:\Users\u0173846\AppData\Roaming\Imager\Cali
DEBUG [Cali.cpp:88] @ 0.156166s :Calibration file name: Cali-17092037.xml
DEBUG [Cali.cpp:98] @ 0.156432s :Calibration data A: 1450 B:470 C:4095 D:1500
DEBUG [IRImager.cpp:374] @ 0.157036s :Using HID control interface
DEBUG [IRImager.cpp:414] @ 0.238753s :Initialized HID control interface to device with HW:2101 FW:2820
DEBUG [IRImager.cpp:435] @ 0.238799s :Frameconfig - width(in): 74, height(in): 224, interval: 40000, max framerate: 250, HW interval: 0.004
DEBUG [Cali.cpp:87] @ 0.238817s :Calibration directory path: C:\Users\u0173846\AppData\Roaming\Imager\Cali
DEBUG [Cali.cpp:88] @ 0.23883s :Calibration file name: Cali-17092037.xml
DEBUG [Cali.cpp:98] @ 0.239178s :Calibration data A: 1450 B:470 C:4095 D:1500
DEBUG [ImageProcessing.cpp:200] @ 0.24339s :Source buffer size: 33152 Width: 74 Height: 224
DEBUG [ImageProcessing.cpp:121] @ 0.280331s :Source buffer size: 33152 Width: 74 Height: 224
DEBUG [OpSource.cpp:347] @ 0.280451s :Using formats path: .\\Formats.def
DEBUG [OpSource.cpp:598] @ 0.280694s :Format found with size: 14
DEBUG [IRImager.cpp:841] @ 0.280742s :Caught onFrameInit with size: 72x56
DEBUG [OpSource.cpp:347] @ 0.280813s :Using formats path: .\\Formats.def
DEBUG [OpSource.cpp:598] @ 0.281037s :Format found with size: 14
DEBUG [OpSource.cpp:347] @ 0.281099s :Using formats path: .\\Formats.def
DEBUG [OpCorr.cpp:467] @ 0.283536s :Read cali: C:\Users\u0173846\AppData\Roaming\Imager\Cali\Cali-17092037-25-600-1800-1000.dat
DEBUG [ImageProcessing.cpp:1108] @ 0.303675s :Update flag temperature: 240.375
DEBUG [ImageProcessing.cpp:1111] @ 0.305602s :Update box temperature: 240.375
DEBUG [Cali.cpp:639] @ 0.305631s :Calibration file path: 000001F851719594/000000CF309EB440.xml
DEBUG [SimpleXML.cpp:238] @ 0.305742s :Failed to open file C:\Users\u0173846\AppData\Roaming\Imager\Cali\CaliExt-17092037.xml
DEBUG [IRImager.cpp:547] @ 0.31976s :Chip heating disabled
DEBUG [direct_binding.cpp:300] @ 0.323475s :evo_irimager_multi_usb_init with config: 17092037.xml
DEBUG [direct_binding.cpp:301] @ 0.323514s :evo_irimager_multi_usb_init connected returned: 1
DEBUG [IRImager.cpp:1107] @ 0.386372s :Start flag calibration
DEBUG [OpFlag.cpp:591] @ 11.0901s :SkimDiff: 0 Adjust: 0 State: 0 EMax: 8701 Emin: 8579
DEBUG [IRImager.cpp:1121] @ 11.7779s :Finished startup calibration
