DEBUG [IRLogger.cpp:105] @ 0.000248s :***************************************************
DEBUG [IRLogger.cpp:106] @ 0.0003207s :* IRImagerDirect SDK                              *
DEBUG [IRLogger.cpp:107] @ 0.0003504s :***************************************************
DEBUG [IRLogger.cpp:113] @ 0.0003745s :* Native Machine:      AMD64
DEBUG [IRLogger.cpp:114] @ 0.0003958s :* Machine:             AMD64
DEBUG [IRLogger.cpp:116] @ 0.000419s :* OS:                  Windows 10 0 19045
DEBUG [IRLogger.cpp:123] @ 0.0004384s :***************************************************
DEBUG [IRDeviceParams.cpp:204] @ 0.0010431s :Parameters
DEBUG [IRDeviceParams.cpp:205] @ 0.0010644s :serial: 20052193
DEBUG [IRDeviceParams.cpp:206] @ 0.0010775s :videoformatindex: 1
DEBUG [IRDeviceParams.cpp:207] @ 0.0010893s :fov: 33
DEBUG [IRDeviceParams.cpp:208] @ 0.0011016s :optics_text: 000001B5F21F88B0
DEBUG [IRDeviceParams.cpp:209] @ 0.0011131s :formatspath: 000001B5F21F88C0
DEBUG [IRDeviceParams.cpp:210] @ 0.001125s :calipath: 0000000000000000
DEBUG [IRDeviceParams.cpp:211] @ 0.0011365s :temperature min: 0
DEBUG [IRDeviceParams.cpp:212] @ 0.0011618s :temperature max: 250
DEBUG [IRDeviceParams.cpp:213] @ 0.0012005s :framerate: 125
DEBUG [IRDeviceParams.cpp:214] @ 0.0012149s :bispectral: 0
DEBUG [IRDeviceParams.cpp:215] @ 0.0012273s :flag automatic: 0
DEBUG [IRDeviceParams.cpp:216] @ 0.0012401s :min interval: 15
DEBUG [IRDeviceParams.cpp:217] @ 0.0012526s :max interval: 0
DEBUG [IRDeviceParams.cpp:218] @ 0.001265s :chip heating mode: 0
DEBUG [IRDeviceParams.cpp:219] @ 0.0012775s :chip heating fixed val: 40
DEBUG [IRDeviceParams.cpp:220] @ 0.001294s :focus:  -1
DEBUG [IRDeviceParams.cpp:221] @ 0.0013058s :enable extended temp range: 0
DEBUG [IRDeviceParams.cpp:222] @ 0.0013191s :buffer queue size: 5
DEBUG [IRDeviceParams.cpp:223] @ 0.0013309s :enable high precision: 0
DEBUG [IRDeviceParams.cpp:224] @ 0.0013428s :radialDistortionCorrectionMode: 0
DEBUG [IRDeviceParams.cpp:225] @ 0.001356s :deviceAPI: 0
DEBUG [IRDeviceParams.cpp:226] @ 0.0013692s :useExternalProbeForReferencing: 0
DEBUG [IRDeviceParams.cpp:227] @ 0.0013807s :enableMultiThreading: 0
DEBUG [IRDeviceParams.cpp:232] @ 0.001394s :ethernetDevice.deviceIpAddress: 0.0.0.0
DEBUG [IRDeviceParams.cpp:233] @ 0.001406s :ethernetDevice.localUdpPort: 0
DEBUG [IRDeviceParams.cpp:234] @ 0.001419s :ethernetDevice.checkUdpSenderIp: 1
DEBUG [Cali.cpp:87] @ 0.146217s :Calibration directory path: C:\Users\u0173846\AppData\Roaming\Imager\Cali
DEBUG [Cali.cpp:88] @ 0.146245s :Calibration file name: Cali-20052193.xml
DEBUG [Cali.cpp:98] @ 0.146651s :Calibration data A: 1450 B:1500 C:4095 D:1500
INFO [IRImager.cpp:266] @ 0.147977s :Init thermal imager to 20052193 with size: 642x120@125 Hz
DEBUG [Cali.cpp:87] @ 0.148241s :Calibration directory path: C:\Users\u0173846\AppData\Roaming\Imager\Cali
DEBUG [Cali.cpp:88] @ 0.14826s :Calibration file name: Cali-20052193.xml
DEBUG [Cali.cpp:98] @ 0.148644s :Calibration data A: 1450 B:1500 C:4095 D:1500
DEBUG [IRImager.cpp:374] @ 0.149425s :Using HID control interface
DEBUG [IRImager.cpp:414] @ 0.236791s :Initialized HID control interface to device with HW:601 FW:2633
DEBUG [IRImager.cpp:435] @ 0.236852s :Frameconfig - width(in): 642, height(in): 120, interval: 80000, max framerate: 125, HW interval: 0.008
DEBUG [Cali.cpp:87] @ 0.236876s :Calibration directory path: C:\Users\u0173846\AppData\Roaming\Imager\Cali
DEBUG [Cali.cpp:88] @ 0.236889s :Calibration file name: Cali-20052193.xml
DEBUG [Cali.cpp:98] @ 0.237365s :Calibration data A: 1450 B:1500 C:4095 D:1500
DEBUG [ImageProcessing.cpp:200] @ 0.265279s :Source buffer size: 154080 Width: 642 Height: 120
DEBUG [ImageProcessing.cpp:121] @ 0.307517s :Source buffer size: 154080 Width: 642 Height: 120
DEBUG [OpSource.cpp:347] @ 0.307632s :Using formats path: .\\Formats.def
DEBUG [OpSource.cpp:598] @ 0.307816s :Format found with size: 25
DEBUG [IRImager.cpp:841] @ 0.308137s :Caught onFrameInit with size: 640x120
DEBUG [OpSource.cpp:347] @ 0.308824s :Using formats path: .\\Formats.def
DEBUG [OpSource.cpp:598] @ 0.308991s :Format found with size: 25
DEBUG [OpSource.cpp:347] @ 0.309049s :Using formats path: .\\Formats.def
DEBUG [OpCorr.cpp:467] @ 0.313545s :Read cali: C:\Users\u0173846\AppData\Roaming\Imager\Cali\Cali-20052193-33-0-250.dat
DEBUG [OpCorr.cpp:557] @ 0.313638s :Read calibration of camera no 20052193, # of fields: 6 , start of fields: 40
DEBUG [ImageProcessing.cpp:1108] @ 0.580566s :Update flag temperature: 28.8125
DEBUG [ImageProcessing.cpp:1111] @ 0.584429s :Update box temperature: 26.625
DEBUG [Cali.cpp:639] @ 0.58447s :Calibration file path: 000001B5F7601134/000000896FBEC450.xml
DEBUG [SimpleXML.cpp:238] @ 0.584577s :Failed to open file C:\Users\u0173846\AppData\Roaming\Imager\Cali\CaliExt-20052193.xml
DEBUG [IRImager.cpp:547] @ 0.59631s :Chip heating disabled
DEBUG [direct_binding.cpp:300] @ 0.604975s :evo_irimager_multi_usb_init with config: 6060300.xml
DEBUG [direct_binding.cpp:301] @ 0.605007s :evo_irimager_multi_usb_init connected returned: 1
DEBUG [IRImager.cpp:1107] @ 0.626955s :Start flag calibration
