DEBUG [IRLogger.cpp:105] @ 0.535499s :***************************************************
DEBUG [IRLogger.cpp:106] @ 0.53559s :* IRImagerDirect SDK                              *
DEBUG [IRLogger.cpp:107] @ 0.535632s :***************************************************
DEBUG [IRLogger.cpp:113] @ 0.53566s :* Native Machine:      AMD64
DEBUG [IRLogger.cpp:114] @ 0.535682s :* Machine:             AMD64
DEBUG [IRLogger.cpp:116] @ 0.535711s :* OS:                  Windows 10 0 19045
DEBUG [IRLogger.cpp:123] @ 0.535732s :***************************************************
DEBUG [IRDeviceParams.cpp:204] @ 0.545414s :Parameters
DEBUG [IRDeviceParams.cpp:205] @ 0.54544s :serial: 20052193
DEBUG [IRDeviceParams.cpp:206] @ 0.545452s :videoformatindex: 1
DEBUG [IRDeviceParams.cpp:207] @ 0.545464s :fov: 33
DEBUG [IRDeviceParams.cpp:208] @ 0.545475s :optics_text: 0000016492770170
DEBUG [IRDeviceParams.cpp:209] @ 0.545487s :formatspath: 00000164927703E0
DEBUG [IRDeviceParams.cpp:210] @ 0.545498s :calipath: 0000000000000000
DEBUG [IRDeviceParams.cpp:211] @ 0.54551s :temperature min: 0
DEBUG [IRDeviceParams.cpp:212] @ 0.545521s :temperature max: 250
DEBUG [IRDeviceParams.cpp:213] @ 0.545533s :framerate: 125
DEBUG [IRDeviceParams.cpp:214] @ 0.545544s :bispectral: 0
DEBUG [IRDeviceParams.cpp:215] @ 0.545556s :flag automatic: 0
DEBUG [IRDeviceParams.cpp:216] @ 0.545567s :min interval: 15
DEBUG [IRDeviceParams.cpp:217] @ 0.545579s :max interval: 0
DEBUG [IRDeviceParams.cpp:218] @ 0.545591s :chip heating mode: 0
DEBUG [IRDeviceParams.cpp:219] @ 0.545603s :chip heating fixed val: 40
DEBUG [IRDeviceParams.cpp:220] @ 0.545615s :focus:  -1
DEBUG [IRDeviceParams.cpp:221] @ 0.545626s :enable extended temp range: 0
DEBUG [IRDeviceParams.cpp:222] @ 0.545638s :buffer queue size: 5
DEBUG [IRDeviceParams.cpp:223] @ 0.545649s :enable high precision: 0
DEBUG [IRDeviceParams.cpp:224] @ 0.54566s :radialDistortionCorrectionMode: 0
DEBUG [IRDeviceParams.cpp:225] @ 0.545672s :deviceAPI: 0
DEBUG [IRDeviceParams.cpp:226] @ 0.545683s :useExternalProbeForReferencing: 0
DEBUG [IRDeviceParams.cpp:227] @ 0.545695s :enableMultiThreading: 0
DEBUG [IRDeviceParams.cpp:232] @ 0.545707s :ethernetDevice.deviceIpAddress: 0.0.0.0
DEBUG [IRDeviceParams.cpp:233] @ 0.54572s :ethernetDevice.localUdpPort: 0
DEBUG [IRDeviceParams.cpp:234] @ 0.545733s :ethernetDevice.checkUdpSenderIp: 1
DEBUG [Cali.cpp:87] @ 0.621921s :Calibration directory path: C:\Users\u0173846\AppData\Roaming\Imager\Cali
DEBUG [Cali.cpp:88] @ 0.621953s :Calibration file name: Cali-20052193.xml
DEBUG [Cali.cpp:98] @ 0.634487s :Calibration data A: 1450 B:1500 C:4095 D:1500
INFO [IRImager.cpp:266] @ 0.769545s :Init thermal imager to 20052193 with size: 642x120@125 Hz
DEBUG [Cali.cpp:87] @ 0.76983s :Calibration directory path: C:\Users\u0173846\AppData\Roaming\Imager\Cali
DEBUG [Cali.cpp:88] @ 0.769847s :Calibration file name: Cali-20052193.xml
DEBUG [Cali.cpp:98] @ 0.770247s :Calibration data A: 1450 B:1500 C:4095 D:1500
DEBUG [IRImager.cpp:374] @ 0.771055s :Using HID control interface
DEBUG [IRImager.cpp:414] @ 0.793952s :Initialized HID control interface to device with HW:601 FW:2633
DEBUG [IRImager.cpp:435] @ 0.793994s :Frameconfig - width(in): 642, height(in): 120, interval: 80000, max framerate: 125, HW interval: 0.008
DEBUG [Cali.cpp:87] @ 0.794011s :Calibration directory path: C:\Users\u0173846\AppData\Roaming\Imager\Cali
DEBUG [Cali.cpp:88] @ 0.794023s :Calibration file name: Cali-20052193.xml
DEBUG [Cali.cpp:98] @ 0.794501s :Calibration data A: 1450 B:1500 C:4095 D:1500
DEBUG [ImageProcessing.cpp:200] @ 0.822151s :Source buffer size: 154080 Width: 642 Height: 120
DEBUG [ImageProcessing.cpp:121] @ 0.862417s :Source buffer size: 154080 Width: 642 Height: 120
DEBUG [OpSource.cpp:347] @ 0.862525s :Using formats path: .\\Formats.def
DEBUG [OpSource.cpp:598] @ 0.862699s :Format found with size: 25
DEBUG [IRImager.cpp:841] @ 0.863041s :Caught onFrameInit with size: 640x120
DEBUG [OpSource.cpp:347] @ 0.863764s :Using formats path: .\\Formats.def
DEBUG [OpSource.cpp:598] @ 0.863908s :Format found with size: 25
DEBUG [OpSource.cpp:347] @ 0.864012s :Using formats path: .\\Formats.def
DEBUG [OpCorr.cpp:467] @ 0.874503s :Read cali: C:\Users\u0173846\AppData\Roaming\Imager\Cali\Cali-20052193-33-0-250.dat
DEBUG [OpCorr.cpp:557] @ 0.874585s :Read calibration of camera no 20052193, # of fields: 6 , start of fields: 40
DEBUG [ImageProcessing.cpp:1108] @ 1.14543s :Update flag temperature: 28.9375
DEBUG [ImageProcessing.cpp:1111] @ 1.14934s :Update box temperature: 26.75
DEBUG [Cali.cpp:639] @ 1.14938s :Calibration file path: 000001649299E164/0000000ADCBEB3C0.xml
DEBUG [SimpleXML.cpp:238] @ 1.14949s :Failed to open file C:\Users\u0173846\AppData\Roaming\Imager\Cali\CaliExt-20052193.xml
DEBUG [IRImager.cpp:547] @ 1.16044s :Chip heating disabled
DEBUG [direct_binding.cpp:300] @ 1.16917s :evo_irimager_multi_usb_init with config: 6060300.xml
DEBUG [direct_binding.cpp:301] @ 1.16921s :evo_irimager_multi_usb_init connected returned: 1
DEBUG [IRImager.cpp:1107] @ 1.19168s :Start flag calibration
DEBUG [OpFlag.cpp:591] @ 11.2384s :SkimDiff: 0 Adjust: 0 State: 0 EMax: 8656 Emin: 8569
DEBUG [OpFlag.cpp:591] @ 11.895s :SkimDiff: 11 Adjust: 1086 State: 3 EMax: 14654 Emin: 4556
DEBUG [ImageProcessing.cpp:526] @ 11.9064s :Skim_Adjust 2629
DEBUG [IRImager.cpp:1121] @ 11.9107s :Finished startup calibration
DEBUG [IRImager.cpp:1121] @ 12.0239s :Finished startup calibration
