DEBUG [IRLogger.cpp:105] @ 0.0004144s :***************************************************
DEBUG [IRLogger.cpp:106] @ 0.0004902s :* IRImagerDirect SDK                              *
DEBUG [IRLogger.cpp:107] @ 0.000518s :***************************************************
DEBUG [IRLogger.cpp:113] @ 0.0005434s :* Native Machine:      AMD64
DEBUG [IRLogger.cpp:114] @ 0.0005647s :* Machine:             AMD64
DEBUG [IRLogger.cpp:116] @ 0.0005955s :* OS:                  Windows 10 0 19045
DEBUG [IRLogger.cpp:123] @ 0.0006184s :***************************************************
DEBUG [IRDeviceParams.cpp:204] @ 0.0012155s :Parameters
DEBUG [IRDeviceParams.cpp:205] @ 0.0012366s :serial: 20052193
DEBUG [IRDeviceParams.cpp:206] @ 0.0012483s :videoformatindex: 1
DEBUG [IRDeviceParams.cpp:207] @ 0.0012602s :fov: 33
DEBUG [IRDeviceParams.cpp:208] @ 0.0012728s :optics_text: 0000020DB43B9550
DEBUG [IRDeviceParams.cpp:209] @ 0.0012846s :formatspath: 0000020DB43B9640
DEBUG [IRDeviceParams.cpp:210] @ 0.0012965s :calipath: 0000000000000000
DEBUG [IRDeviceParams.cpp:211] @ 0.0013081s :temperature min: 0
DEBUG [IRDeviceParams.cpp:212] @ 0.0013204s :temperature max: 250
DEBUG [IRDeviceParams.cpp:213] @ 0.0013367s :framerate: 125
DEBUG [IRDeviceParams.cpp:214] @ 0.0013489s :bispectral: 0
DEBUG [IRDeviceParams.cpp:215] @ 0.0013607s :flag automatic: 0
DEBUG [IRDeviceParams.cpp:216] @ 0.0013744s :min interval: 15
DEBUG [IRDeviceParams.cpp:217] @ 0.0013879s :max interval: 0
DEBUG [IRDeviceParams.cpp:218] @ 0.0013987s :chip heating mode: 0
DEBUG [IRDeviceParams.cpp:219] @ 0.0014119s :chip heating fixed val: 40
DEBUG [IRDeviceParams.cpp:220] @ 0.0014245s :focus:  -1
DEBUG [IRDeviceParams.cpp:221] @ 0.0014363s :enable extended temp range: 0
DEBUG [IRDeviceParams.cpp:222] @ 0.0014485s :buffer queue size: 5
DEBUG [IRDeviceParams.cpp:223] @ 0.0014611s :enable high precision: 0
DEBUG [IRDeviceParams.cpp:224] @ 0.0014734s :radialDistortionCorrectionMode: 0
DEBUG [IRDeviceParams.cpp:225] @ 0.0014855s :deviceAPI: 0
DEBUG [IRDeviceParams.cpp:226] @ 0.0014963s :useExternalProbeForReferencing: 0
DEBUG [IRDeviceParams.cpp:227] @ 0.0015081s :enableMultiThreading: 0
DEBUG [IRDeviceParams.cpp:232] @ 0.0015203s :ethernetDevice.deviceIpAddress: 0.0.0.0
DEBUG [IRDeviceParams.cpp:233] @ 0.0015331s :ethernetDevice.localUdpPort: 0
DEBUG [IRDeviceParams.cpp:234] @ 0.0015457s :ethernetDevice.checkUdpSenderIp: 1
DEBUG [Cali.cpp:87] @ 0.15485s :Calibration directory path: C:\Users\u0173846\AppData\Roaming\Imager\Cali
DEBUG [Cali.cpp:88] @ 0.154883s :Calibration file name: Cali-20052193.xml
DEBUG [Cali.cpp:98] @ 0.155296s :Calibration data A: 1450 B:1500 C:4095 D:1500
INFO [IRImager.cpp:266] @ 0.156345s :Init thermal imager to 20052193 with size: 642x120@125 Hz
DEBUG [Cali.cpp:87] @ 0.156611s :Calibration directory path: C:\Users\u0173846\AppData\Roaming\Imager\Cali
DEBUG [Cali.cpp:88] @ 0.15663s :Calibration file name: Cali-20052193.xml
DEBUG [Cali.cpp:98] @ 0.157011s :Calibration data A: 1450 B:1500 C:4095 D:1500
DEBUG [IRImager.cpp:374] @ 0.157829s :Using HID control interface
DEBUG [IRImager.cpp:414] @ 0.244226s :Initialized HID control interface to device with HW:601 FW:2633
DEBUG [IRImager.cpp:435] @ 0.244286s :Frameconfig - width(in): 642, height(in): 120, interval: 80000, max framerate: 125, HW interval: 0.008
DEBUG [Cali.cpp:87] @ 0.244305s :Calibration directory path: C:\Users\u0173846\AppData\Roaming\Imager\Cali
DEBUG [Cali.cpp:88] @ 0.24432s :Calibration file name: Cali-20052193.xml
DEBUG [Cali.cpp:98] @ 0.244796s :Calibration data A: 1450 B:1500 C:4095 D:1500
DEBUG [ImageProcessing.cpp:200] @ 0.272232s :Source buffer size: 154080 Width: 642 Height: 120
DEBUG [ImageProcessing.cpp:121] @ 0.314195s :Source buffer size: 154080 Width: 642 Height: 120
DEBUG [OpSource.cpp:347] @ 0.314313s :Using formats path: .\\Formats.def
DEBUG [OpSource.cpp:598] @ 0.314487s :Format found with size: 25
DEBUG [IRImager.cpp:841] @ 0.314814s :Caught onFrameInit with size: 640x120
DEBUG [OpSource.cpp:347] @ 0.315522s :Using formats path: .\\Formats.def
DEBUG [OpSource.cpp:598] @ 0.315695s :Format found with size: 25
DEBUG [OpSource.cpp:347] @ 0.315755s :Using formats path: .\\Formats.def
DEBUG [OpCorr.cpp:467] @ 0.320298s :Read cali: C:\Users\u0173846\AppData\Roaming\Imager\Cali\Cali-20052193-33-0-250.dat
DEBUG [OpCorr.cpp:557] @ 0.320391s :Read calibration of camera no 20052193, # of fields: 6 , start of fields: 40
DEBUG [ImageProcessing.cpp:1108] @ 0.586576s :Update flag temperature: 29.8125
DEBUG [ImageProcessing.cpp:1111] @ 0.590382s :Update box temperature: 27.4375
DEBUG [Cali.cpp:639] @ 0.590408s :Calibration file path: 0000020DB5752244/00000027F99EAF80.xml
DEBUG [SimpleXML.cpp:238] @ 0.590499s :Failed to open file C:\Users\u0173846\AppData\Roaming\Imager\Cali\CaliExt-20052193.xml
DEBUG [IRImager.cpp:547] @ 0.602591s :Chip heating disabled
DEBUG [direct_binding.cpp:300] @ 0.612589s :evo_irimager_multi_usb_init with config: 6060300.xml
DEBUG [direct_binding.cpp:301] @ 0.612625s :evo_irimager_multi_usb_init connected returned: 1
DEBUG [IRImager.cpp:1107] @ 0.634779s :Start flag calibration
DEBUG [OpFlag.cpp:591] @ 11.3212s :SkimDiff: 8 Adjust: 736 State: 2 EMax: 14369 Emin: 4391
DEBUG [ImageProcessing.cpp:526] @ 11.3322s :Skim_Adjust 2619
DEBUG [IRImager.cpp:1121] @ 11.466s :Finished startup calibration
