DEBUG [IRLogger.cpp:105] @ 0.0004375s :***************************************************
DEBUG [IRLogger.cpp:106] @ 0.0005103s :* IRImagerDirect SDK                              *
DEBUG [IRLogger.cpp:107] @ 0.0005378s :***************************************************
DEBUG [IRLogger.cpp:113] @ 0.0005616s :* Native Machine:      AMD64
DEBUG [IRLogger.cpp:114] @ 0.0005842s :* Machine:             AMD64
DEBUG [IRLogger.cpp:116] @ 0.0006152s :* OS:                  Windows 10 0 19045
DEBUG [IRLogger.cpp:123] @ 0.0006383s :***************************************************
DEBUG [IRDeviceParams.cpp:204] @ 0.0012264s :Parameters
DEBUG [IRDeviceParams.cpp:205] @ 0.0012496s :serial: 20052193
DEBUG [IRDeviceParams.cpp:206] @ 0.0012628s :videoformatindex: 1
DEBUG [IRDeviceParams.cpp:207] @ 0.0012757s :fov: 33
DEBUG [IRDeviceParams.cpp:208] @ 0.0012888s :optics_text: 0000016C3F820F10
DEBUG [IRDeviceParams.cpp:209] @ 0.0013019s :formatspath: 0000016C3F820DA0
DEBUG [IRDeviceParams.cpp:210] @ 0.0013146s :calipath: 0000000000000000
DEBUG [IRDeviceParams.cpp:211] @ 0.0013262s :temperature min: 0
DEBUG [IRDeviceParams.cpp:212] @ 0.0013384s :temperature max: 250
DEBUG [IRDeviceParams.cpp:213] @ 0.0013532s :framerate: 125
DEBUG [IRDeviceParams.cpp:214] @ 0.0013653s :bispectral: 0
DEBUG [IRDeviceParams.cpp:215] @ 0.0013778s :flag automatic: 0
DEBUG [IRDeviceParams.cpp:216] @ 0.0013892s :min interval: 15
DEBUG [IRDeviceParams.cpp:217] @ 0.0014003s :max interval: 0
DEBUG [IRDeviceParams.cpp:218] @ 0.001413s :chip heating mode: 0
DEBUG [IRDeviceParams.cpp:219] @ 0.0014913s :chip heating fixed val: 40
DEBUG [IRDeviceParams.cpp:220] @ 0.0015098s :focus:  -1
DEBUG [IRDeviceParams.cpp:221] @ 0.0015228s :enable extended temp range: 0
DEBUG [IRDeviceParams.cpp:222] @ 0.0015361s :buffer queue size: 5
DEBUG [IRDeviceParams.cpp:223] @ 0.0015485s :enable high precision: 0
DEBUG [IRDeviceParams.cpp:224] @ 0.0015605s :radialDistortionCorrectionMode: 0
DEBUG [IRDeviceParams.cpp:225] @ 0.0015739s :deviceAPI: 0
DEBUG [IRDeviceParams.cpp:226] @ 0.0015859s :useExternalProbeForReferencing: 0
DEBUG [IRDeviceParams.cpp:227] @ 0.0015991s :enableMultiThreading: 0
DEBUG [IRDeviceParams.cpp:232] @ 0.0016117s :ethernetDevice.deviceIpAddress: 0.0.0.0
DEBUG [IRDeviceParams.cpp:233] @ 0.0016231s :ethernetDevice.localUdpPort: 0
DEBUG [IRDeviceParams.cpp:234] @ 0.0016371s :ethernetDevice.checkUdpSenderIp: 1
DEBUG [Cali.cpp:87] @ 0.14976s :Calibration directory path: C:\Users\u0173846\AppData\Roaming\Imager\Cali
DEBUG [Cali.cpp:88] @ 0.14979s :Calibration file name: Cali-20052193.xml
DEBUG [Cali.cpp:98] @ 0.150198s :Calibration data A: 1450 B:1500 C:4095 D:1500
INFO [IRImager.cpp:266] @ 0.15121s :Init thermal imager to 20052193 with size: 642x120@125 Hz
DEBUG [Cali.cpp:87] @ 0.15147s :Calibration directory path: C:\Users\u0173846\AppData\Roaming\Imager\Cali
DEBUG [Cali.cpp:88] @ 0.151486s :Calibration file name: Cali-20052193.xml
DEBUG [Cali.cpp:98] @ 0.151863s :Calibration data A: 1450 B:1500 C:4095 D:1500
DEBUG [IRImager.cpp:374] @ 0.152634s :Using HID control interface
DEBUG [IRImager.cpp:414] @ 0.237493s :Initialized HID control interface to device with HW:601 FW:2633
DEBUG [IRImager.cpp:435] @ 0.237536s :Frameconfig - width(in): 642, height(in): 120, interval: 80000, max framerate: 125, HW interval: 0.008
DEBUG [Cali.cpp:87] @ 0.237555s :Calibration directory path: C:\Users\u0173846\AppData\Roaming\Imager\Cali
DEBUG [Cali.cpp:88] @ 0.237567s :Calibration file name: Cali-20052193.xml
DEBUG [Cali.cpp:98] @ 0.238031s :Calibration data A: 1450 B:1500 C:4095 D:1500
DEBUG [ImageProcessing.cpp:200] @ 0.265965s :Source buffer size: 154080 Width: 642 Height: 120
DEBUG [ImageProcessing.cpp:121] @ 0.309638s :Source buffer size: 154080 Width: 642 Height: 120
DEBUG [OpSource.cpp:347] @ 0.309746s :Using formats path: .\\Formats.def
DEBUG [OpSource.cpp:598] @ 0.30992s :Format found with size: 25
DEBUG [IRImager.cpp:841] @ 0.310242s :Caught onFrameInit with size: 640x120
DEBUG [OpSource.cpp:347] @ 0.310932s :Using formats path: .\\Formats.def
DEBUG [OpSource.cpp:598] @ 0.311099s :Format found with size: 25
DEBUG [OpSource.cpp:347] @ 0.31116s :Using formats path: .\\Formats.def
DEBUG [OpCorr.cpp:467] @ 0.31575s :Read cali: C:\Users\u0173846\AppData\Roaming\Imager\Cali\Cali-20052193-33-0-250.dat
DEBUG [OpCorr.cpp:557] @ 0.315841s :Read calibration of camera no 20052193, # of fields: 6 , start of fields: 40
DEBUG [ImageProcessing.cpp:1108] @ 0.583816s :Update flag temperature: 32.0625
DEBUG [ImageProcessing.cpp:1111] @ 0.587553s :Update box temperature: 29.25
DEBUG [Cali.cpp:639] @ 0.587594s :Calibration file path: 0000016C3B599594/00000054C35FB450.xml
DEBUG [SimpleXML.cpp:238] @ 0.587706s :Failed to open file C:\Users\u0173846\AppData\Roaming\Imager\Cali\CaliExt-20052193.xml
DEBUG [IRImager.cpp:547] @ 0.598878s :Chip heating disabled
DEBUG [direct_binding.cpp:300] @ 0.607301s :evo_irimager_multi_usb_init with config: 6060300.xml
DEBUG [direct_binding.cpp:301] @ 0.607335s :evo_irimager_multi_usb_init connected returned: 1
DEBUG [IRImager.cpp:1107] @ 0.629296s :Start flag calibration
DEBUG [OpFlag.cpp:591] @ 11.3161s :SkimDiff: 10 Adjust: 977 State: 3 EMax: 14875 Emin: 4117
DEBUG [ImageProcessing.cpp:526] @ 11.3273s :Skim_Adjust 2628
DEBUG [IRImager.cpp:1121] @ 11.4609s :Finished startup calibration
