DEBUG [IRLogger.cpp:105] @ 0.0002828s :***************************************************
DEBUG [IRLogger.cpp:106] @ 0.0003617s :* IRImagerDirect SDK                              *
DEBUG [IRLogger.cpp:107] @ 0.0003902s :***************************************************
DEBUG [IRLogger.cpp:113] @ 0.0004157s :* Native Machine:      AMD64
DEBUG [IRLogger.cpp:114] @ 0.0004393s :* Machine:             AMD64
DEBUG [IRLogger.cpp:116] @ 0.0004657s :* OS:                  Windows 10 0 19045
DEBUG [IRLogger.cpp:123] @ 0.0004858s :***************************************************
DEBUG [IRDeviceParams.cpp:204] @ 0.0011786s :Parameters
DEBUG [IRDeviceParams.cpp:205] @ 0.0012002s :serial: 20052193
DEBUG [IRDeviceParams.cpp:206] @ 0.001213s :videoformatindex: 1
DEBUG [IRDeviceParams.cpp:207] @ 0.0012252s :fov: 33
DEBUG [IRDeviceParams.cpp:208] @ 0.0013014s :optics_text: 000001F244BE24B0
DEBUG [IRDeviceParams.cpp:209] @ 0.0013203s :formatspath: 000001F244BE24C0
DEBUG [IRDeviceParams.cpp:210] @ 0.0013348s :calipath: 0000000000000000
DEBUG [IRDeviceParams.cpp:211] @ 0.0013479s :temperature min: 0
DEBUG [IRDeviceParams.cpp:212] @ 0.0013605s :temperature max: 250
DEBUG [IRDeviceParams.cpp:213] @ 0.0013787s :framerate: 125
DEBUG [IRDeviceParams.cpp:214] @ 0.0013927s :bispectral: 0
DEBUG [IRDeviceParams.cpp:215] @ 0.0014047s :flag automatic: 0
DEBUG [IRDeviceParams.cpp:216] @ 0.001418s :min interval: 15
DEBUG [IRDeviceParams.cpp:217] @ 0.0014318s :max interval: 0
DEBUG [IRDeviceParams.cpp:218] @ 0.001444s :chip heating mode: 0
DEBUG [IRDeviceParams.cpp:219] @ 0.0014568s :chip heating fixed val: 40
DEBUG [IRDeviceParams.cpp:220] @ 0.0014695s :focus:  -1
DEBUG [IRDeviceParams.cpp:221] @ 0.0014829s :enable extended temp range: 0
DEBUG [IRDeviceParams.cpp:222] @ 0.001497s :buffer queue size: 5
DEBUG [IRDeviceParams.cpp:223] @ 0.0015099s :enable high precision: 0
DEBUG [IRDeviceParams.cpp:224] @ 0.0015236s :radialDistortionCorrectionMode: 0
DEBUG [IRDeviceParams.cpp:225] @ 0.0015363s :deviceAPI: 0
DEBUG [IRDeviceParams.cpp:226] @ 0.0015482s :useExternalProbeForReferencing: 0
DEBUG [IRDeviceParams.cpp:227] @ 0.0015607s :enableMultiThreading: 0
DEBUG [IRDeviceParams.cpp:232] @ 0.0015736s :ethernetDevice.deviceIpAddress: 0.0.0.0
DEBUG [IRDeviceParams.cpp:233] @ 0.0015858s :ethernetDevice.localUdpPort: 0
DEBUG [IRDeviceParams.cpp:234] @ 0.0015984s :ethernetDevice.checkUdpSenderIp: 1
DEBUG [Cali.cpp:87] @ 0.158051s :Calibration directory path: C:\Users\u0173846\AppData\Roaming\Imager\Cali
DEBUG [Cali.cpp:88] @ 0.15808s :Calibration file name: Cali-20052193.xml
DEBUG [Cali.cpp:98] @ 0.158507s :Calibration data A: 1450 B:1500 C:4095 D:1500
INFO [IRImager.cpp:266] @ 0.159525s :Init thermal imager to 20052193 with size: 642x120@125 Hz
DEBUG [Cali.cpp:87] @ 0.159785s :Calibration directory path: C:\Users\u0173846\AppData\Roaming\Imager\Cali
DEBUG [Cali.cpp:88] @ 0.159801s :Calibration file name: Cali-20052193.xml
DEBUG [Cali.cpp:98] @ 0.160179s :Calibration data A: 1450 B:1500 C:4095 D:1500
DEBUG [IRImager.cpp:374] @ 0.16096s :Using HID control interface
DEBUG [IRImager.cpp:414] @ 0.247909s :Initialized HID control interface to device with HW:601 FW:2633
DEBUG [IRImager.cpp:435] @ 0.247965s :Frameconfig - width(in): 642, height(in): 120, interval: 80000, max framerate: 125, HW interval: 0.008
DEBUG [Cali.cpp:87] @ 0.247988s :Calibration directory path: C:\Users\u0173846\AppData\Roaming\Imager\Cali
DEBUG [Cali.cpp:88] @ 0.248004s :Calibration file name: Cali-20052193.xml
DEBUG [Cali.cpp:98] @ 0.248492s :Calibration data A: 1450 B:1500 C:4095 D:1500
DEBUG [ImageProcessing.cpp:200] @ 0.275956s :Source buffer size: 154080 Width: 642 Height: 120
DEBUG [ImageProcessing.cpp:121] @ 0.315795s :Source buffer size: 154080 Width: 642 Height: 120
DEBUG [OpSource.cpp:347] @ 0.315866s :Using formats path: .\\Formats.def
DEBUG [OpSource.cpp:598] @ 0.316023s :Format found with size: 25
DEBUG [IRImager.cpp:841] @ 0.316346s :Caught onFrameInit with size: 640x120
DEBUG [OpSource.cpp:347] @ 0.317062s :Using formats path: .\\Formats.def
DEBUG [OpSource.cpp:598] @ 0.317286s :Format found with size: 25
DEBUG [OpSource.cpp:347] @ 0.317366s :Using formats path: .\\Formats.def
DEBUG [OpCorr.cpp:467] @ 0.321588s :Read cali: C:\Users\u0173846\AppData\Roaming\Imager\Cali\Cali-20052193-33-0-250.dat
DEBUG [OpCorr.cpp:557] @ 0.321662s :Read calibration of camera no 20052193, # of fields: 6 , start of fields: 40
DEBUG [ImageProcessing.cpp:1108] @ 0.588293s :Update flag temperature: 28.6875
DEBUG [ImageProcessing.cpp:1111] @ 0.592128s :Update box temperature: 26.5
DEBUG [Cali.cpp:639] @ 0.592155s :Calibration file path: 000001F244CDF284/0000003457BEC270.xml
DEBUG [SimpleXML.cpp:238] @ 0.592261s :Failed to open file C:\Users\u0173846\AppData\Roaming\Imager\Cali\CaliExt-20052193.xml
DEBUG [IRImager.cpp:547] @ 0.603438s :Chip heating disabled
DEBUG [direct_binding.cpp:300] @ 0.612642s :evo_irimager_multi_usb_init with config: 6060300.xml
DEBUG [direct_binding.cpp:301] @ 0.61268s :evo_irimager_multi_usb_init connected returned: 1
DEBUG [IRImager.cpp:1107] @ 0.634732s :Start flag calibration
