DEBUG [IRLogger.cpp:105] @ 0.0004004s :***************************************************
DEBUG [IRLogger.cpp:106] @ 0.0005189s :* IRImagerDirect SDK                              *
DEBUG [IRLogger.cpp:107] @ 0.0005736s :***************************************************
DEBUG [IRLogger.cpp:113] @ 0.0006165s :* Native Machine:      AMD64
DEBUG [IRLogger.cpp:114] @ 0.0006585s :* Machine:             AMD64
DEBUG [IRLogger.cpp:116] @ 0.0007137s :* OS:                  Windows 10 0 19045
DEBUG [IRLogger.cpp:123] @ 0.0007475s :***************************************************
DEBUG [IRDeviceParams.cpp:204] @ 0.0017735s :Parameters
DEBUG [IRDeviceParams.cpp:205] @ 0.0017934s :serial: 20052193
DEBUG [IRDeviceParams.cpp:206] @ 0.0018052s :videoformatindex: 1
DEBUG [IRDeviceParams.cpp:207] @ 0.0018165s :fov: 33
DEBUG [IRDeviceParams.cpp:208] @ 0.001828s :optics_text: 0000014F9B19A7B0
DEBUG [IRDeviceParams.cpp:209] @ 0.0018396s :formatspath: 0000014F9B19A930
DEBUG [IRDeviceParams.cpp:210] @ 0.001851s :calipath: 0000000000000000
DEBUG [IRDeviceParams.cpp:211] @ 0.0018625s :temperature min: 0
DEBUG [IRDeviceParams.cpp:212] @ 0.0018734s :temperature max: 250
DEBUG [IRDeviceParams.cpp:213] @ 0.001887s :framerate: 125
DEBUG [IRDeviceParams.cpp:214] @ 0.0018985s :bispectral: 0
DEBUG [IRDeviceParams.cpp:215] @ 0.0019093s :flag automatic: 0
DEBUG [IRDeviceParams.cpp:216] @ 0.0019212s :min interval: 15
DEBUG [IRDeviceParams.cpp:217] @ 0.0019322s :max interval: 0
DEBUG [IRDeviceParams.cpp:218] @ 0.0019433s :chip heating mode: 0
DEBUG [IRDeviceParams.cpp:219] @ 0.0019568s :chip heating fixed val: 40
DEBUG [IRDeviceParams.cpp:220] @ 0.0019686s :focus:  -1
DEBUG [IRDeviceParams.cpp:221] @ 0.0019796s :enable extended temp range: 0
DEBUG [IRDeviceParams.cpp:222] @ 0.0019911s :buffer queue size: 5
DEBUG [IRDeviceParams.cpp:223] @ 0.0020022s :enable high precision: 0
DEBUG [IRDeviceParams.cpp:224] @ 0.0020136s :radialDistortionCorrectionMode: 0
DEBUG [IRDeviceParams.cpp:225] @ 0.0020246s :deviceAPI: 0
DEBUG [IRDeviceParams.cpp:226] @ 0.0020355s :useExternalProbeForReferencing: 0
DEBUG [IRDeviceParams.cpp:227] @ 0.0020483s :enableMultiThreading: 0
DEBUG [IRDeviceParams.cpp:232] @ 0.0020601s :ethernetDevice.deviceIpAddress: 0.0.0.0
DEBUG [IRDeviceParams.cpp:233] @ 0.0020712s :ethernetDevice.localUdpPort: 0
DEBUG [IRDeviceParams.cpp:234] @ 0.0020826s :ethernetDevice.checkUdpSenderIp: 1
DEBUG [Cali.cpp:87] @ 0.0904723s :Calibration directory path: C:\Users\u0173846\AppData\Roaming\Imager\Cali
DEBUG [Cali.cpp:88] @ 0.0905016s :Calibration file name: Cali-20052193.xml
DEBUG [Cali.cpp:98] @ 0.090905s :Calibration data A: 1450 B:1500 C:4095 D:1500
INFO [IRImager.cpp:266] @ 0.091909s :Init thermal imager to 20052193 with size: 642x120@125 Hz
DEBUG [Cali.cpp:87] @ 0.09217s :Calibration directory path: C:\Users\u0173846\AppData\Roaming\Imager\Cali
DEBUG [Cali.cpp:88] @ 0.0921864s :Calibration file name: Cali-20052193.xml
DEBUG [Cali.cpp:98] @ 0.0925638s :Calibration data A: 1450 B:1500 C:4095 D:1500
DEBUG [IRImager.cpp:374] @ 0.0933508s :Using HID control interface
DEBUG [IRImager.cpp:414] @ 0.177901s :Initialized HID control interface to device with HW:601 FW:2633
DEBUG [IRImager.cpp:435] @ 0.177942s :Frameconfig - width(in): 642, height(in): 120, interval: 80000, max framerate: 125, HW interval: 0.008
DEBUG [Cali.cpp:87] @ 0.177961s :Calibration directory path: C:\Users\u0173846\AppData\Roaming\Imager\Cali
DEBUG [Cali.cpp:88] @ 0.177973s :Calibration file name: Cali-20052193.xml
DEBUG [Cali.cpp:98] @ 0.178392s :Calibration data A: 1450 B:1500 C:4095 D:1500
DEBUG [ImageProcessing.cpp:200] @ 0.206216s :Source buffer size: 154080 Width: 642 Height: 120
DEBUG [ImageProcessing.cpp:121] @ 0.24856s :Source buffer size: 154080 Width: 642 Height: 120
DEBUG [OpSource.cpp:347] @ 0.24864s :Using formats path: .\\Formats.def
DEBUG [OpSource.cpp:598] @ 0.248794s :Format found with size: 25
DEBUG [IRImager.cpp:841] @ 0.249117s :Caught onFrameInit with size: 640x120
DEBUG [OpSource.cpp:347] @ 0.249805s :Using formats path: .\\Formats.def
DEBUG [OpSource.cpp:598] @ 0.249962s :Format found with size: 25
DEBUG [OpSource.cpp:347] @ 0.250016s :Using formats path: .\\Formats.def
DEBUG [OpCorr.cpp:467] @ 0.254194s :Read cali: C:\Users\u0173846\AppData\Roaming\Imager\Cali\Cali-20052193-33-0-250.dat
DEBUG [OpCorr.cpp:557] @ 0.254264s :Read calibration of camera no 20052193, # of fields: 6 , start of fields: 40
DEBUG [ImageProcessing.cpp:1108] @ 0.521323s :Update flag temperature: 32
DEBUG [ImageProcessing.cpp:1111] @ 0.525059s :Update box temperature: 29
DEBUG [Cali.cpp:639] @ 0.525091s :Calibration file path: 0000014F9B2E6D14/000000312A5E8D30.xml
DEBUG [SimpleXML.cpp:238] @ 0.525199s :Failed to open file C:\Users\u0173846\AppData\Roaming\Imager\Cali\CaliExt-20052193.xml
DEBUG [IRImager.cpp:547] @ 0.536049s :Chip heating disabled
ERROR [DirectBridgeClientUSB.cpp:178] @ 0.541921s :Error occurred in starting stream ... aborting. You may need to reconnect the camera.
DEBUG [direct_binding.cpp:300] @ 0.551505s :evo_irimager_multi_usb_init with config: 6060300.xml
DEBUG [direct_binding.cpp:301] @ 0.551541s :evo_irimager_multi_usb_init connected returned: 0
DEBUG [IRImager.cpp:662] @ 0.551555s :Release imager
DEBUG [BaseControlDevice.cpp:26] @ 0.582006s :Base destructor called
DEBUG [IRImager.cpp:669] @ 0.582036s :Delete image processing
DEBUG [IRImager.cpp:676] @ 0.583855s :Delete buffer
DEBUG [IRImager.cpp:684] @ 0.583884s :Delete source buffer
DEBUG [IRImager.cpp:691] @ 0.583896s :Delete buffer (energy)
DEBUG [IRImager.cpp:698] @ 0.583982s :Delete timer
DEBUG [IRImager.cpp:704] @ 0.583994s :Delete manual timer
