DEBUG [IRLogger.cpp:105] @ 0.0002813s :***************************************************
DEBUG [IRLogger.cpp:106] @ 0.0003548s :* IRImagerDirect SDK                              *
DEBUG [IRLogger.cpp:107] @ 0.0003852s :***************************************************
DEBUG [IRLogger.cpp:113] @ 0.0004114s :* Native Machine:      AMD64
DEBUG [IRLogger.cpp:114] @ 0.0004342s :* Machine:             AMD64
DEBUG [IRLogger.cpp:116] @ 0.0004602s :* OS:                  Windows 10 0 19045
DEBUG [IRLogger.cpp:123] @ 0.0004826s :***************************************************
DEBUG [IRDeviceParams.cpp:204] @ 0.0012205s :Parameters
DEBUG [IRDeviceParams.cpp:205] @ 0.0012404s :serial: 20052193
DEBUG [IRDeviceParams.cpp:206] @ 0.0012524s :videoformatindex: 1
DEBUG [IRDeviceParams.cpp:207] @ 0.0012638s :fov: 33
DEBUG [IRDeviceParams.cpp:208] @ 0.0012753s :optics_text: 000001C23BC83FD0
DEBUG [IRDeviceParams.cpp:209] @ 0.0012867s :formatspath: 000001C23BC83D50
DEBUG [IRDeviceParams.cpp:210] @ 0.0012979s :calipath: 0000000000000000
DEBUG [IRDeviceParams.cpp:211] @ 0.0013091s :temperature min: 0
DEBUG [IRDeviceParams.cpp:212] @ 0.0013199s :temperature max: 250
DEBUG [IRDeviceParams.cpp:213] @ 0.0013353s :framerate: 125
DEBUG [IRDeviceParams.cpp:214] @ 0.0013468s :bispectral: 0
DEBUG [IRDeviceParams.cpp:215] @ 0.0013577s :flag automatic: 0
DEBUG [IRDeviceParams.cpp:216] @ 0.0013692s :min interval: 15
DEBUG [IRDeviceParams.cpp:217] @ 0.0013804s :max interval: 0
DEBUG [IRDeviceParams.cpp:218] @ 0.0013912s :chip heating mode: 0
DEBUG [IRDeviceParams.cpp:219] @ 0.0014029s :chip heating fixed val: 40
DEBUG [IRDeviceParams.cpp:220] @ 0.0014145s :focus:  -1
DEBUG [IRDeviceParams.cpp:221] @ 0.0014255s :enable extended temp range: 0
DEBUG [IRDeviceParams.cpp:222] @ 0.0014366s :buffer queue size: 5
DEBUG [IRDeviceParams.cpp:223] @ 0.0014476s :enable high precision: 0
DEBUG [IRDeviceParams.cpp:224] @ 0.0014587s :radialDistortionCorrectionMode: 0
DEBUG [IRDeviceParams.cpp:225] @ 0.00147s :deviceAPI: 0
DEBUG [IRDeviceParams.cpp:226] @ 0.001481s :useExternalProbeForReferencing: 0
DEBUG [IRDeviceParams.cpp:227] @ 0.001492s :enableMultiThreading: 0
DEBUG [IRDeviceParams.cpp:232] @ 0.0015039s :ethernetDevice.deviceIpAddress: 0.0.0.0
DEBUG [IRDeviceParams.cpp:233] @ 0.001515s :ethernetDevice.localUdpPort: 0
DEBUG [IRDeviceParams.cpp:234] @ 0.0015261s :ethernetDevice.checkUdpSenderIp: 1
DEBUG [Cali.cpp:87] @ 0.149391s :Calibration directory path: C:\Users\u0173846\AppData\Roaming\Imager\Cali
DEBUG [Cali.cpp:88] @ 0.149421s :Calibration file name: Cali-20052193.xml
DEBUG [Cali.cpp:98] @ 0.149835s :Calibration data A: 1450 B:1500 C:4095 D:1500
INFO [IRImager.cpp:266] @ 0.150854s :Init thermal imager to 20052193 with size: 642x120@125 Hz
DEBUG [Cali.cpp:87] @ 0.151117s :Calibration directory path: C:\Users\u0173846\AppData\Roaming\Imager\Cali
DEBUG [Cali.cpp:88] @ 0.151133s :Calibration file name: Cali-20052193.xml
DEBUG [Cali.cpp:98] @ 0.151513s :Calibration data A: 1450 B:1500 C:4095 D:1500
DEBUG [IRImager.cpp:374] @ 0.152304s :Using HID control interface
DEBUG [IRImager.cpp:414] @ 0.237368s :Initialized HID control interface to device with HW:601 FW:2633
DEBUG [IRImager.cpp:435] @ 0.237426s :Frameconfig - width(in): 642, height(in): 120, interval: 80000, max framerate: 125, HW interval: 0.008
DEBUG [Cali.cpp:87] @ 0.237449s :Calibration directory path: C:\Users\u0173846\AppData\Roaming\Imager\Cali
DEBUG [Cali.cpp:88] @ 0.237465s :Calibration file name: Cali-20052193.xml
DEBUG [Cali.cpp:98] @ 0.237945s :Calibration data A: 1450 B:1500 C:4095 D:1500
DEBUG [ImageProcessing.cpp:200] @ 0.265829s :Source buffer size: 154080 Width: 642 Height: 120
DEBUG [ImageProcessing.cpp:121] @ 0.30695s :Source buffer size: 154080 Width: 642 Height: 120
DEBUG [OpSource.cpp:347] @ 0.307064s :Using formats path: .\\Formats.def
DEBUG [OpSource.cpp:598] @ 0.307242s :Format found with size: 25
DEBUG [IRImager.cpp:841] @ 0.307569s :Caught onFrameInit with size: 640x120
DEBUG [OpSource.cpp:347] @ 0.308246s :Using formats path: .\\Formats.def
DEBUG [OpSource.cpp:598] @ 0.30842s :Format found with size: 25
DEBUG [OpSource.cpp:347] @ 0.308479s :Using formats path: .\\Formats.def
DEBUG [OpCorr.cpp:467] @ 0.312768s :Read cali: C:\Users\u0173846\AppData\Roaming\Imager\Cali\Cali-20052193-33-0-250.dat
DEBUG [OpCorr.cpp:557] @ 0.31287s :Read calibration of camera no 20052193, # of fields: 6 , start of fields: 40
DEBUG [ImageProcessing.cpp:1108] @ 0.580648s :Update flag temperature: 30.5
DEBUG [ImageProcessing.cpp:1111] @ 0.584555s :Update box temperature: 28.1875
DEBUG [Cali.cpp:639] @ 0.584613s :Calibration file path: 000001C23BD11A64/0000008C27BEC960.xml
DEBUG [SimpleXML.cpp:238] @ 0.584736s :Failed to open file C:\Users\u0173846\AppData\Roaming\Imager\Cali\CaliExt-20052193.xml
DEBUG [IRImager.cpp:547] @ 0.597055s :Chip heating disabled
DEBUG [direct_binding.cpp:300] @ 0.606213s :evo_irimager_multi_usb_init with config: 6060300.xml
DEBUG [direct_binding.cpp:301] @ 0.606247s :evo_irimager_multi_usb_init connected returned: 1
DEBUG [IRImager.cpp:1107] @ 0.628409s :Start flag calibration
DEBUG [OpFlag.cpp:591] @ 11.3153s :SkimDiff: 11 Adjust: 1059 State: 3 EMax: 14768 Emin: 4387
DEBUG [ImageProcessing.cpp:526] @ 11.3269s :Skim_Adjust 2629
DEBUG [IRImager.cpp:1121] @ 11.46s :Finished startup calibration
