DEBUG [IRLogger.cpp:105] @ 0.0002955s :***************************************************
DEBUG [IRLogger.cpp:106] @ 0.0004003s :* IRImagerDirect SDK                              *
DEBUG [IRLogger.cpp:107] @ 0.000435s :***************************************************
DEBUG [IRLogger.cpp:113] @ 0.000458s :* Native Machine:      AMD64
DEBUG [IRLogger.cpp:114] @ 0.0004808s :* Machine:             AMD64
DEBUG [IRLogger.cpp:116] @ 0.0005129s :* OS:                  Windows 10 0 19045
DEBUG [IRLogger.cpp:123] @ 0.000535s :***************************************************
DEBUG [IRDeviceParams.cpp:204] @ 0.001164s :Parameters
DEBUG [IRDeviceParams.cpp:205] @ 0.0011839s :serial: 17092037
DEBUG [IRDeviceParams.cpp:206] @ 0.0012149s :videoformatindex: 3
DEBUG [IRDeviceParams.cpp:207] @ 0.0012301s :fov: 0
DEBUG [IRDeviceParams.cpp:208] @ 0.001245s :optics_text: 000002016E8C6700
DEBUG [IRDeviceParams.cpp:209] @ 0.0012593s :formatspath: 000002016E8C6710
DEBUG [IRDeviceParams.cpp:210] @ 0.0012734s :calipath: 0000000000000000
DEBUG [IRDeviceParams.cpp:211] @ 0.0012859s :temperature min: 600
DEBUG [IRDeviceParams.cpp:212] @ 0.0012975s :temperature max: 1800
DEBUG [IRDeviceParams.cpp:213] @ 0.0013138s :framerate: 1000
DEBUG [IRDeviceParams.cpp:214] @ 0.0013272s :bispectral: 0
DEBUG [IRDeviceParams.cpp:215] @ 0.0013393s :flag automatic: 0
DEBUG [IRDeviceParams.cpp:216] @ 0.0013562s :min interval: 15
DEBUG [IRDeviceParams.cpp:217] @ 0.0013692s :max interval: 0
DEBUG [IRDeviceParams.cpp:218] @ 0.0013804s :chip heating mode: 0
DEBUG [IRDeviceParams.cpp:219] @ 0.0013932s :chip heating fixed val: 40
DEBUG [IRDeviceParams.cpp:220] @ 0.0014068s :focus:  -1
DEBUG [IRDeviceParams.cpp:221] @ 0.0014191s :enable extended temp range: 0
DEBUG [IRDeviceParams.cpp:222] @ 0.0014312s :buffer queue size: 5
DEBUG [IRDeviceParams.cpp:223] @ 0.0014432s :enable high precision: 0
DEBUG [IRDeviceParams.cpp:224] @ 0.0014561s :radialDistortionCorrectionMode: 0
DEBUG [IRDeviceParams.cpp:225] @ 0.0014681s :deviceAPI: 0
DEBUG [IRDeviceParams.cpp:226] @ 0.001481s :useExternalProbeForReferencing: 0
DEBUG [IRDeviceParams.cpp:227] @ 0.0014948s :enableMultiThreading: 0
DEBUG [IRDeviceParams.cpp:232] @ 0.001508s :ethernetDevice.deviceIpAddress: 0.0.0.0
DEBUG [IRDeviceParams.cpp:233] @ 0.0015207s :ethernetDevice.localUdpPort: 0
DEBUG [IRDeviceParams.cpp:234] @ 0.0015323s :ethernetDevice.checkUdpSenderIp: 1
DEBUG [Cali.cpp:87] @ 0.154495s :Calibration directory path: C:\Users\u0173846\AppData\Roaming\Imager\Cali
DEBUG [Cali.cpp:88] @ 0.154525s :Calibration file name: Cali-17092037.xml
DEBUG [Cali.cpp:98] @ 0.154874s :Calibration data A: 1450 B:470 C:4095 D:1500
INFO [IRImager.cpp:266] @ 0.155485s :Init thermal imager to 17092037 with size: 74x224@250 Hz
DEBUG [Cali.cpp:87] @ 0.155747s :Calibration directory path: C:\Users\u0173846\AppData\Roaming\Imager\Cali
DEBUG [Cali.cpp:88] @ 0.155763s :Calibration file name: Cali-17092037.xml
DEBUG [Cali.cpp:98] @ 0.156042s :Calibration data A: 1450 B:470 C:4095 D:1500
DEBUG [IRImager.cpp:374] @ 0.156667s :Using HID control interface
DEBUG [IRImager.cpp:414] @ 0.238044s :Initialized HID control interface to device with HW:2101 FW:2820
DEBUG [IRImager.cpp:435] @ 0.238092s :Frameconfig - width(in): 74, height(in): 224, interval: 40000, max framerate: 250, HW interval: 0.004
DEBUG [Cali.cpp:87] @ 0.238111s :Calibration directory path: C:\Users\u0173846\AppData\Roaming\Imager\Cali
DEBUG [Cali.cpp:88] @ 0.238123s :Calibration file name: Cali-17092037.xml
DEBUG [Cali.cpp:98] @ 0.238471s :Calibration data A: 1450 B:470 C:4095 D:1500
DEBUG [ImageProcessing.cpp:200] @ 0.242667s :Source buffer size: 33152 Width: 74 Height: 224
DEBUG [ImageProcessing.cpp:121] @ 0.277866s :Source buffer size: 33152 Width: 74 Height: 224
DEBUG [OpSource.cpp:347] @ 0.277948s :Using formats path: .\\Formats.def
DEBUG [OpSource.cpp:598] @ 0.278161s :Format found with size: 14
DEBUG [IRImager.cpp:841] @ 0.278251s :Caught onFrameInit with size: 72x56
DEBUG [OpSource.cpp:347] @ 0.278371s :Using formats path: .\\Formats.def
DEBUG [OpSource.cpp:598] @ 0.278577s :Format found with size: 14
DEBUG [OpSource.cpp:347] @ 0.278635s :Using formats path: .\\Formats.def
DEBUG [OpCorr.cpp:467] @ 0.280803s :Read cali: C:\Users\u0173846\AppData\Roaming\Imager\Cali\Cali-17092037-25-600-1800-1000.dat
DEBUG [ImageProcessing.cpp:1108] @ 0.302118s :Update flag temperature: 240.313
DEBUG [ImageProcessing.cpp:1111] @ 0.303985s :Update box temperature: 240.313
DEBUG [Cali.cpp:639] @ 0.30401s :Calibration file path: 000002017E79CDD4/0000002262BEC6B0.xml
DEBUG [SimpleXML.cpp:238] @ 0.304112s :Failed to open file C:\Users\u0173846\AppData\Roaming\Imager\Cali\CaliExt-17092037.xml
DEBUG [IRImager.cpp:547] @ 0.316691s :Chip heating disabled
DEBUG [direct_binding.cpp:300] @ 0.320158s :evo_irimager_multi_usb_init with config: 17092037.xml
DEBUG [direct_binding.cpp:301] @ 0.320197s :evo_irimager_multi_usb_init connected returned: 1
DEBUG [IRImager.cpp:1107] @ 0.383273s :Start flag calibration
