DEBUG [IRLogger.cpp:105] @ 0.0003225s :***************************************************
DEBUG [IRLogger.cpp:106] @ 0.0004056s :* IRImagerDirect SDK                              *
DEBUG [IRLogger.cpp:107] @ 0.0004307s :***************************************************
DEBUG [IRLogger.cpp:113] @ 0.0004542s :* Native Machine:      AMD64
DEBUG [IRLogger.cpp:114] @ 0.0004761s :* Machine:             AMD64
DEBUG [IRLogger.cpp:116] @ 0.0005031s :* OS:                  Windows 10 0 19045
DEBUG [IRLogger.cpp:123] @ 0.0005247s :***************************************************
DEBUG [IRDeviceParams.cpp:204] @ 0.0099431s :Parameters
DEBUG [IRDeviceParams.cpp:205] @ 0.0099687s :serial: 17092037
DEBUG [IRDeviceParams.cpp:206] @ 0.0099808s :videoformatindex: 3
DEBUG [IRDeviceParams.cpp:207] @ 0.0099927s :fov: 0
DEBUG [IRDeviceParams.cpp:208] @ 0.0100043s :optics_text: 00000214213B6220
DEBUG [IRDeviceParams.cpp:209] @ 0.0100163s :formatspath: 00000214213B6110
DEBUG [IRDeviceParams.cpp:210] @ 0.0100295s :calipath: 0000000000000000
DEBUG [IRDeviceParams.cpp:211] @ 0.010041s :temperature min: 600
DEBUG [IRDeviceParams.cpp:212] @ 0.0100525s :temperature max: 1800
DEBUG [IRDeviceParams.cpp:213] @ 0.0100667s :framerate: 1000
DEBUG [IRDeviceParams.cpp:214] @ 0.0100784s :bispectral: 0
DEBUG [IRDeviceParams.cpp:215] @ 0.0100897s :flag automatic: 0
DEBUG [IRDeviceParams.cpp:216] @ 0.0101015s :min interval: 15
DEBUG [IRDeviceParams.cpp:217] @ 0.0101128s :max interval: 0
DEBUG [IRDeviceParams.cpp:218] @ 0.0101239s :chip heating mode: 0
DEBUG [IRDeviceParams.cpp:219] @ 0.0101356s :chip heating fixed val: 40
DEBUG [IRDeviceParams.cpp:220] @ 0.0101473s :focus:  -1
DEBUG [IRDeviceParams.cpp:221] @ 0.0101586s :enable extended temp range: 0
DEBUG [IRDeviceParams.cpp:222] @ 0.0101699s :buffer queue size: 5
DEBUG [IRDeviceParams.cpp:223] @ 0.0101812s :enable high precision: 0
DEBUG [IRDeviceParams.cpp:224] @ 0.0101924s :radialDistortionCorrectionMode: 0
DEBUG [IRDeviceParams.cpp:225] @ 0.0102039s :deviceAPI: 0
DEBUG [IRDeviceParams.cpp:226] @ 0.0102148s :useExternalProbeForReferencing: 0
DEBUG [IRDeviceParams.cpp:227] @ 0.0102278s :enableMultiThreading: 0
DEBUG [IRDeviceParams.cpp:232] @ 0.0102397s :ethernetDevice.deviceIpAddress: 0.0.0.0
DEBUG [IRDeviceParams.cpp:233] @ 0.0102507s :ethernetDevice.localUdpPort: 0
DEBUG [IRDeviceParams.cpp:234] @ 0.0102617s :ethernetDevice.checkUdpSenderIp: 1
DEBUG [Cali.cpp:87] @ 0.165269s :Calibration directory path: C:\Users\u0173846\AppData\Roaming\Imager\Cali
DEBUG [Cali.cpp:88] @ 0.165298s :Calibration file name: Cali-17092037.xml
DEBUG [Cali.cpp:98] @ 0.16562s :Calibration data A: 1450 B:470 C:4095 D:1500
INFO [IRImager.cpp:266] @ 0.16622s :Init thermal imager to 17092037 with size: 74x224@250 Hz
DEBUG [Cali.cpp:87] @ 0.16648s :Calibration directory path: C:\Users\u0173846\AppData\Roaming\Imager\Cali
DEBUG [Cali.cpp:88] @ 0.166496s :Calibration file name: Cali-17092037.xml
DEBUG [Cali.cpp:98] @ 0.166778s :Calibration data A: 1450 B:470 C:4095 D:1500
DEBUG [IRImager.cpp:374] @ 0.175329s :Using HID control interface
DEBUG [IRImager.cpp:414] @ 0.256938s :Initialized HID control interface to device with HW:2101 FW:2820
DEBUG [IRImager.cpp:435] @ 0.256994s :Frameconfig - width(in): 74, height(in): 224, interval: 40000, max framerate: 250, HW interval: 0.004
DEBUG [Cali.cpp:87] @ 0.257013s :Calibration directory path: C:\Users\u0173846\AppData\Roaming\Imager\Cali
DEBUG [Cali.cpp:88] @ 0.257027s :Calibration file name: Cali-17092037.xml
DEBUG [Cali.cpp:98] @ 0.257408s :Calibration data A: 1450 B:470 C:4095 D:1500
DEBUG [ImageProcessing.cpp:200] @ 0.261883s :Source buffer size: 33152 Width: 74 Height: 224
DEBUG [ImageProcessing.cpp:121] @ 0.297391s :Source buffer size: 33152 Width: 74 Height: 224
DEBUG [OpSource.cpp:347] @ 0.29747s :Using formats path: .\\Formats.def
DEBUG [OpSource.cpp:598] @ 0.297687s :Format found with size: 14
DEBUG [IRImager.cpp:841] @ 0.297751s :Caught onFrameInit with size: 72x56
DEBUG [OpSource.cpp:347] @ 0.297878s :Using formats path: .\\Formats.def
DEBUG [OpSource.cpp:598] @ 0.298092s :Format found with size: 14
DEBUG [OpSource.cpp:347] @ 0.298148s :Using formats path: .\\Formats.def
DEBUG [OpCorr.cpp:467] @ 0.30035s :Read cali: C:\Users\u0173846\AppData\Roaming\Imager\Cali\Cali-17092037-25-600-1800-1000.dat
DEBUG [ImageProcessing.cpp:1108] @ 0.32512s :Update flag temperature: 240.313
DEBUG [ImageProcessing.cpp:1111] @ 0.326958s :Update box temperature: 240.313
DEBUG [Cali.cpp:639] @ 0.326984s :Calibration file path: 00000214220DFDC4/00000018435EC800.xml
DEBUG [SimpleXML.cpp:238] @ 0.327066s :Failed to open file C:\Users\u0173846\AppData\Roaming\Imager\Cali\CaliExt-17092037.xml
DEBUG [IRImager.cpp:547] @ 0.340277s :Chip heating disabled
DEBUG [direct_binding.cpp:300] @ 0.345121s :evo_irimager_multi_usb_init with config: 17092037.xml
DEBUG [direct_binding.cpp:301] @ 0.345161s :evo_irimager_multi_usb_init connected returned: 1
DEBUG [IRImager.cpp:1107] @ 0.408212s :Start flag calibration
