DEBUG [IRLogger.cpp:105] @ 0.0002632s :***************************************************
DEBUG [IRLogger.cpp:106] @ 0.0003346s :* IRImagerDirect SDK                              *
DEBUG [IRLogger.cpp:107] @ 0.0003623s :***************************************************
DEBUG [IRLogger.cpp:113] @ 0.0003867s :* Native Machine:      AMD64
DEBUG [IRLogger.cpp:114] @ 0.0004106s :* Machine:             AMD64
DEBUG [IRLogger.cpp:116] @ 0.0004389s :* OS:                  Windows 10 0 19045
DEBUG [IRLogger.cpp:123] @ 0.0004606s :***************************************************
DEBUG [IRDeviceParams.cpp:204] @ 0.0010364s :Parameters
DEBUG [IRDeviceParams.cpp:205] @ 0.0010575s :serial: 20052193
DEBUG [IRDeviceParams.cpp:206] @ 0.0010775s :videoformatindex: 1
DEBUG [IRDeviceParams.cpp:207] @ 0.0010901s :fov: 33
DEBUG [IRDeviceParams.cpp:208] @ 0.0011025s :optics_text: 000002046D993D50
DEBUG [IRDeviceParams.cpp:209] @ 0.0011161s :formatspath: 000002046D993B60
DEBUG [IRDeviceParams.cpp:210] @ 0.001128s :calipath: 0000000000000000
DEBUG [IRDeviceParams.cpp:211] @ 0.0011409s :temperature min: 0
DEBUG [IRDeviceParams.cpp:212] @ 0.0011532s :temperature max: 250
DEBUG [IRDeviceParams.cpp:213] @ 0.0011688s :framerate: 125
DEBUG [IRDeviceParams.cpp:214] @ 0.0011814s :bispectral: 0
DEBUG [IRDeviceParams.cpp:215] @ 0.0011931s :flag automatic: 0
DEBUG [IRDeviceParams.cpp:216] @ 0.001207s :min interval: 15
DEBUG [IRDeviceParams.cpp:217] @ 0.001218s :max interval: 0
DEBUG [IRDeviceParams.cpp:218] @ 0.0012287s :chip heating mode: 0
DEBUG [IRDeviceParams.cpp:219] @ 0.0012547s :chip heating fixed val: 40
DEBUG [IRDeviceParams.cpp:220] @ 0.0012841s :focus:  -1
DEBUG [IRDeviceParams.cpp:221] @ 0.0012976s :enable extended temp range: 0
DEBUG [IRDeviceParams.cpp:222] @ 0.0013101s :buffer queue size: 5
DEBUG [IRDeviceParams.cpp:223] @ 0.0013239s :enable high precision: 0
DEBUG [IRDeviceParams.cpp:224] @ 0.0013365s :radialDistortionCorrectionMode: 0
DEBUG [IRDeviceParams.cpp:225] @ 0.0013492s :deviceAPI: 0
DEBUG [IRDeviceParams.cpp:226] @ 0.0013626s :useExternalProbeForReferencing: 0
DEBUG [IRDeviceParams.cpp:227] @ 0.0013748s :enableMultiThreading: 0
DEBUG [IRDeviceParams.cpp:232] @ 0.0013881s :ethernetDevice.deviceIpAddress: 0.0.0.0
DEBUG [IRDeviceParams.cpp:233] @ 0.0014011s :ethernetDevice.localUdpPort: 0
DEBUG [IRDeviceParams.cpp:234] @ 0.0014138s :ethernetDevice.checkUdpSenderIp: 1
DEBUG [Cali.cpp:87] @ 0.146524s :Calibration directory path: C:\Users\u0173846\AppData\Roaming\Imager\Cali
DEBUG [Cali.cpp:88] @ 0.146554s :Calibration file name: Cali-20052193.xml
DEBUG [Cali.cpp:98] @ 0.146962s :Calibration data A: 1450 B:1500 C:4095 D:1500
INFO [IRImager.cpp:266] @ 0.147976s :Init thermal imager to 20052193 with size: 642x120@125 Hz
DEBUG [Cali.cpp:87] @ 0.148237s :Calibration directory path: C:\Users\u0173846\AppData\Roaming\Imager\Cali
DEBUG [Cali.cpp:88] @ 0.148257s :Calibration file name: Cali-20052193.xml
DEBUG [Cali.cpp:98] @ 0.148641s :Calibration data A: 1450 B:1500 C:4095 D:1500
DEBUG [IRImager.cpp:374] @ 0.149424s :Using HID control interface
DEBUG [IRImager.cpp:414] @ 0.23548s :Initialized HID control interface to device with HW:601 FW:2633
DEBUG [IRImager.cpp:435] @ 0.23554s :Frameconfig - width(in): 642, height(in): 120, interval: 80000, max framerate: 125, HW interval: 0.008
DEBUG [Cali.cpp:87] @ 0.235565s :Calibration directory path: C:\Users\u0173846\AppData\Roaming\Imager\Cali
DEBUG [Cali.cpp:88] @ 0.235578s :Calibration file name: Cali-20052193.xml
DEBUG [Cali.cpp:98] @ 0.23608s :Calibration data A: 1450 B:1500 C:4095 D:1500
DEBUG [ImageProcessing.cpp:200] @ 0.26383s :Source buffer size: 154080 Width: 642 Height: 120
DEBUG [ImageProcessing.cpp:121] @ 0.304623s :Source buffer size: 154080 Width: 642 Height: 120
DEBUG [OpSource.cpp:347] @ 0.304731s :Using formats path: .\\Formats.def
DEBUG [OpSource.cpp:598] @ 0.3049s :Format found with size: 25
DEBUG [IRImager.cpp:841] @ 0.305249s :Caught onFrameInit with size: 640x120
DEBUG [OpSource.cpp:347] @ 0.306005s :Using formats path: .\\Formats.def
DEBUG [OpSource.cpp:598] @ 0.306159s :Format found with size: 25
DEBUG [OpSource.cpp:347] @ 0.306215s :Using formats path: .\\Formats.def
DEBUG [OpCorr.cpp:467] @ 0.310754s :Read cali: C:\Users\u0173846\AppData\Roaming\Imager\Cali\Cali-20052193-33-0-250.dat
DEBUG [OpCorr.cpp:557] @ 0.310871s :Read calibration of camera no 20052193, # of fields: 6 , start of fields: 40
DEBUG [ImageProcessing.cpp:1108] @ 0.578756s :Update flag temperature: 28.875
DEBUG [ImageProcessing.cpp:1111] @ 0.582508s :Update box temperature: 26.6875
DEBUG [Cali.cpp:639] @ 0.582544s :Calibration file path: 000002046DB0B0E4/0000003DBAFEC760.xml
DEBUG [SimpleXML.cpp:238] @ 0.582648s :Failed to open file C:\Users\u0173846\AppData\Roaming\Imager\Cali\CaliExt-20052193.xml
DEBUG [IRImager.cpp:547] @ 0.593624s :Chip heating disabled
DEBUG [direct_binding.cpp:300] @ 0.602288s :evo_irimager_multi_usb_init with config: 6060300.xml
DEBUG [direct_binding.cpp:301] @ 0.602319s :evo_irimager_multi_usb_init connected returned: 1
DEBUG [IRImager.cpp:1107] @ 0.624164s :Start flag calibration
