DEBUG [IRLogger.cpp:105] @ 0.0002579s :***************************************************
DEBUG [IRLogger.cpp:106] @ 0.0003435s :* IRImagerDirect SDK                              *
DEBUG [IRLogger.cpp:107] @ 0.0003711s :***************************************************
DEBUG [IRLogger.cpp:113] @ 0.000406s :* Native Machine:      AMD64
DEBUG [IRLogger.cpp:114] @ 0.0004352s :* Machine:             AMD64
DEBUG [IRLogger.cpp:116] @ 0.0004638s :* OS:                  Windows 10 0 19045
DEBUG [IRLogger.cpp:123] @ 0.0004841s :***************************************************
DEBUG [IRDeviceParams.cpp:204] @ 0.00109s :Parameters
DEBUG [IRDeviceParams.cpp:205] @ 0.0011137s :serial: 20052193
DEBUG [IRDeviceParams.cpp:206] @ 0.0011291s :videoformatindex: 1
DEBUG [IRDeviceParams.cpp:207] @ 0.001142s :fov: 33
DEBUG [IRDeviceParams.cpp:208] @ 0.0011538s :optics_text: 00000229FADCDA30
DEBUG [IRDeviceParams.cpp:209] @ 0.0011813s :formatspath: 00000229FADCD790
DEBUG [IRDeviceParams.cpp:210] @ 0.0012116s :calipath: 0000000000000000
DEBUG [IRDeviceParams.cpp:211] @ 0.0012258s :temperature min: 0
DEBUG [IRDeviceParams.cpp:212] @ 0.001238s :temperature max: 250
DEBUG [IRDeviceParams.cpp:213] @ 0.0012543s :framerate: 125
DEBUG [IRDeviceParams.cpp:214] @ 0.0012668s :bispectral: 0
DEBUG [IRDeviceParams.cpp:215] @ 0.0012797s :flag automatic: 0
DEBUG [IRDeviceParams.cpp:216] @ 0.0012916s :min interval: 15
DEBUG [IRDeviceParams.cpp:217] @ 0.0013042s :max interval: 0
DEBUG [IRDeviceParams.cpp:218] @ 0.0013168s :chip heating mode: 0
DEBUG [IRDeviceParams.cpp:219] @ 0.0013283s :chip heating fixed val: 40
DEBUG [IRDeviceParams.cpp:220] @ 0.0013409s :focus:  -1
DEBUG [IRDeviceParams.cpp:221] @ 0.0013523s :enable extended temp range: 0
DEBUG [IRDeviceParams.cpp:222] @ 0.0013644s :buffer queue size: 5
DEBUG [IRDeviceParams.cpp:223] @ 0.0013775s :enable high precision: 0
DEBUG [IRDeviceParams.cpp:224] @ 0.00139s :radialDistortionCorrectionMode: 0
DEBUG [IRDeviceParams.cpp:225] @ 0.0014018s :deviceAPI: 0
DEBUG [IRDeviceParams.cpp:226] @ 0.0014133s :useExternalProbeForReferencing: 0
DEBUG [IRDeviceParams.cpp:227] @ 0.0014254s :enableMultiThreading: 0
DEBUG [IRDeviceParams.cpp:232] @ 0.001438s :ethernetDevice.deviceIpAddress: 0.0.0.0
DEBUG [IRDeviceParams.cpp:233] @ 0.0014502s :ethernetDevice.localUdpPort: 0
DEBUG [IRDeviceParams.cpp:234] @ 0.0014638s :ethernetDevice.checkUdpSenderIp: 1
DEBUG [Cali.cpp:87] @ 0.150694s :Calibration directory path: C:\Users\u0173846\AppData\Roaming\Imager\Cali
DEBUG [Cali.cpp:88] @ 0.150723s :Calibration file name: Cali-20052193.xml
DEBUG [Cali.cpp:98] @ 0.151157s :Calibration data A: 1450 B:1500 C:4095 D:1500
INFO [IRImager.cpp:266] @ 0.152182s :Init thermal imager to 20052193 with size: 642x120@125 Hz
DEBUG [Cali.cpp:87] @ 0.152443s :Calibration directory path: C:\Users\u0173846\AppData\Roaming\Imager\Cali
DEBUG [Cali.cpp:88] @ 0.152459s :Calibration file name: Cali-20052193.xml
DEBUG [Cali.cpp:98] @ 0.152834s :Calibration data A: 1450 B:1500 C:4095 D:1500
DEBUG [IRImager.cpp:374] @ 0.153621s :Using HID control interface
DEBUG [IRImager.cpp:414] @ 0.238537s :Initialized HID control interface to device with HW:601 FW:2633
DEBUG [IRImager.cpp:435] @ 0.238583s :Frameconfig - width(in): 642, height(in): 120, interval: 80000, max framerate: 125, HW interval: 0.008
DEBUG [Cali.cpp:87] @ 0.238605s :Calibration directory path: C:\Users\u0173846\AppData\Roaming\Imager\Cali
DEBUG [Cali.cpp:88] @ 0.23862s :Calibration file name: Cali-20052193.xml
DEBUG [Cali.cpp:98] @ 0.239072s :Calibration data A: 1450 B:1500 C:4095 D:1500
DEBUG [ImageProcessing.cpp:200] @ 0.266928s :Source buffer size: 154080 Width: 642 Height: 120
DEBUG [ImageProcessing.cpp:121] @ 0.308624s :Source buffer size: 154080 Width: 642 Height: 120
DEBUG [OpSource.cpp:347] @ 0.308727s :Using formats path: .\\Formats.def
DEBUG [OpSource.cpp:598] @ 0.30889s :Format found with size: 25
DEBUG [IRImager.cpp:841] @ 0.309211s :Caught onFrameInit with size: 640x120
DEBUG [OpSource.cpp:347] @ 0.309856s :Using formats path: .\\Formats.def
DEBUG [OpSource.cpp:598] @ 0.31001s :Format found with size: 25
DEBUG [OpSource.cpp:347] @ 0.310065s :Using formats path: .\\Formats.def
DEBUG [OpCorr.cpp:467] @ 0.314906s :Read cali: C:\Users\u0173846\AppData\Roaming\Imager\Cali\Cali-20052193-33-0-250.dat
DEBUG [OpCorr.cpp:557] @ 0.314999s :Read calibration of camera no 20052193, # of fields: 6 , start of fields: 40
DEBUG [ImageProcessing.cpp:1108] @ 0.581667s :Update flag temperature: 31
DEBUG [ImageProcessing.cpp:1111] @ 0.585424s :Update box temperature: 28.375
DEBUG [Cali.cpp:639] @ 0.585468s :Calibration file path: 00000229FAE6FF84/0000005512DEC7D0.xml
DEBUG [SimpleXML.cpp:238] @ 0.585582s :Failed to open file C:\Users\u0173846\AppData\Roaming\Imager\Cali\CaliExt-20052193.xml
DEBUG [IRImager.cpp:547] @ 0.597706s :Chip heating disabled
DEBUG [direct_binding.cpp:300] @ 0.606594s :evo_irimager_multi_usb_init with config: 6060300.xml
DEBUG [direct_binding.cpp:301] @ 0.606631s :evo_irimager_multi_usb_init connected returned: 1
