DEBUG [IRLogger.cpp:105] @ 0.0002743s :***************************************************
DEBUG [IRLogger.cpp:106] @ 0.0003653s :* IRImagerDirect SDK                              *
DEBUG [IRLogger.cpp:107] @ 0.0003968s :***************************************************
DEBUG [IRLogger.cpp:113] @ 0.0004205s :* Native Machine:      AMD64
DEBUG [IRLogger.cpp:114] @ 0.000445s :* Machine:             AMD64
DEBUG [IRLogger.cpp:116] @ 0.0004764s :* OS:                  Windows 10 0 19045
DEBUG [IRLogger.cpp:123] @ 0.0004999s :***************************************************
DEBUG [IRDeviceParams.cpp:204] @ 0.001113s :Parameters
DEBUG [IRDeviceParams.cpp:205] @ 0.001131s :serial: 20052193
DEBUG [IRDeviceParams.cpp:206] @ 0.001143s :videoformatindex: 1
DEBUG [IRDeviceParams.cpp:207] @ 0.0011556s :fov: 33
DEBUG [IRDeviceParams.cpp:208] @ 0.0011898s :optics_text: 0000025C3E6C9B30
DEBUG [IRDeviceParams.cpp:209] @ 0.0012048s :formatspath: 0000025C3E6C9C10
DEBUG [IRDeviceParams.cpp:210] @ 0.0012181s :calipath: 0000000000000000
DEBUG [IRDeviceParams.cpp:211] @ 0.0012307s :temperature min: 0
DEBUG [IRDeviceParams.cpp:212] @ 0.001243s :temperature max: 250
DEBUG [IRDeviceParams.cpp:213] @ 0.0012596s :framerate: 125
DEBUG [IRDeviceParams.cpp:214] @ 0.001273s :bispectral: 0
DEBUG [IRDeviceParams.cpp:215] @ 0.0012846s :flag automatic: 0
DEBUG [IRDeviceParams.cpp:216] @ 0.0012973s :min interval: 15
DEBUG [IRDeviceParams.cpp:217] @ 0.0013084s :max interval: 0
DEBUG [IRDeviceParams.cpp:218] @ 0.0013209s :chip heating mode: 0
DEBUG [IRDeviceParams.cpp:219] @ 0.0013332s :chip heating fixed val: 40
DEBUG [IRDeviceParams.cpp:220] @ 0.0013465s :focus:  -1
DEBUG [IRDeviceParams.cpp:221] @ 0.0013584s :enable extended temp range: 0
DEBUG [IRDeviceParams.cpp:222] @ 0.0013706s :buffer queue size: 5
DEBUG [IRDeviceParams.cpp:223] @ 0.0013846s :enable high precision: 0
DEBUG [IRDeviceParams.cpp:224] @ 0.0013968s :radialDistortionCorrectionMode: 0
DEBUG [IRDeviceParams.cpp:225] @ 0.0014087s :deviceAPI: 0
DEBUG [IRDeviceParams.cpp:226] @ 0.0014203s :useExternalProbeForReferencing: 0
DEBUG [IRDeviceParams.cpp:227] @ 0.0014326s :enableMultiThreading: 0
DEBUG [IRDeviceParams.cpp:232] @ 0.001445s :ethernetDevice.deviceIpAddress: 0.0.0.0
DEBUG [IRDeviceParams.cpp:233] @ 0.0014571s :ethernetDevice.localUdpPort: 0
DEBUG [IRDeviceParams.cpp:234] @ 0.00147s :ethernetDevice.checkUdpSenderIp: 1
DEBUG [Cali.cpp:87] @ 0.145908s :Calibration directory path: C:\Users\u0173846\AppData\Roaming\Imager\Cali
DEBUG [Cali.cpp:88] @ 0.145943s :Calibration file name: Cali-20052193.xml
DEBUG [Cali.cpp:98] @ 0.146358s :Calibration data A: 1450 B:1500 C:4095 D:1500
INFO [IRImager.cpp:266] @ 0.147391s :Init thermal imager to 20052193 with size: 642x120@125 Hz
DEBUG [Cali.cpp:87] @ 0.147654s :Calibration directory path: C:\Users\u0173846\AppData\Roaming\Imager\Cali
DEBUG [Cali.cpp:88] @ 0.147673s :Calibration file name: Cali-20052193.xml
DEBUG [Cali.cpp:98] @ 0.14805s :Calibration data A: 1450 B:1500 C:4095 D:1500
DEBUG [IRImager.cpp:374] @ 0.148859s :Using HID control interface
DEBUG [IRImager.cpp:414] @ 0.233586s :Initialized HID control interface to device with HW:601 FW:2633
DEBUG [IRImager.cpp:435] @ 0.23364s :Frameconfig - width(in): 642, height(in): 120, interval: 80000, max framerate: 125, HW interval: 0.008
DEBUG [Cali.cpp:87] @ 0.233658s :Calibration directory path: C:\Users\u0173846\AppData\Roaming\Imager\Cali
DEBUG [Cali.cpp:88] @ 0.233674s :Calibration file name: Cali-20052193.xml
DEBUG [Cali.cpp:98] @ 0.234128s :Calibration data A: 1450 B:1500 C:4095 D:1500
DEBUG [ImageProcessing.cpp:200] @ 0.261712s :Source buffer size: 154080 Width: 642 Height: 120
DEBUG [ImageProcessing.cpp:121] @ 0.30424s :Source buffer size: 154080 Width: 642 Height: 120
DEBUG [OpSource.cpp:347] @ 0.304366s :Using formats path: .\\Formats.def
DEBUG [OpSource.cpp:598] @ 0.304543s :Format found with size: 25
DEBUG [IRImager.cpp:841] @ 0.304912s :Caught onFrameInit with size: 640x120
DEBUG [OpSource.cpp:347] @ 0.305657s :Using formats path: .\\Formats.def
DEBUG [OpSource.cpp:598] @ 0.305831s :Format found with size: 25
DEBUG [OpSource.cpp:347] @ 0.305894s :Using formats path: .\\Formats.def
DEBUG [OpCorr.cpp:467] @ 0.310111s :Read cali: C:\Users\u0173846\AppData\Roaming\Imager\Cali\Cali-20052193-33-0-250.dat
DEBUG [OpCorr.cpp:557] @ 0.310191s :Read calibration of camera no 20052193, # of fields: 6 , start of fields: 40
DEBUG [ImageProcessing.cpp:1108] @ 0.57642s :Update flag temperature: 31.875
DEBUG [ImageProcessing.cpp:1111] @ 0.580204s :Update box temperature: 29.125
DEBUG [Cali.cpp:639] @ 0.580233s :Calibration file path: 0000025C41BB9644/0000008CC6BEB0C0.xml
DEBUG [SimpleXML.cpp:238] @ 0.580325s :Failed to open file C:\Users\u0173846\AppData\Roaming\Imager\Cali\CaliExt-20052193.xml
DEBUG [IRImager.cpp:547] @ 0.592085s :Chip heating disabled
DEBUG [direct_binding.cpp:300] @ 0.601141s :evo_irimager_multi_usb_init with config: 6060300.xml
DEBUG [direct_binding.cpp:301] @ 0.601167s :evo_irimager_multi_usb_init connected returned: 1
DEBUG [IRImager.cpp:1107] @ 0.623837s :Start flag calibration
