DEBUG [IRLogger.cpp:105] @ 0.0002624s :***************************************************
DEBUG [IRLogger.cpp:106] @ 0.0003392s :* IRImagerDirect SDK                              *
DEBUG [IRLogger.cpp:107] @ 0.000367s :***************************************************
DEBUG [IRLogger.cpp:113] @ 0.0003937s :* Native Machine:      AMD64
DEBUG [IRLogger.cpp:114] @ 0.000416s :* Machine:             AMD64
DEBUG [IRLogger.cpp:116] @ 0.0004414s :* OS:                  Windows 10 0 19045
DEBUG [IRLogger.cpp:123] @ 0.0004639s :***************************************************
DEBUG [IRDeviceParams.cpp:204] @ 0.001079s :Parameters
DEBUG [IRDeviceParams.cpp:205] @ 0.0010975s :serial: 20052193
DEBUG [IRDeviceParams.cpp:206] @ 0.0011092s :videoformatindex: 1
DEBUG [IRDeviceParams.cpp:207] @ 0.001122s :fov: 33
DEBUG [IRDeviceParams.cpp:208] @ 0.0011335s :optics_text: 000002097E1A4230
DEBUG [IRDeviceParams.cpp:209] @ 0.0011449s :formatspath: 000002097E1A4250
DEBUG [IRDeviceParams.cpp:210] @ 0.001156s :calipath: 0000000000000000
DEBUG [IRDeviceParams.cpp:211] @ 0.001167s :temperature min: 0
DEBUG [IRDeviceParams.cpp:212] @ 0.0011777s :temperature max: 250
DEBUG [IRDeviceParams.cpp:213] @ 0.0011917s :framerate: 125
DEBUG [IRDeviceParams.cpp:214] @ 0.0012034s :bispectral: 0
DEBUG [IRDeviceParams.cpp:215] @ 0.0012208s :flag automatic: 0
DEBUG [IRDeviceParams.cpp:216] @ 0.0012324s :min interval: 15
DEBUG [IRDeviceParams.cpp:217] @ 0.001244s :max interval: 0
DEBUG [IRDeviceParams.cpp:218] @ 0.0012547s :chip heating mode: 0
DEBUG [IRDeviceParams.cpp:219] @ 0.0012661s :chip heating fixed val: 40
DEBUG [IRDeviceParams.cpp:220] @ 0.0012776s :focus:  -1
DEBUG [IRDeviceParams.cpp:221] @ 0.0012885s :enable extended temp range: 0
DEBUG [IRDeviceParams.cpp:222] @ 0.0012995s :buffer queue size: 5
DEBUG [IRDeviceParams.cpp:223] @ 0.0013102s :enable high precision: 0
DEBUG [IRDeviceParams.cpp:224] @ 0.0013212s :radialDistortionCorrectionMode: 0
DEBUG [IRDeviceParams.cpp:225] @ 0.0013321s :deviceAPI: 0
DEBUG [IRDeviceParams.cpp:226] @ 0.0013428s :useExternalProbeForReferencing: 0
DEBUG [IRDeviceParams.cpp:227] @ 0.0013536s :enableMultiThreading: 0
DEBUG [IRDeviceParams.cpp:232] @ 0.0013652s :ethernetDevice.deviceIpAddress: 0.0.0.0
DEBUG [IRDeviceParams.cpp:233] @ 0.0013761s :ethernetDevice.localUdpPort: 0
DEBUG [IRDeviceParams.cpp:234] @ 0.001387s :ethernetDevice.checkUdpSenderIp: 1
DEBUG [Cali.cpp:87] @ 0.146989s :Calibration directory path: C:\Users\u0173846\AppData\Roaming\Imager\Cali
DEBUG [Cali.cpp:88] @ 0.147019s :Calibration file name: Cali-20052193.xml
DEBUG [Cali.cpp:98] @ 0.147476s :Calibration data A: 1450 B:1500 C:4095 D:1500
INFO [IRImager.cpp:266] @ 0.148499s :Init thermal imager to 20052193 with size: 642x120@125 Hz
DEBUG [Cali.cpp:87] @ 0.148764s :Calibration directory path: C:\Users\u0173846\AppData\Roaming\Imager\Cali
DEBUG [Cali.cpp:88] @ 0.14878s :Calibration file name: Cali-20052193.xml
DEBUG [Cali.cpp:98] @ 0.149159s :Calibration data A: 1450 B:1500 C:4095 D:1500
DEBUG [IRImager.cpp:374] @ 0.149953s :Using HID control interface
DEBUG [IRImager.cpp:414] @ 0.234767s :Initialized HID control interface to device with HW:601 FW:2633
DEBUG [IRImager.cpp:435] @ 0.234815s :Frameconfig - width(in): 642, height(in): 120, interval: 80000, max framerate: 125, HW interval: 0.008
DEBUG [Cali.cpp:87] @ 0.234839s :Calibration directory path: C:\Users\u0173846\AppData\Roaming\Imager\Cali
DEBUG [Cali.cpp:88] @ 0.234855s :Calibration file name: Cali-20052193.xml
DEBUG [Cali.cpp:98] @ 0.235314s :Calibration data A: 1450 B:1500 C:4095 D:1500
DEBUG [ImageProcessing.cpp:200] @ 0.263217s :Source buffer size: 154080 Width: 642 Height: 120
DEBUG [ImageProcessing.cpp:121] @ 0.306007s :Source buffer size: 154080 Width: 642 Height: 120
DEBUG [OpSource.cpp:347] @ 0.306123s :Using formats path: .\\Formats.def
DEBUG [OpSource.cpp:598] @ 0.306305s :Format found with size: 25
DEBUG [IRImager.cpp:841] @ 0.306628s :Caught onFrameInit with size: 640x120
DEBUG [OpSource.cpp:347] @ 0.307334s :Using formats path: .\\Formats.def
DEBUG [OpSource.cpp:598] @ 0.307502s :Format found with size: 25
DEBUG [OpSource.cpp:347] @ 0.307559s :Using formats path: .\\Formats.def
DEBUG [OpCorr.cpp:467] @ 0.311963s :Read cali: C:\Users\u0173846\AppData\Roaming\Imager\Cali\Cali-20052193-33-0-250.dat
DEBUG [OpCorr.cpp:557] @ 0.312063s :Read calibration of camera no 20052193, # of fields: 6 , start of fields: 40
DEBUG [ImageProcessing.cpp:1108] @ 0.580947s :Update flag temperature: 30.6875
DEBUG [ImageProcessing.cpp:1111] @ 0.584578s :Update box temperature: 28.375
DEBUG [Cali.cpp:639] @ 0.584626s :Calibration file path: 0000020965899594/0000007A82FEC790.xml
DEBUG [SimpleXML.cpp:238] @ 0.584754s :Failed to open file C:\Users\u0173846\AppData\Roaming\Imager\Cali\CaliExt-20052193.xml
DEBUG [IRImager.cpp:547] @ 0.596957s :Chip heating disabled
DEBUG [direct_binding.cpp:300] @ 0.606083s :evo_irimager_multi_usb_init with config: 6060300.xml
DEBUG [direct_binding.cpp:301] @ 0.606123s :evo_irimager_multi_usb_init connected returned: 1
DEBUG [IRImager.cpp:1107] @ 0.628202s :Start flag calibration
