DEBUG [IRLogger.cpp:105] @ 0.0002891s :***************************************************
DEBUG [IRLogger.cpp:106] @ 0.0003607s :* IRImagerDirect SDK                              *
DEBUG [IRLogger.cpp:107] @ 0.0003914s :***************************************************
DEBUG [IRLogger.cpp:113] @ 0.0004148s :* Native Machine:      AMD64
DEBUG [IRLogger.cpp:114] @ 0.000436s :* Machine:             AMD64
DEBUG [IRLogger.cpp:116] @ 0.0004615s :* OS:                  Windows 10 0 19045
DEBUG [IRLogger.cpp:123] @ 0.0004837s :***************************************************
DEBUG [IRDeviceParams.cpp:204] @ 0.0093183s :Parameters
DEBUG [IRDeviceParams.cpp:205] @ 0.0093427s :serial: 17092037
DEBUG [IRDeviceParams.cpp:206] @ 0.0093546s :videoformatindex: 3
DEBUG [IRDeviceParams.cpp:207] @ 0.0093662s :fov: 0
DEBUG [IRDeviceParams.cpp:208] @ 0.0093776s :optics_text: 0000021FFEBDC910
DEBUG [IRDeviceParams.cpp:209] @ 0.0093889s :formatspath: 0000021FFEBDC870
DEBUG [IRDeviceParams.cpp:210] @ 0.0094002s :calipath: 0000000000000000
DEBUG [IRDeviceParams.cpp:211] @ 0.0094127s :temperature min: 600
DEBUG [IRDeviceParams.cpp:212] @ 0.0094237s :temperature max: 1800
DEBUG [IRDeviceParams.cpp:213] @ 0.0094375s :framerate: 1000
DEBUG [IRDeviceParams.cpp:214] @ 0.0094487s :bispectral: 0
DEBUG [IRDeviceParams.cpp:215] @ 0.0094595s :flag automatic: 0
DEBUG [IRDeviceParams.cpp:216] @ 0.009471s :min interval: 15
DEBUG [IRDeviceParams.cpp:217] @ 0.009482s :max interval: 0
DEBUG [IRDeviceParams.cpp:218] @ 0.0094928s :chip heating mode: 0
DEBUG [IRDeviceParams.cpp:219] @ 0.0095043s :chip heating fixed val: 40
DEBUG [IRDeviceParams.cpp:220] @ 0.0095158s :focus:  -1
DEBUG [IRDeviceParams.cpp:221] @ 0.0095265s :enable extended temp range: 0
DEBUG [IRDeviceParams.cpp:222] @ 0.0095375s :buffer queue size: 5
DEBUG [IRDeviceParams.cpp:223] @ 0.0095483s :enable high precision: 0
DEBUG [IRDeviceParams.cpp:224] @ 0.0095592s :radialDistortionCorrectionMode: 0
DEBUG [IRDeviceParams.cpp:225] @ 0.0095702s :deviceAPI: 0
DEBUG [IRDeviceParams.cpp:226] @ 0.0095809s :useExternalProbeForReferencing: 0
DEBUG [IRDeviceParams.cpp:227] @ 0.0095916s :enableMultiThreading: 0
DEBUG [IRDeviceParams.cpp:232] @ 0.0096033s :ethernetDevice.deviceIpAddress: 0.0.0.0
DEBUG [IRDeviceParams.cpp:233] @ 0.0096141s :ethernetDevice.localUdpPort: 0
DEBUG [IRDeviceParams.cpp:234] @ 0.009625s :ethernetDevice.checkUdpSenderIp: 1
DEBUG [Cali.cpp:87] @ 0.167531s :Calibration directory path: C:\Users\u0173846\AppData\Roaming\Imager\Cali
DEBUG [Cali.cpp:88] @ 0.167559s :Calibration file name: Cali-17092037.xml
DEBUG [Cali.cpp:98] @ 0.177911s :Calibration data A: 1450 B:470 C:4095 D:1500
INFO [IRImager.cpp:266] @ 0.200933s :Init thermal imager to 17092037 with size: 74x224@250 Hz
DEBUG [Cali.cpp:87] @ 0.201207s :Calibration directory path: C:\Users\u0173846\AppData\Roaming\Imager\Cali
DEBUG [Cali.cpp:88] @ 0.201225s :Calibration file name: Cali-17092037.xml
DEBUG [Cali.cpp:98] @ 0.201512s :Calibration data A: 1450 B:470 C:4095 D:1500
DEBUG [IRImager.cpp:374] @ 0.209718s :Using HID control interface
DEBUG [IRImager.cpp:414] @ 0.290292s :Initialized HID control interface to device with HW:2101 FW:2820
DEBUG [IRImager.cpp:435] @ 0.290332s :Frameconfig - width(in): 74, height(in): 224, interval: 40000, max framerate: 250, HW interval: 0.004
DEBUG [Cali.cpp:87] @ 0.29035s :Calibration directory path: C:\Users\u0173846\AppData\Roaming\Imager\Cali
DEBUG [Cali.cpp:88] @ 0.290362s :Calibration file name: Cali-17092037.xml
DEBUG [Cali.cpp:98] @ 0.290677s :Calibration data A: 1450 B:470 C:4095 D:1500
DEBUG [ImageProcessing.cpp:200] @ 0.295035s :Source buffer size: 33152 Width: 74 Height: 224
DEBUG [ImageProcessing.cpp:121] @ 0.331583s :Source buffer size: 33152 Width: 74 Height: 224
DEBUG [OpSource.cpp:347] @ 0.331703s :Using formats path: .\\Formats.def
DEBUG [OpSource.cpp:598] @ 0.331956s :Format found with size: 14
DEBUG [IRImager.cpp:841] @ 0.332019s :Caught onFrameInit with size: 72x56
DEBUG [OpSource.cpp:347] @ 0.332131s :Using formats path: .\\Formats.def
DEBUG [OpSource.cpp:598] @ 0.33238s :Format found with size: 14
DEBUG [OpSource.cpp:347] @ 0.332454s :Using formats path: .\\Formats.def
DEBUG [OpCorr.cpp:467] @ 0.33469s :Read cali: C:\Users\u0173846\AppData\Roaming\Imager\Cali\Cali-17092037-25-600-1800-1000.dat
DEBUG [ImageProcessing.cpp:1108] @ 0.355106s :Update flag temperature: 240.375
DEBUG [ImageProcessing.cpp:1111] @ 0.357024s :Update box temperature: 240.375
DEBUG [Cali.cpp:639] @ 0.357069s :Calibration file path: 0000021FFEC241E4/000000D8B21EA950.xml
DEBUG [SimpleXML.cpp:238] @ 0.357185s :Failed to open file C:\Users\u0173846\AppData\Roaming\Imager\Cali\CaliExt-17092037.xml
DEBUG [IRImager.cpp:547] @ 0.370197s :Chip heating disabled
DEBUG [direct_binding.cpp:300] @ 0.373803s :evo_irimager_multi_usb_init with config: 17092037.xml
DEBUG [direct_binding.cpp:301] @ 0.373844s :evo_irimager_multi_usb_init connected returned: 1
DEBUG [IRImager.cpp:1107] @ 0.436901s :Start flag calibration
