DEBUG [IRLogger.cpp:105] @ 0.0002578s :***************************************************
DEBUG [IRLogger.cpp:106] @ 0.0003357s :* IRImagerDirect SDK                              *
DEBUG [IRLogger.cpp:107] @ 0.0003641s :***************************************************
DEBUG [IRLogger.cpp:113] @ 0.0003989s :* Native Machine:      AMD64
DEBUG [IRLogger.cpp:114] @ 0.0004271s :* Machine:             AMD64
DEBUG [IRLogger.cpp:116] @ 0.0004552s :* OS:                  Windows 10 0 19045
DEBUG [IRLogger.cpp:123] @ 0.000476s :***************************************************
DEBUG [IRDeviceParams.cpp:204] @ 0.0010989s :Parameters
DEBUG [IRDeviceParams.cpp:205] @ 0.0011203s :serial: 17092037
DEBUG [IRDeviceParams.cpp:206] @ 0.0011327s :videoformatindex: 3
DEBUG [IRDeviceParams.cpp:207] @ 0.0011579s :fov: 0
DEBUG [IRDeviceParams.cpp:208] @ 0.0011903s :optics_text: 000001905A87DFB0
DEBUG [IRDeviceParams.cpp:209] @ 0.0012057s :formatspath: 000001905A87E110
DEBUG [IRDeviceParams.cpp:210] @ 0.0012183s :calipath: 0000000000000000
DEBUG [IRDeviceParams.cpp:211] @ 0.0012308s :temperature min: 600
DEBUG [IRDeviceParams.cpp:212] @ 0.0012463s :temperature max: 1800
DEBUG [IRDeviceParams.cpp:213] @ 0.0012649s :framerate: 1000
DEBUG [IRDeviceParams.cpp:214] @ 0.001278s :bispectral: 0
DEBUG [IRDeviceParams.cpp:215] @ 0.0012894s :flag automatic: 0
DEBUG [IRDeviceParams.cpp:216] @ 0.0013011s :min interval: 15
DEBUG [IRDeviceParams.cpp:217] @ 0.001313s :max interval: 0
DEBUG [IRDeviceParams.cpp:218] @ 0.0013247s :chip heating mode: 0
DEBUG [IRDeviceParams.cpp:219] @ 0.0013375s :chip heating fixed val: 40
DEBUG [IRDeviceParams.cpp:220] @ 0.0013508s :focus:  -1
DEBUG [IRDeviceParams.cpp:221] @ 0.001363s :enable extended temp range: 0
DEBUG [IRDeviceParams.cpp:222] @ 0.0013749s :buffer queue size: 5
DEBUG [IRDeviceParams.cpp:223] @ 0.0013862s :enable high precision: 0
DEBUG [IRDeviceParams.cpp:224] @ 0.0013985s :radialDistortionCorrectionMode: 0
DEBUG [IRDeviceParams.cpp:225] @ 0.0014104s :deviceAPI: 0
DEBUG [IRDeviceParams.cpp:226] @ 0.0014228s :useExternalProbeForReferencing: 0
DEBUG [IRDeviceParams.cpp:227] @ 0.0014357s :enableMultiThreading: 0
DEBUG [IRDeviceParams.cpp:232] @ 0.0014484s :ethernetDevice.deviceIpAddress: 0.0.0.0
DEBUG [IRDeviceParams.cpp:233] @ 0.0014606s :ethernetDevice.localUdpPort: 0
DEBUG [IRDeviceParams.cpp:234] @ 0.0014717s :ethernetDevice.checkUdpSenderIp: 1
DEBUG [Cali.cpp:87] @ 0.146948s :Calibration directory path: C:\Users\u0173846\AppData\Roaming\Imager\Cali
DEBUG [Cali.cpp:88] @ 0.146977s :Calibration file name: Cali-17092037.xml
DEBUG [Cali.cpp:98] @ 0.147279s :Calibration data A: 1450 B:470 C:4095 D:1500
INFO [IRImager.cpp:266] @ 0.147849s :Init thermal imager to 17092037 with size: 74x224@250 Hz
DEBUG [Cali.cpp:87] @ 0.14811s :Calibration directory path: C:\Users\u0173846\AppData\Roaming\Imager\Cali
DEBUG [Cali.cpp:88] @ 0.148126s :Calibration file name: Cali-17092037.xml
DEBUG [Cali.cpp:98] @ 0.148391s :Calibration data A: 1450 B:470 C:4095 D:1500
DEBUG [IRImager.cpp:374] @ 0.149001s :Using HID control interface
DEBUG [IRImager.cpp:414] @ 0.230872s :Initialized HID control interface to device with HW:2101 FW:2820
DEBUG [IRImager.cpp:435] @ 0.230915s :Frameconfig - width(in): 74, height(in): 224, interval: 40000, max framerate: 250, HW interval: 0.004
DEBUG [Cali.cpp:87] @ 0.230933s :Calibration directory path: C:\Users\u0173846\AppData\Roaming\Imager\Cali
DEBUG [Cali.cpp:88] @ 0.230946s :Calibration file name: Cali-17092037.xml
DEBUG [Cali.cpp:98] @ 0.231285s :Calibration data A: 1450 B:470 C:4095 D:1500
DEBUG [ImageProcessing.cpp:200] @ 0.235622s :Source buffer size: 33152 Width: 74 Height: 224
DEBUG [ImageProcessing.cpp:121] @ 0.271999s :Source buffer size: 33152 Width: 74 Height: 224
DEBUG [OpSource.cpp:347] @ 0.272097s :Using formats path: .\\Formats.def
DEBUG [OpSource.cpp:598] @ 0.272313s :Format found with size: 14
DEBUG [IRImager.cpp:841] @ 0.27237s :Caught onFrameInit with size: 72x56
DEBUG [OpSource.cpp:347] @ 0.272479s :Using formats path: .\\Formats.def
DEBUG [OpSource.cpp:598] @ 0.272695s :Format found with size: 14
DEBUG [OpSource.cpp:347] @ 0.272754s :Using formats path: .\\Formats.def
DEBUG [OpCorr.cpp:467] @ 0.274834s :Read cali: C:\Users\u0173846\AppData\Roaming\Imager\Cali\Cali-17092037-25-600-1800-1000.dat
DEBUG [ImageProcessing.cpp:1108] @ 0.295249s :Update flag temperature: 240.313
DEBUG [ImageProcessing.cpp:1111] @ 0.29699s :Update box temperature: 240.313
DEBUG [Cali.cpp:639] @ 0.297015s :Calibration file path: 000001905A950664/00000073EB5EC770.xml
DEBUG [SimpleXML.cpp:238] @ 0.297118s :Failed to open file C:\Users\u0173846\AppData\Roaming\Imager\Cali\CaliExt-17092037.xml
DEBUG [IRImager.cpp:547] @ 0.310868s :Chip heating disabled
DEBUG [direct_binding.cpp:300] @ 0.314797s :evo_irimager_multi_usb_init with config: 17092037.xml
DEBUG [direct_binding.cpp:301] @ 0.314837s :evo_irimager_multi_usb_init connected returned: 1
DEBUG [IRImager.cpp:1107] @ 0.378113s :Start flag calibration
