DEBUG [IRLogger.cpp:105] @ 0.0002813s :***************************************************
DEBUG [IRLogger.cpp:106] @ 0.0003522s :* IRImagerDirect SDK                              *
DEBUG [IRLogger.cpp:107] @ 0.000381s :***************************************************
DEBUG [IRLogger.cpp:113] @ 0.0004065s :* Native Machine:      AMD64
DEBUG [IRLogger.cpp:114] @ 0.0004282s :* Machine:             AMD64
DEBUG [IRLogger.cpp:116] @ 0.0004593s :* OS:                  Windows 10 0 19045
DEBUG [IRLogger.cpp:123] @ 0.0004821s :***************************************************
DEBUG [IRDeviceParams.cpp:204] @ 0.0010591s :Parameters
DEBUG [IRDeviceParams.cpp:205] @ 0.0010771s :serial: 17092037
DEBUG [IRDeviceParams.cpp:206] @ 0.0010888s :videoformatindex: 3
DEBUG [IRDeviceParams.cpp:207] @ 0.0010998s :fov: 0
DEBUG [IRDeviceParams.cpp:208] @ 0.0011111s :optics_text: 000002898EE649D0
DEBUG [IRDeviceParams.cpp:209] @ 0.0011226s :formatspath: 000002898EE64A50
DEBUG [IRDeviceParams.cpp:210] @ 0.0011337s :calipath: 0000000000000000
DEBUG [IRDeviceParams.cpp:211] @ 0.0011446s :temperature min: 600
DEBUG [IRDeviceParams.cpp:212] @ 0.0011555s :temperature max: 1800
DEBUG [IRDeviceParams.cpp:213] @ 0.0011691s :framerate: 1000
DEBUG [IRDeviceParams.cpp:214] @ 0.0011802s :bispectral: 0
DEBUG [IRDeviceParams.cpp:215] @ 0.0011909s :flag automatic: 0
DEBUG [IRDeviceParams.cpp:216] @ 0.0012022s :min interval: 15
DEBUG [IRDeviceParams.cpp:217] @ 0.0012131s :max interval: 0
DEBUG [IRDeviceParams.cpp:218] @ 0.0012236s :chip heating mode: 0
DEBUG [IRDeviceParams.cpp:219] @ 0.001235s :chip heating fixed val: 40
DEBUG [IRDeviceParams.cpp:220] @ 0.0012465s :focus:  -1
DEBUG [IRDeviceParams.cpp:221] @ 0.0012574s :enable extended temp range: 0
DEBUG [IRDeviceParams.cpp:222] @ 0.0012683s :buffer queue size: 5
DEBUG [IRDeviceParams.cpp:223] @ 0.0012803s :enable high precision: 0
DEBUG [IRDeviceParams.cpp:224] @ 0.0012914s :radialDistortionCorrectionMode: 0
DEBUG [IRDeviceParams.cpp:225] @ 0.0013024s :deviceAPI: 0
DEBUG [IRDeviceParams.cpp:226] @ 0.0013131s :useExternalProbeForReferencing: 0
DEBUG [IRDeviceParams.cpp:227] @ 0.0013238s :enableMultiThreading: 0
DEBUG [IRDeviceParams.cpp:232] @ 0.0013354s :ethernetDevice.deviceIpAddress: 0.0.0.0
DEBUG [IRDeviceParams.cpp:233] @ 0.0013477s :ethernetDevice.localUdpPort: 0
DEBUG [IRDeviceParams.cpp:234] @ 0.0013585s :ethernetDevice.checkUdpSenderIp: 1
DEBUG [Cali.cpp:87] @ 0.147893s :Calibration directory path: C:\Users\u0173846\AppData\Roaming\Imager\Cali
DEBUG [Cali.cpp:88] @ 0.147921s :Calibration file name: Cali-17092037.xml
DEBUG [Cali.cpp:98] @ 0.148208s :Calibration data A: 1450 B:470 C:4095 D:1500
INFO [IRImager.cpp:266] @ 0.148763s :Init thermal imager to 17092037 with size: 74x224@250 Hz
DEBUG [Cali.cpp:87] @ 0.149029s :Calibration directory path: C:\Users\u0173846\AppData\Roaming\Imager\Cali
DEBUG [Cali.cpp:88] @ 0.149045s :Calibration file name: Cali-17092037.xml
DEBUG [Cali.cpp:98] @ 0.149307s :Calibration data A: 1450 B:470 C:4095 D:1500
DEBUG [IRImager.cpp:374] @ 0.149938s :Using HID control interface
DEBUG [IRImager.cpp:414] @ 0.231985s :Initialized HID control interface to device with HW:2101 FW:2820
DEBUG [IRImager.cpp:435] @ 0.23203s :Frameconfig - width(in): 74, height(in): 224, interval: 40000, max framerate: 250, HW interval: 0.004
DEBUG [Cali.cpp:87] @ 0.232048s :Calibration directory path: C:\Users\u0173846\AppData\Roaming\Imager\Cali
DEBUG [Cali.cpp:88] @ 0.232062s :Calibration file name: Cali-17092037.xml
DEBUG [Cali.cpp:98] @ 0.2324s :Calibration data A: 1450 B:470 C:4095 D:1500
DEBUG [ImageProcessing.cpp:200] @ 0.236858s :Source buffer size: 33152 Width: 74 Height: 224
DEBUG [ImageProcessing.cpp:121] @ 0.272398s :Source buffer size: 33152 Width: 74 Height: 224
DEBUG [OpSource.cpp:347] @ 0.272511s :Using formats path: .\\Formats.def
DEBUG [OpSource.cpp:598] @ 0.272733s :Format found with size: 14
DEBUG [IRImager.cpp:841] @ 0.272793s :Caught onFrameInit with size: 72x56
DEBUG [OpSource.cpp:347] @ 0.272908s :Using formats path: .\\Formats.def
DEBUG [OpSource.cpp:598] @ 0.273118s :Format found with size: 14
DEBUG [OpSource.cpp:347] @ 0.273179s :Using formats path: .\\Formats.def
DEBUG [OpCorr.cpp:467] @ 0.275712s :Read cali: C:\Users\u0173846\AppData\Roaming\Imager\Cali\Cali-17092037-25-600-1800-1000.dat
DEBUG [ImageProcessing.cpp:1108] @ 0.29614s :Update flag temperature: 240.313
DEBUG [ImageProcessing.cpp:1111] @ 0.297926s :Update box temperature: 240.313
DEBUG [Cali.cpp:639] @ 0.297956s :Calibration file path: 000002898EE9DBB4/000000A1BD5EAFE0.xml
DEBUG [SimpleXML.cpp:238] @ 0.298062s :Failed to open file C:\Users\u0173846\AppData\Roaming\Imager\Cali\CaliExt-17092037.xml
DEBUG [IRImager.cpp:547] @ 0.311799s :Chip heating disabled
DEBUG [direct_binding.cpp:300] @ 0.315216s :evo_irimager_multi_usb_init with config: 17092037.xml
DEBUG [direct_binding.cpp:301] @ 0.31525s :evo_irimager_multi_usb_init connected returned: 1
DEBUG [IRImager.cpp:1107] @ 0.377895s :Start flag calibration
DEBUG [OpFlag.cpp:591] @ 11.0817s :SkimDiff: 0 Adjust: 0 State: 0 EMax: 8695 Emin: 8569
DEBUG [IRImager.cpp:1121] @ 11.7545s :Finished startup calibration
