DEBUG [IRLogger.cpp:105] @ 0.386798s :***************************************************
DEBUG [IRLogger.cpp:106] @ 0.386885s :* IRImagerDirect SDK                              *
DEBUG [IRLogger.cpp:107] @ 0.386932s :***************************************************
DEBUG [IRLogger.cpp:113] @ 0.386981s :* Native Machine:      AMD64
DEBUG [IRLogger.cpp:114] @ 0.387026s :* Machine:             AMD64
DEBUG [IRLogger.cpp:116] @ 0.387083s :* OS:                  Windows 10 0 19045
DEBUG [IRLogger.cpp:123] @ 0.387122s :***************************************************
DEBUG [IRDeviceParams.cpp:204] @ 0.387736s :Parameters
DEBUG [IRDeviceParams.cpp:205] @ 0.387757s :serial: 20052193
DEBUG [IRDeviceParams.cpp:206] @ 0.387773s :videoformatindex: 1
DEBUG [IRDeviceParams.cpp:207] @ 0.387786s :fov: 33
DEBUG [IRDeviceParams.cpp:208] @ 0.387798s :optics_text: 000001C14BA95E10
DEBUG [IRDeviceParams.cpp:209] @ 0.38781s :formatspath: 000001C14BA95F30
DEBUG [IRDeviceParams.cpp:210] @ 0.387822s :calipath: 0000000000000000
DEBUG [IRDeviceParams.cpp:211] @ 0.387837s :temperature min: 0
DEBUG [IRDeviceParams.cpp:212] @ 0.387856s :temperature max: 250
DEBUG [IRDeviceParams.cpp:213] @ 0.387879s :framerate: 125
DEBUG [IRDeviceParams.cpp:214] @ 0.387959s :bispectral: 0
DEBUG [IRDeviceParams.cpp:215] @ 0.387987s :flag automatic: 0
DEBUG [IRDeviceParams.cpp:216] @ 0.388011s :min interval: 15
DEBUG [IRDeviceParams.cpp:217] @ 0.388032s :max interval: 0
DEBUG [IRDeviceParams.cpp:218] @ 0.388052s :chip heating mode: 0
DEBUG [IRDeviceParams.cpp:219] @ 0.388076s :chip heating fixed val: 40
DEBUG [IRDeviceParams.cpp:220] @ 0.388097s :focus:  -1
DEBUG [IRDeviceParams.cpp:221] @ 0.388123s :enable extended temp range: 0
DEBUG [IRDeviceParams.cpp:222] @ 0.388145s :buffer queue size: 5
DEBUG [IRDeviceParams.cpp:223] @ 0.388166s :enable high precision: 0
DEBUG [IRDeviceParams.cpp:224] @ 0.388186s :radialDistortionCorrectionMode: 0
DEBUG [IRDeviceParams.cpp:225] @ 0.388206s :deviceAPI: 0
DEBUG [IRDeviceParams.cpp:226] @ 0.388228s :useExternalProbeForReferencing: 0
DEBUG [IRDeviceParams.cpp:227] @ 0.38825s :enableMultiThreading: 0
DEBUG [IRDeviceParams.cpp:232] @ 0.388272s :ethernetDevice.deviceIpAddress: 0.0.0.0
DEBUG [IRDeviceParams.cpp:233] @ 0.388293s :ethernetDevice.localUdpPort: 0
DEBUG [IRDeviceParams.cpp:234] @ 0.388313s :ethernetDevice.checkUdpSenderIp: 1
DEBUG [Cali.cpp:87] @ 0.45502s :Calibration directory path: C:\Users\u0173846\AppData\Roaming\Imager\Cali
DEBUG [Cali.cpp:88] @ 0.455053s :Calibration file name: Cali-20052193.xml
DEBUG [Cali.cpp:98] @ 0.455508s :Calibration data A: 1450 B:1500 C:4095 D:1500
INFO [IRImager.cpp:266] @ 0.456639s :Init thermal imager to 20052193 with size: 642x120@125 Hz
DEBUG [Cali.cpp:87] @ 0.456907s :Calibration directory path: C:\Users\u0173846\AppData\Roaming\Imager\Cali
DEBUG [Cali.cpp:88] @ 0.456923s :Calibration file name: Cali-20052193.xml
DEBUG [Cali.cpp:98] @ 0.457317s :Calibration data A: 1450 B:1500 C:4095 D:1500
DEBUG [IRImager.cpp:374] @ 0.458122s :Using HID control interface
DEBUG [IRImager.cpp:414] @ 0.480656s :Initialized HID control interface to device with HW:601 FW:2633
DEBUG [IRImager.cpp:435] @ 0.480701s :Frameconfig - width(in): 642, height(in): 120, interval: 80000, max framerate: 125, HW interval: 0.008
DEBUG [Cali.cpp:87] @ 0.480727s :Calibration directory path: C:\Users\u0173846\AppData\Roaming\Imager\Cali
DEBUG [Cali.cpp:88] @ 0.480741s :Calibration file name: Cali-20052193.xml
DEBUG [Cali.cpp:98] @ 0.481355s :Calibration data A: 1450 B:1500 C:4095 D:1500
DEBUG [ImageProcessing.cpp:200] @ 0.508811s :Source buffer size: 154080 Width: 642 Height: 120
DEBUG [ImageProcessing.cpp:121] @ 0.548849s :Source buffer size: 154080 Width: 642 Height: 120
DEBUG [OpSource.cpp:347] @ 0.548954s :Using formats path: .\\Formats.def
DEBUG [OpSource.cpp:598] @ 0.549122s :Format found with size: 25
DEBUG [IRImager.cpp:841] @ 0.549476s :Caught onFrameInit with size: 640x120
DEBUG [OpSource.cpp:347] @ 0.550243s :Using formats path: .\\Formats.def
DEBUG [OpSource.cpp:598] @ 0.550378s :Format found with size: 25
DEBUG [OpSource.cpp:347] @ 0.55047s :Using formats path: .\\Formats.def
DEBUG [OpCorr.cpp:467] @ 0.554784s :Read cali: C:\Users\u0173846\AppData\Roaming\Imager\Cali\Cali-20052193-33-0-250.dat
DEBUG [OpCorr.cpp:557] @ 0.554862s :Read calibration of camera no 20052193, # of fields: 6 , start of fields: 40
DEBUG [ImageProcessing.cpp:1108] @ 0.818974s :Update flag temperature: 29.125
DEBUG [ImageProcessing.cpp:1111] @ 0.822725s :Update box temperature: 26.9375
DEBUG [Cali.cpp:639] @ 0.822764s :Calibration file path: 000001C14BCE3144/000000496DBEC5D0.xml
DEBUG [SimpleXML.cpp:238] @ 0.82287s :Failed to open file C:\Users\u0173846\AppData\Roaming\Imager\Cali\CaliExt-20052193.xml
DEBUG [IRImager.cpp:547] @ 0.833554s :Chip heating disabled
DEBUG [direct_binding.cpp:300] @ 0.842032s :evo_irimager_multi_usb_init with config: 6060300.xml
DEBUG [direct_binding.cpp:301] @ 0.842072s :evo_irimager_multi_usb_init connected returned: 1
DEBUG [IRImager.cpp:1107] @ 0.864114s :Start flag calibration
