DEBUG [IRLogger.cpp:105] @ 0.0002601s :***************************************************
DEBUG [IRLogger.cpp:106] @ 0.0003567s :* IRImagerDirect SDK                              *
DEBUG [IRLogger.cpp:107] @ 0.0003851s :***************************************************
DEBUG [IRLogger.cpp:113] @ 0.0004114s :* Native Machine:      AMD64
DEBUG [IRLogger.cpp:114] @ 0.0004328s :* Machine:             AMD64
DEBUG [IRLogger.cpp:116] @ 0.0004594s :* OS:                  Windows 10 0 19045
DEBUG [IRLogger.cpp:123] @ 0.0004821s :***************************************************
DEBUG [IRDeviceParams.cpp:204] @ 0.0011045s :Parameters
DEBUG [IRDeviceParams.cpp:205] @ 0.0011427s :serial: 17092037
DEBUG [IRDeviceParams.cpp:206] @ 0.0011874s :videoformatindex: 3
DEBUG [IRDeviceParams.cpp:207] @ 0.0012215s :fov: 0
DEBUG [IRDeviceParams.cpp:208] @ 0.0012452s :optics_text: 000001D02B67F7C0
DEBUG [IRDeviceParams.cpp:209] @ 0.001291s :formatspath: 000001D02B67F610
DEBUG [IRDeviceParams.cpp:210] @ 0.0013144s :calipath: 0000000000000000
DEBUG [IRDeviceParams.cpp:211] @ 0.0013362s :temperature min: 600
DEBUG [IRDeviceParams.cpp:212] @ 0.0013529s :temperature max: 1800
DEBUG [IRDeviceParams.cpp:213] @ 0.0013878s :framerate: 1000
DEBUG [IRDeviceParams.cpp:214] @ 0.0014154s :bispectral: 0
DEBUG [IRDeviceParams.cpp:215] @ 0.0014454s :flag automatic: 0
DEBUG [IRDeviceParams.cpp:216] @ 0.0014679s :min interval: 15
DEBUG [IRDeviceParams.cpp:217] @ 0.0014893s :max interval: 0
DEBUG [IRDeviceParams.cpp:218] @ 0.00151s :chip heating mode: 0
DEBUG [IRDeviceParams.cpp:219] @ 0.001535s :chip heating fixed val: 40
DEBUG [IRDeviceParams.cpp:220] @ 0.0015589s :focus:  -1
DEBUG [IRDeviceParams.cpp:221] @ 0.0015879s :enable extended temp range: 0
DEBUG [IRDeviceParams.cpp:222] @ 0.0016109s :buffer queue size: 5
DEBUG [IRDeviceParams.cpp:223] @ 0.0016297s :enable high precision: 0
DEBUG [IRDeviceParams.cpp:224] @ 0.0016497s :radialDistortionCorrectionMode: 0
DEBUG [IRDeviceParams.cpp:225] @ 0.0016754s :deviceAPI: 0
DEBUG [IRDeviceParams.cpp:226] @ 0.0016966s :useExternalProbeForReferencing: 0
DEBUG [IRDeviceParams.cpp:227] @ 0.0017255s :enableMultiThreading: 0
DEBUG [IRDeviceParams.cpp:232] @ 0.0017498s :ethernetDevice.deviceIpAddress: 0.0.0.0
DEBUG [IRDeviceParams.cpp:233] @ 0.0017689s :ethernetDevice.localUdpPort: 0
DEBUG [IRDeviceParams.cpp:234] @ 0.0017897s :ethernetDevice.checkUdpSenderIp: 1
DEBUG [Cali.cpp:87] @ 0.148271s :Calibration directory path: C:\Users\u0173846\AppData\Roaming\Imager\Cali
DEBUG [Cali.cpp:88] @ 0.1483s :Calibration file name: Cali-17092037.xml
DEBUG [Cali.cpp:98] @ 0.148592s :Calibration data A: 1450 B:470 C:4095 D:1500
INFO [IRImager.cpp:266] @ 0.149165s :Init thermal imager to 17092037 with size: 74x224@250 Hz
DEBUG [Cali.cpp:87] @ 0.149427s :Calibration directory path: C:\Users\u0173846\AppData\Roaming\Imager\Cali
DEBUG [Cali.cpp:88] @ 0.149443s :Calibration file name: Cali-17092037.xml
DEBUG [Cali.cpp:98] @ 0.149706s :Calibration data A: 1450 B:470 C:4095 D:1500
DEBUG [IRImager.cpp:374] @ 0.150319s :Using HID control interface
DEBUG [IRImager.cpp:414] @ 0.232198s :Initialized HID control interface to device with HW:2101 FW:2820
DEBUG [IRImager.cpp:435] @ 0.23224s :Frameconfig - width(in): 74, height(in): 224, interval: 40000, max framerate: 250, HW interval: 0.004
DEBUG [Cali.cpp:87] @ 0.232259s :Calibration directory path: C:\Users\u0173846\AppData\Roaming\Imager\Cali
DEBUG [Cali.cpp:88] @ 0.232271s :Calibration file name: Cali-17092037.xml
DEBUG [Cali.cpp:98] @ 0.232599s :Calibration data A: 1450 B:470 C:4095 D:1500
DEBUG [ImageProcessing.cpp:200] @ 0.236942s :Source buffer size: 33152 Width: 74 Height: 224
DEBUG [ImageProcessing.cpp:121] @ 0.273507s :Source buffer size: 33152 Width: 74 Height: 224
DEBUG [OpSource.cpp:347] @ 0.273614s :Using formats path: .\\Formats.def
DEBUG [OpSource.cpp:598] @ 0.27384s :Format found with size: 14
DEBUG [IRImager.cpp:841] @ 0.273902s :Caught onFrameInit with size: 72x56
DEBUG [OpSource.cpp:347] @ 0.274014s :Using formats path: .\\Formats.def
DEBUG [OpSource.cpp:598] @ 0.274229s :Format found with size: 14
DEBUG [OpSource.cpp:347] @ 0.274286s :Using formats path: .\\Formats.def
DEBUG [OpCorr.cpp:467] @ 0.276462s :Read cali: C:\Users\u0173846\AppData\Roaming\Imager\Cali\Cali-17092037-25-600-1800-1000.dat
DEBUG [ImageProcessing.cpp:1108] @ 0.296776s :Update flag temperature: 37.5781
DEBUG [ImageProcessing.cpp:1111] @ 0.298628s :Update box temperature: 37.5781
DEBUG [Cali.cpp:639] @ 0.298665s :Calibration file path: 000001D02CA73284/00000021603EAF40.xml
DEBUG [SimpleXML.cpp:238] @ 0.298776s :Failed to open file C:\Users\u0173846\AppData\Roaming\Imager\Cali\CaliExt-17092037.xml
DEBUG [IRImager.cpp:547] @ 0.311126s :Chip heating disabled
DEBUG [direct_binding.cpp:300] @ 0.314571s :evo_irimager_multi_usb_init with config: 17092037.xml
DEBUG [direct_binding.cpp:301] @ 0.314597s :evo_irimager_multi_usb_init connected returned: 1
DEBUG [IRImager.cpp:1107] @ 0.376962s :Start flag calibration
DEBUG [OpFlag.cpp:591] @ 11.0807s :SkimDiff: 0 Adjust: 0 State: 0 EMax: 8650 Emin: 8558
DEBUG [IRImager.cpp:1121] @ 11.7531s :Finished startup calibration
