DEBUG [IRLogger.cpp:105] @ 0.0004505s :***************************************************
DEBUG [IRLogger.cpp:106] @ 0.0005418s :* IRImagerDirect SDK                              *
DEBUG [IRLogger.cpp:107] @ 0.0005695s :***************************************************
DEBUG [IRLogger.cpp:113] @ 0.0005991s :* Native Machine:      AMD64
DEBUG [IRLogger.cpp:114] @ 0.0006275s :* Machine:             AMD64
DEBUG [IRLogger.cpp:116] @ 0.0006532s :* OS:                  Windows 10 0 19045
DEBUG [IRLogger.cpp:123] @ 0.0006735s :***************************************************
DEBUG [IRDeviceParams.cpp:204] @ 0.0012851s :Parameters
DEBUG [IRDeviceParams.cpp:205] @ 0.0013071s :serial: 20052193
DEBUG [IRDeviceParams.cpp:206] @ 0.0013211s :videoformatindex: 1
DEBUG [IRDeviceParams.cpp:207] @ 0.0013338s :fov: 33
DEBUG [IRDeviceParams.cpp:208] @ 0.0013459s :optics_text: 00000277F96474C0
DEBUG [IRDeviceParams.cpp:209] @ 0.0013591s :formatspath: 00000277F9647620
DEBUG [IRDeviceParams.cpp:210] @ 0.0013703s :calipath: 0000000000000000
DEBUG [IRDeviceParams.cpp:211] @ 0.0013817s :temperature min: 0
DEBUG [IRDeviceParams.cpp:212] @ 0.0013943s :temperature max: 250
DEBUG [IRDeviceParams.cpp:213] @ 0.0014716s :framerate: 125
DEBUG [IRDeviceParams.cpp:214] @ 0.0014892s :bispectral: 0
DEBUG [IRDeviceParams.cpp:215] @ 0.0015012s :flag automatic: 0
DEBUG [IRDeviceParams.cpp:216] @ 0.0015145s :min interval: 15
DEBUG [IRDeviceParams.cpp:217] @ 0.0015266s :max interval: 0
DEBUG [IRDeviceParams.cpp:218] @ 0.0015378s :chip heating mode: 0
DEBUG [IRDeviceParams.cpp:219] @ 0.0015504s :chip heating fixed val: 40
DEBUG [IRDeviceParams.cpp:220] @ 0.0015624s :focus:  -1
DEBUG [IRDeviceParams.cpp:221] @ 0.0015751s :enable extended temp range: 0
DEBUG [IRDeviceParams.cpp:222] @ 0.0015872s :buffer queue size: 5
DEBUG [IRDeviceParams.cpp:223] @ 0.0015983s :enable high precision: 0
DEBUG [IRDeviceParams.cpp:224] @ 0.0016107s :radialDistortionCorrectionMode: 0
DEBUG [IRDeviceParams.cpp:225] @ 0.0016243s :deviceAPI: 0
DEBUG [IRDeviceParams.cpp:226] @ 0.0016364s :useExternalProbeForReferencing: 0
DEBUG [IRDeviceParams.cpp:227] @ 0.0016486s :enableMultiThreading: 0
DEBUG [IRDeviceParams.cpp:232] @ 0.0016606s :ethernetDevice.deviceIpAddress: 0.0.0.0
DEBUG [IRDeviceParams.cpp:233] @ 0.0016731s :ethernetDevice.localUdpPort: 0
DEBUG [IRDeviceParams.cpp:234] @ 0.0016847s :ethernetDevice.checkUdpSenderIp: 1
DEBUG [Cali.cpp:87] @ 0.149381s :Calibration directory path: C:\Users\u0173846\AppData\Roaming\Imager\Cali
DEBUG [Cali.cpp:88] @ 0.14941s :Calibration file name: Cali-20052193.xml
DEBUG [Cali.cpp:98] @ 0.14983s :Calibration data A: 1450 B:1500 C:4095 D:1500
INFO [IRImager.cpp:266] @ 0.150844s :Init thermal imager to 20052193 with size: 642x120@125 Hz
DEBUG [Cali.cpp:87] @ 0.151104s :Calibration directory path: C:\Users\u0173846\AppData\Roaming\Imager\Cali
DEBUG [Cali.cpp:88] @ 0.15112s :Calibration file name: Cali-20052193.xml
DEBUG [Cali.cpp:98] @ 0.151495s :Calibration data A: 1450 B:1500 C:4095 D:1500
DEBUG [IRImager.cpp:374] @ 0.15228s :Using HID control interface
DEBUG [IRImager.cpp:414] @ 0.238115s :Initialized HID control interface to device with HW:601 FW:2633
DEBUG [IRImager.cpp:435] @ 0.238166s :Frameconfig - width(in): 642, height(in): 120, interval: 80000, max framerate: 125, HW interval: 0.008
DEBUG [Cali.cpp:87] @ 0.238188s :Calibration directory path: C:\Users\u0173846\AppData\Roaming\Imager\Cali
DEBUG [Cali.cpp:88] @ 0.238204s :Calibration file name: Cali-20052193.xml
DEBUG [Cali.cpp:98] @ 0.238687s :Calibration data A: 1450 B:1500 C:4095 D:1500
DEBUG [ImageProcessing.cpp:200] @ 0.266298s :Source buffer size: 154080 Width: 642 Height: 120
DEBUG [ImageProcessing.cpp:121] @ 0.308572s :Source buffer size: 154080 Width: 642 Height: 120
DEBUG [OpSource.cpp:347] @ 0.308687s :Using formats path: .\\Formats.def
DEBUG [OpSource.cpp:598] @ 0.308863s :Format found with size: 25
DEBUG [IRImager.cpp:841] @ 0.309181s :Caught onFrameInit with size: 640x120
DEBUG [OpSource.cpp:347] @ 0.309931s :Using formats path: .\\Formats.def
DEBUG [OpSource.cpp:598] @ 0.310103s :Format found with size: 25
DEBUG [OpSource.cpp:347] @ 0.31016s :Using formats path: .\\Formats.def
DEBUG [OpCorr.cpp:467] @ 0.3143s :Read cali: C:\Users\u0173846\AppData\Roaming\Imager\Cali\Cali-20052193-33-0-250.dat
DEBUG [OpCorr.cpp:557] @ 0.314381s :Read calibration of camera no 20052193, # of fields: 6 , start of fields: 40
DEBUG [ImageProcessing.cpp:1108] @ 0.580574s :Update flag temperature: 28.9375
DEBUG [ImageProcessing.cpp:1111] @ 0.584432s :Update box temperature: 26.6875
DEBUG [Cali.cpp:639] @ 0.584467s :Calibration file path: 00000277F96BC634/000000BD469EC9C0.xml
DEBUG [SimpleXML.cpp:238] @ 0.584554s :Failed to open file C:\Users\u0173846\AppData\Roaming\Imager\Cali\CaliExt-20052193.xml
DEBUG [IRImager.cpp:547] @ 0.596006s :Chip heating disabled
DEBUG [direct_binding.cpp:300] @ 0.605015s :evo_irimager_multi_usb_init with config: 6060300.xml
DEBUG [direct_binding.cpp:301] @ 0.605062s :evo_irimager_multi_usb_init connected returned: 1
DEBUG [IRImager.cpp:1107] @ 0.627288s :Start flag calibration
