DEBUG [IRLogger.cpp:105] @ 0.0002863s :***************************************************
DEBUG [IRLogger.cpp:106] @ 0.0003908s :* IRImagerDirect SDK                              *
DEBUG [IRLogger.cpp:107] @ 0.0004217s :***************************************************
DEBUG [IRLogger.cpp:113] @ 0.0004468s :* Native Machine:      AMD64
DEBUG [IRLogger.cpp:114] @ 0.0004701s :* Machine:             AMD64
DEBUG [IRLogger.cpp:116] @ 0.0004966s :* OS:                  Windows 10 0 19045
DEBUG [IRLogger.cpp:123] @ 0.0005184s :***************************************************
DEBUG [IRDeviceParams.cpp:204] @ 0.0011739s :Parameters
DEBUG [IRDeviceParams.cpp:205] @ 0.0011939s :serial: 17092037
DEBUG [IRDeviceParams.cpp:206] @ 0.0012065s :videoformatindex: 3
DEBUG [IRDeviceParams.cpp:207] @ 0.0012192s :fov: 0
DEBUG [IRDeviceParams.cpp:208] @ 0.001294s :optics_text: 000002115DA1AEB0
DEBUG [IRDeviceParams.cpp:209] @ 0.0013105s :formatspath: 000002115DA1AD70
DEBUG [IRDeviceParams.cpp:210] @ 0.0013248s :calipath: 0000000000000000
DEBUG [IRDeviceParams.cpp:211] @ 0.0013456s :temperature min: 600
DEBUG [IRDeviceParams.cpp:212] @ 0.0013729s :temperature max: 1800
DEBUG [IRDeviceParams.cpp:213] @ 0.0014018s :framerate: 1000
DEBUG [IRDeviceParams.cpp:214] @ 0.0014178s :bispectral: 0
DEBUG [IRDeviceParams.cpp:215] @ 0.0014311s :flag automatic: 0
DEBUG [IRDeviceParams.cpp:216] @ 0.0014433s :min interval: 15
DEBUG [IRDeviceParams.cpp:217] @ 0.0014549s :max interval: 0
DEBUG [IRDeviceParams.cpp:218] @ 0.001466s :chip heating mode: 0
DEBUG [IRDeviceParams.cpp:219] @ 0.0014801s :chip heating fixed val: 40
DEBUG [IRDeviceParams.cpp:220] @ 0.0014921s :focus:  -1
DEBUG [IRDeviceParams.cpp:221] @ 0.0015041s :enable extended temp range: 0
DEBUG [IRDeviceParams.cpp:222] @ 0.0015162s :buffer queue size: 5
DEBUG [IRDeviceParams.cpp:223] @ 0.0015274s :enable high precision: 0
DEBUG [IRDeviceParams.cpp:224] @ 0.0015418s :radialDistortionCorrectionMode: 0
DEBUG [IRDeviceParams.cpp:225] @ 0.0015536s :deviceAPI: 0
DEBUG [IRDeviceParams.cpp:226] @ 0.0015654s :useExternalProbeForReferencing: 0
DEBUG [IRDeviceParams.cpp:227] @ 0.0015787s :enableMultiThreading: 0
DEBUG [IRDeviceParams.cpp:232] @ 0.0015919s :ethernetDevice.deviceIpAddress: 0.0.0.0
DEBUG [IRDeviceParams.cpp:233] @ 0.0016034s :ethernetDevice.localUdpPort: 0
DEBUG [IRDeviceParams.cpp:234] @ 0.0016154s :ethernetDevice.checkUdpSenderIp: 1
DEBUG [Cali.cpp:87] @ 0.150763s :Calibration directory path: C:\Users\u0173846\AppData\Roaming\Imager\Cali
DEBUG [Cali.cpp:88] @ 0.150793s :Calibration file name: Cali-17092037.xml
DEBUG [Cali.cpp:98] @ 0.151094s :Calibration data A: 1450 B:470 C:4095 D:1500
INFO [IRImager.cpp:266] @ 0.15166s :Init thermal imager to 17092037 with size: 74x224@250 Hz
DEBUG [Cali.cpp:87] @ 0.151926s :Calibration directory path: C:\Users\u0173846\AppData\Roaming\Imager\Cali
DEBUG [Cali.cpp:88] @ 0.151941s :Calibration file name: Cali-17092037.xml
DEBUG [Cali.cpp:98] @ 0.152209s :Calibration data A: 1450 B:470 C:4095 D:1500
DEBUG [IRImager.cpp:374] @ 0.152841s :Using HID control interface
DEBUG [IRImager.cpp:414] @ 0.235327s :Initialized HID control interface to device with HW:2101 FW:2820
DEBUG [IRImager.cpp:435] @ 0.235376s :Frameconfig - width(in): 74, height(in): 224, interval: 40000, max framerate: 250, HW interval: 0.004
DEBUG [Cali.cpp:87] @ 0.235395s :Calibration directory path: C:\Users\u0173846\AppData\Roaming\Imager\Cali
DEBUG [Cali.cpp:88] @ 0.235409s :Calibration file name: Cali-17092037.xml
DEBUG [Cali.cpp:98] @ 0.235802s :Calibration data A: 1450 B:470 C:4095 D:1500
DEBUG [ImageProcessing.cpp:200] @ 0.24026s :Source buffer size: 33152 Width: 74 Height: 224
DEBUG [ImageProcessing.cpp:121] @ 0.277213s :Source buffer size: 33152 Width: 74 Height: 224
DEBUG [OpSource.cpp:347] @ 0.277328s :Using formats path: .\\Formats.def
DEBUG [OpSource.cpp:598] @ 0.277556s :Format found with size: 14
DEBUG [IRImager.cpp:841] @ 0.277602s :Caught onFrameInit with size: 72x56
DEBUG [OpSource.cpp:347] @ 0.277684s :Using formats path: .\\Formats.def
DEBUG [OpSource.cpp:598] @ 0.277906s :Format found with size: 14
DEBUG [OpSource.cpp:347] @ 0.277967s :Using formats path: .\\Formats.def
DEBUG [OpCorr.cpp:467] @ 0.280509s :Read cali: C:\Users\u0173846\AppData\Roaming\Imager\Cali\Cali-17092037-25-600-1800-1000.dat
DEBUG [ImageProcessing.cpp:1108] @ 0.301107s :Update flag temperature: 240.375
DEBUG [ImageProcessing.cpp:1111] @ 0.303209s :Update box temperature: 240.375
DEBUG [Cali.cpp:639] @ 0.303256s :Calibration file path: 000002115DA6CE84/0000009E847EAC10.xml
DEBUG [SimpleXML.cpp:238] @ 0.303374s :Failed to open file C:\Users\u0173846\AppData\Roaming\Imager\Cali\CaliExt-17092037.xml
DEBUG [IRImager.cpp:547] @ 0.315904s :Chip heating disabled
DEBUG [direct_binding.cpp:300] @ 0.320268s :evo_irimager_multi_usb_init with config: 17092037.xml
DEBUG [direct_binding.cpp:301] @ 0.320312s :evo_irimager_multi_usb_init connected returned: 1
DEBUG [IRImager.cpp:1107] @ 0.383084s :Start flag calibration
