DEBUG [IRLogger.cpp:105] @ 0.0002997s :***************************************************
DEBUG [IRLogger.cpp:106] @ 0.0003831s :* IRImagerDirect SDK                              *
DEBUG [IRLogger.cpp:107] @ 0.0004143s :***************************************************
DEBUG [IRLogger.cpp:113] @ 0.0004377s :* Native Machine:      AMD64
DEBUG [IRLogger.cpp:114] @ 0.0004664s :* Machine:             AMD64
DEBUG [IRLogger.cpp:116] @ 0.0004961s :* OS:                  Windows 10 0 19045
DEBUG [IRLogger.cpp:123] @ 0.0005192s :***************************************************
DEBUG [IRDeviceParams.cpp:204] @ 0.010611s :Parameters
DEBUG [IRDeviceParams.cpp:205] @ 0.0106381s :serial: 17092037
DEBUG [IRDeviceParams.cpp:206] @ 0.0106508s :videoformatindex: 3
DEBUG [IRDeviceParams.cpp:207] @ 0.010663s :fov: 0
DEBUG [IRDeviceParams.cpp:208] @ 0.0106749s :optics_text: 0000016D74595AB0
DEBUG [IRDeviceParams.cpp:209] @ 0.0106868s :formatspath: 0000016D74595D10
DEBUG [IRDeviceParams.cpp:210] @ 0.010699s :calipath: 0000000000000000
DEBUG [IRDeviceParams.cpp:211] @ 0.0107106s :temperature min: 600
DEBUG [IRDeviceParams.cpp:212] @ 0.010722s :temperature max: 1800
DEBUG [IRDeviceParams.cpp:213] @ 0.0107364s :framerate: 1000
DEBUG [IRDeviceParams.cpp:214] @ 0.0107483s :bispectral: 0
DEBUG [IRDeviceParams.cpp:215] @ 0.0107599s :flag automatic: 0
DEBUG [IRDeviceParams.cpp:216] @ 0.0107721s :min interval: 15
DEBUG [IRDeviceParams.cpp:217] @ 0.0107838s :max interval: 0
DEBUG [IRDeviceParams.cpp:218] @ 0.0107952s :chip heating mode: 0
DEBUG [IRDeviceParams.cpp:219] @ 0.0108074s :chip heating fixed val: 40
DEBUG [IRDeviceParams.cpp:220] @ 0.0108195s :focus:  -1
DEBUG [IRDeviceParams.cpp:221] @ 0.0108313s :enable extended temp range: 0
DEBUG [IRDeviceParams.cpp:222] @ 0.0108428s :buffer queue size: 5
DEBUG [IRDeviceParams.cpp:223] @ 0.0108543s :enable high precision: 0
DEBUG [IRDeviceParams.cpp:224] @ 0.010866s :radialDistortionCorrectionMode: 0
DEBUG [IRDeviceParams.cpp:225] @ 0.0108788s :deviceAPI: 0
DEBUG [IRDeviceParams.cpp:226] @ 0.0108902s :useExternalProbeForReferencing: 0
DEBUG [IRDeviceParams.cpp:227] @ 0.0109015s :enableMultiThreading: 0
DEBUG [IRDeviceParams.cpp:232] @ 0.0109137s :ethernetDevice.deviceIpAddress: 0.0.0.0
DEBUG [IRDeviceParams.cpp:233] @ 0.0109249s :ethernetDevice.localUdpPort: 0
DEBUG [IRDeviceParams.cpp:234] @ 0.0109363s :ethernetDevice.checkUdpSenderIp: 1
DEBUG [Cali.cpp:87] @ 0.172123s :Calibration directory path: C:\Users\u0173846\AppData\Roaming\Imager\Cali
DEBUG [Cali.cpp:88] @ 0.17216s :Calibration file name: Cali-17092037.xml
DEBUG [Cali.cpp:98] @ 0.185778s :Calibration data A: 1450 B:470 C:4095 D:1500
INFO [IRImager.cpp:266] @ 0.216751s :Init thermal imager to 17092037 with size: 74x224@250 Hz
DEBUG [Cali.cpp:87] @ 0.217029s :Calibration directory path: C:\Users\u0173846\AppData\Roaming\Imager\Cali
DEBUG [Cali.cpp:88] @ 0.217051s :Calibration file name: Cali-17092037.xml
DEBUG [Cali.cpp:98] @ 0.217377s :Calibration data A: 1450 B:470 C:4095 D:1500
DEBUG [IRImager.cpp:374] @ 0.226797s :Using HID control interface
DEBUG [IRImager.cpp:414] @ 0.309346s :Initialized HID control interface to device with HW:2101 FW:2820
DEBUG [IRImager.cpp:435] @ 0.309398s :Frameconfig - width(in): 74, height(in): 224, interval: 40000, max framerate: 250, HW interval: 0.004
DEBUG [Cali.cpp:87] @ 0.309417s :Calibration directory path: C:\Users\u0173846\AppData\Roaming\Imager\Cali
DEBUG [Cali.cpp:88] @ 0.309434s :Calibration file name: Cali-17092037.xml
DEBUG [Cali.cpp:98] @ 0.309768s :Calibration data A: 1450 B:470 C:4095 D:1500
DEBUG [ImageProcessing.cpp:200] @ 0.313962s :Source buffer size: 33152 Width: 74 Height: 224
DEBUG [ImageProcessing.cpp:121] @ 0.349468s :Source buffer size: 33152 Width: 74 Height: 224
DEBUG [OpSource.cpp:347] @ 0.349583s :Using formats path: .\\Formats.def
DEBUG [OpSource.cpp:598] @ 0.349813s :Format found with size: 14
DEBUG [IRImager.cpp:841] @ 0.34988s :Caught onFrameInit with size: 72x56
DEBUG [OpSource.cpp:347] @ 0.350001s :Using formats path: .\\Formats.def
DEBUG [OpSource.cpp:598] @ 0.350213s :Format found with size: 14
DEBUG [OpSource.cpp:347] @ 0.35027s :Using formats path: .\\Formats.def
DEBUG [OpCorr.cpp:467] @ 0.352434s :Read cali: C:\Users\u0173846\AppData\Roaming\Imager\Cali\Cali-17092037-25-600-1800-1000.dat
DEBUG [ImageProcessing.cpp:1108] @ 0.374088s :Update flag temperature: 240.25
DEBUG [ImageProcessing.cpp:1111] @ 0.375956s :Update box temperature: 240.25
DEBUG [Cali.cpp:639] @ 0.375989s :Calibration file path: 0000016D746CF4E4/0000005817BEC550.xml
DEBUG [SimpleXML.cpp:238] @ 0.3761s :Failed to open file C:\Users\u0173846\AppData\Roaming\Imager\Cali\CaliExt-17092037.xml
DEBUG [IRImager.cpp:547] @ 0.390601s :Chip heating disabled
DEBUG [direct_binding.cpp:300] @ 0.394017s :evo_irimager_multi_usb_init with config: 17092037.xml
DEBUG [direct_binding.cpp:301] @ 0.39407s :evo_irimager_multi_usb_init connected returned: 1
DEBUG [IRImager.cpp:1107] @ 0.457088s :Start flag calibration
