DEBUG [IRLogger.cpp:105] @ 0.0002578s :***************************************************
DEBUG [IRLogger.cpp:106] @ 0.0003311s :* IRImagerDirect SDK                              *
DEBUG [IRLogger.cpp:107] @ 0.0003602s :***************************************************
DEBUG [IRLogger.cpp:113] @ 0.0003877s :* Native Machine:      AMD64
DEBUG [IRLogger.cpp:114] @ 0.0004106s :* Machine:             AMD64
DEBUG [IRLogger.cpp:116] @ 0.0004366s :* OS:                  Windows 10 0 19045
DEBUG [IRLogger.cpp:123] @ 0.0004585s :***************************************************
DEBUG [IRDeviceParams.cpp:204] @ 0.0010995s :Parameters
DEBUG [IRDeviceParams.cpp:205] @ 0.001119s :serial: 20052193
DEBUG [IRDeviceParams.cpp:206] @ 0.001131s :videoformatindex: 1
DEBUG [IRDeviceParams.cpp:207] @ 0.0011421s :fov: 33
DEBUG [IRDeviceParams.cpp:208] @ 0.0011549s :optics_text: 0000027A199314F0
DEBUG [IRDeviceParams.cpp:209] @ 0.0011664s :formatspath: 0000027A199316A0
DEBUG [IRDeviceParams.cpp:210] @ 0.0011776s :calipath: 0000000000000000
DEBUG [IRDeviceParams.cpp:211] @ 0.0011886s :temperature min: 0
DEBUG [IRDeviceParams.cpp:212] @ 0.0011992s :temperature max: 250
DEBUG [IRDeviceParams.cpp:213] @ 0.0012133s :framerate: 125
DEBUG [IRDeviceParams.cpp:214] @ 0.0012242s :bispectral: 0
DEBUG [IRDeviceParams.cpp:215] @ 0.0012349s :flag automatic: 0
DEBUG [IRDeviceParams.cpp:216] @ 0.0012498s :min interval: 15
DEBUG [IRDeviceParams.cpp:217] @ 0.0012611s :max interval: 0
DEBUG [IRDeviceParams.cpp:218] @ 0.0012717s :chip heating mode: 0
DEBUG [IRDeviceParams.cpp:219] @ 0.001283s :chip heating fixed val: 40
DEBUG [IRDeviceParams.cpp:220] @ 0.0012955s :focus:  -1
DEBUG [IRDeviceParams.cpp:221] @ 0.0013068s :enable extended temp range: 0
DEBUG [IRDeviceParams.cpp:222] @ 0.0013176s :buffer queue size: 5
DEBUG [IRDeviceParams.cpp:223] @ 0.0013283s :enable high precision: 0
DEBUG [IRDeviceParams.cpp:224] @ 0.0013391s :radialDistortionCorrectionMode: 0
DEBUG [IRDeviceParams.cpp:225] @ 0.0013499s :deviceAPI: 0
DEBUG [IRDeviceParams.cpp:226] @ 0.0013607s :useExternalProbeForReferencing: 0
DEBUG [IRDeviceParams.cpp:227] @ 0.0013715s :enableMultiThreading: 0
DEBUG [IRDeviceParams.cpp:232] @ 0.001383s :ethernetDevice.deviceIpAddress: 0.0.0.0
DEBUG [IRDeviceParams.cpp:233] @ 0.0013938s :ethernetDevice.localUdpPort: 0
DEBUG [IRDeviceParams.cpp:234] @ 0.0014047s :ethernetDevice.checkUdpSenderIp: 1
DEBUG [Cali.cpp:87] @ 0.157764s :Calibration directory path: C:\Users\u0173846\AppData\Roaming\Imager\Cali
DEBUG [Cali.cpp:88] @ 0.157793s :Calibration file name: Cali-20052193.xml
DEBUG [Cali.cpp:98] @ 0.158234s :Calibration data A: 1450 B:1500 C:4095 D:1500
INFO [IRImager.cpp:266] @ 0.159296s :Init thermal imager to 20052193 with size: 642x120@125 Hz
DEBUG [Cali.cpp:87] @ 0.159567s :Calibration directory path: C:\Users\u0173846\AppData\Roaming\Imager\Cali
DEBUG [Cali.cpp:88] @ 0.159583s :Calibration file name: Cali-20052193.xml
DEBUG [Cali.cpp:98] @ 0.159968s :Calibration data A: 1450 B:1500 C:4095 D:1500
DEBUG [IRImager.cpp:374] @ 0.160767s :Using HID control interface
DEBUG [IRImager.cpp:414] @ 0.244387s :Initialized HID control interface to device with HW:601 FW:2633
DEBUG [IRImager.cpp:435] @ 0.244434s :Frameconfig - width(in): 642, height(in): 120, interval: 80000, max framerate: 125, HW interval: 0.008
DEBUG [Cali.cpp:87] @ 0.244457s :Calibration directory path: C:\Users\u0173846\AppData\Roaming\Imager\Cali
DEBUG [Cali.cpp:88] @ 0.244473s :Calibration file name: Cali-20052193.xml
DEBUG [Cali.cpp:98] @ 0.244928s :Calibration data A: 1450 B:1500 C:4095 D:1500
DEBUG [ImageProcessing.cpp:200] @ 0.272564s :Source buffer size: 154080 Width: 642 Height: 120
DEBUG [ImageProcessing.cpp:121] @ 0.313733s :Source buffer size: 154080 Width: 642 Height: 120
DEBUG [OpSource.cpp:347] @ 0.31383s :Using formats path: .\\Formats.def
DEBUG [OpSource.cpp:598] @ 0.31399s :Format found with size: 25
DEBUG [IRImager.cpp:841] @ 0.314314s :Caught onFrameInit with size: 640x120
DEBUG [OpSource.cpp:347] @ 0.315158s :Using formats path: .\\Formats.def
DEBUG [OpSource.cpp:598] @ 0.315329s :Format found with size: 25
DEBUG [OpSource.cpp:347] @ 0.315386s :Using formats path: .\\Formats.def
DEBUG [OpCorr.cpp:467] @ 0.31961s :Read cali: C:\Users\u0173846\AppData\Roaming\Imager\Cali\Cali-20052193-33-0-250.dat
DEBUG [OpCorr.cpp:557] @ 0.31968s :Read calibration of camera no 20052193, # of fields: 6 , start of fields: 40
DEBUG [ImageProcessing.cpp:1108] @ 0.586731s :Update flag temperature: 30
DEBUG [ImageProcessing.cpp:1111] @ 0.590656s :Update box temperature: 27.6875
DEBUG [Cali.cpp:639] @ 0.5907s :Calibration file path: 0000027A199B5B34/000000E7B7FEC850.xml
DEBUG [SimpleXML.cpp:238] @ 0.590816s :Failed to open file C:\Users\u0173846\AppData\Roaming\Imager\Cali\CaliExt-20052193.xml
DEBUG [IRImager.cpp:547] @ 0.601979s :Chip heating disabled
DEBUG [direct_binding.cpp:300] @ 0.611711s :evo_irimager_multi_usb_init with config: 6060300.xml
DEBUG [direct_binding.cpp:301] @ 0.611747s :evo_irimager_multi_usb_init connected returned: 1
DEBUG [IRImager.cpp:1107] @ 0.634174s :Start flag calibration
