DEBUG [IRLogger.cpp:105] @ 0.0002592s :***************************************************
DEBUG [IRLogger.cpp:106] @ 0.0003354s :* IRImagerDirect SDK                              *
DEBUG [IRLogger.cpp:107] @ 0.0003654s :***************************************************
DEBUG [IRLogger.cpp:113] @ 0.0003899s :* Native Machine:      AMD64
DEBUG [IRLogger.cpp:114] @ 0.0004127s :* Machine:             AMD64
DEBUG [IRLogger.cpp:116] @ 0.0004396s :* OS:                  Windows 10 0 19045
DEBUG [IRLogger.cpp:123] @ 0.0004598s :***************************************************
DEBUG [IRDeviceParams.cpp:204] @ 0.0010652s :Parameters
DEBUG [IRDeviceParams.cpp:205] @ 0.0010847s :serial: 20052193
DEBUG [IRDeviceParams.cpp:206] @ 0.0010986s :videoformatindex: 1
DEBUG [IRDeviceParams.cpp:207] @ 0.0011112s :fov: 33
DEBUG [IRDeviceParams.cpp:208] @ 0.0011243s :optics_text: 0000023CDB55B590
DEBUG [IRDeviceParams.cpp:209] @ 0.0011378s :formatspath: 0000023CDB55B2D0
DEBUG [IRDeviceParams.cpp:210] @ 0.0011498s :calipath: 0000000000000000
DEBUG [IRDeviceParams.cpp:211] @ 0.0011626s :temperature min: 0
DEBUG [IRDeviceParams.cpp:212] @ 0.0011738s :temperature max: 250
DEBUG [IRDeviceParams.cpp:213] @ 0.0011874s :framerate: 125
DEBUG [IRDeviceParams.cpp:214] @ 0.0012325s :bispectral: 0
DEBUG [IRDeviceParams.cpp:215] @ 0.0012492s :flag automatic: 0
DEBUG [IRDeviceParams.cpp:216] @ 0.0012624s :min interval: 15
DEBUG [IRDeviceParams.cpp:217] @ 0.0012757s :max interval: 0
DEBUG [IRDeviceParams.cpp:218] @ 0.0012872s :chip heating mode: 0
DEBUG [IRDeviceParams.cpp:219] @ 0.0013003s :chip heating fixed val: 40
DEBUG [IRDeviceParams.cpp:220] @ 0.0013142s :focus:  -1
DEBUG [IRDeviceParams.cpp:221] @ 0.0013278s :enable extended temp range: 0
DEBUG [IRDeviceParams.cpp:222] @ 0.0013406s :buffer queue size: 5
DEBUG [IRDeviceParams.cpp:223] @ 0.0013535s :enable high precision: 0
DEBUG [IRDeviceParams.cpp:224] @ 0.0013652s :radialDistortionCorrectionMode: 0
DEBUG [IRDeviceParams.cpp:225] @ 0.0013785s :deviceAPI: 0
DEBUG [IRDeviceParams.cpp:226] @ 0.0013905s :useExternalProbeForReferencing: 0
DEBUG [IRDeviceParams.cpp:227] @ 0.0014046s :enableMultiThreading: 0
DEBUG [IRDeviceParams.cpp:232] @ 0.0014195s :ethernetDevice.deviceIpAddress: 0.0.0.0
DEBUG [IRDeviceParams.cpp:233] @ 0.0014323s :ethernetDevice.localUdpPort: 0
DEBUG [IRDeviceParams.cpp:234] @ 0.001446s :ethernetDevice.checkUdpSenderIp: 1
DEBUG [Cali.cpp:87] @ 0.14645s :Calibration directory path: C:\Users\u0173846\AppData\Roaming\Imager\Cali
DEBUG [Cali.cpp:88] @ 0.146478s :Calibration file name: Cali-20052193.xml
DEBUG [Cali.cpp:98] @ 0.146924s :Calibration data A: 1450 B:1500 C:4095 D:1500
INFO [IRImager.cpp:266] @ 0.14794s :Init thermal imager to 20052193 with size: 642x120@125 Hz
DEBUG [Cali.cpp:87] @ 0.148209s :Calibration directory path: C:\Users\u0173846\AppData\Roaming\Imager\Cali
DEBUG [Cali.cpp:88] @ 0.148228s :Calibration file name: Cali-20052193.xml
DEBUG [Cali.cpp:98] @ 0.14861s :Calibration data A: 1450 B:1500 C:4095 D:1500
DEBUG [IRImager.cpp:374] @ 0.149408s :Using HID control interface
DEBUG [IRImager.cpp:414] @ 0.235365s :Initialized HID control interface to device with HW:601 FW:2633
DEBUG [IRImager.cpp:435] @ 0.235418s :Frameconfig - width(in): 642, height(in): 120, interval: 80000, max framerate: 125, HW interval: 0.008
DEBUG [Cali.cpp:87] @ 0.235446s :Calibration directory path: C:\Users\u0173846\AppData\Roaming\Imager\Cali
DEBUG [Cali.cpp:88] @ 0.235459s :Calibration file name: Cali-20052193.xml
DEBUG [Cali.cpp:98] @ 0.235926s :Calibration data A: 1450 B:1500 C:4095 D:1500
DEBUG [ImageProcessing.cpp:200] @ 0.263931s :Source buffer size: 154080 Width: 642 Height: 120
DEBUG [ImageProcessing.cpp:121] @ 0.30439s :Source buffer size: 154080 Width: 642 Height: 120
DEBUG [OpSource.cpp:347] @ 0.304508s :Using formats path: .\\Formats.def
DEBUG [OpSource.cpp:598] @ 0.30469s :Format found with size: 25
DEBUG [IRImager.cpp:841] @ 0.305048s :Caught onFrameInit with size: 640x120
DEBUG [OpSource.cpp:347] @ 0.305855s :Using formats path: .\\Formats.def
DEBUG [OpSource.cpp:598] @ 0.306013s :Format found with size: 25
DEBUG [OpSource.cpp:347] @ 0.306069s :Using formats path: .\\Formats.def
DEBUG [OpCorr.cpp:467] @ 0.310644s :Read cali: C:\Users\u0173846\AppData\Roaming\Imager\Cali\Cali-20052193-33-0-250.dat
DEBUG [OpCorr.cpp:557] @ 0.310739s :Read calibration of camera no 20052193, # of fields: 6 , start of fields: 40
DEBUG [ImageProcessing.cpp:1108] @ 0.577238s :Update flag temperature: 29.1875
DEBUG [ImageProcessing.cpp:1111] @ 0.580982s :Update box temperature: 26.9375
DEBUG [Cali.cpp:639] @ 0.581009s :Calibration file path: 0000023CF36BF0E4/0000009DD2DEC9B0.xml
DEBUG [SimpleXML.cpp:238] @ 0.581106s :Failed to open file C:\Users\u0173846\AppData\Roaming\Imager\Cali\CaliExt-20052193.xml
DEBUG [IRImager.cpp:547] @ 0.59369s :Chip heating disabled
DEBUG [direct_binding.cpp:300] @ 0.603037s :evo_irimager_multi_usb_init with config: 6060300.xml
DEBUG [direct_binding.cpp:301] @ 0.603075s :evo_irimager_multi_usb_init connected returned: 1
DEBUG [IRImager.cpp:1107] @ 0.625288s :Start flag calibration
