DEBUG [IRLogger.cpp:105] @ 0.0002643s :***************************************************
DEBUG [IRLogger.cpp:106] @ 0.0003419s :* IRImagerDirect SDK                              *
DEBUG [IRLogger.cpp:107] @ 0.0003687s :***************************************************
DEBUG [IRLogger.cpp:113] @ 0.0003934s :* Native Machine:      AMD64
DEBUG [IRLogger.cpp:114] @ 0.0004176s :* Machine:             AMD64
DEBUG [IRLogger.cpp:116] @ 0.0004416s :* OS:                  Windows 10 0 19045
DEBUG [IRLogger.cpp:123] @ 0.000463s :***************************************************
DEBUG [IRDeviceParams.cpp:204] @ 0.0010931s :Parameters
DEBUG [IRDeviceParams.cpp:205] @ 0.0011121s :serial: 17092037
DEBUG [IRDeviceParams.cpp:206] @ 0.0011244s :videoformatindex: 3
DEBUG [IRDeviceParams.cpp:207] @ 0.0011363s :fov: 0
DEBUG [IRDeviceParams.cpp:208] @ 0.0011489s :optics_text: 000001817ABA4550
DEBUG [IRDeviceParams.cpp:209] @ 0.0011603s :formatspath: 000001817ABA4410
DEBUG [IRDeviceParams.cpp:210] @ 0.0011717s :calipath: 0000000000000000
DEBUG [IRDeviceParams.cpp:211] @ 0.0011826s :temperature min: 600
DEBUG [IRDeviceParams.cpp:212] @ 0.0011935s :temperature max: 1800
DEBUG [IRDeviceParams.cpp:213] @ 0.0012078s :framerate: 1000
DEBUG [IRDeviceParams.cpp:214] @ 0.001219s :bispectral: 0
DEBUG [IRDeviceParams.cpp:215] @ 0.0012298s :flag automatic: 0
DEBUG [IRDeviceParams.cpp:216] @ 0.0012413s :min interval: 15
DEBUG [IRDeviceParams.cpp:217] @ 0.0012524s :max interval: 0
DEBUG [IRDeviceParams.cpp:218] @ 0.0012636s :chip heating mode: 0
DEBUG [IRDeviceParams.cpp:219] @ 0.0012753s :chip heating fixed val: 40
DEBUG [IRDeviceParams.cpp:220] @ 0.0012868s :focus:  -1
DEBUG [IRDeviceParams.cpp:221] @ 0.0012977s :enable extended temp range: 0
DEBUG [IRDeviceParams.cpp:222] @ 0.0013086s :buffer queue size: 5
DEBUG [IRDeviceParams.cpp:223] @ 0.0013195s :enable high precision: 0
DEBUG [IRDeviceParams.cpp:224] @ 0.0013306s :radialDistortionCorrectionMode: 0
DEBUG [IRDeviceParams.cpp:225] @ 0.0013414s :deviceAPI: 0
DEBUG [IRDeviceParams.cpp:226] @ 0.0013522s :useExternalProbeForReferencing: 0
DEBUG [IRDeviceParams.cpp:227] @ 0.001363s :enableMultiThreading: 0
DEBUG [IRDeviceParams.cpp:232] @ 0.0013762s :ethernetDevice.deviceIpAddress: 0.0.0.0
DEBUG [IRDeviceParams.cpp:233] @ 0.0013873s :ethernetDevice.localUdpPort: 0
DEBUG [IRDeviceParams.cpp:234] @ 0.0013981s :ethernetDevice.checkUdpSenderIp: 1
DEBUG [Cali.cpp:87] @ 0.150183s :Calibration directory path: C:\Users\u0173846\AppData\Roaming\Imager\Cali
DEBUG [Cali.cpp:88] @ 0.150216s :Calibration file name: Cali-17092037.xml
DEBUG [Cali.cpp:98] @ 0.150675s :Calibration data A: 1450 B:470 C:4095 D:1500
INFO [IRImager.cpp:266] @ 0.151324s :Init thermal imager to 17092037 with size: 74x224@250 Hz
DEBUG [Cali.cpp:87] @ 0.151621s :Calibration directory path: C:\Users\u0173846\AppData\Roaming\Imager\Cali
DEBUG [Cali.cpp:88] @ 0.151638s :Calibration file name: Cali-17092037.xml
DEBUG [Cali.cpp:98] @ 0.152013s :Calibration data A: 1450 B:470 C:4095 D:1500
DEBUG [IRImager.cpp:374] @ 0.152835s :Using HID control interface
DEBUG [IRImager.cpp:414] @ 0.234326s :Initialized HID control interface to device with HW:2101 FW:2820
DEBUG [IRImager.cpp:435] @ 0.234364s :Frameconfig - width(in): 74, height(in): 224, interval: 40000, max framerate: 250, HW interval: 0.004
DEBUG [Cali.cpp:87] @ 0.234382s :Calibration directory path: C:\Users\u0173846\AppData\Roaming\Imager\Cali
DEBUG [Cali.cpp:88] @ 0.234395s :Calibration file name: Cali-17092037.xml
DEBUG [Cali.cpp:98] @ 0.234713s :Calibration data A: 1450 B:470 C:4095 D:1500
DEBUG [ImageProcessing.cpp:200] @ 0.238947s :Source buffer size: 33152 Width: 74 Height: 224
DEBUG [ImageProcessing.cpp:121] @ 0.27505s :Source buffer size: 33152 Width: 74 Height: 224
DEBUG [OpSource.cpp:347] @ 0.275141s :Using formats path: .\\Formats.def
DEBUG [OpSource.cpp:598] @ 0.275352s :Format found with size: 14
DEBUG [IRImager.cpp:841] @ 0.275418s :Caught onFrameInit with size: 72x56
DEBUG [OpSource.cpp:347] @ 0.275546s :Using formats path: .\\Formats.def
DEBUG [OpSource.cpp:598] @ 0.275772s :Format found with size: 14
DEBUG [OpSource.cpp:347] @ 0.275831s :Using formats path: .\\Formats.def
DEBUG [OpCorr.cpp:467] @ 0.277874s :Read cali: C:\Users\u0173846\AppData\Roaming\Imager\Cali\Cali-17092037-25-600-1800-1000.dat
DEBUG [ImageProcessing.cpp:1108] @ 0.301049s :Update flag temperature: 35.5078
DEBUG [ImageProcessing.cpp:1111] @ 0.302808s :Update box temperature: 35.5078
DEBUG [Cali.cpp:639] @ 0.302836s :Calibration file path: 000001817AC2A9B4/000000796CFEB530.xml
DEBUG [SimpleXML.cpp:238] @ 0.302921s :Failed to open file C:\Users\u0173846\AppData\Roaming\Imager\Cali\CaliExt-17092037.xml
DEBUG [IRImager.cpp:547] @ 0.315828s :Chip heating disabled
DEBUG [direct_binding.cpp:300] @ 0.319173s :evo_irimager_multi_usb_init with config: 17092037.xml
DEBUG [direct_binding.cpp:301] @ 0.319199s :evo_irimager_multi_usb_init connected returned: 1
DEBUG [IRImager.cpp:1107] @ 0.382187s :Start flag calibration
DEBUG [OpFlag.cpp:591] @ 11.0858s :SkimDiff: 0 Adjust: 0 State: 0 EMax: 8663 Emin: 8518
DEBUG [IRImager.cpp:1121] @ 11.7581s :Finished startup calibration
