DEBUG [IRLogger.cpp:105] @ 0.0002431s :***************************************************
DEBUG [IRLogger.cpp:106] @ 0.0003194s :* IRImagerDirect SDK                              *
DEBUG [IRLogger.cpp:107] @ 0.0003472s :***************************************************
DEBUG [IRLogger.cpp:113] @ 0.0003767s :* Native Machine:      AMD64
DEBUG [IRLogger.cpp:114] @ 0.000404s :* Machine:             AMD64
DEBUG [IRLogger.cpp:116] @ 0.0004307s :* OS:                  Windows 10 0 19045
DEBUG [IRLogger.cpp:123] @ 0.0004517s :***************************************************
DEBUG [IRDeviceParams.cpp:204] @ 0.0010362s :Parameters
DEBUG [IRDeviceParams.cpp:205] @ 0.0010572s :serial: 17092037
DEBUG [IRDeviceParams.cpp:206] @ 0.0010691s :videoformatindex: 3
DEBUG [IRDeviceParams.cpp:207] @ 0.0010807s :fov: 0
DEBUG [IRDeviceParams.cpp:208] @ 0.0010934s :optics_text: 0000019A6C0A9F50
DEBUG [IRDeviceParams.cpp:209] @ 0.0011276s :formatspath: 0000019A6C0A9DD0
DEBUG [IRDeviceParams.cpp:210] @ 0.0011434s :calipath: 0000000000000000
DEBUG [IRDeviceParams.cpp:211] @ 0.0011558s :temperature min: 600
DEBUG [IRDeviceParams.cpp:212] @ 0.0011684s :temperature max: 1800
DEBUG [IRDeviceParams.cpp:213] @ 0.0011862s :framerate: 1000
DEBUG [IRDeviceParams.cpp:214] @ 0.0011994s :bispectral: 0
DEBUG [IRDeviceParams.cpp:215] @ 0.0012113s :flag automatic: 0
DEBUG [IRDeviceParams.cpp:216] @ 0.0012233s :min interval: 15
DEBUG [IRDeviceParams.cpp:217] @ 0.0012353s :max interval: 0
DEBUG [IRDeviceParams.cpp:218] @ 0.0012477s :chip heating mode: 0
DEBUG [IRDeviceParams.cpp:219] @ 0.0012601s :chip heating fixed val: 40
DEBUG [IRDeviceParams.cpp:220] @ 0.0012721s :focus:  -1
DEBUG [IRDeviceParams.cpp:221] @ 0.0012852s :enable extended temp range: 0
DEBUG [IRDeviceParams.cpp:222] @ 0.0012992s :buffer queue size: 5
DEBUG [IRDeviceParams.cpp:223] @ 0.0013115s :enable high precision: 0
DEBUG [IRDeviceParams.cpp:224] @ 0.0013228s :radialDistortionCorrectionMode: 0
DEBUG [IRDeviceParams.cpp:225] @ 0.0013353s :deviceAPI: 0
DEBUG [IRDeviceParams.cpp:226] @ 0.0013468s :useExternalProbeForReferencing: 0
DEBUG [IRDeviceParams.cpp:227] @ 0.0013586s :enableMultiThreading: 0
DEBUG [IRDeviceParams.cpp:232] @ 0.0013726s :ethernetDevice.deviceIpAddress: 0.0.0.0
DEBUG [IRDeviceParams.cpp:233] @ 0.0013852s :ethernetDevice.localUdpPort: 0
DEBUG [IRDeviceParams.cpp:234] @ 0.0013978s :ethernetDevice.checkUdpSenderIp: 1
DEBUG [Cali.cpp:87] @ 0.147875s :Calibration directory path: C:\Users\u0173846\AppData\Roaming\Imager\Cali
DEBUG [Cali.cpp:88] @ 0.147903s :Calibration file name: Cali-17092037.xml
DEBUG [Cali.cpp:98] @ 0.1482s :Calibration data A: 1450 B:470 C:4095 D:1500
INFO [IRImager.cpp:266] @ 0.148774s :Init thermal imager to 17092037 with size: 74x224@250 Hz
DEBUG [Cali.cpp:87] @ 0.149044s :Calibration directory path: C:\Users\u0173846\AppData\Roaming\Imager\Cali
DEBUG [Cali.cpp:88] @ 0.14906s :Calibration file name: Cali-17092037.xml
DEBUG [Cali.cpp:98] @ 0.149342s :Calibration data A: 1450 B:470 C:4095 D:1500
DEBUG [IRImager.cpp:374] @ 0.150042s :Using HID control interface
DEBUG [IRImager.cpp:414] @ 0.231295s :Initialized HID control interface to device with HW:2101 FW:2820
DEBUG [IRImager.cpp:435] @ 0.23135s :Frameconfig - width(in): 74, height(in): 224, interval: 40000, max framerate: 250, HW interval: 0.004
DEBUG [Cali.cpp:87] @ 0.231368s :Calibration directory path: C:\Users\u0173846\AppData\Roaming\Imager\Cali
DEBUG [Cali.cpp:88] @ 0.231381s :Calibration file name: Cali-17092037.xml
DEBUG [Cali.cpp:98] @ 0.231769s :Calibration data A: 1450 B:470 C:4095 D:1500
DEBUG [ImageProcessing.cpp:200] @ 0.236208s :Source buffer size: 33152 Width: 74 Height: 224
DEBUG [ImageProcessing.cpp:121] @ 0.274042s :Source buffer size: 33152 Width: 74 Height: 224
DEBUG [OpSource.cpp:347] @ 0.274154s :Using formats path: .\\Formats.def
DEBUG [OpSource.cpp:598] @ 0.274378s :Format found with size: 14
DEBUG [IRImager.cpp:841] @ 0.274455s :Caught onFrameInit with size: 72x56
DEBUG [OpSource.cpp:347] @ 0.274584s :Using formats path: .\\Formats.def
DEBUG [OpSource.cpp:598] @ 0.274801s :Format found with size: 14
DEBUG [OpSource.cpp:347] @ 0.274864s :Using formats path: .\\Formats.def
DEBUG [OpCorr.cpp:467] @ 0.277368s :Read cali: C:\Users\u0173846\AppData\Roaming\Imager\Cali\Cali-17092037-25-600-1800-1000.dat
DEBUG [ImageProcessing.cpp:1108] @ 0.29752s :Update flag temperature: 240.375
DEBUG [ImageProcessing.cpp:1111] @ 0.299411s :Update box temperature: 240.375
DEBUG [Cali.cpp:639] @ 0.299456s :Calibration file path: 0000019A041D80D4/00000031C63EC5F0.xml
DEBUG [SimpleXML.cpp:238] @ 0.299569s :Failed to open file C:\Users\u0173846\AppData\Roaming\Imager\Cali\CaliExt-17092037.xml
DEBUG [IRImager.cpp:547] @ 0.312722s :Chip heating disabled
DEBUG [direct_binding.cpp:300] @ 0.31699s :evo_irimager_multi_usb_init with config: 17092037.xml
DEBUG [direct_binding.cpp:301] @ 0.317028s :evo_irimager_multi_usb_init connected returned: 1
DEBUG [IRImager.cpp:1107] @ 0.379585s :Start flag calibration
