DEBUG [IRLogger.cpp:105] @ 0.0002845s :***************************************************
DEBUG [IRLogger.cpp:106] @ 0.0003582s :* IRImagerDirect SDK                              *
DEBUG [IRLogger.cpp:107] @ 0.0003839s :***************************************************
DEBUG [IRLogger.cpp:113] @ 0.000407s :* Native Machine:      AMD64
DEBUG [IRLogger.cpp:114] @ 0.000429s :* Machine:             AMD64
DEBUG [IRLogger.cpp:116] @ 0.0004562s :* OS:                  Windows 10 0 19045
DEBUG [IRLogger.cpp:123] @ 0.0004767s :***************************************************
DEBUG [IRDeviceParams.cpp:204] @ 0.0010937s :Parameters
DEBUG [IRDeviceParams.cpp:205] @ 0.001113s :serial: 17092037
DEBUG [IRDeviceParams.cpp:206] @ 0.0011263s :videoformatindex: 3
DEBUG [IRDeviceParams.cpp:207] @ 0.0011384s :fov: 0
DEBUG [IRDeviceParams.cpp:208] @ 0.0011501s :optics_text: 00000252B5D5E2D0
DEBUG [IRDeviceParams.cpp:209] @ 0.0011622s :formatspath: 00000252B5D5E590
DEBUG [IRDeviceParams.cpp:210] @ 0.0011744s :calipath: 0000000000000000
DEBUG [IRDeviceParams.cpp:211] @ 0.0011861s :temperature min: 600
DEBUG [IRDeviceParams.cpp:212] @ 0.0011996s :temperature max: 1800
DEBUG [IRDeviceParams.cpp:213] @ 0.0012147s :framerate: 1000
DEBUG [IRDeviceParams.cpp:214] @ 0.0012262s :bispectral: 0
DEBUG [IRDeviceParams.cpp:215] @ 0.0012369s :flag automatic: 0
DEBUG [IRDeviceParams.cpp:216] @ 0.001249s :min interval: 15
DEBUG [IRDeviceParams.cpp:217] @ 0.0012613s :max interval: 0
DEBUG [IRDeviceParams.cpp:218] @ 0.001272s :chip heating mode: 0
DEBUG [IRDeviceParams.cpp:219] @ 0.001284s :chip heating fixed val: 40
DEBUG [IRDeviceParams.cpp:220] @ 0.0012965s :focus:  -1
DEBUG [IRDeviceParams.cpp:221] @ 0.0013077s :enable extended temp range: 0
DEBUG [IRDeviceParams.cpp:222] @ 0.0013187s :buffer queue size: 5
DEBUG [IRDeviceParams.cpp:223] @ 0.0013303s :enable high precision: 0
DEBUG [IRDeviceParams.cpp:224] @ 0.0013411s :radialDistortionCorrectionMode: 0
DEBUG [IRDeviceParams.cpp:225] @ 0.0013518s :deviceAPI: 0
DEBUG [IRDeviceParams.cpp:226] @ 0.0013625s :useExternalProbeForReferencing: 0
DEBUG [IRDeviceParams.cpp:227] @ 0.0013732s :enableMultiThreading: 0
DEBUG [IRDeviceParams.cpp:232] @ 0.0014038s :ethernetDevice.deviceIpAddress: 0.0.0.0
DEBUG [IRDeviceParams.cpp:233] @ 0.0014375s :ethernetDevice.localUdpPort: 0
DEBUG [IRDeviceParams.cpp:234] @ 0.0014519s :ethernetDevice.checkUdpSenderIp: 1
DEBUG [Cali.cpp:87] @ 0.148885s :Calibration directory path: C:\Users\u0173846\AppData\Roaming\Imager\Cali
DEBUG [Cali.cpp:88] @ 0.148914s :Calibration file name: Cali-17092037.xml
DEBUG [Cali.cpp:98] @ 0.149204s :Calibration data A: 1450 B:470 C:4095 D:1500
INFO [IRImager.cpp:266] @ 0.149769s :Init thermal imager to 17092037 with size: 74x224@250 Hz
DEBUG [Cali.cpp:87] @ 0.150031s :Calibration directory path: C:\Users\u0173846\AppData\Roaming\Imager\Cali
DEBUG [Cali.cpp:88] @ 0.150047s :Calibration file name: Cali-17092037.xml
DEBUG [Cali.cpp:98] @ 0.15031s :Calibration data A: 1450 B:470 C:4095 D:1500
DEBUG [IRImager.cpp:374] @ 0.150917s :Using HID control interface
DEBUG [IRImager.cpp:414] @ 0.232248s :Initialized HID control interface to device with HW:2101 FW:2820
DEBUG [IRImager.cpp:435] @ 0.2323s :Frameconfig - width(in): 74, height(in): 224, interval: 40000, max framerate: 250, HW interval: 0.004
DEBUG [Cali.cpp:87] @ 0.232321s :Calibration directory path: C:\Users\u0173846\AppData\Roaming\Imager\Cali
DEBUG [Cali.cpp:88] @ 0.232336s :Calibration file name: Cali-17092037.xml
DEBUG [Cali.cpp:98] @ 0.23276s :Calibration data A: 1450 B:470 C:4095 D:1500
DEBUG [ImageProcessing.cpp:200] @ 0.237198s :Source buffer size: 33152 Width: 74 Height: 224
DEBUG [ImageProcessing.cpp:121] @ 0.272964s :Source buffer size: 33152 Width: 74 Height: 224
DEBUG [OpSource.cpp:347] @ 0.273071s :Using formats path: .\\Formats.def
DEBUG [OpSource.cpp:598] @ 0.273291s :Format found with size: 14
DEBUG [IRImager.cpp:841] @ 0.27336s :Caught onFrameInit with size: 72x56
DEBUG [OpSource.cpp:347] @ 0.273457s :Using formats path: .\\Formats.def
DEBUG [OpSource.cpp:598] @ 0.273663s :Format found with size: 14
DEBUG [OpSource.cpp:347] @ 0.273718s :Using formats path: .\\Formats.def
DEBUG [OpCorr.cpp:467] @ 0.275887s :Read cali: C:\Users\u0173846\AppData\Roaming\Imager\Cali\Cali-17092037-25-600-1800-1000.dat
DEBUG [ImageProcessing.cpp:1108] @ 0.301144s :Update flag temperature: 37.8203
DEBUG [ImageProcessing.cpp:1111] @ 0.303283s :Update box temperature: 37.8203
DEBUG [Cali.cpp:639] @ 0.303326s :Calibration file path: 00000252B5D9DA54/000000C7F1DEB1D0.xml
DEBUG [SimpleXML.cpp:238] @ 0.303438s :Failed to open file C:\Users\u0173846\AppData\Roaming\Imager\Cali\CaliExt-17092037.xml
DEBUG [IRImager.cpp:547] @ 0.31676s :Chip heating disabled
DEBUG [direct_binding.cpp:300] @ 0.320488s :evo_irimager_multi_usb_init with config: 17092037.xml
DEBUG [direct_binding.cpp:301] @ 0.320562s :evo_irimager_multi_usb_init connected returned: 1
DEBUG [IRImager.cpp:1107] @ 0.382845s :Start flag calibration
DEBUG [OpFlag.cpp:591] @ 11.0866s :SkimDiff: 0 Adjust: 0 State: 0 EMax: 8653 Emin: 8547
DEBUG [IRImager.cpp:1121] @ 11.7591s :Finished startup calibration
