DEBUG [IRLogger.cpp:105] @ 0.0002988s :***************************************************
DEBUG [IRLogger.cpp:106] @ 0.0003835s :* IRImagerDirect SDK                              *
DEBUG [IRLogger.cpp:107] @ 0.000415s :***************************************************
DEBUG [IRLogger.cpp:113] @ 0.0004399s :* Native Machine:      AMD64
DEBUG [IRLogger.cpp:114] @ 0.0004702s :* Machine:             AMD64
DEBUG [IRLogger.cpp:116] @ 0.0005048s :* OS:                  Windows 10 0 19045
DEBUG [IRLogger.cpp:123] @ 0.000525s :***************************************************
DEBUG [IRDeviceParams.cpp:204] @ 0.0011364s :Parameters
DEBUG [IRDeviceParams.cpp:205] @ 0.0011673s :serial: 17092037
DEBUG [IRDeviceParams.cpp:206] @ 0.0012012s :videoformatindex: 3
DEBUG [IRDeviceParams.cpp:207] @ 0.0012242s :fov: 0
DEBUG [IRDeviceParams.cpp:208] @ 0.0012378s :optics_text: 000001C14AE5E680
DEBUG [IRDeviceParams.cpp:209] @ 0.0012551s :formatspath: 000001C14AE5E530
DEBUG [IRDeviceParams.cpp:210] @ 0.0012753s :calipath: 0000000000000000
DEBUG [IRDeviceParams.cpp:211] @ 0.0012916s :temperature min: 600
DEBUG [IRDeviceParams.cpp:212] @ 0.001307s :temperature max: 1800
DEBUG [IRDeviceParams.cpp:213] @ 0.0013288s :framerate: 1000
DEBUG [IRDeviceParams.cpp:214] @ 0.0013425s :bispectral: 0
DEBUG [IRDeviceParams.cpp:215] @ 0.0013546s :flag automatic: 0
DEBUG [IRDeviceParams.cpp:216] @ 0.0013681s :min interval: 15
DEBUG [IRDeviceParams.cpp:217] @ 0.0013804s :max interval: 0
DEBUG [IRDeviceParams.cpp:218] @ 0.0013921s :chip heating mode: 0
DEBUG [IRDeviceParams.cpp:219] @ 0.001416s :chip heating fixed val: 40
DEBUG [IRDeviceParams.cpp:220] @ 0.001433s :focus:  -1
DEBUG [IRDeviceParams.cpp:221] @ 0.0014452s :enable extended temp range: 0
DEBUG [IRDeviceParams.cpp:222] @ 0.0014621s :buffer queue size: 5
DEBUG [IRDeviceParams.cpp:223] @ 0.0014781s :enable high precision: 0
DEBUG [IRDeviceParams.cpp:224] @ 0.0014934s :radialDistortionCorrectionMode: 0
DEBUG [IRDeviceParams.cpp:225] @ 0.0015087s :deviceAPI: 0
DEBUG [IRDeviceParams.cpp:226] @ 0.0015211s :useExternalProbeForReferencing: 0
DEBUG [IRDeviceParams.cpp:227] @ 0.0015373s :enableMultiThreading: 0
DEBUG [IRDeviceParams.cpp:232] @ 0.0015559s :ethernetDevice.deviceIpAddress: 0.0.0.0
DEBUG [IRDeviceParams.cpp:233] @ 0.0015688s :ethernetDevice.localUdpPort: 0
DEBUG [IRDeviceParams.cpp:234] @ 0.0015847s :ethernetDevice.checkUdpSenderIp: 1
DEBUG [Cali.cpp:87] @ 0.154557s :Calibration directory path: C:\Users\u0173846\AppData\Roaming\Imager\Cali
DEBUG [Cali.cpp:88] @ 0.154588s :Calibration file name: Cali-17092037.xml
DEBUG [Cali.cpp:98] @ 0.154926s :Calibration data A: 1450 B:470 C:4095 D:1500
INFO [IRImager.cpp:266] @ 0.155526s :Init thermal imager to 17092037 with size: 74x224@250 Hz
DEBUG [Cali.cpp:87] @ 0.155799s :Calibration directory path: C:\Users\u0173846\AppData\Roaming\Imager\Cali
DEBUG [Cali.cpp:88] @ 0.155815s :Calibration file name: Cali-17092037.xml
DEBUG [Cali.cpp:98] @ 0.156086s :Calibration data A: 1450 B:470 C:4095 D:1500
DEBUG [IRImager.cpp:374] @ 0.156735s :Using HID control interface
DEBUG [IRImager.cpp:414] @ 0.238708s :Initialized HID control interface to device with HW:2101 FW:2820
DEBUG [IRImager.cpp:435] @ 0.238756s :Frameconfig - width(in): 74, height(in): 224, interval: 40000, max framerate: 250, HW interval: 0.004
DEBUG [Cali.cpp:87] @ 0.238776s :Calibration directory path: C:\Users\u0173846\AppData\Roaming\Imager\Cali
DEBUG [Cali.cpp:88] @ 0.238789s :Calibration file name: Cali-17092037.xml
DEBUG [Cali.cpp:98] @ 0.239148s :Calibration data A: 1450 B:470 C:4095 D:1500
DEBUG [ImageProcessing.cpp:200] @ 0.243322s :Source buffer size: 33152 Width: 74 Height: 224
DEBUG [ImageProcessing.cpp:121] @ 0.279712s :Source buffer size: 33152 Width: 74 Height: 224
DEBUG [OpSource.cpp:347] @ 0.279822s :Using formats path: .\\Formats.def
DEBUG [OpSource.cpp:598] @ 0.280049s :Format found with size: 14
DEBUG [IRImager.cpp:841] @ 0.280123s :Caught onFrameInit with size: 72x56
DEBUG [OpSource.cpp:347] @ 0.280249s :Using formats path: .\\Formats.def
DEBUG [OpSource.cpp:598] @ 0.280456s :Format found with size: 14
DEBUG [OpSource.cpp:347] @ 0.280513s :Using formats path: .\\Formats.def
DEBUG [OpCorr.cpp:467] @ 0.282675s :Read cali: C:\Users\u0173846\AppData\Roaming\Imager\Cali\Cali-17092037-25-600-1800-1000.dat
DEBUG [ImageProcessing.cpp:1108] @ 0.303835s :Update flag temperature: 240.313
DEBUG [ImageProcessing.cpp:1111] @ 0.3057s :Update box temperature: 240.313
DEBUG [Cali.cpp:639] @ 0.305728s :Calibration file path: 000001C14BBB6CB4/000000496DBEC5D0.xml
DEBUG [SimpleXML.cpp:238] @ 0.30584s :Failed to open file C:\Users\u0173846\AppData\Roaming\Imager\Cali\CaliExt-17092037.xml
DEBUG [IRImager.cpp:547] @ 0.319709s :Chip heating disabled
DEBUG [direct_binding.cpp:300] @ 0.323176s :evo_irimager_multi_usb_init with config: 17092037.xml
DEBUG [direct_binding.cpp:301] @ 0.323217s :evo_irimager_multi_usb_init connected returned: 1
DEBUG [IRImager.cpp:1107] @ 0.385672s :Start flag calibration
