DEBUG [IRLogger.cpp:105] @ 0.0002861s :***************************************************
DEBUG [IRLogger.cpp:106] @ 0.0003634s :* IRImagerDirect SDK                              *
DEBUG [IRLogger.cpp:107] @ 0.0003924s :***************************************************
DEBUG [IRLogger.cpp:113] @ 0.000417s :* Native Machine:      AMD64
DEBUG [IRLogger.cpp:114] @ 0.0004418s :* Machine:             AMD64
DEBUG [IRLogger.cpp:116] @ 0.0004712s :* OS:                  Windows 10 0 19045
DEBUG [IRLogger.cpp:123] @ 0.0004932s :***************************************************
DEBUG [IRDeviceParams.cpp:204] @ 0.0011305s :Parameters
DEBUG [IRDeviceParams.cpp:205] @ 0.0011536s :serial: 20052193
DEBUG [IRDeviceParams.cpp:206] @ 0.0011669s :videoformatindex: 1
DEBUG [IRDeviceParams.cpp:207] @ 0.0011783s :fov: 33
DEBUG [IRDeviceParams.cpp:208] @ 0.0012207s :optics_text: 000001F7FD898CC0
DEBUG [IRDeviceParams.cpp:209] @ 0.0012406s :formatspath: 000001F7FD898D90
DEBUG [IRDeviceParams.cpp:210] @ 0.0012557s :calipath: 0000000000000000
DEBUG [IRDeviceParams.cpp:211] @ 0.0012683s :temperature min: 0
DEBUG [IRDeviceParams.cpp:212] @ 0.0012808s :temperature max: 250
DEBUG [IRDeviceParams.cpp:213] @ 0.0012994s :framerate: 125
DEBUG [IRDeviceParams.cpp:214] @ 0.0013121s :bispectral: 0
DEBUG [IRDeviceParams.cpp:215] @ 0.0013238s :flag automatic: 0
DEBUG [IRDeviceParams.cpp:216] @ 0.0013376s :min interval: 15
DEBUG [IRDeviceParams.cpp:217] @ 0.0013492s :max interval: 0
DEBUG [IRDeviceParams.cpp:218] @ 0.0013641s :chip heating mode: 0
DEBUG [IRDeviceParams.cpp:219] @ 0.0013773s :chip heating fixed val: 40
DEBUG [IRDeviceParams.cpp:220] @ 0.0013902s :focus:  -1
DEBUG [IRDeviceParams.cpp:221] @ 0.0014026s :enable extended temp range: 0
DEBUG [IRDeviceParams.cpp:222] @ 0.0014148s :buffer queue size: 5
DEBUG [IRDeviceParams.cpp:223] @ 0.0014273s :enable high precision: 0
DEBUG [IRDeviceParams.cpp:224] @ 0.001439s :radialDistortionCorrectionMode: 0
DEBUG [IRDeviceParams.cpp:225] @ 0.0014518s :deviceAPI: 0
DEBUG [IRDeviceParams.cpp:226] @ 0.0014635s :useExternalProbeForReferencing: 0
DEBUG [IRDeviceParams.cpp:227] @ 0.0014755s :enableMultiThreading: 0
DEBUG [IRDeviceParams.cpp:232] @ 0.0014899s :ethernetDevice.deviceIpAddress: 0.0.0.0
DEBUG [IRDeviceParams.cpp:233] @ 0.0015019s :ethernetDevice.localUdpPort: 0
DEBUG [IRDeviceParams.cpp:234] @ 0.0015136s :ethernetDevice.checkUdpSenderIp: 1
DEBUG [Cali.cpp:87] @ 0.147079s :Calibration directory path: C:\Users\u0173846\AppData\Roaming\Imager\Cali
DEBUG [Cali.cpp:88] @ 0.147113s :Calibration file name: Cali-20052193.xml
DEBUG [Cali.cpp:98] @ 0.147525s :Calibration data A: 1450 B:1500 C:4095 D:1500
INFO [IRImager.cpp:266] @ 0.148555s :Init thermal imager to 20052193 with size: 642x120@125 Hz
DEBUG [Cali.cpp:87] @ 0.148815s :Calibration directory path: C:\Users\u0173846\AppData\Roaming\Imager\Cali
DEBUG [Cali.cpp:88] @ 0.148833s :Calibration file name: Cali-20052193.xml
DEBUG [Cali.cpp:98] @ 0.149211s :Calibration data A: 1450 B:1500 C:4095 D:1500
DEBUG [IRImager.cpp:374] @ 0.150012s :Using HID control interface
DEBUG [IRImager.cpp:414] @ 0.235119s :Initialized HID control interface to device with HW:601 FW:2633
DEBUG [IRImager.cpp:435] @ 0.235167s :Frameconfig - width(in): 642, height(in): 120, interval: 80000, max framerate: 125, HW interval: 0.008
DEBUG [Cali.cpp:87] @ 0.235187s :Calibration directory path: C:\Users\u0173846\AppData\Roaming\Imager\Cali
DEBUG [Cali.cpp:88] @ 0.235202s :Calibration file name: Cali-20052193.xml
DEBUG [Cali.cpp:98] @ 0.235623s :Calibration data A: 1450 B:1500 C:4095 D:1500
DEBUG [ImageProcessing.cpp:200] @ 0.263368s :Source buffer size: 154080 Width: 642 Height: 120
DEBUG [ImageProcessing.cpp:121] @ 0.304316s :Source buffer size: 154080 Width: 642 Height: 120
DEBUG [OpSource.cpp:347] @ 0.304436s :Using formats path: .\\Formats.def
DEBUG [OpSource.cpp:598] @ 0.304611s :Format found with size: 25
DEBUG [IRImager.cpp:841] @ 0.30498s :Caught onFrameInit with size: 640x120
DEBUG [OpSource.cpp:347] @ 0.305737s :Using formats path: .\\Formats.def
DEBUG [OpSource.cpp:598] @ 0.305915s :Format found with size: 25
DEBUG [OpSource.cpp:347] @ 0.305976s :Using formats path: .\\Formats.def
DEBUG [OpCorr.cpp:467] @ 0.310012s :Read cali: C:\Users\u0173846\AppData\Roaming\Imager\Cali\Cali-20052193-33-0-250.dat
DEBUG [OpCorr.cpp:557] @ 0.310146s :Read calibration of camera no 20052193, # of fields: 6 , start of fields: 40
DEBUG [ImageProcessing.cpp:1108] @ 0.576661s :Update flag temperature: 29.875
DEBUG [ImageProcessing.cpp:1111] @ 0.580812s :Update box temperature: 27.5
DEBUG [Cali.cpp:639] @ 0.580855s :Calibration file path: 000001F7F9619594/000000ADF1BEB0A0.xml
DEBUG [SimpleXML.cpp:238] @ 0.580967s :Failed to open file C:\Users\u0173846\AppData\Roaming\Imager\Cali\CaliExt-20052193.xml
DEBUG [IRImager.cpp:547] @ 0.592952s :Chip heating disabled
DEBUG [direct_binding.cpp:300] @ 0.60242s :evo_irimager_multi_usb_init with config: 6060300.xml
DEBUG [direct_binding.cpp:301] @ 0.602457s :evo_irimager_multi_usb_init connected returned: 1
DEBUG [IRImager.cpp:1107] @ 0.624686s :Start flag calibration
DEBUG [OpFlag.cpp:591] @ 11.3114s :SkimDiff: 11 Adjust: 1032 State: 3 EMax: 14728 Emin: 4374
DEBUG [ImageProcessing.cpp:526] @ 11.3228s :Skim_Adjust 2629
DEBUG [IRImager.cpp:1121] @ 11.4561s :Finished startup calibration
