DEBUG [IRLogger.cpp:105] @ 0.0002843s :***************************************************
DEBUG [IRLogger.cpp:106] @ 0.0003655s :* IRImagerDirect SDK                              *
DEBUG [IRLogger.cpp:107] @ 0.0003949s :***************************************************
DEBUG [IRLogger.cpp:113] @ 0.0004207s :* Native Machine:      AMD64
DEBUG [IRLogger.cpp:114] @ 0.0004447s :* Machine:             AMD64
DEBUG [IRLogger.cpp:116] @ 0.0004827s :* OS:                  Windows 10 0 19045
DEBUG [IRLogger.cpp:123] @ 0.0005079s :***************************************************
DEBUG [IRDeviceParams.cpp:204] @ 0.0011142s :Parameters
DEBUG [IRDeviceParams.cpp:205] @ 0.0011373s :serial: 20052193
DEBUG [IRDeviceParams.cpp:206] @ 0.0011512s :videoformatindex: 1
DEBUG [IRDeviceParams.cpp:207] @ 0.001164s :fov: 33
DEBUG [IRDeviceParams.cpp:208] @ 0.0011756s :optics_text: 000002785CA330A0
DEBUG [IRDeviceParams.cpp:209] @ 0.0011873s :formatspath: 000002785CA32EE0
DEBUG [IRDeviceParams.cpp:210] @ 0.0011999s :calipath: 0000000000000000
DEBUG [IRDeviceParams.cpp:211] @ 0.0012341s :temperature min: 0
DEBUG [IRDeviceParams.cpp:212] @ 0.0012491s :temperature max: 250
DEBUG [IRDeviceParams.cpp:213] @ 0.0012655s :framerate: 125
DEBUG [IRDeviceParams.cpp:214] @ 0.0012778s :bispectral: 0
DEBUG [IRDeviceParams.cpp:215] @ 0.0012899s :flag automatic: 0
DEBUG [IRDeviceParams.cpp:216] @ 0.0013038s :min interval: 15
DEBUG [IRDeviceParams.cpp:217] @ 0.0013158s :max interval: 0
DEBUG [IRDeviceParams.cpp:218] @ 0.0013274s :chip heating mode: 0
DEBUG [IRDeviceParams.cpp:219] @ 0.0013408s :chip heating fixed val: 40
DEBUG [IRDeviceParams.cpp:220] @ 0.0013538s :focus:  -1
DEBUG [IRDeviceParams.cpp:221] @ 0.0013654s :enable extended temp range: 0
DEBUG [IRDeviceParams.cpp:222] @ 0.0013785s :buffer queue size: 5
DEBUG [IRDeviceParams.cpp:223] @ 0.0013917s :enable high precision: 0
DEBUG [IRDeviceParams.cpp:224] @ 0.0014036s :radialDistortionCorrectionMode: 0
DEBUG [IRDeviceParams.cpp:225] @ 0.0014158s :deviceAPI: 0
DEBUG [IRDeviceParams.cpp:226] @ 0.0014289s :useExternalProbeForReferencing: 0
DEBUG [IRDeviceParams.cpp:227] @ 0.0014408s :enableMultiThreading: 0
DEBUG [IRDeviceParams.cpp:232] @ 0.0014546s :ethernetDevice.deviceIpAddress: 0.0.0.0
DEBUG [IRDeviceParams.cpp:233] @ 0.0014665s :ethernetDevice.localUdpPort: 0
DEBUG [IRDeviceParams.cpp:234] @ 0.0014781s :ethernetDevice.checkUdpSenderIp: 1
DEBUG [Cali.cpp:87] @ 0.145471s :Calibration directory path: C:\Users\u0173846\AppData\Roaming\Imager\Cali
DEBUG [Cali.cpp:88] @ 0.145504s :Calibration file name: Cali-20052193.xml
DEBUG [Cali.cpp:98] @ 0.145911s :Calibration data A: 1450 B:1500 C:4095 D:1500
INFO [IRImager.cpp:266] @ 0.146931s :Init thermal imager to 20052193 with size: 642x120@125 Hz
DEBUG [Cali.cpp:87] @ 0.147196s :Calibration directory path: C:\Users\u0173846\AppData\Roaming\Imager\Cali
DEBUG [Cali.cpp:88] @ 0.147216s :Calibration file name: Cali-20052193.xml
DEBUG [Cali.cpp:98] @ 0.147592s :Calibration data A: 1450 B:1500 C:4095 D:1500
DEBUG [IRImager.cpp:374] @ 0.148369s :Using HID control interface
DEBUG [IRImager.cpp:414] @ 0.233895s :Initialized HID control interface to device with HW:601 FW:2633
DEBUG [IRImager.cpp:435] @ 0.233952s :Frameconfig - width(in): 642, height(in): 120, interval: 80000, max framerate: 125, HW interval: 0.008
DEBUG [Cali.cpp:87] @ 0.233971s :Calibration directory path: C:\Users\u0173846\AppData\Roaming\Imager\Cali
DEBUG [Cali.cpp:88] @ 0.233987s :Calibration file name: Cali-20052193.xml
DEBUG [Cali.cpp:98] @ 0.23446s :Calibration data A: 1450 B:1500 C:4095 D:1500
DEBUG [ImageProcessing.cpp:200] @ 0.262345s :Source buffer size: 154080 Width: 642 Height: 120
DEBUG [ImageProcessing.cpp:121] @ 0.304884s :Source buffer size: 154080 Width: 642 Height: 120
DEBUG [OpSource.cpp:347] @ 0.305005s :Using formats path: .\\Formats.def
DEBUG [OpSource.cpp:598] @ 0.305197s :Format found with size: 25
DEBUG [IRImager.cpp:841] @ 0.305602s :Caught onFrameInit with size: 640x120
DEBUG [OpSource.cpp:347] @ 0.30634s :Using formats path: .\\Formats.def
DEBUG [OpSource.cpp:598] @ 0.306513s :Format found with size: 25
DEBUG [OpSource.cpp:347] @ 0.306575s :Using formats path: .\\Formats.def
DEBUG [OpCorr.cpp:467] @ 0.310893s :Read cali: C:\Users\u0173846\AppData\Roaming\Imager\Cali\Cali-20052193-33-0-250.dat
DEBUG [OpCorr.cpp:557] @ 0.310995s :Read calibration of camera no 20052193, # of fields: 6 , start of fields: 40
DEBUG [ImageProcessing.cpp:1108] @ 0.576259s :Update flag temperature: 32
DEBUG [ImageProcessing.cpp:1111] @ 0.580075s :Update box temperature: 29.1875
DEBUG [Cali.cpp:639] @ 0.580118s :Calibration file path: 000002785CB5F484/0000009C207EB340.xml
DEBUG [SimpleXML.cpp:238] @ 0.580235s :Failed to open file C:\Users\u0173846\AppData\Roaming\Imager\Cali\CaliExt-20052193.xml
DEBUG [IRImager.cpp:547] @ 0.593034s :Chip heating disabled
DEBUG [direct_binding.cpp:300] @ 0.602376s :evo_irimager_multi_usb_init with config: 6060300.xml
DEBUG [direct_binding.cpp:301] @ 0.602415s :evo_irimager_multi_usb_init connected returned: 1
DEBUG [IRImager.cpp:1107] @ 0.624567s :Start flag calibration
DEBUG [OpFlag.cpp:591] @ 11.3119s :SkimDiff: 10 Adjust: 966 State: 3 EMax: 14866 Emin: 4103
DEBUG [ImageProcessing.cpp:526] @ 11.3231s :Skim_Adjust 2628
DEBUG [IRImager.cpp:1121] @ 11.4565s :Finished startup calibration
