DEBUG [IRLogger.cpp:105] @ 0.437678s :***************************************************
DEBUG [IRLogger.cpp:106] @ 0.437752s :* IRImagerDirect SDK                              *
DEBUG [IRLogger.cpp:107] @ 0.437792s :***************************************************
DEBUG [IRLogger.cpp:113] @ 0.437831s :* Native Machine:      AMD64
DEBUG [IRLogger.cpp:114] @ 0.437867s :* Machine:             AMD64
DEBUG [IRLogger.cpp:116] @ 0.437906s :* OS:                  Windows 10 0 19045
DEBUG [IRLogger.cpp:123] @ 0.437937s :***************************************************
DEBUG [IRDeviceParams.cpp:204] @ 0.452846s :Parameters
DEBUG [IRDeviceParams.cpp:205] @ 0.452969s :serial: 20052193
DEBUG [IRDeviceParams.cpp:206] @ 0.453007s :videoformatindex: 1
DEBUG [IRDeviceParams.cpp:207] @ 0.453078s :fov: 33
DEBUG [IRDeviceParams.cpp:208] @ 0.453106s :optics_text: 0000021FFEBEEAD0
DEBUG [IRDeviceParams.cpp:209] @ 0.453136s :formatspath: 0000021FFEBEEB30
DEBUG [IRDeviceParams.cpp:210] @ 0.453166s :calipath: 0000000000000000
DEBUG [IRDeviceParams.cpp:211] @ 0.453188s :temperature min: 0
DEBUG [IRDeviceParams.cpp:212] @ 0.453212s :temperature max: 250
DEBUG [IRDeviceParams.cpp:213] @ 0.453241s :framerate: 125
DEBUG [IRDeviceParams.cpp:214] @ 0.453263s :bispectral: 0
DEBUG [IRDeviceParams.cpp:215] @ 0.453285s :flag automatic: 0
DEBUG [IRDeviceParams.cpp:216] @ 0.453314s :min interval: 15
DEBUG [IRDeviceParams.cpp:217] @ 0.453341s :max interval: 0
DEBUG [IRDeviceParams.cpp:218] @ 0.45337s :chip heating mode: 0
DEBUG [IRDeviceParams.cpp:219] @ 0.453398s :chip heating fixed val: 40
DEBUG [IRDeviceParams.cpp:220] @ 0.453417s :focus:  -1
DEBUG [IRDeviceParams.cpp:221] @ 0.453431s :enable extended temp range: 0
DEBUG [IRDeviceParams.cpp:222] @ 0.453443s :buffer queue size: 5
DEBUG [IRDeviceParams.cpp:223] @ 0.453454s :enable high precision: 0
DEBUG [IRDeviceParams.cpp:224] @ 0.453465s :radialDistortionCorrectionMode: 0
DEBUG [IRDeviceParams.cpp:225] @ 0.453491s :deviceAPI: 0
DEBUG [IRDeviceParams.cpp:226] @ 0.453522s :useExternalProbeForReferencing: 0
DEBUG [IRDeviceParams.cpp:227] @ 0.453553s :enableMultiThreading: 0
DEBUG [IRDeviceParams.cpp:232] @ 0.453589s :ethernetDevice.deviceIpAddress: 0.0.0.0
DEBUG [IRDeviceParams.cpp:233] @ 0.453621s :ethernetDevice.localUdpPort: 0
DEBUG [IRDeviceParams.cpp:234] @ 0.453655s :ethernetDevice.checkUdpSenderIp: 1
DEBUG [Cali.cpp:87] @ 0.51939s :Calibration directory path: C:\Users\u0173846\AppData\Roaming\Imager\Cali
DEBUG [Cali.cpp:88] @ 0.519419s :Calibration file name: Cali-20052193.xml
DEBUG [Cali.cpp:98] @ 0.530408s :Calibration data A: 1450 B:1500 C:4095 D:1500
INFO [IRImager.cpp:266] @ 0.658904s :Init thermal imager to 20052193 with size: 642x120@125 Hz
DEBUG [Cali.cpp:87] @ 0.6592s :Calibration directory path: C:\Users\u0173846\AppData\Roaming\Imager\Cali
DEBUG [Cali.cpp:88] @ 0.659217s :Calibration file name: Cali-20052193.xml
DEBUG [Cali.cpp:98] @ 0.659623s :Calibration data A: 1450 B:1500 C:4095 D:1500
DEBUG [IRImager.cpp:374] @ 0.660484s :Using HID control interface
DEBUG [IRImager.cpp:414] @ 0.682559s :Initialized HID control interface to device with HW:601 FW:2633
DEBUG [IRImager.cpp:435] @ 0.682598s :Frameconfig - width(in): 642, height(in): 120, interval: 80000, max framerate: 125, HW interval: 0.008
DEBUG [Cali.cpp:87] @ 0.682617s :Calibration directory path: C:\Users\u0173846\AppData\Roaming\Imager\Cali
DEBUG [Cali.cpp:88] @ 0.682633s :Calibration file name: Cali-20052193.xml
DEBUG [Cali.cpp:98] @ 0.683092s :Calibration data A: 1450 B:1500 C:4095 D:1500
DEBUG [ImageProcessing.cpp:200] @ 0.71084s :Source buffer size: 154080 Width: 642 Height: 120
DEBUG [ImageProcessing.cpp:121] @ 0.749889s :Source buffer size: 154080 Width: 642 Height: 120
DEBUG [OpSource.cpp:347] @ 0.749989s :Using formats path: .\\Formats.def
DEBUG [OpSource.cpp:598] @ 0.750145s :Format found with size: 25
DEBUG [IRImager.cpp:841] @ 0.750478s :Caught onFrameInit with size: 640x120
DEBUG [OpSource.cpp:347] @ 0.75116s :Using formats path: .\\Formats.def
DEBUG [OpSource.cpp:598] @ 0.751299s :Format found with size: 25
DEBUG [OpSource.cpp:347] @ 0.75139s :Using formats path: .\\Formats.def
DEBUG [OpCorr.cpp:467] @ 0.761092s :Read cali: C:\Users\u0173846\AppData\Roaming\Imager\Cali\Cali-20052193-33-0-250.dat
DEBUG [OpCorr.cpp:557] @ 0.761178s :Read calibration of camera no 20052193, # of fields: 6 , start of fields: 40
DEBUG [ImageProcessing.cpp:1108] @ 1.02805s :Update flag temperature: 30.0625
DEBUG [ImageProcessing.cpp:1111] @ 1.03179s :Update box temperature: 27.8125
DEBUG [Cali.cpp:639] @ 1.03183s :Calibration file path: 0000021F86055464/000000D8B21EA950.xml
DEBUG [SimpleXML.cpp:238] @ 1.03192s :Failed to open file C:\Users\u0173846\AppData\Roaming\Imager\Cali\CaliExt-20052193.xml
DEBUG [IRImager.cpp:547] @ 1.04305s :Chip heating disabled
DEBUG [direct_binding.cpp:300] @ 1.0512s :evo_irimager_multi_usb_init with config: 6060300.xml
DEBUG [direct_binding.cpp:301] @ 1.05123s :evo_irimager_multi_usb_init connected returned: 1
DEBUG [IRImager.cpp:1107] @ 1.07318s :Start flag calibration
