DEBUG [IRLogger.cpp:105] @ 0.0003521s :***************************************************
DEBUG [IRLogger.cpp:106] @ 0.00048s :* IRImagerDirect SDK                              *
DEBUG [IRLogger.cpp:107] @ 0.0005333s :***************************************************
DEBUG [IRLogger.cpp:113] @ 0.00057s :* Native Machine:      AMD64
DEBUG [IRLogger.cpp:114] @ 0.0006167s :* Machine:             AMD64
DEBUG [IRLogger.cpp:116] @ 0.000668s :* OS:                  Windows 10 0 19045
DEBUG [IRLogger.cpp:123] @ 0.0007056s :***************************************************
DEBUG [IRDeviceParams.cpp:204] @ 0.0013484s :Parameters
DEBUG [IRDeviceParams.cpp:205] @ 0.001368s :serial: 17092037
DEBUG [IRDeviceParams.cpp:206] @ 0.0013814s :videoformatindex: 3
DEBUG [IRDeviceParams.cpp:207] @ 0.0014736s :fov: 0
DEBUG [IRDeviceParams.cpp:208] @ 0.00149s :optics_text: 0000020C67FB1B00
DEBUG [IRDeviceParams.cpp:209] @ 0.0015034s :formatspath: 0000020C67FB19F0
DEBUG [IRDeviceParams.cpp:210] @ 0.0015153s :calipath: 0000000000000000
DEBUG [IRDeviceParams.cpp:211] @ 0.0015286s :temperature min: 600
DEBUG [IRDeviceParams.cpp:212] @ 0.0015408s :temperature max: 1800
DEBUG [IRDeviceParams.cpp:213] @ 0.0015586s :framerate: 1000
DEBUG [IRDeviceParams.cpp:214] @ 0.0015717s :bispectral: 0
DEBUG [IRDeviceParams.cpp:215] @ 0.0015836s :flag automatic: 0
DEBUG [IRDeviceParams.cpp:216] @ 0.0015951s :min interval: 15
DEBUG [IRDeviceParams.cpp:217] @ 0.001608s :max interval: 0
DEBUG [IRDeviceParams.cpp:218] @ 0.0016197s :chip heating mode: 0
DEBUG [IRDeviceParams.cpp:219] @ 0.0016321s :chip heating fixed val: 40
DEBUG [IRDeviceParams.cpp:220] @ 0.001647s :focus:  -1
DEBUG [IRDeviceParams.cpp:221] @ 0.0016589s :enable extended temp range: 0
DEBUG [IRDeviceParams.cpp:222] @ 0.0016699s :buffer queue size: 5
DEBUG [IRDeviceParams.cpp:223] @ 0.0016825s :enable high precision: 0
DEBUG [IRDeviceParams.cpp:224] @ 0.0016943s :radialDistortionCorrectionMode: 0
DEBUG [IRDeviceParams.cpp:225] @ 0.0017062s :deviceAPI: 0
DEBUG [IRDeviceParams.cpp:226] @ 0.0017188s :useExternalProbeForReferencing: 0
DEBUG [IRDeviceParams.cpp:227] @ 0.0017307s :enableMultiThreading: 0
DEBUG [IRDeviceParams.cpp:232] @ 0.0017428s :ethernetDevice.deviceIpAddress: 0.0.0.0
DEBUG [IRDeviceParams.cpp:233] @ 0.0017537s :ethernetDevice.localUdpPort: 0
DEBUG [IRDeviceParams.cpp:234] @ 0.001765s :ethernetDevice.checkUdpSenderIp: 1
DEBUG [Cali.cpp:87] @ 0.151643s :Calibration directory path: C:\Users\u0173846\AppData\Roaming\Imager\Cali
DEBUG [Cali.cpp:88] @ 0.151677s :Calibration file name: Cali-17092037.xml
DEBUG [Cali.cpp:98] @ 0.152136s :Calibration data A: 1450 B:470 C:4095 D:1500
INFO [IRImager.cpp:266] @ 0.15293s :Init thermal imager to 17092037 with size: 74x224@250 Hz
DEBUG [Cali.cpp:87] @ 0.1533s :Calibration directory path: C:\Users\u0173846\AppData\Roaming\Imager\Cali
DEBUG [Cali.cpp:88] @ 0.153326s :Calibration file name: Cali-17092037.xml
DEBUG [Cali.cpp:98] @ 0.153736s :Calibration data A: 1450 B:470 C:4095 D:1500
DEBUG [IRImager.cpp:374] @ 0.154626s :Using HID control interface
DEBUG [IRImager.cpp:414] @ 0.236059s :Initialized HID control interface to device with HW:2101 FW:2820
DEBUG [IRImager.cpp:435] @ 0.236106s :Frameconfig - width(in): 74, height(in): 224, interval: 40000, max framerate: 250, HW interval: 0.004
DEBUG [Cali.cpp:87] @ 0.236124s :Calibration directory path: C:\Users\u0173846\AppData\Roaming\Imager\Cali
DEBUG [Cali.cpp:88] @ 0.236139s :Calibration file name: Cali-17092037.xml
DEBUG [Cali.cpp:98] @ 0.236475s :Calibration data A: 1450 B:470 C:4095 D:1500
DEBUG [ImageProcessing.cpp:200] @ 0.240701s :Source buffer size: 33152 Width: 74 Height: 224
DEBUG [ImageProcessing.cpp:121] @ 0.276827s :Source buffer size: 33152 Width: 74 Height: 224
DEBUG [OpSource.cpp:347] @ 0.276928s :Using formats path: .\\Formats.def
DEBUG [OpSource.cpp:598] @ 0.277146s :Format found with size: 14
DEBUG [IRImager.cpp:841] @ 0.277209s :Caught onFrameInit with size: 72x56
DEBUG [OpSource.cpp:347] @ 0.277369s :Using formats path: .\\Formats.def
DEBUG [OpSource.cpp:598] @ 0.277575s :Format found with size: 14
DEBUG [OpSource.cpp:347] @ 0.277631s :Using formats path: .\\Formats.def
DEBUG [OpCorr.cpp:467] @ 0.27978s :Read cali: C:\Users\u0173846\AppData\Roaming\Imager\Cali\Cali-17092037-25-600-1800-1000.dat
DEBUG [ImageProcessing.cpp:1108] @ 0.300077s :Update flag temperature: 240.25
DEBUG [ImageProcessing.cpp:1111] @ 0.301824s :Update box temperature: 240.25
DEBUG [Cali.cpp:639] @ 0.30185s :Calibration file path: 0000020C68ED98A4/00000077681EC990.xml
DEBUG [SimpleXML.cpp:238] @ 0.301938s :Failed to open file C:\Users\u0173846\AppData\Roaming\Imager\Cali\CaliExt-17092037.xml
DEBUG [IRImager.cpp:547] @ 0.315574s :Chip heating disabled
DEBUG [direct_binding.cpp:300] @ 0.318951s :evo_irimager_multi_usb_init with config: 17092037.xml
DEBUG [direct_binding.cpp:301] @ 0.318976s :evo_irimager_multi_usb_init connected returned: 1
DEBUG [IRImager.cpp:1107] @ 0.382309s :Start flag calibration
