DEBUG [IRLogger.cpp:105] @ 0.0003425s :***************************************************
DEBUG [IRLogger.cpp:106] @ 0.0004097s :* IRImagerDirect SDK                              *
DEBUG [IRLogger.cpp:107] @ 0.000438s :***************************************************
DEBUG [IRLogger.cpp:113] @ 0.000465s :* Native Machine:      AMD64
DEBUG [IRLogger.cpp:114] @ 0.0004918s :* Machine:             AMD64
DEBUG [IRLogger.cpp:116] @ 0.0005187s :* OS:                  Windows 10 0 19045
DEBUG [IRLogger.cpp:123] @ 0.0005391s :***************************************************
DEBUG [IRDeviceParams.cpp:204] @ 0.0010823s :Parameters
DEBUG [IRDeviceParams.cpp:205] @ 0.0011041s :serial: 20052193
DEBUG [IRDeviceParams.cpp:206] @ 0.0011161s :videoformatindex: 1
DEBUG [IRDeviceParams.cpp:207] @ 0.0011296s :fov: 33
DEBUG [IRDeviceParams.cpp:208] @ 0.0011447s :optics_text: 000002B268829E40
DEBUG [IRDeviceParams.cpp:209] @ 0.0011587s :formatspath: 000002B26882A040
DEBUG [IRDeviceParams.cpp:210] @ 0.0011717s :calipath: 0000000000000000
DEBUG [IRDeviceParams.cpp:211] @ 0.0011844s :temperature min: 0
DEBUG [IRDeviceParams.cpp:212] @ 0.0011967s :temperature max: 250
DEBUG [IRDeviceParams.cpp:213] @ 0.0012109s :framerate: 125
DEBUG [IRDeviceParams.cpp:214] @ 0.0012222s :bispectral: 0
DEBUG [IRDeviceParams.cpp:215] @ 0.0012346s :flag automatic: 0
DEBUG [IRDeviceParams.cpp:216] @ 0.0012662s :min interval: 15
DEBUG [IRDeviceParams.cpp:217] @ 0.0012815s :max interval: 0
DEBUG [IRDeviceParams.cpp:218] @ 0.0012934s :chip heating mode: 0
DEBUG [IRDeviceParams.cpp:219] @ 0.0013072s :chip heating fixed val: 40
DEBUG [IRDeviceParams.cpp:220] @ 0.0013206s :focus:  -1
DEBUG [IRDeviceParams.cpp:221] @ 0.0013332s :enable extended temp range: 0
DEBUG [IRDeviceParams.cpp:222] @ 0.0013465s :buffer queue size: 5
DEBUG [IRDeviceParams.cpp:223] @ 0.0013604s :enable high precision: 0
DEBUG [IRDeviceParams.cpp:224] @ 0.0013718s :radialDistortionCorrectionMode: 0
DEBUG [IRDeviceParams.cpp:225] @ 0.0013846s :deviceAPI: 0
DEBUG [IRDeviceParams.cpp:226] @ 0.0013968s :useExternalProbeForReferencing: 0
DEBUG [IRDeviceParams.cpp:227] @ 0.0014099s :enableMultiThreading: 0
DEBUG [IRDeviceParams.cpp:232] @ 0.0014244s :ethernetDevice.deviceIpAddress: 0.0.0.0
DEBUG [IRDeviceParams.cpp:233] @ 0.0014367s :ethernetDevice.localUdpPort: 0
DEBUG [IRDeviceParams.cpp:234] @ 0.0014504s :ethernetDevice.checkUdpSenderIp: 1
DEBUG [Cali.cpp:87] @ 0.148129s :Calibration directory path: C:\Users\u0173846\AppData\Roaming\Imager\Cali
DEBUG [Cali.cpp:88] @ 0.148157s :Calibration file name: Cali-20052193.xml
DEBUG [Cali.cpp:98] @ 0.148571s :Calibration data A: 1450 B:1500 C:4095 D:1500
INFO [IRImager.cpp:266] @ 0.149588s :Init thermal imager to 20052193 with size: 642x120@125 Hz
DEBUG [Cali.cpp:87] @ 0.149865s :Calibration directory path: C:\Users\u0173846\AppData\Roaming\Imager\Cali
DEBUG [Cali.cpp:88] @ 0.149882s :Calibration file name: Cali-20052193.xml
DEBUG [Cali.cpp:98] @ 0.150267s :Calibration data A: 1450 B:1500 C:4095 D:1500
DEBUG [IRImager.cpp:374] @ 0.151053s :Using HID control interface
DEBUG [IRImager.cpp:414] @ 0.23756s :Initialized HID control interface to device with HW:601 FW:2633
DEBUG [IRImager.cpp:435] @ 0.237601s :Frameconfig - width(in): 642, height(in): 120, interval: 80000, max framerate: 125, HW interval: 0.008
DEBUG [Cali.cpp:87] @ 0.237622s :Calibration directory path: C:\Users\u0173846\AppData\Roaming\Imager\Cali
DEBUG [Cali.cpp:88] @ 0.237638s :Calibration file name: Cali-20052193.xml
DEBUG [Cali.cpp:98] @ 0.238067s :Calibration data A: 1450 B:1500 C:4095 D:1500
DEBUG [ImageProcessing.cpp:200] @ 0.265736s :Source buffer size: 154080 Width: 642 Height: 120
DEBUG [ImageProcessing.cpp:121] @ 0.305708s :Source buffer size: 154080 Width: 642 Height: 120
DEBUG [OpSource.cpp:347] @ 0.305824s :Using formats path: .\\Formats.def
DEBUG [OpSource.cpp:598] @ 0.305994s :Format found with size: 25
DEBUG [IRImager.cpp:841] @ 0.306316s :Caught onFrameInit with size: 640x120
DEBUG [OpSource.cpp:347] @ 0.307027s :Using formats path: .\\Formats.def
DEBUG [OpSource.cpp:598] @ 0.307201s :Format found with size: 25
DEBUG [OpSource.cpp:347] @ 0.307258s :Using formats path: .\\Formats.def
DEBUG [OpCorr.cpp:467] @ 0.311531s :Read cali: C:\Users\u0173846\AppData\Roaming\Imager\Cali\Cali-20052193-33-0-250.dat
DEBUG [OpCorr.cpp:557] @ 0.31161s :Read calibration of camera no 20052193, # of fields: 6 , start of fields: 40
DEBUG [ImageProcessing.cpp:1108] @ 0.579858s :Update flag temperature: 30.3125
DEBUG [ImageProcessing.cpp:1111] @ 0.583585s :Update box temperature: 27.8125
DEBUG [Cali.cpp:639] @ 0.583617s :Calibration file path: 000002B26889EB94/000000FFF07EC770.xml
DEBUG [SimpleXML.cpp:238] @ 0.58373s :Failed to open file C:\Users\u0173846\AppData\Roaming\Imager\Cali\CaliExt-20052193.xml
DEBUG [IRImager.cpp:547] @ 0.59431s :Chip heating disabled
DEBUG [direct_binding.cpp:300] @ 0.603014s :evo_irimager_multi_usb_init with config: 6060300.xml
DEBUG [direct_binding.cpp:301] @ 0.603068s :evo_irimager_multi_usb_init connected returned: 1
