DEBUG [IRLogger.cpp:105] @ 0.0003022s :***************************************************
DEBUG [IRLogger.cpp:106] @ 0.0003812s :* IRImagerDirect SDK                              *
DEBUG [IRLogger.cpp:107] @ 0.0004097s :***************************************************
DEBUG [IRLogger.cpp:113] @ 0.0004355s :* Native Machine:      AMD64
DEBUG [IRLogger.cpp:114] @ 0.0004575s :* Machine:             AMD64
DEBUG [IRLogger.cpp:116] @ 0.0004836s :* OS:                  Windows 10 0 19045
DEBUG [IRLogger.cpp:123] @ 0.0005044s :***************************************************
DEBUG [IRDeviceParams.cpp:204] @ 0.0097101s :Parameters
DEBUG [IRDeviceParams.cpp:205] @ 0.0097359s :serial: 20052193
DEBUG [IRDeviceParams.cpp:206] @ 0.009748s :videoformatindex: 1
DEBUG [IRDeviceParams.cpp:207] @ 0.0097594s :fov: 33
DEBUG [IRDeviceParams.cpp:208] @ 0.0097708s :optics_text: 0000019E93E11690
DEBUG [IRDeviceParams.cpp:209] @ 0.0097823s :formatspath: 0000019E93E116B0
DEBUG [IRDeviceParams.cpp:210] @ 0.0097938s :calipath: 0000000000000000
DEBUG [IRDeviceParams.cpp:211] @ 0.0098047s :temperature min: 0
DEBUG [IRDeviceParams.cpp:212] @ 0.0098155s :temperature max: 250
DEBUG [IRDeviceParams.cpp:213] @ 0.0098299s :framerate: 125
DEBUG [IRDeviceParams.cpp:214] @ 0.0098412s :bispectral: 0
DEBUG [IRDeviceParams.cpp:215] @ 0.0098521s :flag automatic: 0
DEBUG [IRDeviceParams.cpp:216] @ 0.0098635s :min interval: 15
DEBUG [IRDeviceParams.cpp:217] @ 0.0098745s :max interval: 0
DEBUG [IRDeviceParams.cpp:218] @ 0.0098852s :chip heating mode: 0
DEBUG [IRDeviceParams.cpp:219] @ 0.0098967s :chip heating fixed val: 40
DEBUG [IRDeviceParams.cpp:220] @ 0.0099084s :focus:  -1
DEBUG [IRDeviceParams.cpp:221] @ 0.0099192s :enable extended temp range: 0
DEBUG [IRDeviceParams.cpp:222] @ 0.0099304s :buffer queue size: 5
DEBUG [IRDeviceParams.cpp:223] @ 0.0099426s :enable high precision: 0
DEBUG [IRDeviceParams.cpp:224] @ 0.0099538s :radialDistortionCorrectionMode: 0
DEBUG [IRDeviceParams.cpp:225] @ 0.0099646s :deviceAPI: 0
DEBUG [IRDeviceParams.cpp:226] @ 0.0099754s :useExternalProbeForReferencing: 0
DEBUG [IRDeviceParams.cpp:227] @ 0.0099863s :enableMultiThreading: 0
DEBUG [IRDeviceParams.cpp:232] @ 0.0099979s :ethernetDevice.deviceIpAddress: 0.0.0.0
DEBUG [IRDeviceParams.cpp:233] @ 0.0100089s :ethernetDevice.localUdpPort: 0
DEBUG [IRDeviceParams.cpp:234] @ 0.0100201s :ethernetDevice.checkUdpSenderIp: 1
DEBUG [Cali.cpp:87] @ 0.158536s :Calibration directory path: C:\Users\u0173846\AppData\Roaming\Imager\Cali
DEBUG [Cali.cpp:88] @ 0.15857s :Calibration file name: Cali-20052193.xml
DEBUG [Cali.cpp:98] @ 0.169312s :Calibration data A: 1450 B:1500 C:4095 D:1500
INFO [IRImager.cpp:266] @ 0.308458s :Init thermal imager to 20052193 with size: 642x120@125 Hz
DEBUG [Cali.cpp:87] @ 0.308725s :Calibration directory path: C:\Users\u0173846\AppData\Roaming\Imager\Cali
DEBUG [Cali.cpp:88] @ 0.308746s :Calibration file name: Cali-20052193.xml
DEBUG [Cali.cpp:98] @ 0.309146s :Calibration data A: 1450 B:1500 C:4095 D:1500
DEBUG [IRImager.cpp:374] @ 0.31696s :Using HID control interface
DEBUG [IRImager.cpp:414] @ 0.402214s :Initialized HID control interface to device with HW:601 FW:2633
DEBUG [IRImager.cpp:435] @ 0.402268s :Frameconfig - width(in): 642, height(in): 120, interval: 80000, max framerate: 125, HW interval: 0.008
DEBUG [Cali.cpp:87] @ 0.402287s :Calibration directory path: C:\Users\u0173846\AppData\Roaming\Imager\Cali
DEBUG [Cali.cpp:88] @ 0.402303s :Calibration file name: Cali-20052193.xml
DEBUG [Cali.cpp:98] @ 0.40275s :Calibration data A: 1450 B:1500 C:4095 D:1500
DEBUG [ImageProcessing.cpp:200] @ 0.430873s :Source buffer size: 154080 Width: 642 Height: 120
DEBUG [ImageProcessing.cpp:121] @ 0.473033s :Source buffer size: 154080 Width: 642 Height: 120
DEBUG [OpSource.cpp:347] @ 0.473158s :Using formats path: .\\Formats.def
DEBUG [OpSource.cpp:598] @ 0.473349s :Format found with size: 25
DEBUG [IRImager.cpp:841] @ 0.47369s :Caught onFrameInit with size: 640x120
DEBUG [OpSource.cpp:347] @ 0.474446s :Using formats path: .\\Formats.def
DEBUG [OpSource.cpp:598] @ 0.47462s :Format found with size: 25
DEBUG [OpSource.cpp:347] @ 0.474681s :Using formats path: .\\Formats.def
DEBUG [OpCorr.cpp:467] @ 0.484861s :Read cali: C:\Users\u0173846\AppData\Roaming\Imager\Cali\Cali-20052193-33-0-250.dat
DEBUG [OpCorr.cpp:557] @ 0.484948s :Read calibration of camera no 20052193, # of fields: 6 , start of fields: 40
DEBUG [ImageProcessing.cpp:1108] @ 0.750121s :Update flag temperature: 31.5625
DEBUG [ImageProcessing.cpp:1111] @ 0.754251s :Update box temperature: 28.6875
DEBUG [Cali.cpp:639] @ 0.754294s :Calibration file path: 0000019E90069114/0000006AEEDEB3C0.xml
DEBUG [SimpleXML.cpp:238] @ 0.754409s :Failed to open file C:\Users\u0173846\AppData\Roaming\Imager\Cali\CaliExt-20052193.xml
DEBUG [IRImager.cpp:547] @ 0.76719s :Chip heating disabled
DEBUG [direct_binding.cpp:300] @ 0.776824s :evo_irimager_multi_usb_init with config: 6060300.xml
DEBUG [direct_binding.cpp:301] @ 0.776862s :evo_irimager_multi_usb_init connected returned: 1
DEBUG [IRImager.cpp:1107] @ 0.799485s :Start flag calibration
